Log file open, 02/23/18 15:39:04
LogWindows: Failed to load 'aqProf.dll' (GetLastError=126)
LogWindows: File 'aqProf.dll' does not exist
LogWindows: Failed to load 'VSPerf140.dll' (GetLastError=126)
LogWindows: File 'VSPerf140.dll' does not exist
LogWindows: Failed to load 'VtuneApi.dll' (GetLastError=126)
LogWindows: File 'VtuneApi.dll' does not exist
LogWindows: Failed to load 'VtuneApi32e.dll' (GetLastError=126)
LogWindows: File 'VtuneApi32e.dll' does not exist
LogInit: Display: Running engine for game: AntsGame
LogPlatformFile: Not using cached read wrapper
LogInit: Display: RandInit(-115376016) SRandInit(-115376016).
LogTaskGraph: Started task graph with 5 named threads and 8 total threads with 3 sets of task threads.
LogStats: Stats thread started at 0.550837
LogD3D11RHI: Aftermath initialized
LogPluginManager: Mounting plugin Paper2D
LogPluginManager: Mounting plugin LightPropagationVolume
LogPluginManager: Mounting plugin CodeLiteSourceCodeAccess
LogPluginManager: Mounting plugin GitSourceControl
LogPluginManager: Mounting plugin KDevelopSourceCodeAccess
LogPluginManager: Mounting plugin NullSourceCodeAccess
LogPluginManager: Mounting plugin PerforceSourceControl
LogPluginManager: Mounting plugin SubversionSourceControl
LogPluginManager: Mounting plugin UObjectPlugin
LogPluginManager: Mounting plugin VisualStudioSourceCodeAccess
LogPluginManager: Mounting plugin XCodeSourceCodeAccess
LogPluginManager: Mounting plugin AssetManagerEditor
LogPluginManager: Mounting plugin AudioCapture
LogPluginManager: Mounting plugin FacialAnimation
LogPluginManager: Mounting plugin GameplayTagsEditor
LogPluginManager: Mounting plugin MobileLauncherProfileWizard
LogPluginManager: Mounting plugin PluginBrowser
LogPluginManager: Mounting plugin SpeedTreeImporter
LogPluginManager: Mounting plugin AlembicImporter
LogPluginManager: Mounting plugin CharacterAI
LogPluginManager: Mounting plugin HTML5Networking
LogPluginManager: Mounting plugin AndroidMedia
LogPluginManager: Mounting plugin AvfMedia
LogPluginManager: Mounting plugin MediaPlayerEditor
LogPluginManager: Mounting plugin WmfMedia
LogPluginManager: Mounting plugin TcpMessaging
LogPluginManager: Mounting plugin UdpMessaging
LogPluginManager: Mounting plugin LevelSequenceEditor
LogPluginManager: Mounting plugin MatineeToLevelSequence
LogPluginManager: Mounting plugin OnlineSubsystemGooglePlay
LogPluginManager: Mounting plugin OnlineSubsystemIOS
LogPluginManager: Mounting plugin OnlineSubsystem
LogPluginManager: Mounting plugin OnlineSubsystemNull
LogPluginManager: Mounting plugin OnlineSubsystemUtils
LogPluginManager: Mounting plugin AndroidDeviceProfileSelector
LogPluginManager: Mounting plugin AndroidMoviePlayer
LogPluginManager: Mounting plugin AndroidPermission
LogPluginManager: Mounting plugin AppleMoviePlayer
LogPluginManager: Mounting plugin ArchVisCharacter
LogPluginManager: Mounting plugin CableComponent
LogPluginManager: Mounting plugin CustomMeshComponent
LogPluginManager: Mounting plugin ExampleDeviceProfileSelector
LogPluginManager: Mounting plugin GoogleCloudMessaging
LogPluginManager: Mounting plugin ImmediatePhysics
LogPluginManager: Mounting plugin IOSDeviceProfileSelector
LogPluginManager: Mounting plugin LinuxDeviceProfileSelector
LogPluginManager: Mounting plugin LocationServicesBPLibrary
LogPluginManager: Mounting plugin MobilePatchingUtils
LogPluginManager: Mounting plugin OculusVR
LogPluginManager: Mounting plugin PhysXVehicles
LogPluginManager: Mounting plugin ProceduralMeshComponent
LogPluginManager: Mounting plugin RuntimePhysXCooking
LogPluginManager: Mounting plugin SteamVR
LogPluginManager: Mounting plugin WindowsMoviePlayer
LogInit: Using libcurl 7.47.1
LogInit:  - built for x86_64-pc-win32
LogInit:  - supports SSL with OpenSSL/1.0.2g
LogInit:  - supports HTTP deflate (compression) using libz 1.2.8
LogInit:  - other features:
LogInit:      CURL_VERSION_SSL
LogInit:      CURL_VERSION_LIBZ
LogInit:      CURL_VERSION_IPV6
LogInit:      CURL_VERSION_ASYNCHDNS
LogInit:      CURL_VERSION_LARGEFILE
LogInit:      CURL_VERSION_IDN
LogInit:  CurlRequestOptions (configurable via config and command line):
LogInit:  - bVerifyPeer = false  - Libcurl will NOT verify peer certificate
LogInit:  - bUseHttpProxy = false  - Libcurl will NOT use HTTP proxy
LogInit:  - bDontReuseConnections = false  - Libcurl will reuse connections
LogInit:  - CertBundlePath = nullptr  - Libcurl will use whatever was configured at build time.
LogInit: Build: ++UE4+Release-4.17-CL-3658906
LogInit: Engine Version: 4.17.2-3658906+++UE4+Release-4.17
LogInit: Compatible Engine Version: 4.17.0-3573198+++UE4+Release-4.17
LogInit: Net CL: 3573198
LogDevObjectVersion: Number of dev versions registered: 16
LogDevObjectVersion:   Dev-Blueprints (B0D832E4-1F89-4F0D-ACCF-7EB736FD4AA2): 10
LogDevObjectVersion:   Dev-Build (E1C64328-A22C-4D53-A36C-8E866417BD8C): 0
LogDevObjectVersion:   Dev-Core (375EC13C-06E4-48FB-B500-84F0262A717E): 2
LogDevObjectVersion:   Dev-Editor (E4B068ED-F494-42E9-A231-DA0B2E46BB41): 20
LogDevObjectVersion:   Dev-Framework (CFFC743F-43B0-4480-9391-14DF171D2073): 28
LogDevObjectVersion:   Dev-Mobile (B02B49B5-BB20-44E9-A304-32B752E40360): 0
LogDevObjectVersion:   Dev-Networking (A4E4105C-59A1-49B5-A7C5-40C4547EDFEE): 0
LogDevObjectVersion:   Dev-Online (39C831C9-5AE6-47DC-9A44-9C173E1C8E7C): 0
LogDevObjectVersion:   Dev-Physics (78F01B33-EBEA-4F98-B9B4-84EACCB95AA2): 0
LogDevObjectVersion:   Dev-Platform (6631380F-2D4D-43E0-8009-CF276956A95A): 0
LogDevObjectVersion:   Dev-Rendering (12F88B9F-8875-4AFC-A67C-D90C383ABD29): 19
LogDevObjectVersion:   Dev-Sequencer (7B5AE74C-D270-4C10-A958-57980B212A5A): 4
LogDevObjectVersion:   Dev-VR (D7296918-1DD6-4BDD-9DE2-64A83CC13884): 0
LogDevObjectVersion:   Dev-LoadTimes (C2A15278-BFE7-4AFE-6C17-90FF531DF755): 1
LogDevObjectVersion:   Private-Geometry (6EACA3D4-40EC-4CC1-B786-8BED09428FC5): 1
LogDevObjectVersion:   Dev-AnimPhys (29E575DD-E0A3-4627-9D10-D276232CDCEA): 7
LogInit: Compiled (64-bit): Sep 22 2017 13:47:16
LogInit: Compiled with Visual C++: 19.00.24215.01
LogInit: Build Configuration: Development
LogInit: Branch Name: ++UE4+Release-4.17
LogInit: Command line: -EpicPortal 
LogInit: Base directory: D:/Game Dev/Epic Games/UE_4.17/Engine/Binaries/Win64/
LogInit: Installed Engine Build: 1
LogInit: Presizing for max 8388607 objects, including 0 objects not considered by GC, pre-allocating 0 bytes for permanent pool.
LogInit: Object subsystem initialized
[2018.02.23-15.39.06:686][  0]LogInit: Selected Device Profile: [Windows]
[2018.02.23-15.39.06:686][  0]LogInit: Applying CVar settings loaded from the selected device profile: [Windows]
[2018.02.23-15.39.06:800][  0]LogInit: Computer: LAPTOP-CLI7GUMK
[2018.02.23-15.39.06:800][  0]LogInit: User: Gary
[2018.02.23-15.39.06:800][  0]LogInit: CPU Page size=4096, Cores=2
[2018.02.23-15.39.06:800][  0]LogInit: High frequency timer resolution =2.835940 MHz
[2018.02.23-15.39.06:801][  0]LogMemory: Memory total: Physical=7.9GB (8GB approx)
[2018.02.23-15.39.06:801][  0]LogMemory: Platform Memory Stats for Windows
[2018.02.23-15.39.06:801][  0]LogMemory: Process Physical Memory: 281.89 MB used, 281.89 MB peak
[2018.02.23-15.39.06:801][  0]LogMemory: Process Virtual Memory: 277.00 MB used, 277.00 MB peak
[2018.02.23-15.39.06:801][  0]LogMemory: Physical Memory: 6104.29 MB used,  1981.83 MB free, 8086.12 MB total
[2018.02.23-15.39.06:801][  0]LogMemory: Virtual Memory: 692.11 MB used,  1981.83 MB free, 134217728.00 MB total
[2018.02.23-15.39.07:465][  0]LogInit: Using OS detected language (en-GB).
[2018.02.23-15.39.07:465][  0]LogInit: Using OS detected locale (en-GB).
[2018.02.23-15.39.07:610][  0]LogTextLocalizationManager: No specific localization for 'en-GB' exists, so the 'en' localization will be used.
[2018.02.23-15.39.09:995][  0]LogD3D11RHI: D3D11 adapters:
[2018.02.23-15.39.10:011][  0]LogD3D11RHI:    0. 'Intel(R) HD Graphics 620' (Feature Level 11_0)
[2018.02.23-15.39.10:011][  0]LogD3D11RHI:       128/0/4043 MB DedicatedVideo/DedicatedSystem/SharedSystem, Outputs:1, VendorId:0x8086
[2018.02.23-15.39.10:017][  0]LogD3D11RHI:    1. 'Microsoft Basic Render Driver' (Feature Level 11_0)
[2018.02.23-15.39.10:018][  0]LogD3D11RHI:       0/0/4043 MB DedicatedVideo/DedicatedSystem/SharedSystem, Outputs:0, VendorId:0x1414
[2018.02.23-15.39.10:018][  0]LogD3D11RHI: Chosen D3D11 Adapter: 0
[2018.02.23-15.39.10:025][  0]LogD3D11RHI: Creating new Direct3DDevice
[2018.02.23-15.39.10:026][  0]LogD3D11RHI:     GPU DeviceId: 0x5916 (for the marketing name, search the web for "GPU Device Id")
[2018.02.23-15.39.10:026][  0]LogWindows: EnumDisplayDevices:
[2018.02.23-15.39.10:026][  0]LogWindows:    0. 'Intel(R) HD Graphics 620' (P:1 D:1)
[2018.02.23-15.39.10:026][  0]LogWindows:    1. 'Intel(R) HD Graphics 620' (P:0 D:0)
[2018.02.23-15.39.10:026][  0]LogWindows:    2. 'Intel(R) HD Graphics 620' (P:0 D:0)
[2018.02.23-15.39.10:026][  0]LogWindows: DebugString: GetVideoDriverDetailsInvalid PrimaryIsNotTheChoosenAdapter GetVideoDriverDetailsInvalid PrimaryIsNotTheChoosenAdapter GetVideoDriverDetailsInvalid PrimaryIsNotTheChoosenAdapter FoundDriverCount:0 
[2018.02.23-15.39.10:026][  0]LogD3D11RHI:     Adapter Name: Intel(R) HD Graphics 620
[2018.02.23-15.39.10:026][  0]LogD3D11RHI:   Driver Version: Unknown (internal:Unknown, unified:Unknown)
[2018.02.23-15.39.10:026][  0]LogD3D11RHI:      Driver Date: Unknown
[2018.02.23-15.39.10:026][  0]LogRHI: Texture pool is 1361 MB (70% of 1945 MB)
[2018.02.23-15.39.10:045][  0]LogD3D11RHI: Async texture creation enabled
[2018.02.23-15.39.10:054][  0]LogD3D11RHI: GPU Timing Frequency: 12.000000 (Debug: 2 0)
[2018.02.23-15.39.10:057][  0]LogShaderCompilers: Guid format shader working directory is 18 characters bigger than the processId version (../../../../Projects/TDEMO-/Intermediate/Shaders/WorkingDirectory/7288/).
[2018.02.23-15.39.10:057][  0]LogShaderCompilers: Cleaned the shader compiler working directory 'C:/Users/Gary/AppData/Local/Temp/UnrealShaderWorkingDir/F28F02884FBE0A19261D5CB78AA86218/'.
[2018.02.23-15.39.10:057][  0]LogShaderCompilers: Display: Using Local Shader Compiler.
[2018.02.23-15.39.13:137][  0]LogTemp: Display: Loaded TP AllDesktopTargetPlatform
[2018.02.23-15.39.13:245][  0]LogTemp: Display: Loaded TP MacClientTargetPlatform
[2018.02.23-15.39.13:345][  0]LogTemp: Display: Loaded TP MacNoEditorTargetPlatform
[2018.02.23-15.39.13:442][  0]LogTemp: Display: Loaded TP MacServerTargetPlatform
[2018.02.23-15.39.13:551][  0]LogTemp: Display: Loaded TP MacTargetPlatform
[2018.02.23-15.39.13:672][  0]LogTemp: Display: Loaded TP WindowsClientTargetPlatform
[2018.02.23-15.39.13:771][  0]LogTemp: Display: Loaded TP WindowsNoEditorTargetPlatform
[2018.02.23-15.39.13:870][  0]LogTemp: Display: Loaded TP WindowsServerTargetPlatform
[2018.02.23-15.39.13:946][  0]LogTemp: Display: Loaded TP WindowsTargetPlatform
[2018.02.23-15.39.14:056][  0]LogTemp: Display: Loaded TP AndroidTargetPlatform
[2018.02.23-15.39.14:150][  0]LogTemp: Display: Loaded TP Android_ASTCTargetPlatform
[2018.02.23-15.39.14:243][  0]LogTemp: Display: Loaded TP Android_ATCTargetPlatform
[2018.02.23-15.39.14:344][  0]LogTemp: Display: Loaded TP Android_DXTTargetPlatform
[2018.02.23-15.39.14:444][  0]LogTemp: Display: Loaded TP Android_ETC1TargetPlatform
[2018.02.23-15.39.14:545][  0]LogTemp: Display: Loaded TP Android_ETC2TargetPlatform
[2018.02.23-15.39.14:717][  0]LogTemp: Display: Loaded TP Android_MultiTargetPlatform
[2018.02.23-15.39.14:717][  0]LogTemp: Display: Loaded TP Android_PVRTCTargetPlatform
[2018.02.23-15.39.14:807][  0]LogTemp: Display: Loaded TP HTML5TargetPlatform
[2018.02.23-15.39.14:995][  0]LogTemp: Display: Loaded TP IOSTargetPlatform
[2018.02.23-15.39.15:049][  0]LogTemp: Display: Loaded TP TVOSTargetPlatform
[2018.02.23-15.39.15:134][  0]LogTemp: Display: Loaded TP LinuxClientTargetPlatform
[2018.02.23-15.39.15:234][  0]LogTemp: Display: Loaded TP LinuxNoEditorTargetPlatform
[2018.02.23-15.39.15:335][  0]LogTemp: Display: Loaded TP LinuxServerTargetPlatform
[2018.02.23-15.39.15:458][  0]LogTemp: Display: Loaded TP LinuxTargetPlatform
[2018.02.23-15.39.15:459][  0]LogTargetPlatformManager: Display: Building Assets For Windows
[2018.02.23-15.39.16:687][  0]LogDerivedDataCache: Display: Max Cache Size: 512 MB
[2018.02.23-15.39.16:820][  0]LogDerivedDataCache: Loaded boot cache 0.13s 93MB C:/Users/Gary/AppData/Local/UnrealEngine/4.17/DerivedDataCache/Boot.ddc.
[2018.02.23-15.39.16:820][  0]LogDerivedDataCache: Display: Loaded Boot cache: C:/Users/Gary/AppData/Local/UnrealEngine/4.17/DerivedDataCache/Boot.ddc
[2018.02.23-15.39.16:820][  0]LogDerivedDataCache: FDerivedDataBackendGraph:  Pak pak cache file ../../../../Projects/TDEMO-/DerivedDataCache/DDC.ddp not found, will not use a pak cache.
[2018.02.23-15.39.16:820][  0]LogDerivedDataCache: Unable to find inner node Pak for hierarchical cache Hierarchy.
[2018.02.23-15.39.16:820][  0]LogDerivedDataCache: FDerivedDataBackendGraph:  CompressedPak pak cache file ../../../../Projects/TDEMO-/DerivedDataCache/Compressed.ddp not found, will not use a pak cache.
[2018.02.23-15.39.16:820][  0]LogDerivedDataCache: Unable to find inner node CompressedPak for hierarchical cache Hierarchy.
[2018.02.23-15.39.16:863][  0]LogDerivedDataCache: Display: Pak cache opened for reading ../../../Engine/DerivedDataCache/Compressed.ddp.
[2018.02.23-15.39.16:877][  0]LogDerivedDataCache: Using Local data cache path C:/Users/Gary/AppData/Local/UnrealEngine/Common/DerivedDataCache: Writable
[2018.02.23-15.39.16:894][  0]LogMaterial: Verifying Global Shaders for PCD3D_SM5
[2018.02.23-15.39.16:895][  0]LogSlate: Using Freetype 2.6.0
[2018.02.23-15.39.16:930][  0]LogSlate: SlateFontCache - WITH_FREETYPE: 1, WITH_HARFBUZZ: 1
[2018.02.23-15.39.16:930][  0]LogSlate: SlateFontCache - WITH_FREETYPE: 1, WITH_HARFBUZZ: 1
[2018.02.23-15.39.20:699][  0]LogAssetRegistry: FAssetRegistry took 0.0372 seconds to start up
[2018.02.23-15.39.21:186][  0]LogInit: Selected Device Profile: [Windows]
[2018.02.23-15.39.22:403][  0]LogContentStreaming: Texture pool size is 0.00 MB
[2018.02.23-15.39.23:705][  0]LogSimplygon: Simplygon DLL not present - disabling.
[2018.02.23-15.39.23:818][  0]LogMeshReduction: Using SimplygonSwarm for distributed automatic mesh merging
[2018.02.23-15.39.23:818][  0]LogMeshReduction: Using QuadricMeshReduction for automatic static mesh reduction
[2018.02.23-15.39.23:818][  0]LogMeshReduction: No automatic skeletal mesh reduction module available
[2018.02.23-15.39.23:818][  0]LogMeshReduction: No automatic mesh merging module available
[2018.02.23-15.39.23:818][  0]LogMeshMerging: No automatic mesh merging module available
[2018.02.23-15.39.25:252][  0]LogNetVersion: AntsGame , NetCL: 3573198, EngineNetVer: 2, GameNetVer: 0 (Checksum: 3821802436)
[2018.02.23-15.39.25:857][  0]LogPackageLocalizationCache: Processed 5 localized package path(s) for 2 prioritized culture(s) in 0.145413 seconds
[2018.02.23-15.39.25:868][  0]LogUObjectArray: 35825 objects as part of root set at end of initial load.
[2018.02.23-15.39.25:868][  0]LogUObjectAllocator: 7529112 out of 0 bytes used by permanent object pool.
[2018.02.23-15.39.25:868][  0]LogUObjectArray: CloseDisregardForGC: 0/0 objects in disregard for GC pool
[2018.02.23-15.39.26:004][  0]LogInit: WinSock: version 1.1 (2.2), MaxSocks=32767, MaxUdp=65467
[2018.02.23-15.39.41:463][  0]LogTcpMessaging: Initializing TcpMessaging bridge
[2018.02.23-15.39.41:626][  0]LogUdpMessaging: Initializing bridge on interface 0.0.0.0:0 to multicast group 230.0.0.1:6666.
[2018.02.23-15.39.44:034][  0]LogMaterial: Uniform references updated for custom material expression Custom.
[2018.02.23-15.39.45:560][  0]SourceControl: Source control is disabled
[2018.02.23-15.39.45:560][  0]SourceControl: Source control is disabled
[2018.02.23-15.39.45:735][  0]SourceControl: Source control is disabled
[2018.02.23-15.39.45:902][  0]SourceControl: Source control is disabled
[2018.02.23-15.39.47:827][  0]LogAndroidPermission: UAndroidPermissionCallbackProxy::GetInstance
[2018.02.23-15.39.48:519][  0]LogOcInput: OculusInput pre-init called
[2018.02.23-15.39.49:223][  0]LogEngine: Initializing Engine...
[2018.02.23-15.39.49:227][  0]LogHMD: Failed to initialize OpenVR with code 110
[2018.02.23-15.39.49:893][  0]LogStats: UGameplayTagsManager::ConstructGameplayTagTree: Construct from data asset -  0.000 s
[2018.02.23-15.39.49:893][  0]LogStats: UGameplayTagsManager::ConstructGameplayTagTree: GameplayTagTreeChangedEvent.Broadcast -  0.000 s
[2018.02.23-15.39.50:260][  0]LogAIModule: Creating AISystem for world Untitled
[2018.02.23-15.39.50:299][  0]LogInit: XAudio2 using 'Speakers (Realtek High Definition Audio)' : 2 channels at 48 kHz using 32 bits per sample (channel mask 0x3)
[2018.02.23-15.39.50:358][  0]LogInit: FAudioDevice initialized.
[2018.02.23-15.39.50:555][  0]LogDerivedDataCache: Saved boot cache 0.20s 93MB C:/Users/Gary/AppData/Local/UnrealEngine/4.17/DerivedDataCache/Boot.ddc.
[2018.02.23-15.39.50:582][  0]LogInit: Texture streaming: Enabled
[2018.02.23-15.39.50:904][  0]LogEngineSessionManager: EngineSessionManager initialized
[2018.02.23-15.39.51:568][  0]LogInit: Transaction tracking system initialized
[2018.02.23-15.39.52:350][  0]BlueprintLog: New page: Editor Load
[2018.02.23-15.39.54:333][  0]LocalizationService: Localization service is disabled
[2018.02.23-15.39.55:456][  0]LogLinker: Warning: Can't find file '/Game/FlyingBP/FlyingOverview'
[2018.02.23-15.39.55:456][  0]LogLinker: Warning: Can't find file '/Game/FlyingBP/FlyingOverview'
[2018.02.23-15.39.55:456][  0]LogUObjectGlobals: Warning: Failed to find object 'Class /Game/FlyingBP/FlyingOverview.FlyingOverview_C'
[2018.02.23-15.39.55:808][  0]LogConsoleResponse: Display: 
[2018.02.23-15.39.56:300][  0]LogCook: Display: Max memory allowance for cook 16384mb min free memory 0mb
[2018.02.23-15.39.56:300][  0]LogCook: Display: Mobile HDR setting 1
[2018.02.23-15.39.56:301][  0]LogGameplayTags: Display: UGameplayTagsManager::DoneAddingNativeTags. DelegateIsBound: 0
[2018.02.23-15.39.56:417][  0]LogFileCache: Scanning file cache for directory 'D:/Game Dev/Epic Games/Projects/TDEMO-/Content/' took 0.02s
[2018.02.23-15.39.58:156][  0]SourceControl: Source control is disabled
[2018.02.23-15.39.58:156][  0]Cmd: MAP LOAD FILE="../../../../Projects/TDEMO-/Content/Levels/PicnicLevel.umap" TEMPLATE=0 SHOWPROGRESS=1 FEATURELEVEL=3
[2018.02.23-15.39.58:157][  0]LightingResults: New page: Lighting Build
[2018.02.23-15.39.58:220][  0]MapCheck: New page: Map Check
[2018.02.23-15.39.58:220][  0]LightingResults: New page: Lighting Build
[2018.02.23-15.39.59:796][  0]LogBlueprint: Warning: [Turret] 'Charge Bar' variable not found. Base class was probably changed.
[2018.02.23-15.39.59:798][  0]LogBlueprint: Warning: [Turret] 'Charge Bar' variable not found. Base class was probably changed.
[2018.02.23-15.39.59:800][  0]LogBlueprint: Warning: [Turret] 'Charge Bar 2' variable not found. Base class was probably changed.
[2018.02.23-15.39.59:801][  0]LogBlueprint: Warning: [Turret] 'Charge Bar 2' variable not found. Base class was probably changed.
[2018.02.23-15.40.01:427][  0]LogBlueprint: Warning: [Turret2] 'Charge Bar' variable not found. Base class was probably changed.
[2018.02.23-15.40.01:428][  0]LogBlueprint: Warning: [Turret2] 'Charge Bar' variable not found. Base class was probably changed.
[2018.02.23-15.40.01:428][  0]LogBlueprint: Warning: [Turret2] 'Charge Bar 2' variable not found. Base class was probably changed.
[2018.02.23-15.40.01:428][  0]LogBlueprint: Warning: [Turret2] 'Charge Bar 2' variable not found. Base class was probably changed.
[2018.02.23-15.40.05:075][  0]LogAIModule: Creating AISystem for world PicnicLevel
[2018.02.23-15.40.05:400][  0]LogEditorServer: Finished looking for orphan Actors (0.000 secs)
[2018.02.23-15.40.05:469][  0]Cmd: MAP CHECKDEP NOCLEARLOG
[2018.02.23-15.40.05:670][  0]MapCheck: Map check complete: 0 Error(s), 0 Warning(s), took 200.56ms to complete.
[2018.02.23-15.40.05:671][  0]LogFileHelpers: Loading map 'PicnicLevel' took 7.515
[2018.02.23-15.40.07:468][  0]LogCollectionManager: Loaded 0 collections in 0.015277 seconds
[2018.02.23-15.40.08:159][  0]LogFileCache: Scanning file cache for directory 'D:/Game Dev/Epic Games/Projects/TDEMO-/Saved/Collections/' took 0.02s
[2018.02.23-15.40.08:159][  0]LogFileCache: Scanning file cache for directory 'D:/Game Dev/Epic Games/Projects/TDEMO-/Content/Developers/Gary/Collections/' took 0.01s
[2018.02.23-15.40.08:159][  0]LogFileCache: Scanning file cache for directory 'D:/Game Dev/Epic Games/Projects/TDEMO-/Content/Collections/' took 0.01s
[2018.02.23-15.40.08:159][  0]LogCollectionManager: Rebuilt the GUID cache for 0 collections in 0.000002 seconds
[2018.02.23-15.40.08:239][  0]LogContentBrowser: Native class hierarchy populated in 0.0733 seconds. Added 2386 classes and 500 folders.
[2018.02.23-15.40.08:695][  0]LogContentBrowser: Native class hierarchy updated for 'WidgetCarousel' in 0.0032 seconds. Added 0 classes and 0 folders.
[2018.02.23-15.40.10:539][  0]LogContentBrowser: Native class hierarchy updated for 'AddContentDialog' in 0.0016 seconds. Added 0 classes and 0 folders.
[2018.02.23-15.40.10:811][  0]LogContentBrowser: Native class hierarchy updated for 'SceneOutliner' in 0.0034 seconds. Added 1 classes and 2 folders.
[2018.02.23-15.40.13:147][  0]LogSlate: Took 0.002657 seconds to synchronously load lazily loaded font '../../../Engine/Content/Slate/Fonts/Roboto-Regular.ttf' (155K)
[2018.02.23-15.40.13:173][  0]LogSlate: Took 0.001592 seconds to synchronously load lazily loaded font '../../../Engine/Content/Slate/Fonts/Roboto-Bold.ttf' (160K)
[2018.02.23-15.40.13:261][  0]LogSlate: Took 0.010970 seconds to synchronously load lazily loaded font '../../../Engine/Content/Editor/Slate/Fonts/FontAwesome.ttf' (139K)
[2018.02.23-15.40.14:189][  0]LogRenderer: Reallocating scene render targets to support 1008x472 Format 10 NumSamples 1 (Frame:1).
[2018.02.23-15.40.20:575][  0]LogSlate: Took 0.010982 seconds to synchronously load lazily loaded font '../../../Engine/Content/Slate/Fonts/Roboto-Light.ttf' (159K)
[2018.02.23-15.40.22:785][  0]LogContentBrowser: Native class hierarchy updated for 'HierarchicalLODOutliner' in 0.0031 seconds. Added 1 classes and 2 folders.
[2018.02.23-15.40.22:785][  0]LogLoad: (Engine Initialization) Total time: 85.28 seconds
[2018.02.23-15.40.22:785][  0]LogLoad: (Engine Initialization) Total Blueprint compile time: 0.00 seconds
[2018.02.23-15.40.22:786][  0]LogExternalProfiler: No external profilers were discovered.  External profiling features will not be available.
[2018.02.23-15.40.23:282][  0]LogContentStreaming: Texture pool size now 1000 MB
[2018.02.23-15.40.23:418][  1]LogFileCache: Retrieving MD5 hashes for directory 'D:/Game Dev/Epic Games/Projects/TDEMO-/Content/' took 0.25s
[2018.02.23-15.40.26:433][  5]LogAssetRegistry: Asset discovery search completed in 65.7574 seconds
[2018.02.23-15.40.26:437][  5]LogCollectionManager: Rebuilt the object cache for 0 collections in 0.000001 seconds (found 0 objects)
[2018.02.23-15.40.26:438][  5]LogCollectionManager: Fixed up redirectors for 0 collections in 0.000182 seconds (updated 0 objects)
[2018.02.23-15.40.44:593][ 83]LogD3D11RHI: Timed out while waiting for GPU to catch up. (0.5 s)
[2018.02.23-15.40.48:989][ 87]LogD3D11RHI: Timed out while waiting for GPU to catch up. (0.5 s)
[2018.02.23-15.40.55:585][ 97]LogD3D11RHI: Timed out while waiting for GPU to catch up. (0.5 s)
[2018.02.23-15.41.03:733][104]LogD3D11RHI: Timed out while waiting for GPU to catch up. (0.5 s)
[2018.02.23-15.41.05:446][105]LogD3D11RHI: Timed out while waiting for GPU to catch up. (0.5 s)
[2018.02.23-15.41.06:945][109]LogD3D11RHI: Timed out while waiting for GPU to catch up. (0.5 s)
[2018.02.23-15.41.10:674][110]LogD3D11RHI: Timed out while waiting for GPU to catch up. (0.5 s)
[2018.02.23-15.41.21:984][160]LogTemp: Repeating last play command: New Editor Window (PIE)
[2018.02.23-15.41.22:499][160]LogBlueprintUserMessages: Early PlayInEditor Detection: Level '/Game/Levels/PicnicLevel.PicnicLevel:PersistentLevel' has LevelScriptBlueprint '/Game/Levels/PicnicLevel.PicnicLevel:PersistentLevel.PicnicLevel' with GeneratedClass '/Game/Levels/PicnicLevel.PicnicLevel_C' with ClassGeneratedBy '/Game/Levels/PicnicLevel.PicnicLevel:PersistentLevel.PicnicLevel'
[2018.02.23-15.41.22:508][160]LogPlayLevel: PlayLevel: No blueprints needed recompiling
[2018.02.23-15.41.22:767][160]PIE: New page: PIE session: PicnicLevel (23 Feb 2018 15:41:22)
[2018.02.23-15.41.22:791][160]LogPlayLevel: Creating play world package: /Game/Levels/UEDPIE_0_PicnicLevel
[2018.02.23-15.41.22:973][160]LogPlayLevel: PIE: StaticDuplicateObject took: (0.181818s)
[2018.02.23-15.41.22:974][160]LogAIModule: Creating AISystem for world PicnicLevel
[2018.02.23-15.41.22:975][160]LogPlayLevel: PIE: World Init took: (0.002232s)
[2018.02.23-15.41.22:982][160]LogPlayLevel: PIE: Created PIE world by copying editor world from /Game/Levels/PicnicLevel.PicnicLevel to /Game/Levels/UEDPIE_0_PicnicLevel.PicnicLevel (0.201733s)
[2018.02.23-15.41.23:103][160]LogInit: XAudio2 using 'Speakers (Realtek High Definition Audio)' : 2 channels at 48 kHz using 32 bits per sample (channel mask 0x3)
[2018.02.23-15.41.23:182][160]LogInit: FAudioDevice initialized.
[2018.02.23-15.41.23:449][160]LogLoad: Game class is 'AntsGamemode_C'
[2018.02.23-15.41.23:758][160]LogWorld: Bringing World /Game/Levels/UEDPIE_0_PicnicLevel.PicnicLevel up for play (max tick rate 0) at 2018.02.23-15.41.23
[2018.02.23-15.41.23:922][160]LogWorld: Bringing up level for play took: 0.241428
[2018.02.23-15.41.24:841][160]LogContentBrowser: Native class hierarchy updated for 'MovieSceneCapture' in 0.0059 seconds. Added 11 classes and 0 folders.
[2018.02.23-15.41.25:138][160]PIE: Play in editor start time for /Game/Levels/UEDPIE_0_PicnicLevel 3.22
[2018.02.23-15.41.25:150][160]LogBlueprintUserMessages: Late PlayInEditor Detection: Level '/Game/Levels/PicnicLevel.PicnicLevel:PersistentLevel' has LevelScriptBlueprint '/Game/Levels/PicnicLevel.PicnicLevel:PersistentLevel.PicnicLevel' with GeneratedClass '/Game/Levels/PicnicLevel.PicnicLevel_C' with ClassGeneratedBy '/Game/Levels/PicnicLevel.PicnicLevel:PersistentLevel.PicnicLevel'
[2018.02.23-15.41.25:799][160]LogRenderer: Reallocating scene render targets to support 1292x756 Format 10 NumSamples 1 (Frame:1).
[2018.02.23-15.42.46:577][546]LogScript: Warning: Attempted to access 1_AdvJump8_1561 via property 1_AdvJump8_1561_ExecuteUbergraph_PicnicLevel_RefProperty, but 1_AdvJump8_1561 is pending kill
	PicnicLevel_C /Game/Levels/UEDPIE_0_PicnicLevel.PicnicLevel:PersistentLevel.PicnicLevel_C_0
	Function /Game/Levels/PicnicLevel.PicnicLevel_C:ExecuteUbergraph_PicnicLevel:16F3
[2018.02.23-15.42.46:585][546]PIE: Error: Blueprint Runtime Error: Attempted to access 1_AdvJump8_1561 via property 1_AdvJump8_1561_ExecuteUbergraph_PicnicLevel_RefProperty, but 1_AdvJump8_1561 is pending kill from function: 'ExecuteUbergraph_PicnicLevel' from node: Branch in graph: EventGraph in object: PicnicLevel with description: Attempted to access 1_AdvJump8_1561 via property 1_AdvJump8_1561_ExecuteUbergraph_PicnicLevel_RefProperty, but 1_AdvJump8_1561 is pending kill
[2018.02.23-15.43.08:454][653]LogBlueprintUserMessages: Early EndPlayMap Detection: Level '/Game/Levels/PicnicLevel.PicnicLevel:PersistentLevel' has LevelScriptBlueprint '/Game/Levels/PicnicLevel.PicnicLevel:PersistentLevel.PicnicLevel' with GeneratedClass '/Game/Levels/PicnicLevel.PicnicLevel_C' with ClassGeneratedBy '/Game/Levels/PicnicLevel.PicnicLevel:PersistentLevel.PicnicLevel'
[2018.02.23-15.43.08:783][653]LogBlueprintUserMessages: Late EndPlayMap Detection: Level '/Game/Levels/PicnicLevel.PicnicLevel:PersistentLevel' has LevelScriptBlueprint '/Game/Levels/PicnicLevel.PicnicLevel:PersistentLevel.PicnicLevel' with GeneratedClass '/Game/Levels/PicnicLevel.PicnicLevel_C' with ClassGeneratedBy '/Game/Levels/PicnicLevel.PicnicLevel:PersistentLevel.PicnicLevel'
[2018.02.23-15.43.23:603][704]LogD3D11RHI: Timed out while waiting for GPU to catch up. (0.5 s)
[2018.02.23-15.43.28:196][705]LogD3D11RHI: Timed out while waiting for GPU to catch up. (0.5 s)
[2018.02.23-15.44.17:483][932]LogSlate: Took 0.000670 seconds to synchronously load lazily loaded font '../../../Engine/Content/Slate/Fonts/Roboto-Light.ttf' (159K)
[2018.02.23-15.44.17:650][932]Cmd: OBJ SAVEPACKAGE PACKAGE="/Game/Levels/PicnicLevel" FILE="../../../../Projects/TDEMO-/Content/Levels/PicnicLevel.umap" SILENT=true AUTOSAVING=false KEEPDIRTY=false
[2018.02.23-15.44.20:900][932]LogSavePackage: Save=2953.44ms
[2018.02.23-15.44.20:901][932]LogSavePackage: Moving '../../../../Projects/TDEMO-/Saved/PicnicLevel7AC394F14FB96CE21406ECB5947BAA5E.tmp' to '../../../../Projects/TDEMO-/Content/Levels/PicnicLevel.umap'
[2018.02.23-15.44.20:936][932]LogSavePackage: Display: Finished SavePackage ../../../../Projects/TDEMO-/Content/Levels/PicnicLevel.umap
[2018.02.23-15.44.21:110][932]LogSlate: Took 0.000391 seconds to synchronously load lazily loaded font '../../../Engine/Content/Slate/Fonts/Roboto-Regular.ttf' (155K)
[2018.02.23-15.44.21:119][932]Cmd: OBJ SAVEPACKAGE PACKAGE="/Game/Levels/PicnicLevel_BuiltData" FILE="../../../../Projects/TDEMO-/Content/Levels/PicnicLevel_BuiltData.uasset" SILENT=true
[2018.02.23-15.44.21:237][932]LogSavePackage: Save=97.33ms
[2018.02.23-15.44.21:237][932]LogSavePackage: Moving '../../../../Projects/TDEMO-/Saved/PicnicLevel_BuiltData07FD1702422391F4C48D569F3B0EFA7F.tmp' to '../../../../Projects/TDEMO-/Content/Levels/PicnicLevel_BuiltData.uasset'
[2018.02.23-15.44.21:278][932]LogSavePackage: Display: Finished SavePackage ../../../../Projects/TDEMO-/Content/Levels/PicnicLevel_BuiltData.uasset
[2018.02.23-15.44.35:337][ 16]LogWindowsTextInputMethodSystem: Display: IME system now deactivated.
[2018.02.23-15.44.35:338][ 16]LogWindowsTextInputMethodSystem: Display: IME system now deactivated.
[2018.02.23-15.44.36:768][ 17]Cmd: QUIT_EDITOR
[2018.02.23-15.44.39:161][ 17]LogExit: Preparing to exit.
[2018.02.23-15.44.42:130][ 17]LogDirectoryWatcher: A directory notification for 'D:/Game Dev/Epic Games/Projects/TDEMO-/Content/' was aborted.
[2018.02.23-15.44.42:440][ 17]LogExit: Editor shut down
[2018.02.23-15.44.42:472][ 17]LogExit: Transaction tracking system shut down
[2018.02.23-15.44.43:183][ 17]LogDirectoryWatcher: A directory notification for '../../../Engine/Content/' was aborted.
[2018.02.23-15.44.43:184][ 17]LogDirectoryWatcher: A directory notification for '../../../../Projects/TDEMO-/Content/' was aborted.
[2018.02.23-15.44.43:184][ 17]LogDirectoryWatcher: A directory notification for '../../../Engine/Plugins/2D/Paper2D/Content/' was aborted.
[2018.02.23-15.44.43:184][ 17]LogDirectoryWatcher: A directory notification for '../../../Engine/Plugins/Runtime/Oculus/OculusVR/Content/' was aborted.
[2018.02.23-15.44.43:184][ 17]LogDirectoryWatcher: A directory notification for '../../../Engine/Plugins/Runtime/Steam/SteamVR/Content/' was aborted.
[2018.02.23-15.44.44:926][ 17]LogExit: Object subsystem successfully closed.
[2018.02.23-15.44.45:145][ 17]LogD3D11RHI: Shutdown
[2018.02.23-15.44.45:160][ 17]LogD3D11RHI: CleanupD3DDevice
[2018.02.23-15.44.46:358][ 17]LogD3D11RHI: ~FD3D11DynamicRHI
[2018.02.23-15.44.46:956][ 17]LogModuleManager: Shutting down and abandoning module MovieSceneCapture (532)
[2018.02.23-15.44.46:957][ 17]LogModuleManager: Shutting down and abandoning module HierarchicalLODOutliner (530)
[2018.02.23-15.44.46:958][ 17]LogModuleManager: Shutting down and abandoning module SceneOutliner (528)
[2018.02.23-15.44.46:966][ 17]LogModuleManager: Shutting down and abandoning module AddContentDialog (526)
[2018.02.23-15.44.46:988][ 17]LogDirectoryWatcher: A directory notification for 'D:/Game Dev/Epic Games/UE_4.17/FeaturePacks/' was aborted.
[2018.02.23-15.44.47:076][ 17]LogModuleManager: Shutting down and abandoning module WidgetCarousel (525)
[2018.02.23-15.44.47:076][ 17]LogModuleManager: Shutting down and abandoning module EditorWidgets (522)
[2018.02.23-15.44.47:077][ 17]LogModuleManager: Shutting down and abandoning module CollectionManager (520)
[2018.02.23-15.44.47:078][ 17]LogDirectoryWatcher: A directory notification for 'D:/Game Dev/Epic Games/Projects/TDEMO-/Content/Collections/' was aborted.
[2018.02.23-15.44.47:079][ 17]LogDirectoryWatcher: A directory notification for 'D:/Game Dev/Epic Games/Projects/TDEMO-/Content/Developers/Gary/Collections/' was aborted.
[2018.02.23-15.44.47:079][ 17]LogDirectoryWatcher: A directory notification for 'D:/Game Dev/Epic Games/Projects/TDEMO-/Saved/Collections/' was aborted.
[2018.02.23-15.44.47:081][ 17]LogModuleManager: Shutting down and abandoning module StatsViewer (518)
[2018.02.23-15.44.47:210][ 17]LogModuleManager: Shutting down and abandoning module FoliageEdit (516)
[2018.02.23-15.44.47:210][ 17]LogModuleManager: Shutting down and abandoning module LandscapeEditor (514)
[2018.02.23-15.44.47:345][ 17]LogModuleManager: Shutting down and abandoning module MeshPaintMode (512)
[2018.02.23-15.44.47:345][ 17]LogModuleManager: Shutting down and abandoning module SceneDepthPickerMode (510)
[2018.02.23-15.44.47:345][ 17]LogModuleManager: Shutting down and abandoning module ActorPickerMode (508)
[2018.02.23-15.44.47:346][ 17]LogModuleManager: Shutting down and abandoning module GeometryMode (506)
[2018.02.23-15.44.47:346][ 17]LogModuleManager: Shutting down and abandoning module TextureAlignMode (504)
[2018.02.23-15.44.47:346][ 17]LogModuleManager: Shutting down and abandoning module BspMode (502)
[2018.02.23-15.44.47:347][ 17]LogModuleManager: Shutting down and abandoning module PIEPreviewDeviceProfileSelector (500)
[2018.02.23-15.44.47:347][ 17]LogModuleManager: Shutting down and abandoning module HardwareSurvey (498)
[2018.02.23-15.44.47:347][ 17]LogModuleManager: Shutting down and abandoning module SequenceRecorderSections (496)
[2018.02.23-15.44.47:347][ 17]LogModuleManager: Shutting down and abandoning module AutomationWorker (494)
[2018.02.23-15.44.47:348][ 17]LogModuleManager: Shutting down and abandoning module MatineeToLevelSequence (492)
[2018.02.23-15.44.47:348][ 17]LogModuleManager: Shutting down and abandoning module LevelSequenceEditor (490)
[2018.02.23-15.44.47:394][ 17]LogModuleManager: Shutting down and abandoning module PlacementMode (489)
[2018.02.23-15.44.47:394][ 17]LogModuleManager: Shutting down and abandoning module WmfMediaFactory (486)
[2018.02.23-15.44.47:394][ 17]LogModuleManager: Shutting down and abandoning module WmfMediaEditor (484)
[2018.02.23-15.44.47:395][ 17]LogModuleManager: Shutting down and abandoning module AvfMediaFactory (482)
[2018.02.23-15.44.47:395][ 17]LogModuleManager: Shutting down and abandoning module AvfMediaEditor (480)
[2018.02.23-15.44.47:395][ 17]LogModuleManager: Shutting down and abandoning module AndroidMediaFactory (478)
[2018.02.23-15.44.47:396][ 17]LogModuleManager: Shutting down and abandoning module Media (477)
[2018.02.23-15.44.47:396][ 17]LogModuleManager: Shutting down and abandoning module AndroidMediaEditor (474)
[2018.02.23-15.44.47:396][ 17]LogModuleManager: Shutting down and abandoning module CharacterAI (472)
[2018.02.23-15.44.47:396][ 17]LogModuleManager: Shutting down and abandoning module AudioCapture (470)
[2018.02.23-15.44.47:397][ 17]LogModuleManager: Shutting down and abandoning module SequenceRecorder (469)
[2018.02.23-15.44.47:456][ 17]LogModuleManager: Shutting down and abandoning module SmartSnapping (466)
[2018.02.23-15.44.47:458][ 17]LogModuleManager: Shutting down and abandoning module SessionServices (464)
[2018.02.23-15.44.48:444][ 17]LogModuleManager: Shutting down and abandoning module ViewportSnapping (462)
[2018.02.23-15.44.48:444][ 17]LogModuleManager: Shutting down and abandoning module ViewportInteraction (460)
[2018.02.23-15.44.48:444][ 17]LogModuleManager: Shutting down and abandoning module ClothPainter (458)
[2018.02.23-15.44.48:497][ 17]LogModuleManager: Shutting down and abandoning module LogVisualizer (456)
[2018.02.23-15.44.48:497][ 17]LogModuleManager: Shutting down and abandoning module IntroTutorials (454)
[2018.02.23-15.44.48:498][ 17]LogModuleManager: Shutting down and abandoning module GameProjectGeneration (453)
[2018.02.23-15.44.48:577][ 17]LogModuleManager: Shutting down and abandoning module IOSPlatformEditor (450)
[2018.02.23-15.44.48:577][ 17]LogModuleManager: Shutting down and abandoning module HTML5PlatformEditor (448)
[2018.02.23-15.44.48:577][ 17]LogModuleManager: Shutting down and abandoning module AndroidPlatformEditor (446)
[2018.02.23-15.44.48:577][ 17]LogModuleManager: Shutting down and abandoning module AndroidDeviceDetection (445)
[2018.02.23-15.44.49:313][ 17]LogModuleManager: Shutting down and abandoning module WindowsPlatformEditor (442)
[2018.02.23-15.44.49:314][ 17]LogModuleManager: Shutting down and abandoning module IOSRuntimeSettings (440)
[2018.02.23-15.44.49:314][ 17]LogModuleManager: Shutting down and abandoning module AndroidRuntimeSettings (438)
[2018.02.23-15.44.49:314][ 17]LogModuleManager: Shutting down and abandoning module InputBindingEditor (436)
[2018.02.23-15.44.49:387][ 17]LogModuleManager: Shutting down and abandoning module MergeActors (434)
[2018.02.23-15.44.49:387][ 17]LogModuleManager: Shutting down and abandoning module SizeMap (432)
[2018.02.23-15.44.49:387][ 17]LogModuleManager: Shutting down and abandoning module TreeMap (430)
[2018.02.23-15.44.49:389][ 17]LogModuleManager: Shutting down and abandoning module ReferenceViewer (428)
[2018.02.23-15.44.49:389][ 17]LogModuleManager: Shutting down and abandoning module LocalizationDashboard (426)
[2018.02.23-15.44.49:390][ 17]LogModuleManager: Shutting down and abandoning module LocalizationService (425)
[2018.02.23-15.44.49:392][ 17]LogModuleManager: Shutting down and abandoning module HardwareTargeting (422)
[2018.02.23-15.44.49:393][ 17]LogModuleManager: Shutting down and abandoning module DeviceProfileEditor (420)
[2018.02.23-15.44.49:393][ 17]LogModuleManager: Shutting down and abandoning module UndoHistory (418)
[2018.02.23-15.44.49:393][ 17]LogModuleManager: Shutting down and abandoning module XmlParser (416)
[2018.02.23-15.44.49:393][ 17]LogModuleManager: Shutting down and abandoning module Blutility (414)
[2018.02.23-15.44.49:393][ 17]LogModuleManager: Shutting down and abandoning module ProjectSettingsViewer (412)
[2018.02.23-15.44.49:393][ 17]LogModuleManager: Shutting down and abandoning module ProjectTargetPlatformEditor (411)
[2018.02.23-15.44.49:394][ 17]LogModuleManager: Shutting down and abandoning module EditorSettingsViewer (408)
[2018.02.23-15.44.49:395][ 17]LogModuleManager: Shutting down and abandoning module SettingsEditor (406)
[2018.02.23-15.44.49:442][ 17]LogModuleManager: Shutting down and abandoning module ProjectLauncher (404)
[2018.02.23-15.44.49:442][ 17]LogModuleManager: Shutting down and abandoning module SessionFrontend (402)
[2018.02.23-15.44.49:442][ 17]LogModuleManager: Shutting down and abandoning module ProfilerClient (400)
[2018.02.23-15.44.49:442][ 17]LogModuleManager: Shutting down and abandoning module DeviceManager (398)
[2018.02.23-15.44.49:442][ 17]LogModuleManager: Shutting down and abandoning module TargetDeviceServices (397)
[2018.02.23-15.44.49:499][ 17]LogModuleManager: Shutting down and abandoning module AutomationController (394)
[2018.02.23-15.44.49:500][ 17]LogModuleManager: Shutting down and abandoning module AutomationWindow (392)
[2018.02.23-15.44.49:500][ 17]LogModuleManager: Shutting down and abandoning module Layers (390)
[2018.02.23-15.44.49:500][ 17]LogModuleManager: Shutting down and abandoning module ComponentVisualizers (388)
[2018.02.23-15.44.49:500][ 17]LogModuleManager: Shutting down and abandoning module DetailCustomizations (386)
[2018.02.23-15.44.49:515][ 17]LogModuleManager: Shutting down and abandoning module PackagesDialog (384)
[2018.02.23-15.44.49:516][ 17]LogModuleManager: Shutting down and abandoning module Persona (382)
[2018.02.23-15.44.49:516][ 17]LogModuleManager: Shutting down and abandoning module AdvancedPreviewScene (381)
[2018.02.23-15.44.49:516][ 17]LogModuleManager: Shutting down and abandoning module AnimGraph (379)
[2018.02.23-15.44.49:528][ 17]LogModuleManager: Shutting down and abandoning module Kismet (376)
[2018.02.23-15.44.49:531][ 17]LogModuleManager: Shutting down and abandoning module ClassViewer (374)
[2018.02.23-15.44.49:531][ 17]LogModuleManager: Shutting down and abandoning module Toolbox (372)
[2018.02.23-15.44.49:532][ 17]LogModuleManager: Shutting down and abandoning module ModuleUI (370)
[2018.02.23-15.44.49:532][ 17]LogModuleManager: Shutting down and abandoning module MovieSceneTools (368)
[2018.02.23-15.44.49:562][ 17]LogModuleManager: Shutting down and abandoning module OutputLog (366)
[2018.02.23-15.44.49:562][ 17]LogModuleManager: Shutting down and abandoning module GammaUI (364)
[2018.02.23-15.44.49:562][ 17]LogModuleManager: Shutting down and abandoning module Documentation (362)
[2018.02.23-15.44.49:562][ 17]LogModuleManager: Shutting down and abandoning module MovieSceneTracks (360)
[2018.02.23-15.44.49:562][ 17]LogModuleManager: Shutting down and abandoning module MovieScene (358)
[2018.02.23-15.44.49:562][ 17]LogModuleManager: Shutting down and abandoning module Niagara (356)
[2018.02.23-15.44.49:562][ 17]LogModuleManager: Shutting down and abandoning module NiagaraEditor (355)
[2018.02.23-15.44.49:563][ 17]LogModuleManager: Shutting down and abandoning module StreamingPauseRendering (352)
[2018.02.23-15.44.49:563][ 17]LogModuleManager: Shutting down and abandoning module LauncherPlatform (350)
[2018.02.23-15.44.49:563][ 17]LogModuleManager: Shutting down and abandoning module AnalyticsET (348)
[2018.02.23-15.44.49:563][ 17]LogModuleManager: Shutting down and abandoning module PortalServices (346)
[2018.02.23-15.44.49:563][ 17]LogModuleManager: Shutting down and abandoning module PortalRpc (344)
[2018.02.23-15.44.49:563][ 17]LogModuleManager: Shutting down and abandoning module MessagingRpc (342)
[2018.02.23-15.44.49:563][ 17]LogModuleManager: Shutting down and abandoning module AIModule (340)
[2018.02.23-15.44.49:563][ 17]LogModuleManager: Shutting down and abandoning module GameplayDebugger (339)
[2018.02.23-15.44.49:563][ 17]LogModuleManager: Shutting down and abandoning module AITestSuite (337)
[2018.02.23-15.44.49:563][ 17]LogModuleManager: Shutting down and abandoning module ProfilerService (334)
[2018.02.23-15.44.49:649][ 17]LogModuleManager: Shutting down and abandoning module TaskGraph (332)
[2018.02.23-15.44.49:649][ 17]LogModuleManager: Shutting down and abandoning module SteamVRController (330)
[2018.02.23-15.44.49:649][ 17]LogModuleManager: Shutting down and abandoning module ProceduralMeshComponentEditor (328)
[2018.02.23-15.44.49:649][ 17]LogModuleManager: Shutting down and abandoning module ProceduralMeshComponent (326)
[2018.02.23-15.44.49:649][ 17]LogModuleManager: Shutting down and abandoning module OculusInput (324)
[2018.02.23-15.44.49:649][ 17]LogModuleManager: Shutting down and abandoning module MobilePatchingUtils (322)
[2018.02.23-15.44.49:649][ 17]LogModuleManager: Shutting down and abandoning module CustomMeshComponent (320)
[2018.02.23-15.44.49:649][ 17]LogModuleManager: Shutting down and abandoning module CableComponent (318)
[2018.02.23-15.44.49:650][ 17]LogModuleManager: Shutting down and abandoning module ArchVisCharacter (316)
[2018.02.23-15.44.49:651][ 17]LogModuleManager: Shutting down and abandoning module AndroidPermission (314)
[2018.02.23-15.44.49:651][ 17]LogModuleManager: Shutting down and abandoning module MediaPlayerEditor (310)
[2018.02.23-15.44.49:652][ 17]LogModuleManager: Shutting down and abandoning module HTML5Networking (308)
[2018.02.23-15.44.49:653][ 17]LogModuleManager: Shutting down and abandoning module AlembicImporter (306)
[2018.02.23-15.44.49:653][ 17]LogModuleManager: Shutting down and abandoning module AlembicLibrary (305)
[2018.02.23-15.44.49:653][ 17]LogModuleManager: Shutting down and abandoning module GeometryCache (304)
[2018.02.23-15.44.49:653][ 17]LogModuleManager: Shutting down and abandoning module GeometryCacheEd (303)
[2018.02.23-15.44.49:654][ 17]LogModuleManager: Shutting down and abandoning module SpeedTreeImporter (298)
[2018.02.23-15.44.49:654][ 17]LogModuleManager: Shutting down and abandoning module PluginBrowser (296)
[2018.02.23-15.44.49:654][ 17]LogModuleManager: Shutting down and abandoning module MobileLauncherProfileWizard (294)
[2018.02.23-15.44.49:654][ 17]LogModuleManager: Shutting down and abandoning module VisualStudioSourceCodeAccess (292)
[2018.02.23-15.44.49:654][ 17]LogModuleManager: Shutting down and abandoning module DesktopPlatform (291)
[2018.02.23-15.44.49:663][ 17]LogModuleManager: Shutting down and abandoning module UObjectPlugin (288)
[2018.02.23-15.44.49:664][ 17]LogModuleManager: Shutting down and abandoning module SubversionSourceControl (286)
[2018.02.23-15.44.49:664][ 17]LogModuleManager: Shutting down and abandoning module PerforceSourceControl (284)
[2018.02.23-15.44.49:664][ 17]LogModuleManager: Shutting down and abandoning module GitSourceControl (282)
[2018.02.23-15.44.49:664][ 17]LogModuleManager: Shutting down and abandoning module SourceControl (281)
[2018.02.23-15.44.49:672][ 17]LogModuleManager: Shutting down and abandoning module LightPropagationVolumeEditor (278)
[2018.02.23-15.44.49:672][ 17]LogModuleManager: Shutting down and abandoning module PaperTiledImporter (276)
[2018.02.23-15.44.49:672][ 17]LogModuleManager: Shutting down and abandoning module PaperSpriteSheetImporter (274)
[2018.02.23-15.44.49:672][ 17]LogModuleManager: Shutting down and abandoning module Paper2DEditor (272)
[2018.02.23-15.44.49:672][ 17]LogModuleManager: Shutting down and abandoning module MeshPaint (271)
[2018.02.23-15.44.49:673][ 17]LogModuleManager: Shutting down and abandoning module LevelEditor (269)
[2018.02.23-15.44.49:687][ 17]LogModuleManager: Shutting down and abandoning module PixelInspectorModule (268)
[2018.02.23-15.44.49:687][ 17]LogModuleManager: Shutting down and abandoning module MainFrame (266)
[2018.02.23-15.44.49:687][ 17]LogModuleManager: Shutting down and abandoning module HotReload (265)
[2018.02.23-15.44.49:690][ 17]LogModuleManager: Shutting down and abandoning module RuntimePhysXCooking (260)
[2018.02.23-15.44.49:690][ 17]LogModuleManager: Shutting down and abandoning module PhysXVehiclesEditor (258)
[2018.02.23-15.44.49:690][ 17]LogModuleManager: Shutting down and abandoning module PhysXVehicles (256)
[2018.02.23-15.44.49:690][ 17]LogModuleManager: Shutting down and abandoning module OculusEditor (254)
[2018.02.23-15.44.49:690][ 17]LogModuleManager: Shutting down and abandoning module LocationServicesBPLibrary (252)
[2018.02.23-15.44.49:690][ 17]LogModuleManager: Shutting down and abandoning module ImmediatePhysicsEditor (250)
[2018.02.23-15.44.49:691][ 17]LogModuleManager: Shutting down and abandoning module ImmediatePhysics (248)
[2018.02.23-15.44.49:691][ 17]LogModuleManager: Shutting down and abandoning module UdpMessaging (246)
[2018.02.23-15.44.50:243][ 17]LogModuleManager: Shutting down and abandoning module TcpMessaging (244)
[2018.02.23-15.44.50:441][ 17]LogModuleManager: Shutting down and abandoning module GameplayTagsEditor (242)
[2018.02.23-15.44.50:443][ 17]LogModuleManager: Shutting down and abandoning module FacialAnimationEditor (240)
[2018.02.23-15.44.50:443][ 17]LogModuleManager: Shutting down and abandoning module FacialAnimation (238)
[2018.02.23-15.44.50:444][ 17]LogModuleManager: Shutting down and abandoning module AssetManagerEditor (236)
[2018.02.23-15.44.50:445][ 17]LogModuleManager: Shutting down and abandoning module GraphEditor (235)
[2018.02.23-15.44.50:610][ 17]LogModuleManager: Shutting down and abandoning module ContentBrowser (233)
[2018.02.23-15.44.50:639][ 17]LogModuleManager: Shutting down and abandoning module LightPropagationVolumeRuntime (230)
[2018.02.23-15.44.50:639][ 17]LogModuleManager: Shutting down and abandoning module Paper2D (228)
[2018.02.23-15.44.50:640][ 17]LogModuleManager: Shutting down and abandoning module WindowsMoviePlayer (226)
[2018.02.23-15.44.50:641][ 17]LogModuleManager: Shutting down and abandoning module WmfMedia (224)
[2018.02.23-15.44.50:838][ 17]LogModuleManager: Shutting down and abandoning module PacketHandler (222)
[2018.02.23-15.44.50:839][ 17]LogModuleManager: Shutting down and abandoning module ClothingSystemEditor (220)
[2018.02.23-15.44.50:839][ 17]LogModuleManager: Shutting down and abandoning module ClothingSystemRuntime (218)
[2018.02.23-15.44.50:896][ 17]LogModuleManager: Shutting down and abandoning module Overlay (216)
[2018.02.23-15.44.50:896][ 17]LogModuleManager: Shutting down and abandoning module OverlayEditor (215)
[2018.02.23-15.44.50:896][ 17]LogModuleManager: Shutting down and abandoning module MediaAssets (212)
[2018.02.23-15.44.50:896][ 17]LogModuleManager: Shutting down and abandoning module VREditor (210)
[2018.02.23-15.44.50:947][ 17]LogModuleManager: Shutting down and abandoning module StringTableEditor (208)
[2018.02.23-15.44.50:977][ 17]LogModuleManager: Shutting down and abandoning module GameplayTasksEditor (206)
[2018.02.23-15.44.50:977][ 17]LogModuleManager: Shutting down and abandoning module BehaviorTreeEditor (204)
[2018.02.23-15.44.51:094][ 17]LogModuleManager: Shutting down and abandoning module FunctionalTesting (202)
[2018.02.23-15.44.51:094][ 17]LogModuleManager: Shutting down and abandoning module CollisionAnalyzer (200)
[2018.02.23-15.44.51:132][ 17]LogModuleManager: Shutting down and abandoning module WorkspaceMenuStructure (199)
[2018.02.23-15.44.51:132][ 17]LogModuleManager: Shutting down and abandoning module UMG (196)
[2018.02.23-15.44.51:133][ 17]LogModuleManager: Shutting down and abandoning module UMGEditor (195)
[2018.02.23-15.44.51:198][ 17]LogModuleManager: Shutting down and abandoning module Sequencer (194)
[2018.02.23-15.44.51:291][ 17]LogModuleManager: Shutting down and abandoning module MessageLog (191)
[2018.02.23-15.44.51:291][ 17]LogModuleManager: Shutting down and abandoning module SlateReflector (186)
[2018.02.23-15.44.51:513][ 17]LogModuleManager: Shutting down and abandoning module Slate (184)
[2018.02.23-15.44.51:513][ 17]LogModuleManager: Shutting down and abandoning module EditorStyle (182)
[2018.02.23-15.44.51:525][ 17]LogModuleManager: Shutting down and abandoning module MRMesh (180)
[2018.02.23-15.44.51:526][ 17]LogModuleManager: Shutting down and abandoning module SourceCodeAccess (178)
[2018.02.23-15.44.51:526][ 17]LogModuleManager: Shutting down and abandoning module HeadMountedDisplay (176)
[2018.02.23-15.44.51:526][ 17]LogModuleManager: Shutting down and abandoning module XAudio2 (174)
[2018.02.23-15.44.51:526][ 17]LogModuleManager: Shutting down and abandoning module Networking (172)
[2018.02.23-15.44.51:526][ 17]LogModuleManager: Shutting down and abandoning module Core (168)
[2018.02.23-15.44.51:526][ 17]LogModuleManager: Shutting down and abandoning module KismetCompiler (164)
[2018.02.23-15.44.51:526][ 17]LogModuleManager: Shutting down and abandoning module LevelSequence (162)
[2018.02.23-15.44.51:527][ 17]LogModuleManager: Shutting down and abandoning module MeshUtilities (160)
[2018.02.23-15.44.51:595][ 17]LogModuleManager: Shutting down and abandoning module MeshMergeUtilities (159)
[2018.02.23-15.44.51:639][ 17]LogModuleManager: Shutting down and abandoning module MeshReductionInterface (158)
[2018.02.23-15.44.51:640][ 17]LogModuleManager: Shutting down and abandoning module SimplygonSwarm (157)
[2018.02.23-15.44.51:645][ 17]LogModuleManager: Shutting down and abandoning module SimplygonMeshReduction (155)
[2018.02.23-15.44.51:645][ 17]LogModuleManager: Shutting down and abandoning module QuadricMeshReduction (153)
[2018.02.23-15.44.51:683][ 17]LogModuleManager: Shutting down and abandoning module MaterialBaking (149)
[2018.02.23-15.44.51:711][ 17]LogModuleManager: Shutting down and abandoning module DirectoryWatcher (146)
[2018.02.23-15.44.51:716][ 17]LogModuleManager: Shutting down and abandoning module DerivedDataCache (144)
[2018.02.23-15.44.52:081][ 17]LogDerivedDataCache: Shutdown
[2018.02.23-15.44.52:134][ 17]LogModuleManager: Shutting down and abandoning module TargetPlatform (142)
[2018.02.23-15.44.52:134][ 17]LogModuleManager: Shutting down and abandoning module VulkanShaderFormat (141)
[2018.02.23-15.44.52:159][ 17]LogModuleManager: Shutting down and abandoning module ShaderFormatVectorVM (139)
[2018.02.23-15.44.52:173][ 17]LogModuleManager: Shutting down and abandoning module ShaderFormatOpenGL (137)
[2018.02.23-15.44.52:178][ 17]LogModuleManager: Shutting down and abandoning module ShaderFormatD3D (135)
[2018.02.23-15.44.52:191][ 17]LogModuleManager: Shutting down and abandoning module MetalShaderFormat (133)
[2018.02.23-15.44.52:221][ 17]LogModuleManager: Shutting down and abandoning module TextureFormatUncompressed (131)
[2018.02.23-15.44.52:221][ 17]LogModuleManager: Shutting down and abandoning module TextureFormatPVR (129)
[2018.02.23-15.44.52:222][ 17]LogModuleManager: Shutting down and abandoning module TextureFormatDXT (127)
[2018.02.23-15.44.52:232][ 17]LogModuleManager: Shutting down and abandoning module TextureFormatIntelISPCTexComp (125)
[2018.02.23-15.44.52:241][ 17]LogModuleManager: Shutting down and abandoning module TextureFormatASTC (123)
[2018.02.23-15.44.52:242][ 17]LogModuleManager: Shutting down and abandoning module ImageWrapper (122)
[2018.02.23-15.44.52:242][ 17]LogModuleManager: Shutting down and abandoning module TextureFormatAndroid (119)
[2018.02.23-15.44.52:242][ 17]LogModuleManager: Shutting down and abandoning module AudioFormatOpus (117)
[2018.02.23-15.44.52:242][ 17]LogModuleManager: Shutting down and abandoning module AudioFormatOgg (115)
[2018.02.23-15.44.52:242][ 17]LogModuleManager: Shutting down and abandoning module AudioFormatADPCM (113)
[2018.02.23-15.44.52:242][ 17]LogModuleManager: Shutting down and abandoning module LinuxTargetPlatform (111)
[2018.02.23-15.44.52:242][ 17]LogModuleManager: Shutting down and abandoning module LinuxServerTargetPlatform (109)
[2018.02.23-15.44.52:242][ 17]LogModuleManager: Shutting down and abandoning module LinuxNoEditorTargetPlatform (107)
[2018.02.23-15.44.52:242][ 17]LogModuleManager: Shutting down and abandoning module LinuxClientTargetPlatform (105)
[2018.02.23-15.44.52:242][ 17]LogModuleManager: Shutting down and abandoning module TVOSTargetPlatform (103)
[2018.02.23-15.44.52:242][ 17]LogModuleManager: Shutting down and abandoning module Messaging (101)
[2018.02.23-15.44.52:242][ 17]LogModuleManager: Shutting down and abandoning module IOSTargetPlatform (99)
[2018.02.23-15.44.52:242][ 17]LogModuleManager: Shutting down and abandoning module HTML5TargetPlatform (97)
[2018.02.23-15.44.52:243][ 17]LogModuleManager: Shutting down and abandoning module Android_PVRTCTargetPlatform (95)
[2018.02.23-15.44.52:243][ 17]LogModuleManager: Shutting down and abandoning module Android_MultiTargetPlatform (93)
[2018.02.23-15.44.52:243][ 17]LogModuleManager: Shutting down and abandoning module Android_ETC2TargetPlatform (91)
[2018.02.23-15.44.52:243][ 17]LogModuleManager: Shutting down and abandoning module Android_ETC1TargetPlatform (89)
[2018.02.23-15.44.52:243][ 17]LogModuleManager: Shutting down and abandoning module Android_DXTTargetPlatform (87)
[2018.02.23-15.44.52:243][ 17]LogModuleManager: Shutting down and abandoning module Android_ATCTargetPlatform (85)
[2018.02.23-15.44.52:243][ 17]LogModuleManager: Shutting down and abandoning module Android_ASTCTargetPlatform (83)
[2018.02.23-15.44.52:243][ 17]LogModuleManager: Shutting down and abandoning module AndroidTargetPlatform (81)
[2018.02.23-15.44.52:243][ 17]LogModuleManager: Shutting down and abandoning module WindowsTargetPlatform (79)
[2018.02.23-15.44.52:243][ 17]LogModuleManager: Shutting down and abandoning module WindowsServerTargetPlatform (77)
[2018.02.23-15.44.52:243][ 17]LogModuleManager: Shutting down and abandoning module WindowsNoEditorTargetPlatform (75)
[2018.02.23-15.44.52:243][ 17]LogModuleManager: Shutting down and abandoning module WindowsClientTargetPlatform (73)
[2018.02.23-15.44.52:244][ 17]LogModuleManager: Shutting down and abandoning module MacTargetPlatform (71)
[2018.02.23-15.44.52:244][ 17]LogModuleManager: Shutting down and abandoning module MacServerTargetPlatform (69)
[2018.02.23-15.44.52:244][ 17]LogModuleManager: Shutting down and abandoning module MacNoEditorTargetPlatform (67)
[2018.02.23-15.44.52:244][ 17]LogModuleManager: Shutting down and abandoning module MacClientTargetPlatform (65)
[2018.02.23-15.44.52:244][ 17]LogModuleManager: Shutting down and abandoning module AllDesktopTargetPlatform (63)
[2018.02.23-15.44.52:244][ 17]LogModuleManager: Shutting down and abandoning module InputCore (60)
[2018.02.23-15.44.52:244][ 17]LogModuleManager: Shutting down and abandoning module Settings (58)
[2018.02.23-15.44.52:244][ 17]LogModuleManager: Shutting down and abandoning module PhysXCooking (56)
[2018.02.23-15.44.52:244][ 17]LogModuleManager: Shutting down and abandoning module SteamVR (54)
[2018.02.23-15.44.52:244][ 17]LogModuleManager: Shutting down and abandoning module OculusHMD (52)
[2018.02.23-15.44.52:289][ 17]LogModuleManager: Shutting down and abandoning module ExampleDeviceProfileSelector (50)
[2018.02.23-15.44.52:289][ 17]LogModuleManager: Shutting down and abandoning module OnlineBlueprintSupport (48)
[2018.02.23-15.44.52:290][ 17]LogModuleManager: Shutting down and abandoning module OnlineSubsystem (44)
[2018.02.23-15.44.52:291][ 17]LogOnline: Display: Unloading online subsystem: NULL
[2018.02.23-15.44.52:291][ 17]LogModuleManager: Shutting down and abandoning module XMPP (43)
[2018.02.23-15.44.52:337][ 17]LogModuleManager: Shutting down and abandoning module HTTP (41)
[2018.02.23-15.44.52:338][ 17]LogHttp: Display: Http module shutting down, but needs to wait on 1 outstanding Http requests:
[2018.02.23-15.44.52:338][ 17]LogHttp: Display: 	verb=[POST] url=[https://datarouter.ol.epicgames.com/datarouter/api/v1/public/data?SessionID=%7B4F878CD6-496F-D372-021D-678425510542%7D&AppID=UEEditor.Rocket.Release&AppVersion=4.17.2-3658906%2B%2B%2BUE4%2BRelease-4.17&UserID=8310b7f844940d5f8d1c80a09722da98%7Cd99c23929b9c4683916438a68043639f%7C625fbe65-b002-4b2e-9128-058dcbb6f404&AppEnvironment=datacollector-binary&UploadType=eteventstream] status=Processing
[2018.02.23-15.44.52:451][ 17]LogModuleManager: Shutting down and abandoning module SSL (40)
[2018.02.23-15.44.52:461][ 17]LogModuleManager: Shutting down and abandoning module AnimationModifiers (36)
[2018.02.23-15.44.52:488][ 17]LogModuleManager: Shutting down and abandoning module PropertyEditor (35)
[2018.02.23-15.44.52:489][ 17]LogModuleManager: Shutting down and abandoning module AudioEditor (32)
[2018.02.23-15.44.52:545][ 17]LogModuleManager: Shutting down and abandoning module TextureCompressor (30)
[2018.02.23-15.44.52:564][ 17]LogModuleManager: Shutting down and abandoning module ShaderCore (28)
[2018.02.23-15.44.52:564][ 17]LogModuleManager: Shutting down and abandoning module Landscape (26)
[2018.02.23-15.44.52:564][ 17]LogModuleManager: Shutting down and abandoning module SlateRHIRenderer (24)
[2018.02.23-15.44.52:596][ 17]LogModuleManager: Shutting down and abandoning module OpenGLDrv (22)
[2018.02.23-15.44.52:611][ 17]LogModuleManager: Shutting down and abandoning module D3D11RHI (20)
[2018.02.23-15.44.52:612][ 17]LogModuleManager: Shutting down and abandoning module AnimGraphRuntime (18)
[2018.02.23-15.44.52:631][ 17]LogModuleManager: Shutting down and abandoning module Renderer (16)
[2018.02.23-15.44.52:631][ 17]LogModuleManager: Shutting down and abandoning module Engine (14)
[2018.02.23-15.44.52:631][ 17]LogModuleManager: Shutting down and abandoning module CoreUObject (12)
[2018.02.23-15.44.52:631][ 17]LogModuleManager: Shutting down and abandoning module NetworkFile (10)
[2018.02.23-15.44.52:657][ 17]LogModuleManager: Shutting down and abandoning module CookedIterativeFile (8)
[2018.02.23-15.44.52:657][ 17]LogModuleManager: Shutting down and abandoning module StreamingFile (6)
[2018.02.23-15.44.52:679][ 17]LogModuleManager: Shutting down and abandoning module SandboxFile (4)
[2018.02.23-15.44.52:680][ 17]LogModuleManager: Shutting down and abandoning module PakFile (2)
[2018.02.23-15.44.52:695][ 17]LogExit: Exiting.
[2018.02.23-15.44.52:806][ 17]Log file closed, 02/23/18 15:44:52
