Log file open, 02/19/18 14:34:36
LogWindows: Failed to load 'aqProf.dll' (GetLastError=126)
LogWindows: File 'aqProf.dll' does not exist
LogWindows: Failed to load 'VSPerf140.dll' (GetLastError=126)
LogWindows: File 'VSPerf140.dll' does not exist
LogWindows: Failed to load 'VtuneApi.dll' (GetLastError=126)
LogWindows: File 'VtuneApi.dll' does not exist
LogWindows: Failed to load 'VtuneApi32e.dll' (GetLastError=126)
LogWindows: File 'VtuneApi32e.dll' does not exist
LogInit: Display: Running engine for game: AntsGame
LogPlatformFile: Not using cached read wrapper
LogInit: Display: RandInit(1013612588) SRandInit(1013612588).
LogTaskGraph: Started task graph with 5 named threads and 8 total threads with 3 sets of task threads.
LogStats: Stats thread started at 0.348253
LogD3D11RHI: Aftermath initialized
LogPluginManager: Mounting plugin Paper2D
LogPluginManager: Mounting plugin LightPropagationVolume
LogPluginManager: Mounting plugin CodeLiteSourceCodeAccess
LogPluginManager: Mounting plugin GitSourceControl
LogPluginManager: Mounting plugin KDevelopSourceCodeAccess
LogPluginManager: Mounting plugin NullSourceCodeAccess
LogPluginManager: Mounting plugin PerforceSourceControl
LogPluginManager: Mounting plugin SubversionSourceControl
LogPluginManager: Mounting plugin UObjectPlugin
LogPluginManager: Mounting plugin VisualStudioSourceCodeAccess
LogPluginManager: Mounting plugin XCodeSourceCodeAccess
LogPluginManager: Mounting plugin AssetManagerEditor
LogPluginManager: Mounting plugin AudioCapture
LogPluginManager: Mounting plugin FacialAnimation
LogPluginManager: Mounting plugin GameplayTagsEditor
LogPluginManager: Mounting plugin MobileLauncherProfileWizard
LogPluginManager: Mounting plugin PluginBrowser
LogPluginManager: Mounting plugin SpeedTreeImporter
LogPluginManager: Mounting plugin AlembicImporter
LogPluginManager: Mounting plugin CharacterAI
LogPluginManager: Mounting plugin HTML5Networking
LogPluginManager: Mounting plugin AndroidMedia
LogPluginManager: Mounting plugin AvfMedia
LogPluginManager: Mounting plugin MediaPlayerEditor
LogPluginManager: Mounting plugin WmfMedia
LogPluginManager: Mounting plugin TcpMessaging
LogPluginManager: Mounting plugin UdpMessaging
LogPluginManager: Mounting plugin LevelSequenceEditor
LogPluginManager: Mounting plugin MatineeToLevelSequence
LogPluginManager: Mounting plugin OnlineSubsystemGooglePlay
LogPluginManager: Mounting plugin OnlineSubsystemIOS
LogPluginManager: Mounting plugin OnlineSubsystem
LogPluginManager: Mounting plugin OnlineSubsystemNull
LogPluginManager: Mounting plugin OnlineSubsystemUtils
LogPluginManager: Mounting plugin AndroidDeviceProfileSelector
LogPluginManager: Mounting plugin AndroidMoviePlayer
LogPluginManager: Mounting plugin AndroidPermission
LogPluginManager: Mounting plugin AppleMoviePlayer
LogPluginManager: Mounting plugin ArchVisCharacter
LogPluginManager: Mounting plugin CableComponent
LogPluginManager: Mounting plugin CustomMeshComponent
LogPluginManager: Mounting plugin ExampleDeviceProfileSelector
LogPluginManager: Mounting plugin GoogleCloudMessaging
LogPluginManager: Mounting plugin ImmediatePhysics
LogPluginManager: Mounting plugin IOSDeviceProfileSelector
LogPluginManager: Mounting plugin LinuxDeviceProfileSelector
LogPluginManager: Mounting plugin LocationServicesBPLibrary
LogPluginManager: Mounting plugin MobilePatchingUtils
LogPluginManager: Mounting plugin OculusVR
LogPluginManager: Mounting plugin PhysXVehicles
LogPluginManager: Mounting plugin ProceduralMeshComponent
LogPluginManager: Mounting plugin RuntimePhysXCooking
LogPluginManager: Mounting plugin SteamVR
LogPluginManager: Mounting plugin WindowsMoviePlayer
LogInit: Using libcurl 7.47.1
LogInit:  - built for x86_64-pc-win32
LogInit:  - supports SSL with OpenSSL/1.0.2g
LogInit:  - supports HTTP deflate (compression) using libz 1.2.8
LogInit:  - other features:
LogInit:      CURL_VERSION_SSL
LogInit:      CURL_VERSION_LIBZ
LogInit:      CURL_VERSION_IPV6
LogInit:      CURL_VERSION_ASYNCHDNS
LogInit:      CURL_VERSION_LARGEFILE
LogInit:      CURL_VERSION_IDN
LogInit:  CurlRequestOptions (configurable via config and command line):
LogInit:  - bVerifyPeer = false  - Libcurl will NOT verify peer certificate
LogInit:  - bUseHttpProxy = false  - Libcurl will NOT use HTTP proxy
LogInit:  - bDontReuseConnections = false  - Libcurl will reuse connections
LogInit:  - CertBundlePath = nullptr  - Libcurl will use whatever was configured at build time.
LogInit: Build: ++UE4+Release-4.17-CL-3658906
LogInit: Engine Version: 4.17.2-3658906+++UE4+Release-4.17
LogInit: Compatible Engine Version: 4.17.0-3573198+++UE4+Release-4.17
LogInit: Net CL: 3573198
LogDevObjectVersion: Number of dev versions registered: 16
LogDevObjectVersion:   Dev-Blueprints (B0D832E4-1F89-4F0D-ACCF-7EB736FD4AA2): 10
LogDevObjectVersion:   Dev-Build (E1C64328-A22C-4D53-A36C-8E866417BD8C): 0
LogDevObjectVersion:   Dev-Core (375EC13C-06E4-48FB-B500-84F0262A717E): 2
LogDevObjectVersion:   Dev-Editor (E4B068ED-F494-42E9-A231-DA0B2E46BB41): 20
LogDevObjectVersion:   Dev-Framework (CFFC743F-43B0-4480-9391-14DF171D2073): 28
LogDevObjectVersion:   Dev-Mobile (B02B49B5-BB20-44E9-A304-32B752E40360): 0
LogDevObjectVersion:   Dev-Networking (A4E4105C-59A1-49B5-A7C5-40C4547EDFEE): 0
LogDevObjectVersion:   Dev-Online (39C831C9-5AE6-47DC-9A44-9C173E1C8E7C): 0
LogDevObjectVersion:   Dev-Physics (78F01B33-EBEA-4F98-B9B4-84EACCB95AA2): 0
LogDevObjectVersion:   Dev-Platform (6631380F-2D4D-43E0-8009-CF276956A95A): 0
LogDevObjectVersion:   Dev-Rendering (12F88B9F-8875-4AFC-A67C-D90C383ABD29): 19
LogDevObjectVersion:   Dev-Sequencer (7B5AE74C-D270-4C10-A958-57980B212A5A): 4
LogDevObjectVersion:   Dev-VR (D7296918-1DD6-4BDD-9DE2-64A83CC13884): 0
LogDevObjectVersion:   Dev-LoadTimes (C2A15278-BFE7-4AFE-6C17-90FF531DF755): 1
LogDevObjectVersion:   Private-Geometry (6EACA3D4-40EC-4CC1-B786-8BED09428FC5): 1
LogDevObjectVersion:   Dev-AnimPhys (29E575DD-E0A3-4627-9D10-D276232CDCEA): 7
LogInit: Compiled (64-bit): Sep 22 2017 13:47:16
LogInit: Compiled with Visual C++: 19.00.24215.01
LogInit: Build Configuration: Development
LogInit: Branch Name: ++UE4+Release-4.17
LogInit: Command line: -EpicPortal 
LogInit: Base directory: D:/Game Dev/Epic Games/UE_4.17/Engine/Binaries/Win64/
LogInit: Installed Engine Build: 1
LogInit: Presizing for max 8388607 objects, including 0 objects not considered by GC, pre-allocating 0 bytes for permanent pool.
LogInit: Object subsystem initialized
[2018.02.19-14.34.39:794][  0]LogInit: Selected Device Profile: [Windows]
[2018.02.19-14.34.39:795][  0]LogInit: Applying CVar settings loaded from the selected device profile: [Windows]
[2018.02.19-14.34.39:938][  0]LogInit: Computer: LAPTOP-CLI7GUMK
[2018.02.19-14.34.39:938][  0]LogInit: User: Gary
[2018.02.19-14.34.39:938][  0]LogInit: CPU Page size=4096, Cores=2
[2018.02.19-14.34.39:938][  0]LogInit: High frequency timer resolution =2.835935 MHz
[2018.02.19-14.34.39:940][  0]LogMemory: Memory total: Physical=7.9GB (8GB approx)
[2018.02.19-14.34.39:940][  0]LogMemory: Platform Memory Stats for Windows
[2018.02.19-14.34.39:940][  0]LogMemory: Process Physical Memory: 281.19 MB used, 281.19 MB peak
[2018.02.19-14.34.39:940][  0]LogMemory: Process Virtual Memory: 275.68 MB used, 275.68 MB peak
[2018.02.19-14.34.39:940][  0]LogMemory: Physical Memory: 4278.02 MB used,  3808.09 MB free, 8086.12 MB total
[2018.02.19-14.34.39:940][  0]LogMemory: Virtual Memory: 700.57 MB used,  3808.09 MB free, 134217728.00 MB total
[2018.02.19-14.34.41:041][  0]LogInit: Using OS detected language (en-GB).
[2018.02.19-14.34.41:041][  0]LogInit: Using OS detected locale (en-GB).
[2018.02.19-14.34.41:074][  0]LogTextLocalizationManager: No specific localization for 'en-GB' exists, so the 'en' localization will be used.
[2018.02.19-14.34.46:328][  0]LogD3D11RHI: D3D11 adapters:
[2018.02.19-14.34.46:367][  0]LogD3D11RHI:    0. 'Intel(R) HD Graphics 620' (Feature Level 11_0)
[2018.02.19-14.34.46:367][  0]LogD3D11RHI:       128/0/4043 MB DedicatedVideo/DedicatedSystem/SharedSystem, Outputs:2, VendorId:0x8086
[2018.02.19-14.34.46:378][  0]LogD3D11RHI:    1. 'Microsoft Basic Render Driver' (Feature Level 11_0)
[2018.02.19-14.34.46:378][  0]LogD3D11RHI:       0/0/4043 MB DedicatedVideo/DedicatedSystem/SharedSystem, Outputs:0, VendorId:0x1414
[2018.02.19-14.34.46:378][  0]LogD3D11RHI: Chosen D3D11 Adapter: 0
[2018.02.19-14.34.46:396][  0]LogD3D11RHI: Creating new Direct3DDevice
[2018.02.19-14.34.46:396][  0]LogD3D11RHI:     GPU DeviceId: 0x5916 (for the marketing name, search the web for "GPU Device Id")
[2018.02.19-14.34.46:396][  0]LogWindows: EnumDisplayDevices:
[2018.02.19-14.34.46:397][  0]LogWindows:    0. 'Intel(R) HD Graphics 620' (P:1 D:1)
[2018.02.19-14.34.46:398][  0]LogWindows:    1. 'Intel(R) HD Graphics 620' (P:0 D:1)
[2018.02.19-14.34.46:399][  0]LogWindows:    2. 'Intel(R) HD Graphics 620' (P:0 D:0)
[2018.02.19-14.34.46:400][  0]LogWindows: DebugString: GetVideoDriverDetailsInvalid PrimaryIsNotTheChoosenAdapter GetVideoDriverDetailsInvalid PrimaryIsNotTheChoosenAdapter GetVideoDriverDetailsInvalid PrimaryIsNotTheChoosenAdapter FoundDriverCount:0 
[2018.02.19-14.34.46:400][  0]LogD3D11RHI:     Adapter Name: Intel(R) HD Graphics 620
[2018.02.19-14.34.46:400][  0]LogD3D11RHI:   Driver Version: Unknown (internal:Unknown, unified:Unknown)
[2018.02.19-14.34.46:400][  0]LogD3D11RHI:      Driver Date: Unknown
[2018.02.19-14.34.46:400][  0]LogRHI: Texture pool is 1361 MB (70% of 1945 MB)
[2018.02.19-14.34.46:431][  0]LogD3D11RHI: Async texture creation enabled
[2018.02.19-14.34.46:461][  0]LogD3D11RHI: GPU Timing Frequency: 12.000000 (Debug: 2 0)
[2018.02.19-14.34.46:465][  0]LogShaderCompilers: Guid format shader working directory is 18 characters bigger than the processId version (../../../../Projects/TDEMO-/Intermediate/Shaders/WorkingDirectory/4372/).
[2018.02.19-14.34.46:465][  0]LogShaderCompilers: Cleaned the shader compiler working directory 'C:/Users/Gary/AppData/Local/Temp/UnrealShaderWorkingDir/62D5815B4E36FDF4FA4E12A207C55218/'.
[2018.02.19-14.34.46:466][  0]LogShaderCompilers: Display: Using Local Shader Compiler.
[2018.02.19-14.34.54:441][  0]LogTemp: Display: Loaded TP AllDesktopTargetPlatform
[2018.02.19-14.34.54:691][  0]LogTemp: Display: Loaded TP MacClientTargetPlatform
[2018.02.19-14.34.54:949][  0]LogTemp: Display: Loaded TP MacNoEditorTargetPlatform
[2018.02.19-14.34.55:213][  0]LogTemp: Display: Loaded TP MacServerTargetPlatform
[2018.02.19-14.34.55:481][  0]LogTemp: Display: Loaded TP MacTargetPlatform
[2018.02.19-14.34.55:857][  0]LogTemp: Display: Loaded TP WindowsClientTargetPlatform
[2018.02.19-14.34.56:369][  0]LogTemp: Display: Loaded TP WindowsNoEditorTargetPlatform
[2018.02.19-14.34.56:858][  0]LogTemp: Display: Loaded TP WindowsServerTargetPlatform
[2018.02.19-14.34.57:260][  0]LogTemp: Display: Loaded TP WindowsTargetPlatform
[2018.02.19-14.34.57:910][  0]LogTemp: Display: Loaded TP AndroidTargetPlatform
[2018.02.19-14.34.58:286][  0]LogTemp: Display: Loaded TP Android_ASTCTargetPlatform
[2018.02.19-14.34.58:770][  0]LogTemp: Display: Loaded TP Android_ATCTargetPlatform
[2018.02.19-14.34.59:019][  0]LogTemp: Display: Loaded TP Android_DXTTargetPlatform
[2018.02.19-14.34.59:324][  0]LogTemp: Display: Loaded TP Android_ETC1TargetPlatform
[2018.02.19-14.34.59:567][  0]LogTemp: Display: Loaded TP Android_ETC2TargetPlatform
[2018.02.19-14.35.00:075][  0]LogTemp: Display: Loaded TP Android_MultiTargetPlatform
[2018.02.19-14.35.00:076][  0]LogTemp: Display: Loaded TP Android_PVRTCTargetPlatform
[2018.02.19-14.35.00:344][  0]LogTemp: Display: Loaded TP HTML5TargetPlatform
[2018.02.19-14.35.00:800][  0]LogTemp: Display: Loaded TP IOSTargetPlatform
[2018.02.19-14.35.00:968][  0]LogTemp: Display: Loaded TP TVOSTargetPlatform
[2018.02.19-14.35.01:222][  0]LogTemp: Display: Loaded TP LinuxClientTargetPlatform
[2018.02.19-14.35.01:514][  0]LogTemp: Display: Loaded TP LinuxNoEditorTargetPlatform
[2018.02.19-14.35.01:971][  0]LogTemp: Display: Loaded TP LinuxServerTargetPlatform
[2018.02.19-14.35.02:445][  0]LogTemp: Display: Loaded TP LinuxTargetPlatform
[2018.02.19-14.35.02:446][  0]LogTargetPlatformManager: Display: Building Assets For Windows
[2018.02.19-14.35.06:367][  0]LogDerivedDataCache: Display: Max Cache Size: 512 MB
[2018.02.19-14.35.06:890][  0]LogDerivedDataCache: Loaded boot cache 0.52s 93MB C:/Users/Gary/AppData/Local/UnrealEngine/4.17/DerivedDataCache/Boot.ddc.
[2018.02.19-14.35.06:891][  0]LogDerivedDataCache: Display: Loaded Boot cache: C:/Users/Gary/AppData/Local/UnrealEngine/4.17/DerivedDataCache/Boot.ddc
[2018.02.19-14.35.06:891][  0]LogDerivedDataCache: FDerivedDataBackendGraph:  Pak pak cache file ../../../../Projects/TDEMO-/DerivedDataCache/DDC.ddp not found, will not use a pak cache.
[2018.02.19-14.35.06:891][  0]LogDerivedDataCache: Unable to find inner node Pak for hierarchical cache Hierarchy.
[2018.02.19-14.35.06:892][  0]LogDerivedDataCache: FDerivedDataBackendGraph:  CompressedPak pak cache file ../../../../Projects/TDEMO-/DerivedDataCache/Compressed.ddp not found, will not use a pak cache.
[2018.02.19-14.35.06:892][  0]LogDerivedDataCache: Unable to find inner node CompressedPak for hierarchical cache Hierarchy.
[2018.02.19-14.35.07:046][  0]LogDerivedDataCache: Display: Pak cache opened for reading ../../../Engine/DerivedDataCache/Compressed.ddp.
[2018.02.19-14.35.07:062][  0]LogDerivedDataCache: Using Local data cache path C:/Users/Gary/AppData/Local/UnrealEngine/Common/DerivedDataCache: Writable
[2018.02.19-14.35.07:145][  0]LogMaterial: Verifying Global Shaders for PCD3D_SM5
[2018.02.19-14.35.07:146][  0]LogSlate: Using Freetype 2.6.0
[2018.02.19-14.35.07:150][  0]LogSlate: SlateFontCache - WITH_FREETYPE: 1, WITH_HARFBUZZ: 1
[2018.02.19-14.35.07:151][  0]LogSlate: SlateFontCache - WITH_FREETYPE: 1, WITH_HARFBUZZ: 1
[2018.02.19-14.35.09:077][  0]LogAssetRegistry: FAssetRegistry took 0.0486 seconds to start up
[2018.02.19-14.35.09:856][  0]LogInit: Selected Device Profile: [Windows]
[2018.02.19-14.35.12:400][  0]LogSimplygon: Simplygon DLL not present - disabling.
[2018.02.19-14.35.12:940][  0]LogMeshReduction: Using SimplygonSwarm for distributed automatic mesh merging
[2018.02.19-14.35.12:941][  0]LogMeshReduction: Using QuadricMeshReduction for automatic static mesh reduction
[2018.02.19-14.35.12:941][  0]LogMeshReduction: No automatic skeletal mesh reduction module available
[2018.02.19-14.35.12:941][  0]LogMeshReduction: No automatic mesh merging module available
[2018.02.19-14.35.12:941][  0]LogMeshMerging: No automatic mesh merging module available
[2018.02.19-14.35.12:962][  0]LogContentStreaming: Texture pool size is 0.00 MB
[2018.02.19-14.35.16:013][  0]LogNetVersion: AntsGame , NetCL: 3573198, EngineNetVer: 2, GameNetVer: 0 (Checksum: 3821802436)
[2018.02.19-14.35.17:939][  0]LogPackageLocalizationCache: Processed 5 localized package path(s) for 2 prioritized culture(s) in 0.403738 seconds
[2018.02.19-14.35.18:000][  0]LogUObjectArray: 35825 objects as part of root set at end of initial load.
[2018.02.19-14.35.18:000][  0]LogUObjectAllocator: 7529104 out of 0 bytes used by permanent object pool.
[2018.02.19-14.35.18:000][  0]LogUObjectArray: CloseDisregardForGC: 0/0 objects in disregard for GC pool
[2018.02.19-14.35.18:605][  0]LogInit: WinSock: version 1.1 (2.2), MaxSocks=32767, MaxUdp=65467
[2018.02.19-14.35.38:823][  0]LogTcpMessaging: Initializing TcpMessaging bridge
[2018.02.19-14.35.39:117][  0]LogUdpMessaging: Initializing bridge on interface 0.0.0.0:0 to multicast group 230.0.0.1:6666.
[2018.02.19-14.35.44:006][  0]LogMaterial: Uniform references updated for custom material expression Custom.
[2018.02.19-14.35.47:364][  0]SourceControl: Source control is disabled
[2018.02.19-14.35.47:364][  0]SourceControl: Source control is disabled
[2018.02.19-14.35.47:792][  0]SourceControl: Source control is disabled
[2018.02.19-14.35.48:191][  0]SourceControl: Source control is disabled
[2018.02.19-14.35.53:323][  0]LogAndroidPermission: UAndroidPermissionCallbackProxy::GetInstance
[2018.02.19-14.35.54:773][  0]LogOcInput: OculusInput pre-init called
[2018.02.19-14.35.55:575][  0]LogEngine: Initializing Engine...
[2018.02.19-14.35.55:584][  0]LogHMD: Failed to initialize OpenVR with code 110
[2018.02.19-14.35.58:037][  0]LogStats: UGameplayTagsManager::ConstructGameplayTagTree: Construct from data asset -  0.000 s
[2018.02.19-14.35.58:037][  0]LogStats: UGameplayTagsManager::ConstructGameplayTagTree: GameplayTagTreeChangedEvent.Broadcast -  0.000 s
[2018.02.19-14.35.59:359][  0]LogAIModule: Creating AISystem for world Untitled
[2018.02.19-14.35.59:644][  0]LogInit: XAudio2 using 'Speakers (Realtek High Definition Audio)' : 2 channels at 48 kHz using 32 bits per sample (channel mask 0x3)
[2018.02.19-14.35.59:921][  0]LogInit: FAudioDevice initialized.
[2018.02.19-14.36.00:447][  0]LogDerivedDataCache: Saved boot cache 0.44s 93MB C:/Users/Gary/AppData/Local/UnrealEngine/4.17/DerivedDataCache/Boot.ddc.
[2018.02.19-14.36.00:537][  0]LogInit: Texture streaming: Enabled
[2018.02.19-14.36.01:179][  0]LogEngineSessionManager: EngineSessionManager initialized
[2018.02.19-14.36.02:375][  0]LogInit: Transaction tracking system initialized
[2018.02.19-14.36.03:808][  0]BlueprintLog: New page: Editor Load
[2018.02.19-14.36.08:067][  0]LocalizationService: Localization service is disabled
[2018.02.19-14.36.11:660][  0]LogLinker: Warning: Can't find file '/Game/FlyingBP/FlyingOverview'
[2018.02.19-14.36.11:661][  0]LogLinker: Warning: Can't find file '/Game/FlyingBP/FlyingOverview'
[2018.02.19-14.36.11:661][  0]LogUObjectGlobals: Warning: Failed to find object 'Class /Game/FlyingBP/FlyingOverview.FlyingOverview_C'
[2018.02.19-14.36.13:566][  0]LogConsoleResponse: Display: 
[2018.02.19-14.36.14:875][  0]LogCook: Display: Max memory allowance for cook 16384mb min free memory 0mb
[2018.02.19-14.36.14:875][  0]LogCook: Display: Mobile HDR setting 1
[2018.02.19-14.36.14:876][  0]LogGameplayTags: Display: UGameplayTagsManager::DoneAddingNativeTags. DelegateIsBound: 0
[2018.02.19-14.36.15:806][  0]LogFileCache: Scanning file cache for directory 'D:/Game Dev/Epic Games/Projects/TDEMO-/Content/' took 0.06s
[2018.02.19-14.36.22:069][  0]SourceControl: Source control is disabled
[2018.02.19-14.36.22:069][  0]Cmd: MAP LOAD FILE="../../../../Projects/TDEMO-/Content/Levels/PicnicLevel.umap" TEMPLATE=0 SHOWPROGRESS=1 FEATURELEVEL=3
[2018.02.19-14.36.22:209][  0]LightingResults: New page: Lighting Build
[2018.02.19-14.36.22:628][  0]MapCheck: New page: Map Check
[2018.02.19-14.36.22:628][  0]LightingResults: New page: Lighting Build
[2018.02.19-14.36.33:300][  0]LogAIModule: Creating AISystem for world PicnicLevel
[2018.02.19-14.36.33:771][  0]LogEditorServer: Finished looking for orphan Actors (0.000 secs)
[2018.02.19-14.36.33:864][  0]Cmd: MAP CHECKDEP NOCLEARLOG
[2018.02.19-14.36.34:099][  0]MapCheck: Map check complete: 0 Error(s), 0 Warning(s), took 234.193ms to complete.
[2018.02.19-14.36.34:100][  0]LogFileHelpers: Loading map 'PicnicLevel' took 12.030
[2018.02.19-14.36.35:984][  0]LogCollectionManager: Loaded 0 collections in 0.033906 seconds
[2018.02.19-14.36.36:679][  0]LogFileCache: Scanning file cache for directory 'D:/Game Dev/Epic Games/Projects/TDEMO-/Saved/Collections/' took 0.02s
[2018.02.19-14.36.36:680][  0]LogFileCache: Scanning file cache for directory 'D:/Game Dev/Epic Games/Projects/TDEMO-/Content/Developers/Gary/Collections/' took 0.01s
[2018.02.19-14.36.36:680][  0]LogFileCache: Scanning file cache for directory 'D:/Game Dev/Epic Games/Projects/TDEMO-/Content/Collections/' took 0.02s
[2018.02.19-14.36.36:680][  0]LogCollectionManager: Rebuilt the GUID cache for 0 collections in 0.000002 seconds
[2018.02.19-14.36.36:800][  0]LogContentBrowser: Native class hierarchy populated in 0.1132 seconds. Added 2386 classes and 500 folders.
[2018.02.19-14.36.37:547][  0]LogContentBrowser: Native class hierarchy updated for 'WidgetCarousel' in 0.0054 seconds. Added 0 classes and 0 folders.
[2018.02.19-14.36.40:029][  0]LogContentBrowser: Native class hierarchy updated for 'AddContentDialog' in 0.0108 seconds. Added 0 classes and 0 folders.
[2018.02.19-14.36.40:531][  0]LogContentBrowser: Native class hierarchy updated for 'SceneOutliner' in 0.0049 seconds. Added 1 classes and 2 folders.
[2018.02.19-14.36.42:744][  0]LogSlate: Took 0.001247 seconds to synchronously load lazily loaded font '../../../Engine/Content/Slate/Fonts/Roboto-Regular.ttf' (155K)
[2018.02.19-14.36.42:805][  0]LogSlate: Took 0.001120 seconds to synchronously load lazily loaded font '../../../Engine/Content/Slate/Fonts/Roboto-Bold.ttf' (160K)
[2018.02.19-14.36.42:964][  0]LogSlate: Took 0.018219 seconds to synchronously load lazily loaded font '../../../Engine/Content/Editor/Slate/Fonts/FontAwesome.ttf' (139K)
[2018.02.19-14.36.44:490][  0]LogRenderer: Reallocating scene render targets to support 1008x472 Format 10 NumSamples 1 (Frame:1).
[2018.02.19-14.36.48:918][  0]LogSlate: Took 0.016948 seconds to synchronously load lazily loaded font '../../../Engine/Content/Slate/Fonts/Roboto-Light.ttf' (159K)
[2018.02.19-14.36.50:255][  0]LogContentBrowser: Native class hierarchy updated for 'HierarchicalLODOutliner' in 0.0048 seconds. Added 1 classes and 2 folders.
[2018.02.19-14.36.50:256][  0]LogLoad: (Engine Initialization) Total time: 140.00 seconds
[2018.02.19-14.36.50:257][  0]LogLoad: (Engine Initialization) Total Blueprint compile time: 0.00 seconds
[2018.02.19-14.36.50:259][  0]LogExternalProfiler: No external profilers were discovered.  External profiling features will not be available.
[2018.02.19-14.36.50:723][  0]LogContentStreaming: Texture pool size now 1000 MB
[2018.02.19-14.36.50:939][  1]LogFileCache: Retrieving MD5 hashes for directory 'D:/Game Dev/Epic Games/Projects/TDEMO-/Content/' took 0.29s
[2018.02.19-14.36.52:280][  3]LogSlate: Took 0.001273 seconds to synchronously load lazily loaded font '../../../Engine/Content/Slate/Fonts/Roboto-Light.ttf' (159K)
[2018.02.19-14.37.00:064][ 12]LogAssetRegistry: Asset discovery search completed in 111.0117 seconds
[2018.02.19-14.37.00:071][ 12]LogCollectionManager: Rebuilt the object cache for 0 collections in 0.000001 seconds (found 0 objects)
[2018.02.19-14.37.00:071][ 12]LogCollectionManager: Fixed up redirectors for 0 collections in 0.000155 seconds (updated 0 objects)
[2018.02.19-14.37.00:606][ 13]LogD3D11RHI: Timed out while waiting for GPU to catch up. (0.5 s)
[2018.02.19-14.37.30:287][114]LogEditorViewport: Clicking on Actor (LMB): BP_Sky_Sphere_C (Sky Sphere)
[2018.02.19-14.37.31:731][124]LogEditorViewport: Clicking on Actor (LMB): SkeletalMeshActor (SausageFriend)
[2018.02.19-14.37.41:161][236]LogSlate: Took 0.016558 seconds to synchronously load lazily loaded font '../../../Engine/Content/Editor/Slate/Fonts/Roboto-Italic.ttf' (157K)
[2018.02.19-14.37.49:545][332]LogSlate: Took 0.000774 seconds to synchronously load lazily loaded font '../../../Engine/Content/Slate/Fonts/Roboto-Light.ttf' (159K)
[2018.02.19-14.37.50:781][332]LogSlate: Took 0.000558 seconds to synchronously load lazily loaded font '../../../Engine/Content/Slate/Fonts/Roboto-Regular.ttf' (155K)
[2018.02.19-14.37.52:214][332]LogContentBrowser: Native class hierarchy updated for 'BlueprintGraph' in 0.0052 seconds. Added 113 classes and 0 folders.
[2018.02.19-14.37.58:935][332]LogRenderer: Reallocating scene render targets to support 1008x600 Format 10 NumSamples 1 (Frame:1).
[2018.02.19-14.38.04:179][337]LogSlate: Took 0.014159 seconds to synchronously load lazily loaded font '../../../Engine/Content/Editor/Slate/Fonts/Roboto-BoldCondensed.ttf' (158K)
[2018.02.19-14.38.41:620][698]BlueprintLog: New page: Compile Picnic_Basket_DM_Blueprint
[2018.02.19-14.38.41:815][698]LogBlueprint: Error: [Compiler Picnic_Basket_DM_Blueprint] The current value of the ' Spawn Transform ' pin is invalid: 'Spawn Transform' must have an input wired into it ("by ref" params expect a valid input to operate on).
[2018.02.19-14.38.41:824][698]LogBlueprint: Error: [Compiler Picnic_Basket_DM_Blueprint] The current value of the ' Spawn Transform ' pin is invalid: 'Spawn Transform' must have an input wired into it ("by ref" params expect a valid input to operate on).
[2018.02.19-14.38.46:265][698]LogBlueprint: Warning: [Compiler Picnic_Basket_DM_Blueprint] [0256.01] Compile of Picnic_Basket_DM_Blueprint failed. 2 Fatal Issue(s) 0 Warning(s) [in 4,644 ms] (/Game/Blueprints/Picnic_Basket_DM_Blueprint.Picnic_Basket_DM_Blueprint)
[2018.02.19-14.39.25:758][293]BlueprintLog: New page: Compile Picnic_Basket_DM_Blueprint
[2018.02.19-14.39.33:599][346]LogTemp: Repeating last play command: New Editor Window (PIE)
[2018.02.19-14.39.34:148][346]LogBlueprintUserMessages: Early PlayInEditor Detection: Level '/Game/Levels/PicnicLevel.PicnicLevel:PersistentLevel' has LevelScriptBlueprint '/Game/Levels/PicnicLevel.PicnicLevel:PersistentLevel.PicnicLevel' with GeneratedClass '/Game/Levels/PicnicLevel.PicnicLevel_C' with ClassGeneratedBy '/Game/Levels/PicnicLevel.PicnicLevel:PersistentLevel.PicnicLevel'
[2018.02.19-14.39.34:157][346]LogPlayLevel: PlayLevel: No blueprints needed recompiling
[2018.02.19-14.39.34:349][346]PIE: New page: PIE session: PicnicLevel (19 Feb 2018 14:39:34)
[2018.02.19-14.39.34:373][346]LogPlayLevel: Creating play world package: /Game/Levels/UEDPIE_0_PicnicLevel
[2018.02.19-14.39.34:555][346]LogPlayLevel: PIE: StaticDuplicateObject took: (0.181570s)
[2018.02.19-14.39.34:558][346]LogAIModule: Creating AISystem for world PicnicLevel
[2018.02.19-14.39.34:559][346]LogPlayLevel: PIE: World Init took: (0.004191s)
[2018.02.19-14.39.34:574][346]LogPlayLevel: PIE: Created PIE world by copying editor world from /Game/Levels/PicnicLevel.PicnicLevel to /Game/Levels/UEDPIE_0_PicnicLevel.PicnicLevel (0.211827s)
[2018.02.19-14.39.34:806][346]LogInit: XAudio2 using 'Speakers (Realtek High Definition Audio)' : 2 channels at 48 kHz using 32 bits per sample (channel mask 0x3)
[2018.02.19-14.39.34:969][346]LogInit: FAudioDevice initialized.
[2018.02.19-14.39.35:342][346]LogLoad: Game class is 'AntsGamemode_C'
[2018.02.19-14.39.35:622][346]LogWorld: Bringing World /Game/Levels/UEDPIE_0_PicnicLevel.PicnicLevel up for play (max tick rate 0) at 2018.02.19-14.39.35
[2018.02.19-14.39.35:698][346]LogWorld: Bringing up level for play took: 0.160428
[2018.02.19-14.39.36:169][346]LogContentBrowser: Native class hierarchy updated for 'MovieSceneCapture' in 0.0035 seconds. Added 11 classes and 0 folders.
[2018.02.19-14.39.36:342][346]PIE: Play in editor start time for /Game/Levels/UEDPIE_0_PicnicLevel 3.208
[2018.02.19-14.39.36:356][346]LogBlueprintUserMessages: Late PlayInEditor Detection: Level '/Game/Levels/PicnicLevel.PicnicLevel:PersistentLevel' has LevelScriptBlueprint '/Game/Levels/PicnicLevel.PicnicLevel:PersistentLevel.PicnicLevel' with GeneratedClass '/Game/Levels/PicnicLevel.PicnicLevel_C' with ClassGeneratedBy '/Game/Levels/PicnicLevel.PicnicLevel:PersistentLevel.PicnicLevel'
[2018.02.19-14.39.36:973][346]LogRenderer: Reallocating scene render targets to support 1292x756 Format 10 NumSamples 1 (Frame:1).
[2018.02.19-14.39.39:857][350]LogBlueprintUserMessages: Early EndPlayMap Detection: Level '/Game/Levels/PicnicLevel.PicnicLevel:PersistentLevel' has LevelScriptBlueprint '/Game/Levels/PicnicLevel.PicnicLevel:PersistentLevel.PicnicLevel' with GeneratedClass '/Game/Levels/PicnicLevel.PicnicLevel_C' with ClassGeneratedBy '/Game/Levels/PicnicLevel.PicnicLevel:PersistentLevel.PicnicLevel'
[2018.02.19-14.39.40:158][350]LogBlueprintUserMessages: Late EndPlayMap Detection: Level '/Game/Levels/PicnicLevel.PicnicLevel:PersistentLevel' has LevelScriptBlueprint '/Game/Levels/PicnicLevel.PicnicLevel:PersistentLevel.PicnicLevel' with GeneratedClass '/Game/Levels/PicnicLevel.PicnicLevel_C' with ClassGeneratedBy '/Game/Levels/PicnicLevel.PicnicLevel:PersistentLevel.PicnicLevel'
[2018.02.19-14.39.41:177][361]Cmd: OBJ SAVEPACKAGE PACKAGE="/Game/Levels/PicnicLevel" FILE="../../../../Projects/TDEMO-/Content/Levels/PicnicLevel.umap" SILENT=true AUTOSAVING=false KEEPDIRTY=false
[2018.02.19-14.39.45:573][361]LogSavePackage: Save=3849.15ms
[2018.02.19-14.39.45:573][361]LogSavePackage: Moving '../../../../Projects/TDEMO-/Saved/PicnicLevel7D70C89843EE8E2A5284D5AE705B87B3.tmp' to '../../../../Projects/TDEMO-/Content/Levels/PicnicLevel.umap'
[2018.02.19-14.39.45:608][361]LogSavePackage: Display: Finished SavePackage ../../../../Projects/TDEMO-/Content/Levels/PicnicLevel.umap
[2018.02.19-14.39.45:895][361]Cmd: OBJ SAVEPACKAGE PACKAGE="/Game/Levels/PicnicLevel_BuiltData" FILE="../../../../Projects/TDEMO-/Content/Levels/PicnicLevel_BuiltData.uasset" SILENT=true
[2018.02.19-14.39.46:112][361]LogSavePackage: Save=190.78ms
[2018.02.19-14.39.46:112][361]LogSavePackage: Moving '../../../../Projects/TDEMO-/Saved/PicnicLevel_BuiltData99B9D35C465E2FD19054B3897DB9EEB9.tmp' to '../../../../Projects/TDEMO-/Content/Levels/PicnicLevel_BuiltData.uasset'
[2018.02.19-14.39.46:153][361]LogSavePackage: Display: Finished SavePackage ../../../../Projects/TDEMO-/Content/Levels/PicnicLevel_BuiltData.uasset
[2018.02.19-14.39.48:998][401]LogEditorActor: Deleted Actor: SausageFriend_Blueprint_C
[2018.02.19-14.39.49:185][401]LogEditorActor: Deleted 1 Actors (0.209 secs)
[2018.02.19-14.39.51:864][441]LogTemp: Repeating last play command: New Editor Window (PIE)
[2018.02.19-14.39.52:121][441]LogBlueprintUserMessages: Early PlayInEditor Detection: Level '/Game/Levels/PicnicLevel.PicnicLevel:PersistentLevel' has LevelScriptBlueprint '/Game/Levels/PicnicLevel.PicnicLevel:PersistentLevel.PicnicLevel' with GeneratedClass '/Game/Levels/PicnicLevel.PicnicLevel_C' with ClassGeneratedBy '/Game/Levels/PicnicLevel.PicnicLevel:PersistentLevel.PicnicLevel'
[2018.02.19-14.39.52:121][441]LogPlayLevel: PlayLevel: No blueprints needed recompiling
[2018.02.19-14.39.52:122][441]PIE: New page: PIE session: PicnicLevel (19 Feb 2018 14:39:52)
[2018.02.19-14.39.52:127][441]LogPlayLevel: Creating play world package: /Game/Levels/UEDPIE_0_PicnicLevel
[2018.02.19-14.39.52:203][441]LogPlayLevel: PIE: StaticDuplicateObject took: (0.075629s)
[2018.02.19-14.39.52:207][441]LogAIModule: Creating AISystem for world PicnicLevel
[2018.02.19-14.39.52:208][441]LogPlayLevel: PIE: World Init took: (0.004268s)
[2018.02.19-14.39.52:209][441]LogPlayLevel: PIE: Created PIE world by copying editor world from /Game/Levels/PicnicLevel.PicnicLevel to /Game/Levels/UEDPIE_0_PicnicLevel.PicnicLevel (0.081523s)
[2018.02.19-14.39.52:372][441]LogInit: XAudio2 using 'Speakers (Realtek High Definition Audio)' : 2 channels at 48 kHz using 32 bits per sample (channel mask 0x3)
[2018.02.19-14.39.52:458][441]LogInit: FAudioDevice initialized.
[2018.02.19-14.39.52:714][441]LogLoad: Game class is 'AntsGamemode_C'
[2018.02.19-14.39.52:832][441]LogWorld: Bringing World /Game/Levels/UEDPIE_0_PicnicLevel.PicnicLevel up for play (max tick rate 0) at 2018.02.19-14.39.52
[2018.02.19-14.39.52:835][441]LogWorld: Bringing up level for play took: 0.117475
[2018.02.19-14.39.52:872][441]PIE: Play in editor start time for /Game/Levels/UEDPIE_0_PicnicLevel 1.739
[2018.02.19-14.39.52:875][441]LogBlueprintUserMessages: Late PlayInEditor Detection: Level '/Game/Levels/PicnicLevel.PicnicLevel:PersistentLevel' has LevelScriptBlueprint '/Game/Levels/PicnicLevel.PicnicLevel:PersistentLevel.PicnicLevel' with GeneratedClass '/Game/Levels/PicnicLevel.PicnicLevel_C' with ClassGeneratedBy '/Game/Levels/PicnicLevel.PicnicLevel:PersistentLevel.PicnicLevel'
[2018.02.19-14.40.02:106][536]LogBlueprintUserMessages: Early EndPlayMap Detection: Level '/Game/Levels/PicnicLevel.PicnicLevel:PersistentLevel' has LevelScriptBlueprint '/Game/Levels/PicnicLevel.PicnicLevel:PersistentLevel.PicnicLevel' with GeneratedClass '/Game/Levels/PicnicLevel.PicnicLevel_C' with ClassGeneratedBy '/Game/Levels/PicnicLevel.PicnicLevel:PersistentLevel.PicnicLevel'
[2018.02.19-14.40.02:453][536]LogBlueprintUserMessages: Late EndPlayMap Detection: Level '/Game/Levels/PicnicLevel.PicnicLevel:PersistentLevel' has LevelScriptBlueprint '/Game/Levels/PicnicLevel.PicnicLevel:PersistentLevel.PicnicLevel' with GeneratedClass '/Game/Levels/PicnicLevel.PicnicLevel_C' with ClassGeneratedBy '/Game/Levels/PicnicLevel.PicnicLevel:PersistentLevel.PicnicLevel'
[2018.02.19-14.40.03:508][541]LogTemp: Repeating last play command: New Editor Window (PIE)
[2018.02.19-14.40.03:785][541]LogBlueprintUserMessages: Early PlayInEditor Detection: Level '/Game/Levels/PicnicLevel.PicnicLevel:PersistentLevel' has LevelScriptBlueprint '/Game/Levels/PicnicLevel.PicnicLevel:PersistentLevel.PicnicLevel' with GeneratedClass '/Game/Levels/PicnicLevel.PicnicLevel_C' with ClassGeneratedBy '/Game/Levels/PicnicLevel.PicnicLevel:PersistentLevel.PicnicLevel'
[2018.02.19-14.40.03:786][541]LogPlayLevel: PlayLevel: No blueprints needed recompiling
[2018.02.19-14.40.03:786][541]PIE: New page: PIE session: PicnicLevel (19 Feb 2018 14:40:03)
[2018.02.19-14.40.03:789][541]LogPlayLevel: Creating play world package: /Game/Levels/UEDPIE_0_PicnicLevel
[2018.02.19-14.40.03:853][541]LogPlayLevel: PIE: StaticDuplicateObject took: (0.063005s)
[2018.02.19-14.40.03:855][541]LogAIModule: Creating AISystem for world PicnicLevel
[2018.02.19-14.40.03:856][541]LogPlayLevel: PIE: World Init took: (0.002800s)
[2018.02.19-14.40.03:857][541]LogPlayLevel: PIE: Created PIE world by copying editor world from /Game/Levels/PicnicLevel.PicnicLevel to /Game/Levels/UEDPIE_0_PicnicLevel.PicnicLevel (0.067115s)
[2018.02.19-14.40.03:982][541]LogInit: XAudio2 using 'Speakers (Realtek High Definition Audio)' : 2 channels at 48 kHz using 32 bits per sample (channel mask 0x3)
[2018.02.19-14.40.04:041][541]LogInit: FAudioDevice initialized.
[2018.02.19-14.40.04:239][541]LogLoad: Game class is 'AntsGamemode_C'
[2018.02.19-14.40.04:315][541]LogWorld: Bringing World /Game/Levels/UEDPIE_0_PicnicLevel.PicnicLevel up for play (max tick rate 0) at 2018.02.19-14.40.04
[2018.02.19-14.40.04:317][541]LogWorld: Bringing up level for play took: 0.076392
[2018.02.19-14.40.04:343][541]PIE: Play in editor start time for /Game/Levels/UEDPIE_0_PicnicLevel 1.21
[2018.02.19-14.40.04:345][541]LogBlueprintUserMessages: Late PlayInEditor Detection: Level '/Game/Levels/PicnicLevel.PicnicLevel:PersistentLevel' has LevelScriptBlueprint '/Game/Levels/PicnicLevel.PicnicLevel:PersistentLevel.PicnicLevel' with GeneratedClass '/Game/Levels/PicnicLevel.PicnicLevel_C' with ClassGeneratedBy '/Game/Levels/PicnicLevel.PicnicLevel:PersistentLevel.PicnicLevel'
[2018.02.19-14.40.12:049][621]PIE: Warning: Attempting to move a fully simulated skeletal mesh SkeletalMeshComponent0. Please use the Teleport flag
[2018.02.19-14.40.23:280][741]LogBlueprintUserMessages: Early EndPlayMap Detection: Level '/Game/Levels/PicnicLevel.PicnicLevel:PersistentLevel' has LevelScriptBlueprint '/Game/Levels/PicnicLevel.PicnicLevel:PersistentLevel.PicnicLevel' with GeneratedClass '/Game/Levels/PicnicLevel.PicnicLevel_C' with ClassGeneratedBy '/Game/Levels/PicnicLevel.PicnicLevel:PersistentLevel.PicnicLevel'
[2018.02.19-14.40.23:538][741]LogBlueprintUserMessages: Late EndPlayMap Detection: Level '/Game/Levels/PicnicLevel.PicnicLevel:PersistentLevel' has LevelScriptBlueprint '/Game/Levels/PicnicLevel.PicnicLevel:PersistentLevel.PicnicLevel' with GeneratedClass '/Game/Levels/PicnicLevel.PicnicLevel_C' with ClassGeneratedBy '/Game/Levels/PicnicLevel.PicnicLevel:PersistentLevel.PicnicLevel'
[2018.02.19-14.40.56:456][ 42]LogTemp: Repeating last play command: New Editor Window (PIE)
[2018.02.19-14.40.56:996][ 42]LogBlueprintUserMessages: Early PlayInEditor Detection: Level '/Game/Levels/PicnicLevel.PicnicLevel:PersistentLevel' has LevelScriptBlueprint '/Game/Levels/PicnicLevel.PicnicLevel:PersistentLevel.PicnicLevel' with GeneratedClass '/Game/Levels/PicnicLevel.PicnicLevel_C' with ClassGeneratedBy '/Game/Levels/PicnicLevel.PicnicLevel:PersistentLevel.PicnicLevel'
[2018.02.19-14.40.56:996][ 42]LogPlayLevel: PlayLevel: No blueprints needed recompiling
[2018.02.19-14.40.56:997][ 42]PIE: New page: PIE session: PicnicLevel (19 Feb 2018 14:40:56)
[2018.02.19-14.40.57:000][ 42]LogPlayLevel: Creating play world package: /Game/Levels/UEDPIE_0_PicnicLevel
[2018.02.19-14.40.57:081][ 42]LogPlayLevel: PIE: StaticDuplicateObject took: (0.080091s)
[2018.02.19-14.40.57:083][ 42]LogAIModule: Creating AISystem for world PicnicLevel
[2018.02.19-14.40.57:084][ 42]LogPlayLevel: PIE: World Init took: (0.003511s)
[2018.02.19-14.40.57:085][ 42]LogPlayLevel: PIE: Created PIE world by copying editor world from /Game/Levels/PicnicLevel.PicnicLevel to /Game/Levels/UEDPIE_0_PicnicLevel.PicnicLevel (0.085064s)
[2018.02.19-14.40.57:240][ 42]LogInit: XAudio2 using 'Speakers (Realtek High Definition Audio)' : 2 channels at 48 kHz using 32 bits per sample (channel mask 0x3)
[2018.02.19-14.40.57:317][ 42]LogInit: FAudioDevice initialized.
[2018.02.19-14.40.57:568][ 42]LogLoad: Game class is 'AntsGamemode_C'
[2018.02.19-14.40.57:708][ 42]LogWorld: Bringing World /Game/Levels/UEDPIE_0_PicnicLevel.PicnicLevel up for play (max tick rate 0) at 2018.02.19-14.40.57
[2018.02.19-14.40.57:712][ 42]LogWorld: Bringing up level for play took: 0.140080
[2018.02.19-14.40.57:759][ 42]PIE: Play in editor start time for /Game/Levels/UEDPIE_0_PicnicLevel 0.626
[2018.02.19-14.40.57:761][ 42]LogBlueprintUserMessages: Late PlayInEditor Detection: Level '/Game/Levels/PicnicLevel.PicnicLevel:PersistentLevel' has LevelScriptBlueprint '/Game/Levels/PicnicLevel.PicnicLevel:PersistentLevel.PicnicLevel' with GeneratedClass '/Game/Levels/PicnicLevel.PicnicLevel_C' with ClassGeneratedBy '/Game/Levels/PicnicLevel.PicnicLevel:PersistentLevel.PicnicLevel'
[2018.02.19-14.41.09:618][166]LogBlueprintUserMessages: Early EndPlayMap Detection: Level '/Game/Levels/PicnicLevel.PicnicLevel:PersistentLevel' has LevelScriptBlueprint '/Game/Levels/PicnicLevel.PicnicLevel:PersistentLevel.PicnicLevel' with GeneratedClass '/Game/Levels/PicnicLevel.PicnicLevel_C' with ClassGeneratedBy '/Game/Levels/PicnicLevel.PicnicLevel:PersistentLevel.PicnicLevel'
[2018.02.19-14.41.09:919][166]LogBlueprintUserMessages: Late EndPlayMap Detection: Level '/Game/Levels/PicnicLevel.PicnicLevel:PersistentLevel' has LevelScriptBlueprint '/Game/Levels/PicnicLevel.PicnicLevel:PersistentLevel.PicnicLevel' with GeneratedClass '/Game/Levels/PicnicLevel.PicnicLevel_C' with ClassGeneratedBy '/Game/Levels/PicnicLevel.PicnicLevel:PersistentLevel.PicnicLevel'
