Log file open, 04/16/18 20:07:09
LogWindows: Failed to load 'aqProf.dll' (GetLastError=126)
LogWindows: File 'aqProf.dll' does not exist
LogWindows: Failed to load 'VSPerf140.dll' (GetLastError=126)
LogWindows: File 'VSPerf140.dll' does not exist
LogWindows: Failed to load 'VtuneApi.dll' (GetLastError=126)
LogWindows: File 'VtuneApi.dll' does not exist
LogWindows: Failed to load 'VtuneApi32e.dll' (GetLastError=126)
LogWindows: File 'VtuneApi32e.dll' does not exist
LogInit: Display: Running engine for game: AntsGame
LogPlatformFile: Not using cached read wrapper
LogInit: Display: RandInit(408348616) SRandInit(408348616).
LogTaskGraph: Started task graph with 5 named threads and 8 total threads with 3 sets of task threads.
LogStats: Stats thread started at 0.388213
LogD3D11RHI: Aftermath initialized
LogPluginManager: Mounting plugin Paper2D
LogPluginManager: Mounting plugin LightPropagationVolume
LogPluginManager: Mounting plugin CodeLiteSourceCodeAccess
LogPluginManager: Mounting plugin GitSourceControl
LogPluginManager: Mounting plugin KDevelopSourceCodeAccess
LogPluginManager: Mounting plugin NullSourceCodeAccess
LogPluginManager: Mounting plugin PerforceSourceControl
LogPluginManager: Mounting plugin SubversionSourceControl
LogPluginManager: Mounting plugin UObjectPlugin
LogPluginManager: Mounting plugin VisualStudioSourceCodeAccess
LogPluginManager: Mounting plugin XCodeSourceCodeAccess
LogPluginManager: Mounting plugin AssetManagerEditor
LogPluginManager: Mounting plugin AudioCapture
LogPluginManager: Mounting plugin FacialAnimation
LogPluginManager: Mounting plugin GameplayTagsEditor
LogPluginManager: Mounting plugin MobileLauncherProfileWizard
LogPluginManager: Mounting plugin PluginBrowser
LogPluginManager: Mounting plugin SpeedTreeImporter
LogPluginManager: Mounting plugin AlembicImporter
LogPluginManager: Mounting plugin CharacterAI
LogPluginManager: Mounting plugin HTML5Networking
LogPluginManager: Mounting plugin AndroidMedia
LogPluginManager: Mounting plugin AvfMedia
LogPluginManager: Mounting plugin MediaPlayerEditor
LogPluginManager: Mounting plugin WmfMedia
LogPluginManager: Mounting plugin TcpMessaging
LogPluginManager: Mounting plugin UdpMessaging
LogPluginManager: Mounting plugin LevelSequenceEditor
LogPluginManager: Mounting plugin MatineeToLevelSequence
LogPluginManager: Mounting plugin OnlineSubsystemGooglePlay
LogPluginManager: Mounting plugin OnlineSubsystemIOS
LogPluginManager: Mounting plugin OnlineSubsystem
LogPluginManager: Mounting plugin OnlineSubsystemNull
LogPluginManager: Mounting plugin OnlineSubsystemUtils
LogPluginManager: Mounting plugin AndroidDeviceProfileSelector
LogPluginManager: Mounting plugin AndroidMoviePlayer
LogPluginManager: Mounting plugin AndroidPermission
LogPluginManager: Mounting plugin AppleMoviePlayer
LogPluginManager: Mounting plugin ArchVisCharacter
LogPluginManager: Mounting plugin CableComponent
LogPluginManager: Mounting plugin CustomMeshComponent
LogPluginManager: Mounting plugin ExampleDeviceProfileSelector
LogPluginManager: Mounting plugin GoogleCloudMessaging
LogPluginManager: Mounting plugin ImmediatePhysics
LogPluginManager: Mounting plugin IOSDeviceProfileSelector
LogPluginManager: Mounting plugin LinuxDeviceProfileSelector
LogPluginManager: Mounting plugin LocationServicesBPLibrary
LogPluginManager: Mounting plugin MobilePatchingUtils
LogPluginManager: Mounting plugin OculusVR
LogPluginManager: Mounting plugin PhysXVehicles
LogPluginManager: Mounting plugin ProceduralMeshComponent
LogPluginManager: Mounting plugin RuntimePhysXCooking
LogPluginManager: Mounting plugin SteamVR
LogPluginManager: Mounting plugin WindowsMoviePlayer
LogInit: Using libcurl 7.47.1
LogInit:  - built for x86_64-pc-win32
LogInit:  - supports SSL with OpenSSL/1.0.2g
LogInit:  - supports HTTP deflate (compression) using libz 1.2.8
LogInit:  - other features:
LogInit:      CURL_VERSION_SSL
LogInit:      CURL_VERSION_LIBZ
LogInit:      CURL_VERSION_IPV6
LogInit:      CURL_VERSION_ASYNCHDNS
LogInit:      CURL_VERSION_LARGEFILE
LogInit:      CURL_VERSION_IDN
LogInit:  CurlRequestOptions (configurable via config and command line):
LogInit:  - bVerifyPeer = false  - Libcurl will NOT verify peer certificate
LogInit:  - bUseHttpProxy = false  - Libcurl will NOT use HTTP proxy
LogInit:  - bDontReuseConnections = false  - Libcurl will reuse connections
LogInit:  - CertBundlePath = nullptr  - Libcurl will use whatever was configured at build time.
LogInit: Build: ++UE4+Release-4.17-CL-3658906
LogInit: Engine Version: 4.17.2-3658906+++UE4+Release-4.17
LogInit: Compatible Engine Version: 4.17.0-3573198+++UE4+Release-4.17
LogInit: Net CL: 3573198
LogDevObjectVersion: Number of dev versions registered: 16
LogDevObjectVersion:   Dev-Blueprints (B0D832E4-1F89-4F0D-ACCF-7EB736FD4AA2): 10
LogDevObjectVersion:   Dev-Build (E1C64328-A22C-4D53-A36C-8E866417BD8C): 0
LogDevObjectVersion:   Dev-Core (375EC13C-06E4-48FB-B500-84F0262A717E): 2
LogDevObjectVersion:   Dev-Editor (E4B068ED-F494-42E9-A231-DA0B2E46BB41): 20
LogDevObjectVersion:   Dev-Framework (CFFC743F-43B0-4480-9391-14DF171D2073): 28
LogDevObjectVersion:   Dev-Mobile (B02B49B5-BB20-44E9-A304-32B752E40360): 0
LogDevObjectVersion:   Dev-Networking (A4E4105C-59A1-49B5-A7C5-40C4547EDFEE): 0
LogDevObjectVersion:   Dev-Online (39C831C9-5AE6-47DC-9A44-9C173E1C8E7C): 0
LogDevObjectVersion:   Dev-Physics (78F01B33-EBEA-4F98-B9B4-84EACCB95AA2): 0
LogDevObjectVersion:   Dev-Platform (6631380F-2D4D-43E0-8009-CF276956A95A): 0
LogDevObjectVersion:   Dev-Rendering (12F88B9F-8875-4AFC-A67C-D90C383ABD29): 19
LogDevObjectVersion:   Dev-Sequencer (7B5AE74C-D270-4C10-A958-57980B212A5A): 4
LogDevObjectVersion:   Dev-VR (D7296918-1DD6-4BDD-9DE2-64A83CC13884): 0
LogDevObjectVersion:   Dev-LoadTimes (C2A15278-BFE7-4AFE-6C17-90FF531DF755): 1
LogDevObjectVersion:   Private-Geometry (6EACA3D4-40EC-4CC1-B786-8BED09428FC5): 1
LogDevObjectVersion:   Dev-AnimPhys (29E575DD-E0A3-4627-9D10-D276232CDCEA): 7
LogInit: Compiled (64-bit): Sep 22 2017 13:47:16
LogInit: Compiled with Visual C++: 19.00.24215.01
LogInit: Build Configuration: Development
LogInit: Branch Name: ++UE4+Release-4.17
LogInit: Command line: -EpicPortal 
LogInit: Base directory: D:/Game Dev/Epic Games/UE_4.17/Engine/Binaries/Win64/
LogInit: Installed Engine Build: 1
LogInit: Presizing for max 8388607 objects, including 0 objects not considered by GC, pre-allocating 0 bytes for permanent pool.
LogInit: Object subsystem initialized
[2018.04.16-19.07.12:736][  0]LogInit: Selected Device Profile: [Windows]
[2018.04.16-19.07.12:736][  0]LogInit: Applying CVar settings loaded from the selected device profile: [Windows]
[2018.04.16-19.07.12:812][  0]LogInit: Computer: LAPTOP-CLI7GUMK
[2018.04.16-19.07.12:812][  0]LogInit: User: Gary
[2018.04.16-19.07.12:812][  0]LogInit: CPU Page size=4096, Cores=2
[2018.04.16-19.07.12:812][  0]LogInit: High frequency timer resolution =2.835939 MHz
[2018.04.16-19.07.12:813][  0]LogMemory: Memory total: Physical=7.9GB (8GB approx)
[2018.04.16-19.07.12:813][  0]LogMemory: Platform Memory Stats for Windows
[2018.04.16-19.07.12:813][  0]LogMemory: Process Physical Memory: 282.22 MB used, 282.22 MB peak
[2018.04.16-19.07.12:813][  0]LogMemory: Process Virtual Memory: 290.98 MB used, 290.98 MB peak
[2018.04.16-19.07.12:814][  0]LogMemory: Physical Memory: 3892.00 MB used,  4194.11 MB free, 8086.12 MB total
[2018.04.16-19.07.12:814][  0]LogMemory: Virtual Memory: 710.99 MB used,  4194.11 MB free, 134217728.00 MB total
[2018.04.16-19.07.13:421][  0]LogInit: Using OS detected language (en-GB).
[2018.04.16-19.07.13:421][  0]LogInit: Using OS detected locale (en-GB).
[2018.04.16-19.07.13:435][  0]LogTextLocalizationManager: No specific localization for 'en-GB' exists, so the 'en' localization will be used.
[2018.04.16-19.07.16:380][  0]LogD3D11RHI: D3D11 adapters:
[2018.04.16-19.07.16:420][  0]LogD3D11RHI:    0. 'Intel(R) HD Graphics 620' (Feature Level 11_0)
[2018.04.16-19.07.16:420][  0]LogD3D11RHI:       128/0/4043 MB DedicatedVideo/DedicatedSystem/SharedSystem, Outputs:1, VendorId:0x8086
[2018.04.16-19.07.16:434][  0]LogD3D11RHI:    1. 'Microsoft Basic Render Driver' (Feature Level 11_0)
[2018.04.16-19.07.16:434][  0]LogD3D11RHI:       0/0/4043 MB DedicatedVideo/DedicatedSystem/SharedSystem, Outputs:0, VendorId:0x1414
[2018.04.16-19.07.16:434][  0]LogD3D11RHI: Chosen D3D11 Adapter: 0
[2018.04.16-19.07.16:460][  0]LogD3D11RHI: Creating new Direct3DDevice
[2018.04.16-19.07.16:461][  0]LogD3D11RHI:     GPU DeviceId: 0x5916 (for the marketing name, search the web for "GPU Device Id")
[2018.04.16-19.07.16:461][  0]LogWindows: EnumDisplayDevices:
[2018.04.16-19.07.16:462][  0]LogWindows:    0. 'Intel(R) HD Graphics 620' (P:1 D:1)
[2018.04.16-19.07.16:463][  0]LogWindows:    1. 'Intel(R) HD Graphics 620' (P:0 D:0)
[2018.04.16-19.07.16:464][  0]LogWindows:    2. 'Intel(R) HD Graphics 620' (P:0 D:0)
[2018.04.16-19.07.16:464][  0]LogWindows: DebugString: GetVideoDriverDetailsInvalid PrimaryIsNotTheChoosenAdapter GetVideoDriverDetailsInvalid PrimaryIsNotTheChoosenAdapter GetVideoDriverDetailsInvalid PrimaryIsNotTheChoosenAdapter FoundDriverCount:0 
[2018.04.16-19.07.16:464][  0]LogD3D11RHI:     Adapter Name: Intel(R) HD Graphics 620
[2018.04.16-19.07.16:464][  0]LogD3D11RHI:   Driver Version: Unknown (internal:Unknown, unified:Unknown)
[2018.04.16-19.07.16:464][  0]LogD3D11RHI:      Driver Date: Unknown
[2018.04.16-19.07.16:465][  0]LogRHI: Texture pool is 1361 MB (70% of 1945 MB)
[2018.04.16-19.07.16:496][  0]LogD3D11RHI: Async texture creation enabled
[2018.04.16-19.07.16:517][  0]LogD3D11RHI: GPU Timing Frequency: 12.000000 (Debug: 2 0)
[2018.04.16-19.07.16:522][  0]LogShaderCompilers: Guid format shader working directory is 18 characters bigger than the processId version (../../../../Projects/TDEMO-/Intermediate/Shaders/WorkingDirectory/6756/).
[2018.04.16-19.07.16:522][  0]LogShaderCompilers: Cleaned the shader compiler working directory 'C:/Users/Gary/AppData/Local/Temp/UnrealShaderWorkingDir/1DB0E87E482B1254CA32E7A6598E03A3/'.
[2018.04.16-19.07.16:523][  0]LogShaderCompilers: Display: Using Local Shader Compiler.
[2018.04.16-19.07.20:382][  0]LogTemp: Display: Loaded TP AllDesktopTargetPlatform
[2018.04.16-19.07.20:586][  0]LogTemp: Display: Loaded TP MacClientTargetPlatform
[2018.04.16-19.07.20:788][  0]LogTemp: Display: Loaded TP MacNoEditorTargetPlatform
[2018.04.16-19.07.20:992][  0]LogTemp: Display: Loaded TP MacServerTargetPlatform
[2018.04.16-19.07.21:207][  0]LogTemp: Display: Loaded TP MacTargetPlatform
[2018.04.16-19.07.21:433][  0]LogTemp: Display: Loaded TP WindowsClientTargetPlatform
[2018.04.16-19.07.21:631][  0]LogTemp: Display: Loaded TP WindowsNoEditorTargetPlatform
[2018.04.16-19.07.21:834][  0]LogTemp: Display: Loaded TP WindowsServerTargetPlatform
[2018.04.16-19.07.22:009][  0]LogTemp: Display: Loaded TP WindowsTargetPlatform
[2018.04.16-19.07.22:205][  0]LogTemp: Display: Loaded TP AndroidTargetPlatform
[2018.04.16-19.07.22:401][  0]LogTemp: Display: Loaded TP Android_ASTCTargetPlatform
[2018.04.16-19.07.22:593][  0]LogTemp: Display: Loaded TP Android_ATCTargetPlatform
[2018.04.16-19.07.22:797][  0]LogTemp: Display: Loaded TP Android_DXTTargetPlatform
[2018.04.16-19.07.23:004][  0]LogTemp: Display: Loaded TP Android_ETC1TargetPlatform
[2018.04.16-19.07.23:208][  0]LogTemp: Display: Loaded TP Android_ETC2TargetPlatform
[2018.04.16-19.07.23:604][  0]LogTemp: Display: Loaded TP Android_MultiTargetPlatform
[2018.04.16-19.07.23:604][  0]LogTemp: Display: Loaded TP Android_PVRTCTargetPlatform
[2018.04.16-19.07.23:764][  0]LogTemp: Display: Loaded TP HTML5TargetPlatform
[2018.04.16-19.07.24:065][  0]LogTemp: Display: Loaded TP IOSTargetPlatform
[2018.04.16-19.07.24:185][  0]LogTemp: Display: Loaded TP TVOSTargetPlatform
[2018.04.16-19.07.24:404][  0]LogTemp: Display: Loaded TP LinuxClientTargetPlatform
[2018.04.16-19.07.24:600][  0]LogTemp: Display: Loaded TP LinuxNoEditorTargetPlatform
[2018.04.16-19.07.24:781][  0]LogTemp: Display: Loaded TP LinuxServerTargetPlatform
[2018.04.16-19.07.24:994][  0]LogTemp: Display: Loaded TP LinuxTargetPlatform
[2018.04.16-19.07.24:995][  0]LogTargetPlatformManager: Display: Building Assets For Windows
[2018.04.16-19.07.26:987][  0]LogDerivedDataCache: Display: Max Cache Size: 512 MB
[2018.04.16-19.07.27:311][  0]LogDerivedDataCache: Loaded boot cache 0.32s 93MB C:/Users/Gary/AppData/Local/UnrealEngine/4.17/DerivedDataCache/Boot.ddc.
[2018.04.16-19.07.27:311][  0]LogDerivedDataCache: Display: Loaded Boot cache: C:/Users/Gary/AppData/Local/UnrealEngine/4.17/DerivedDataCache/Boot.ddc
[2018.04.16-19.07.27:312][  0]LogDerivedDataCache: FDerivedDataBackendGraph:  Pak pak cache file ../../../../Projects/TDEMO-/DerivedDataCache/DDC.ddp not found, will not use a pak cache.
[2018.04.16-19.07.27:312][  0]LogDerivedDataCache: Unable to find inner node Pak for hierarchical cache Hierarchy.
[2018.04.16-19.07.27:312][  0]LogDerivedDataCache: FDerivedDataBackendGraph:  CompressedPak pak cache file ../../../../Projects/TDEMO-/DerivedDataCache/Compressed.ddp not found, will not use a pak cache.
[2018.04.16-19.07.27:312][  0]LogDerivedDataCache: Unable to find inner node CompressedPak for hierarchical cache Hierarchy.
[2018.04.16-19.07.27:386][  0]LogDerivedDataCache: Display: Pak cache opened for reading ../../../Engine/DerivedDataCache/Compressed.ddp.
[2018.04.16-19.07.27:401][  0]LogDerivedDataCache: Using Local data cache path C:/Users/Gary/AppData/Local/UnrealEngine/Common/DerivedDataCache: Writable
[2018.04.16-19.07.27:447][  0]LogMaterial: Verifying Global Shaders for PCD3D_SM5
[2018.04.16-19.07.27:449][  0]LogSlate: Using Freetype 2.6.0
[2018.04.16-19.07.27:451][  0]LogSlate: SlateFontCache - WITH_FREETYPE: 1, WITH_HARFBUZZ: 1
[2018.04.16-19.07.27:452][  0]LogSlate: SlateFontCache - WITH_FREETYPE: 1, WITH_HARFBUZZ: 1
[2018.04.16-19.07.28:551][  0]LogAssetRegistry: FAssetRegistry took 0.0432 seconds to start up
[2018.04.16-19.07.29:110][  0]LogInit: Selected Device Profile: [Windows]
[2018.04.16-19.07.30:586][  0]LogSimplygon: Simplygon DLL not present - disabling.
[2018.04.16-19.07.30:726][  0]LogMeshReduction: Using SimplygonSwarm for distributed automatic mesh merging
[2018.04.16-19.07.30:726][  0]LogMeshReduction: Using QuadricMeshReduction for automatic static mesh reduction
[2018.04.16-19.07.30:726][  0]LogMeshReduction: No automatic skeletal mesh reduction module available
[2018.04.16-19.07.30:726][  0]LogMeshReduction: No automatic mesh merging module available
[2018.04.16-19.07.30:726][  0]LogMeshMerging: No automatic mesh merging module available
[2018.04.16-19.07.30:795][  0]LogContentStreaming: Texture pool size is 0.00 MB
[2018.04.16-19.07.32:164][  0]LogNetVersion: AntsGame , NetCL: 3573198, EngineNetVer: 2, GameNetVer: 0 (Checksum: 3821802436)
[2018.04.16-19.07.32:931][  0]LogPackageLocalizationCache: Processed 5 localized package path(s) for 2 prioritized culture(s) in 0.269638 seconds
[2018.04.16-19.07.32:946][  0]LogUObjectArray: 35825 objects as part of root set at end of initial load.
[2018.04.16-19.07.32:946][  0]LogUObjectAllocator: 7529104 out of 0 bytes used by permanent object pool.
[2018.04.16-19.07.32:946][  0]LogUObjectArray: CloseDisregardForGC: 0/0 objects in disregard for GC pool
[2018.04.16-19.07.33:134][  0]LogInit: WinSock: version 1.1 (2.2), MaxSocks=32767, MaxUdp=65467
[2018.04.16-19.07.41:046][  0]LogTcpMessaging: Initializing TcpMessaging bridge
[2018.04.16-19.07.41:126][  0]LogUdpMessaging: Initializing bridge on interface 0.0.0.0:0 to multicast group 230.0.0.1:6666.
[2018.04.16-19.07.43:535][  0]LogMaterial: Uniform references updated for custom material expression Custom.
[2018.04.16-19.07.45:253][  0]SourceControl: Source control is disabled
[2018.04.16-19.07.45:253][  0]SourceControl: Source control is disabled
[2018.04.16-19.07.45:450][  0]SourceControl: Source control is disabled
[2018.04.16-19.07.45:674][  0]SourceControl: Source control is disabled
[2018.04.16-19.07.48:340][  0]LogAndroidPermission: UAndroidPermissionCallbackProxy::GetInstance
[2018.04.16-19.07.49:421][  0]LogOcInput: OculusInput pre-init called
[2018.04.16-19.07.50:370][  0]LogEngine: Initializing Engine...
[2018.04.16-19.07.50:383][  0]LogHMD: Failed to initialize OpenVR with code 110
[2018.04.16-19.07.51:166][  0]LogStats: UGameplayTagsManager::ConstructGameplayTagTree: Construct from data asset -  0.000 s
[2018.04.16-19.07.51:166][  0]LogStats: UGameplayTagsManager::ConstructGameplayTagTree: GameplayTagTreeChangedEvent.Broadcast -  0.000 s
[2018.04.16-19.07.51:610][  0]LogAIModule: Creating AISystem for world Untitled
[2018.04.16-19.07.51:661][  0]LogInit: XAudio2 using 'Speakers (Realtek High Definition Audio)' : 2 channels at 48 kHz using 32 bits per sample (channel mask 0x3)
[2018.04.16-19.07.51:741][  0]LogInit: FAudioDevice initialized.
[2018.04.16-19.07.51:990][  0]LogDerivedDataCache: Saved boot cache 0.25s 93MB C:/Users/Gary/AppData/Local/UnrealEngine/4.17/DerivedDataCache/Boot.ddc.
[2018.04.16-19.07.52:149][  0]LogInit: Texture streaming: Enabled
[2018.04.16-19.07.52:539][  0]LogEngineSessionManager: EngineSessionManager initialized
[2018.04.16-19.07.53:378][  0]LogInit: Transaction tracking system initialized
[2018.04.16-19.07.54:573][  0]BlueprintLog: New page: Editor Load
[2018.04.16-19.07.57:762][  0]LocalizationService: Localization service is disabled
[2018.04.16-19.07.59:593][  0]LogLinker: Warning: Can't find file '/Game/FlyingBP/FlyingOverview'
[2018.04.16-19.07.59:594][  0]LogLinker: Warning: Can't find file '/Game/FlyingBP/FlyingOverview'
[2018.04.16-19.07.59:594][  0]LogUObjectGlobals: Warning: Failed to find object 'Class /Game/FlyingBP/FlyingOverview.FlyingOverview_C'
[2018.04.16-19.08.00:302][  0]LogConsoleResponse: Display: 
[2018.04.16-19.08.01:087][  0]LogCook: Display: Max memory allowance for cook 16384mb min free memory 0mb
[2018.04.16-19.08.01:088][  0]LogCook: Display: Mobile HDR setting 1
[2018.04.16-19.08.01:088][  0]LogGameplayTags: Display: UGameplayTagsManager::DoneAddingNativeTags. DelegateIsBound: 0
[2018.04.16-19.08.01:692][  0]LogFileCache: Scanning file cache for directory 'D:/Game Dev/Epic Games/Projects/TDEMO-/Content/' took 0.03s
[2018.04.16-19.08.05:132][  0]SourceControl: Source control is disabled
[2018.04.16-19.08.05:132][  0]Cmd: MAP LOAD FILE="../../../../Projects/TDEMO-/Content/Levels/PicnicLevel.umap" TEMPLATE=0 SHOWPROGRESS=1 FEATURELEVEL=3
[2018.04.16-19.08.05:135][  0]LightingResults: New page: Lighting Build
[2018.04.16-19.08.05:336][  0]MapCheck: New page: Map Check
[2018.04.16-19.08.05:336][  0]LightingResults: New page: Lighting Build
[2018.04.16-19.08.05:827][  0]LogBlueprint: Warning: [Turret] 'Charge Bar' variable not found. Base class was probably changed.
[2018.04.16-19.08.05:828][  0]LogBlueprint: Warning: [Turret] 'Charge Bar' variable not found. Base class was probably changed.
[2018.04.16-19.08.05:828][  0]LogBlueprint: Warning: [Turret] 'Charge Bar 2' variable not found. Base class was probably changed.
[2018.04.16-19.08.05:828][  0]LogBlueprint: Warning: [Turret] 'Charge Bar 2' variable not found. Base class was probably changed.
[2018.04.16-19.08.07:134][  0]LogBlueprint: Warning: [Turret2] 'Charge Bar' variable not found. Base class was probably changed.
[2018.04.16-19.08.07:135][  0]LogBlueprint: Warning: [Turret2] 'Charge Bar' variable not found. Base class was probably changed.
[2018.04.16-19.08.07:135][  0]LogBlueprint: Warning: [Turret2] 'Charge Bar 2' variable not found. Base class was probably changed.
[2018.04.16-19.08.07:136][  0]LogBlueprint: Warning: [Turret2] 'Charge Bar 2' variable not found. Base class was probably changed.
[2018.04.16-19.08.12:768][  0]LogAIModule: Creating AISystem for world PicnicLevel
[2018.04.16-19.08.13:195][  0]LogEditorServer: Finished looking for orphan Actors (0.000 secs)
[2018.04.16-19.08.13:295][  0]Cmd: MAP CHECKDEP NOCLEARLOG
[2018.04.16-19.08.13:561][  0]MapCheck: Map check complete: 0 Error(s), 0 Warning(s), took 266.271ms to complete.
[2018.04.16-19.08.13:562][  0]LogFileHelpers: Loading map 'PicnicLevel' took 8.430
[2018.04.16-19.08.13:705][  0]LogWindowsTextInputMethodSystem: Display: IME system now deactivated.
[2018.04.16-19.08.13:706][  0]LogWindowsTextInputMethodSystem: Display: IME system now deactivated.
[2018.04.16-19.08.14:632][  0]LogCollectionManager: Loaded 0 collections in 0.007013 seconds
[2018.04.16-19.08.15:031][  0]LogFileCache: Scanning file cache for directory 'D:/Game Dev/Epic Games/Projects/TDEMO-/Saved/Collections/' took 0.01s
[2018.04.16-19.08.15:031][  0]LogFileCache: Scanning file cache for directory 'D:/Game Dev/Epic Games/Projects/TDEMO-/Content/Developers/Gary/Collections/' took 0.01s
[2018.04.16-19.08.15:032][  0]LogFileCache: Scanning file cache for directory 'D:/Game Dev/Epic Games/Projects/TDEMO-/Content/Collections/' took 0.01s
[2018.04.16-19.08.15:032][  0]LogCollectionManager: Rebuilt the GUID cache for 0 collections in 0.000002 seconds
[2018.04.16-19.08.15:091][  0]LogContentBrowser: Native class hierarchy populated in 0.0564 seconds. Added 2386 classes and 500 folders.
[2018.04.16-19.08.15:431][  0]LogContentBrowser: Native class hierarchy updated for 'WidgetCarousel' in 0.0031 seconds. Added 0 classes and 0 folders.
[2018.04.16-19.08.17:145][  0]LogContentBrowser: Native class hierarchy updated for 'AddContentDialog' in 0.0033 seconds. Added 0 classes and 0 folders.
[2018.04.16-19.08.17:440][  0]LogContentBrowser: Native class hierarchy updated for 'SceneOutliner' in 0.0045 seconds. Added 1 classes and 2 folders.
[2018.04.16-19.08.19:153][  0]LogContentBrowser: Native class hierarchy updated for 'WorldBrowser' in 0.0028 seconds. Added 2 classes and 3 folders.
[2018.04.16-19.08.19:574][  0]LogSlate: Took 0.001321 seconds to synchronously load lazily loaded font '../../../Engine/Content/Slate/Fonts/Roboto-Regular.ttf' (155K)
[2018.04.16-19.08.19:612][  0]LogSlate: Took 0.001471 seconds to synchronously load lazily loaded font '../../../Engine/Content/Slate/Fonts/Roboto-Bold.ttf' (160K)
[2018.04.16-19.08.19:707][  0]LogSlate: Took 0.017914 seconds to synchronously load lazily loaded font '../../../Engine/Content/Editor/Slate/Fonts/FontAwesome.ttf' (139K)
[2018.04.16-19.08.20:494][  0]LogRenderer: Reallocating scene render targets to support 1008x472 Format 10 NumSamples 1 (Frame:1).
[2018.04.16-19.08.25:594][  0]LogSlate: Took 0.015652 seconds to synchronously load lazily loaded font '../../../Engine/Content/Slate/Fonts/Roboto-Light.ttf' (159K)
[2018.04.16-19.08.26:088][  0]LogContentBrowser: Native class hierarchy updated for 'HierarchicalLODOutliner' in 0.0025 seconds. Added 1 classes and 2 folders.
[2018.04.16-19.08.26:088][  0]LogLoad: (Engine Initialization) Total time: 81.29 seconds
[2018.04.16-19.08.26:088][  0]LogLoad: (Engine Initialization) Total Blueprint compile time: 0.00 seconds
[2018.04.16-19.08.26:089][  0]LogExternalProfiler: No external profilers were discovered.  External profiling features will not be available.
[2018.04.16-19.08.26:221][  0]LogContentStreaming: Texture pool size now 1000 MB
[2018.04.16-19.08.26:315][  1]LogFileCache: Retrieving MD5 hashes for directory 'D:/Game Dev/Epic Games/Projects/TDEMO-/Content/' took 0.18s
[2018.04.16-19.08.27:694][  7]LogAssetRegistry: Asset discovery search completed in 59.1672 seconds
[2018.04.16-19.08.27:702][  7]LogCollectionManager: Rebuilt the object cache for 0 collections in 0.000001 seconds (found 0 objects)
[2018.04.16-19.08.27:702][  7]LogCollectionManager: Fixed up redirectors for 0 collections in 0.000202 seconds (updated 0 objects)
[2018.04.16-19.08.27:750][  7]LogSlate: Took 0.000852 seconds to synchronously load lazily loaded font '../../../Engine/Content/Slate/Fonts/Roboto-Light.ttf' (159K)
[2018.04.16-19.35.00:254][814]LogTemp: Repeating last play command: New Editor Window (PIE)
[2018.04.16-19.35.01:596][814]LogBlueprintUserMessages: Early PlayInEditor Detection: Level '/Game/Levels/PicnicLevel.PicnicLevel:PersistentLevel' has LevelScriptBlueprint '/Game/Levels/PicnicLevel.PicnicLevel:PersistentLevel.PicnicLevel' with GeneratedClass '/Game/Levels/PicnicLevel.PicnicLevel_C' with ClassGeneratedBy '/Game/Levels/PicnicLevel.PicnicLevel:PersistentLevel.PicnicLevel'
[2018.04.16-19.35.01:597][814]LogPlayLevel: PlayLevel: No blueprints needed recompiling
[2018.04.16-19.35.01:618][814]PIE: New page: PIE session: PicnicLevel (16 Apr 2018 21:35:01)
[2018.04.16-19.35.01:622][814]LogPlayLevel: Creating play world package: /Game/Levels/UEDPIE_0_PicnicLevel
[2018.04.16-19.35.01:811][814]LogPlayLevel: PIE: StaticDuplicateObject took: (0.189472s)
[2018.04.16-19.35.01:816][814]LogAIModule: Creating AISystem for world PicnicLevel
[2018.04.16-19.35.01:817][814]LogPlayLevel: PIE: World Init took: (0.005088s)
[2018.04.16-19.35.01:818][814]LogPlayLevel: PIE: Created PIE world by copying editor world from /Game/Levels/PicnicLevel.PicnicLevel to /Game/Levels/UEDPIE_0_PicnicLevel.PicnicLevel (0.196394s)
[2018.04.16-19.35.01:979][814]LogInit: XAudio2 using 'Speakers (Realtek High Definition Audio)' : 2 channels at 48 kHz using 32 bits per sample (channel mask 0x3)
[2018.04.16-19.35.02:076][814]LogInit: FAudioDevice initialized.
[2018.04.16-19.35.02:271][814]LogLoad: Game class is 'AntsGamemode_C'
[2018.04.16-19.35.02:410][814]LogWorld: Bringing World /Game/Levels/UEDPIE_0_PicnicLevel.PicnicLevel up for play (max tick rate 60) at 2018.04.16-20.35.02
[2018.04.16-19.35.02:506][814]LogWorld: Bringing up level for play took: 0.192161
[2018.04.16-19.35.02:756][814]LogContentBrowser: Native class hierarchy updated for 'MovieSceneCapture' in 0.0026 seconds. Added 11 classes and 0 folders.
[2018.04.16-19.35.02:829][814]PIE: Play in editor start time for /Game/Levels/UEDPIE_0_PicnicLevel 1.067
[2018.04.16-19.35.02:841][814]LogBlueprintUserMessages: Late PlayInEditor Detection: Level '/Game/Levels/PicnicLevel.PicnicLevel:PersistentLevel' has LevelScriptBlueprint '/Game/Levels/PicnicLevel.PicnicLevel:PersistentLevel.PicnicLevel' with GeneratedClass '/Game/Levels/PicnicLevel.PicnicLevel_C' with ClassGeneratedBy '/Game/Levels/PicnicLevel.PicnicLevel:PersistentLevel.PicnicLevel'
[2018.04.16-19.35.03:167][814]LogRenderer: Reallocating scene render targets to support 1292x756 Format 10 NumSamples 1 (Frame:1).
[2018.04.16-19.35.04:167][815]LogCharacterMovement: Warning: GetSimulationTimeStep() - Max iterations 8 hit while remaining time 0.067245 > MaxSimulationTimeStep (0.050) for '1_AdvJump8_1561', movement 'Walking'
[2018.04.16-19.35.16:923][958]LogBlueprintUserMessages: Early EndPlayMap Detection: Level '/Game/Levels/PicnicLevel.PicnicLevel:PersistentLevel' has LevelScriptBlueprint '/Game/Levels/PicnicLevel.PicnicLevel:PersistentLevel.PicnicLevel' with GeneratedClass '/Game/Levels/PicnicLevel.PicnicLevel_C' with ClassGeneratedBy '/Game/Levels/PicnicLevel.PicnicLevel:PersistentLevel.PicnicLevel'
[2018.04.16-19.35.17:337][958]LogBlueprintUserMessages: Late EndPlayMap Detection: Level '/Game/Levels/PicnicLevel.PicnicLevel:PersistentLevel' has LevelScriptBlueprint '/Game/Levels/PicnicLevel.PicnicLevel:PersistentLevel.PicnicLevel' with GeneratedClass '/Game/Levels/PicnicLevel.PicnicLevel_C' with ClassGeneratedBy '/Game/Levels/PicnicLevel.PicnicLevel:PersistentLevel.PicnicLevel'
[2018.04.16-20.02.07:841][305]LogWindowsTextInputMethodSystem: Display: IME system now deactivated.
[2018.04.16-20.02.07:843][305]LogWindowsTextInputMethodSystem: Display: IME system now deactivated.
[2018.04.16-20.02.08:791][306]Cmd: QUIT_EDITOR
[2018.04.16-20.02.09:340][306]LogExit: Preparing to exit.
[2018.04.16-20.02.11:131][306]LogDirectoryWatcher: A directory notification for 'D:/Game Dev/Epic Games/Projects/TDEMO-/Content/' was aborted.
[2018.04.16-20.02.11:911][306]LogExit: Editor shut down
[2018.04.16-20.02.12:112][306]LogExit: Transaction tracking system shut down
[2018.04.16-20.02.12:953][306]LogDirectoryWatcher: A directory notification for '../../../Engine/Content/' was aborted.
[2018.04.16-20.02.12:954][306]LogDirectoryWatcher: A directory notification for '../../../../Projects/TDEMO-/Content/' was aborted.
[2018.04.16-20.02.12:954][306]LogDirectoryWatcher: A directory notification for '../../../Engine/Plugins/2D/Paper2D/Content/' was aborted.
[2018.04.16-20.02.12:955][306]LogDirectoryWatcher: A directory notification for '../../../Engine/Plugins/Runtime/Oculus/OculusVR/Content/' was aborted.
[2018.04.16-20.02.12:955][306]LogDirectoryWatcher: A directory notification for '../../../Engine/Plugins/Runtime/Steam/SteamVR/Content/' was aborted.
[2018.04.16-20.02.13:591][306]LogExit: Object subsystem successfully closed.
[2018.04.16-20.02.13:696][306]LogD3D11RHI: Shutdown
[2018.04.16-20.02.13:696][306]LogD3D11RHI: CleanupD3DDevice
[2018.04.16-20.02.15:004][306]LogD3D11RHI: ~FD3D11DynamicRHI
[2018.04.16-20.02.15:066][306]LogModuleManager: Shutting down and abandoning module MovieSceneCapture (534)
[2018.04.16-20.02.15:066][306]LogModuleManager: Shutting down and abandoning module HierarchicalLODOutliner (532)
[2018.04.16-20.02.15:066][306]LogModuleManager: Shutting down and abandoning module WorldBrowser (530)
[2018.04.16-20.02.15:066][306]LogModuleManager: Shutting down and abandoning module SceneOutliner (528)
[2018.04.16-20.02.15:067][306]LogModuleManager: Shutting down and abandoning module AddContentDialog (526)
[2018.04.16-20.02.15:067][306]LogDirectoryWatcher: A directory notification for 'D:/Game Dev/Epic Games/UE_4.17/FeaturePacks/' was aborted.
[2018.04.16-20.02.15:099][306]LogModuleManager: Shutting down and abandoning module WidgetCarousel (525)
[2018.04.16-20.02.15:100][306]LogModuleManager: Shutting down and abandoning module EditorWidgets (522)
[2018.04.16-20.02.15:100][306]LogModuleManager: Shutting down and abandoning module CollectionManager (520)
[2018.04.16-20.02.15:100][306]LogDirectoryWatcher: A directory notification for 'D:/Game Dev/Epic Games/Projects/TDEMO-/Content/Collections/' was aborted.
[2018.04.16-20.02.15:101][306]LogDirectoryWatcher: A directory notification for 'D:/Game Dev/Epic Games/Projects/TDEMO-/Content/Developers/Gary/Collections/' was aborted.
[2018.04.16-20.02.15:101][306]LogDirectoryWatcher: A directory notification for 'D:/Game Dev/Epic Games/Projects/TDEMO-/Saved/Collections/' was aborted.
[2018.04.16-20.02.15:101][306]LogModuleManager: Shutting down and abandoning module StatsViewer (518)
[2018.04.16-20.02.15:101][306]LogModuleManager: Shutting down and abandoning module FoliageEdit (516)
[2018.04.16-20.02.15:101][306]LogModuleManager: Shutting down and abandoning module LandscapeEditor (514)
[2018.04.16-20.02.15:102][306]LogModuleManager: Shutting down and abandoning module MeshPaintMode (512)
[2018.04.16-20.02.15:102][306]LogModuleManager: Shutting down and abandoning module SceneDepthPickerMode (510)
[2018.04.16-20.02.15:102][306]LogModuleManager: Shutting down and abandoning module ActorPickerMode (508)
[2018.04.16-20.02.15:103][306]LogModuleManager: Shutting down and abandoning module GeometryMode (506)
[2018.04.16-20.02.15:103][306]LogModuleManager: Shutting down and abandoning module TextureAlignMode (504)
[2018.04.16-20.02.15:103][306]LogModuleManager: Shutting down and abandoning module BspMode (502)
[2018.04.16-20.02.15:104][306]LogModuleManager: Shutting down and abandoning module PIEPreviewDeviceProfileSelector (500)
[2018.04.16-20.02.15:104][306]LogModuleManager: Shutting down and abandoning module HardwareSurvey (498)
[2018.04.16-20.02.15:104][306]LogModuleManager: Shutting down and abandoning module SequenceRecorderSections (496)
[2018.04.16-20.02.15:105][306]LogModuleManager: Shutting down and abandoning module AutomationWorker (494)
[2018.04.16-20.02.15:105][306]LogModuleManager: Shutting down and abandoning module MatineeToLevelSequence (492)
[2018.04.16-20.02.15:105][306]LogModuleManager: Shutting down and abandoning module LevelSequenceEditor (490)
[2018.04.16-20.02.15:105][306]LogModuleManager: Shutting down and abandoning module PlacementMode (489)
[2018.04.16-20.02.15:105][306]LogModuleManager: Shutting down and abandoning module WmfMediaFactory (486)
[2018.04.16-20.02.15:105][306]LogModuleManager: Shutting down and abandoning module WmfMediaEditor (484)
[2018.04.16-20.02.15:106][306]LogModuleManager: Shutting down and abandoning module AvfMediaFactory (482)
[2018.04.16-20.02.15:106][306]LogModuleManager: Shutting down and abandoning module AvfMediaEditor (480)
[2018.04.16-20.02.15:106][306]LogModuleManager: Shutting down and abandoning module AndroidMediaFactory (478)
[2018.04.16-20.02.15:107][306]LogModuleManager: Shutting down and abandoning module Media (477)
[2018.04.16-20.02.15:107][306]LogModuleManager: Shutting down and abandoning module AndroidMediaEditor (474)
[2018.04.16-20.02.15:107][306]LogModuleManager: Shutting down and abandoning module CharacterAI (472)
[2018.04.16-20.02.15:107][306]LogModuleManager: Shutting down and abandoning module AudioCapture (470)
[2018.04.16-20.02.15:107][306]LogModuleManager: Shutting down and abandoning module SequenceRecorder (469)
[2018.04.16-20.02.15:107][306]LogModuleManager: Shutting down and abandoning module SmartSnapping (466)
[2018.04.16-20.02.15:107][306]LogModuleManager: Shutting down and abandoning module SessionServices (464)
[2018.04.16-20.02.15:107][306]LogModuleManager: Shutting down and abandoning module ViewportSnapping (462)
[2018.04.16-20.02.15:108][306]LogModuleManager: Shutting down and abandoning module ViewportInteraction (460)
[2018.04.16-20.02.15:108][306]LogModuleManager: Shutting down and abandoning module ClothPainter (458)
[2018.04.16-20.02.15:108][306]LogModuleManager: Shutting down and abandoning module LogVisualizer (456)
[2018.04.16-20.02.15:108][306]LogModuleManager: Shutting down and abandoning module IntroTutorials (454)
[2018.04.16-20.02.15:109][306]LogModuleManager: Shutting down and abandoning module GameProjectGeneration (453)
[2018.04.16-20.02.15:109][306]LogModuleManager: Shutting down and abandoning module IOSPlatformEditor (450)
[2018.04.16-20.02.15:110][306]LogModuleManager: Shutting down and abandoning module HTML5PlatformEditor (448)
[2018.04.16-20.02.15:110][306]LogModuleManager: Shutting down and abandoning module AndroidPlatformEditor (446)
[2018.04.16-20.02.15:110][306]LogModuleManager: Shutting down and abandoning module AndroidDeviceDetection (445)
[2018.04.16-20.02.15:446][306]LogModuleManager: Shutting down and abandoning module WindowsPlatformEditor (442)
[2018.04.16-20.02.15:446][306]LogModuleManager: Shutting down and abandoning module IOSRuntimeSettings (440)
[2018.04.16-20.02.15:446][306]LogModuleManager: Shutting down and abandoning module AndroidRuntimeSettings (438)
[2018.04.16-20.02.15:446][306]LogModuleManager: Shutting down and abandoning module InputBindingEditor (436)
[2018.04.16-20.02.15:446][306]LogModuleManager: Shutting down and abandoning module MergeActors (434)
[2018.04.16-20.02.15:447][306]LogModuleManager: Shutting down and abandoning module SizeMap (432)
[2018.04.16-20.02.15:447][306]LogModuleManager: Shutting down and abandoning module TreeMap (430)
[2018.04.16-20.02.15:447][306]LogModuleManager: Shutting down and abandoning module ReferenceViewer (428)
[2018.04.16-20.02.15:447][306]LogModuleManager: Shutting down and abandoning module LocalizationDashboard (426)
[2018.04.16-20.02.15:448][306]LogModuleManager: Shutting down and abandoning module LocalizationService (425)
[2018.04.16-20.02.15:448][306]LogModuleManager: Shutting down and abandoning module HardwareTargeting (422)
[2018.04.16-20.02.15:449][306]LogModuleManager: Shutting down and abandoning module DeviceProfileEditor (420)
[2018.04.16-20.02.15:449][306]LogModuleManager: Shutting down and abandoning module UndoHistory (418)
[2018.04.16-20.02.15:449][306]LogModuleManager: Shutting down and abandoning module XmlParser (416)
[2018.04.16-20.02.15:449][306]LogModuleManager: Shutting down and abandoning module Blutility (414)
[2018.04.16-20.02.15:449][306]LogModuleManager: Shutting down and abandoning module ProjectSettingsViewer (412)
[2018.04.16-20.02.15:450][306]LogModuleManager: Shutting down and abandoning module ProjectTargetPlatformEditor (411)
[2018.04.16-20.02.15:452][306]LogModuleManager: Shutting down and abandoning module EditorSettingsViewer (408)
[2018.04.16-20.02.15:452][306]LogModuleManager: Shutting down and abandoning module SettingsEditor (406)
[2018.04.16-20.02.15:452][306]LogModuleManager: Shutting down and abandoning module ProjectLauncher (404)
[2018.04.16-20.02.15:452][306]LogModuleManager: Shutting down and abandoning module SessionFrontend (402)
[2018.04.16-20.02.15:452][306]LogModuleManager: Shutting down and abandoning module ProfilerClient (400)
[2018.04.16-20.02.15:453][306]LogModuleManager: Shutting down and abandoning module DeviceManager (398)
[2018.04.16-20.02.15:453][306]LogModuleManager: Shutting down and abandoning module TargetDeviceServices (397)
[2018.04.16-20.02.15:510][306]LogModuleManager: Shutting down and abandoning module AutomationController (394)
[2018.04.16-20.02.15:510][306]LogModuleManager: Shutting down and abandoning module AutomationWindow (392)
[2018.04.16-20.02.15:510][306]LogModuleManager: Shutting down and abandoning module Layers (390)
[2018.04.16-20.02.15:511][306]LogModuleManager: Shutting down and abandoning module ComponentVisualizers (388)
[2018.04.16-20.02.15:511][306]LogModuleManager: Shutting down and abandoning module DetailCustomizations (386)
[2018.04.16-20.02.15:513][306]LogModuleManager: Shutting down and abandoning module PackagesDialog (384)
[2018.04.16-20.02.15:513][306]LogModuleManager: Shutting down and abandoning module Persona (382)
[2018.04.16-20.02.15:514][306]LogModuleManager: Shutting down and abandoning module AdvancedPreviewScene (381)
[2018.04.16-20.02.15:517][306]LogModuleManager: Shutting down and abandoning module AnimGraph (379)
[2018.04.16-20.02.15:518][306]LogModuleManager: Shutting down and abandoning module Kismet (376)
[2018.04.16-20.02.15:526][306]LogModuleManager: Shutting down and abandoning module ClassViewer (374)
[2018.04.16-20.02.15:527][306]LogModuleManager: Shutting down and abandoning module Toolbox (372)
[2018.04.16-20.02.15:527][306]LogModuleManager: Shutting down and abandoning module ModuleUI (370)
[2018.04.16-20.02.15:527][306]LogModuleManager: Shutting down and abandoning module MovieSceneTools (368)
[2018.04.16-20.02.15:528][306]LogModuleManager: Shutting down and abandoning module OutputLog (366)
[2018.04.16-20.02.15:529][306]LogModuleManager: Shutting down and abandoning module GammaUI (364)
[2018.04.16-20.02.15:529][306]LogModuleManager: Shutting down and abandoning module Documentation (362)
[2018.04.16-20.02.15:530][306]LogModuleManager: Shutting down and abandoning module MovieSceneTracks (360)
[2018.04.16-20.02.15:536][306]LogModuleManager: Shutting down and abandoning module MovieScene (358)
[2018.04.16-20.02.15:536][306]LogModuleManager: Shutting down and abandoning module Niagara (356)
[2018.04.16-20.02.15:536][306]LogModuleManager: Shutting down and abandoning module NiagaraEditor (355)
[2018.04.16-20.02.15:537][306]LogModuleManager: Shutting down and abandoning module StreamingPauseRendering (352)
[2018.04.16-20.02.15:537][306]LogModuleManager: Shutting down and abandoning module LauncherPlatform (350)
[2018.04.16-20.02.15:538][306]LogModuleManager: Shutting down and abandoning module AnalyticsET (348)
[2018.04.16-20.02.15:538][306]LogModuleManager: Shutting down and abandoning module PortalServices (346)
[2018.04.16-20.02.15:538][306]LogModuleManager: Shutting down and abandoning module PortalRpc (344)
[2018.04.16-20.02.15:538][306]LogModuleManager: Shutting down and abandoning module MessagingRpc (342)
[2018.04.16-20.02.15:538][306]LogModuleManager: Shutting down and abandoning module AIModule (340)
[2018.04.16-20.02.15:539][306]LogModuleManager: Shutting down and abandoning module GameplayDebugger (339)
[2018.04.16-20.02.15:540][306]LogModuleManager: Shutting down and abandoning module AITestSuite (337)
[2018.04.16-20.02.15:540][306]LogModuleManager: Shutting down and abandoning module ProfilerService (334)
[2018.04.16-20.02.15:605][306]LogModuleManager: Shutting down and abandoning module TaskGraph (332)
[2018.04.16-20.02.15:605][306]LogModuleManager: Shutting down and abandoning module SteamVRController (330)
[2018.04.16-20.02.15:606][306]LogModuleManager: Shutting down and abandoning module ProceduralMeshComponentEditor (328)
[2018.04.16-20.02.15:606][306]LogModuleManager: Shutting down and abandoning module ProceduralMeshComponent (326)
[2018.04.16-20.02.15:606][306]LogModuleManager: Shutting down and abandoning module OculusInput (324)
[2018.04.16-20.02.15:606][306]LogModuleManager: Shutting down and abandoning module MobilePatchingUtils (322)
[2018.04.16-20.02.15:606][306]LogModuleManager: Shutting down and abandoning module CustomMeshComponent (320)
[2018.04.16-20.02.15:607][306]LogModuleManager: Shutting down and abandoning module CableComponent (318)
[2018.04.16-20.02.15:607][306]LogModuleManager: Shutting down and abandoning module ArchVisCharacter (316)
[2018.04.16-20.02.15:607][306]LogModuleManager: Shutting down and abandoning module AndroidPermission (314)
[2018.04.16-20.02.15:607][306]LogModuleManager: Shutting down and abandoning module MediaPlayerEditor (310)
[2018.04.16-20.02.15:608][306]LogModuleManager: Shutting down and abandoning module HTML5Networking (308)
[2018.04.16-20.02.15:608][306]LogModuleManager: Shutting down and abandoning module AlembicImporter (306)
[2018.04.16-20.02.15:608][306]LogModuleManager: Shutting down and abandoning module AlembicLibrary (305)
[2018.04.16-20.02.15:609][306]LogModuleManager: Shutting down and abandoning module GeometryCache (304)
[2018.04.16-20.02.15:609][306]LogModuleManager: Shutting down and abandoning module GeometryCacheEd (303)
[2018.04.16-20.02.15:609][306]LogModuleManager: Shutting down and abandoning module SpeedTreeImporter (298)
[2018.04.16-20.02.15:609][306]LogModuleManager: Shutting down and abandoning module PluginBrowser (296)
[2018.04.16-20.02.15:609][306]LogModuleManager: Shutting down and abandoning module MobileLauncherProfileWizard (294)
[2018.04.16-20.02.15:610][306]LogModuleManager: Shutting down and abandoning module VisualStudioSourceCodeAccess (292)
[2018.04.16-20.02.15:610][306]LogModuleManager: Shutting down and abandoning module DesktopPlatform (291)
[2018.04.16-20.02.15:610][306]LogModuleManager: Shutting down and abandoning module UObjectPlugin (288)
[2018.04.16-20.02.15:610][306]LogModuleManager: Shutting down and abandoning module SubversionSourceControl (286)
[2018.04.16-20.02.15:610][306]LogModuleManager: Shutting down and abandoning module PerforceSourceControl (284)
[2018.04.16-20.02.15:611][306]LogModuleManager: Shutting down and abandoning module GitSourceControl (282)
[2018.04.16-20.02.15:611][306]LogModuleManager: Shutting down and abandoning module SourceControl (281)
[2018.04.16-20.02.15:611][306]LogModuleManager: Shutting down and abandoning module LightPropagationVolumeEditor (278)
[2018.04.16-20.02.15:611][306]LogModuleManager: Shutting down and abandoning module PaperTiledImporter (276)
[2018.04.16-20.02.15:611][306]LogModuleManager: Shutting down and abandoning module PaperSpriteSheetImporter (274)
[2018.04.16-20.02.15:612][306]LogModuleManager: Shutting down and abandoning module Paper2DEditor (272)
[2018.04.16-20.02.15:612][306]LogModuleManager: Shutting down and abandoning module MeshPaint (271)
[2018.04.16-20.02.15:612][306]LogModuleManager: Shutting down and abandoning module LevelEditor (269)
[2018.04.16-20.02.15:626][306]LogModuleManager: Shutting down and abandoning module PixelInspectorModule (268)
[2018.04.16-20.02.15:626][306]LogModuleManager: Shutting down and abandoning module MainFrame (266)
[2018.04.16-20.02.15:627][306]LogModuleManager: Shutting down and abandoning module HotReload (265)
[2018.04.16-20.02.15:630][306]LogModuleManager: Shutting down and abandoning module RuntimePhysXCooking (260)
[2018.04.16-20.02.15:630][306]LogModuleManager: Shutting down and abandoning module PhysXVehiclesEditor (258)
[2018.04.16-20.02.15:631][306]LogModuleManager: Shutting down and abandoning module PhysXVehicles (256)
[2018.04.16-20.02.15:632][306]LogModuleManager: Shutting down and abandoning module OculusEditor (254)
[2018.04.16-20.02.15:637][306]LogModuleManager: Shutting down and abandoning module LocationServicesBPLibrary (252)
[2018.04.16-20.02.15:637][306]LogModuleManager: Shutting down and abandoning module ImmediatePhysicsEditor (250)
[2018.04.16-20.02.15:638][306]LogModuleManager: Shutting down and abandoning module ImmediatePhysics (248)
[2018.04.16-20.02.15:639][306]LogModuleManager: Shutting down and abandoning module UdpMessaging (246)
[2018.04.16-20.02.15:740][306]LogModuleManager: Shutting down and abandoning module TcpMessaging (244)
[2018.04.16-20.02.15:841][306]LogModuleManager: Shutting down and abandoning module GameplayTagsEditor (242)
[2018.04.16-20.02.15:842][306]LogModuleManager: Shutting down and abandoning module FacialAnimationEditor (240)
[2018.04.16-20.02.15:842][306]LogModuleManager: Shutting down and abandoning module FacialAnimation (238)
[2018.04.16-20.02.15:842][306]LogModuleManager: Shutting down and abandoning module AssetManagerEditor (236)
[2018.04.16-20.02.15:843][306]LogModuleManager: Shutting down and abandoning module GraphEditor (235)
[2018.04.16-20.02.15:843][306]LogModuleManager: Shutting down and abandoning module ContentBrowser (233)
[2018.04.16-20.02.15:858][306]LogModuleManager: Shutting down and abandoning module LightPropagationVolumeRuntime (230)
[2018.04.16-20.02.15:858][306]LogModuleManager: Shutting down and abandoning module Paper2D (228)
[2018.04.16-20.02.15:858][306]LogModuleManager: Shutting down and abandoning module WindowsMoviePlayer (226)
[2018.04.16-20.02.15:858][306]LogModuleManager: Shutting down and abandoning module WmfMedia (224)
[2018.04.16-20.02.15:870][306]LogModuleManager: Shutting down and abandoning module PacketHandler (222)
[2018.04.16-20.02.15:870][306]LogModuleManager: Shutting down and abandoning module ClothingSystemEditor (220)
[2018.04.16-20.02.15:870][306]LogModuleManager: Shutting down and abandoning module ClothingSystemRuntime (218)
[2018.04.16-20.02.15:870][306]LogModuleManager: Shutting down and abandoning module Overlay (216)
[2018.04.16-20.02.15:871][306]LogModuleManager: Shutting down and abandoning module OverlayEditor (215)
[2018.04.16-20.02.15:871][306]LogModuleManager: Shutting down and abandoning module MediaAssets (212)
[2018.04.16-20.02.15:871][306]LogModuleManager: Shutting down and abandoning module VREditor (210)
[2018.04.16-20.02.15:871][306]LogModuleManager: Shutting down and abandoning module StringTableEditor (208)
[2018.04.16-20.02.15:871][306]LogModuleManager: Shutting down and abandoning module GameplayTasksEditor (206)
[2018.04.16-20.02.15:871][306]LogModuleManager: Shutting down and abandoning module BehaviorTreeEditor (204)
[2018.04.16-20.02.15:872][306]LogModuleManager: Shutting down and abandoning module FunctionalTesting (202)
[2018.04.16-20.02.15:872][306]LogModuleManager: Shutting down and abandoning module CollisionAnalyzer (200)
[2018.04.16-20.02.15:872][306]LogModuleManager: Shutting down and abandoning module WorkspaceMenuStructure (199)
[2018.04.16-20.02.15:872][306]LogModuleManager: Shutting down and abandoning module UMG (196)
[2018.04.16-20.02.15:872][306]LogModuleManager: Shutting down and abandoning module UMGEditor (195)
[2018.04.16-20.02.15:873][306]LogModuleManager: Shutting down and abandoning module Sequencer (194)
[2018.04.16-20.02.15:874][306]LogModuleManager: Shutting down and abandoning module MessageLog (191)
[2018.04.16-20.02.15:874][306]LogModuleManager: Shutting down and abandoning module SlateReflector (186)
[2018.04.16-20.02.15:874][306]LogModuleManager: Shutting down and abandoning module Slate (184)
[2018.04.16-20.02.15:874][306]LogModuleManager: Shutting down and abandoning module EditorStyle (182)
[2018.04.16-20.02.15:893][306]LogModuleManager: Shutting down and abandoning module MRMesh (180)
[2018.04.16-20.02.15:893][306]LogModuleManager: Shutting down and abandoning module SourceCodeAccess (178)
[2018.04.16-20.02.15:894][306]LogModuleManager: Shutting down and abandoning module HeadMountedDisplay (176)
[2018.04.16-20.02.15:894][306]LogModuleManager: Shutting down and abandoning module XAudio2 (174)
[2018.04.16-20.02.15:894][306]LogModuleManager: Shutting down and abandoning module Networking (172)
[2018.04.16-20.02.15:894][306]LogModuleManager: Shutting down and abandoning module Core (168)
[2018.04.16-20.02.15:894][306]LogModuleManager: Shutting down and abandoning module KismetCompiler (164)
[2018.04.16-20.02.15:895][306]LogModuleManager: Shutting down and abandoning module LevelSequence (162)
[2018.04.16-20.02.15:896][306]LogModuleManager: Shutting down and abandoning module MeshUtilities (160)
[2018.04.16-20.02.15:896][306]LogModuleManager: Shutting down and abandoning module MeshMergeUtilities (159)
[2018.04.16-20.02.15:897][306]LogModuleManager: Shutting down and abandoning module MeshReductionInterface (158)
[2018.04.16-20.02.15:897][306]LogModuleManager: Shutting down and abandoning module SimplygonSwarm (157)
[2018.04.16-20.02.15:897][306]LogModuleManager: Shutting down and abandoning module SimplygonMeshReduction (155)
[2018.04.16-20.02.15:898][306]LogModuleManager: Shutting down and abandoning module QuadricMeshReduction (153)
[2018.04.16-20.02.15:898][306]LogModuleManager: Shutting down and abandoning module MaterialBaking (149)
[2018.04.16-20.02.15:899][306]LogModuleManager: Shutting down and abandoning module DirectoryWatcher (146)
[2018.04.16-20.02.15:944][306]LogModuleManager: Shutting down and abandoning module DerivedDataCache (144)
[2018.04.16-20.02.16:026][306]LogDerivedDataCache: Shutdown
[2018.04.16-20.02.16:026][306]LogModuleManager: Shutting down and abandoning module TargetPlatform (142)
[2018.04.16-20.02.16:027][306]LogModuleManager: Shutting down and abandoning module VulkanShaderFormat (141)
[2018.04.16-20.02.16:027][306]LogModuleManager: Shutting down and abandoning module ShaderFormatVectorVM (139)
[2018.04.16-20.02.16:027][306]LogModuleManager: Shutting down and abandoning module ShaderFormatOpenGL (137)
[2018.04.16-20.02.16:027][306]LogModuleManager: Shutting down and abandoning module ShaderFormatD3D (135)
[2018.04.16-20.02.16:028][306]LogModuleManager: Shutting down and abandoning module MetalShaderFormat (133)
[2018.04.16-20.02.16:028][306]LogModuleManager: Shutting down and abandoning module TextureFormatUncompressed (131)
[2018.04.16-20.02.16:028][306]LogModuleManager: Shutting down and abandoning module TextureFormatPVR (129)
[2018.04.16-20.02.16:028][306]LogModuleManager: Shutting down and abandoning module TextureFormatDXT (127)
[2018.04.16-20.02.16:029][306]LogModuleManager: Shutting down and abandoning module TextureFormatIntelISPCTexComp (125)
[2018.04.16-20.02.16:029][306]LogModuleManager: Shutting down and abandoning module TextureFormatASTC (123)
[2018.04.16-20.02.16:030][306]LogModuleManager: Shutting down and abandoning module ImageWrapper (122)
[2018.04.16-20.02.16:030][306]LogModuleManager: Shutting down and abandoning module TextureFormatAndroid (119)
[2018.04.16-20.02.16:030][306]LogModuleManager: Shutting down and abandoning module AudioFormatOpus (117)
[2018.04.16-20.02.16:031][306]LogModuleManager: Shutting down and abandoning module AudioFormatOgg (115)
[2018.04.16-20.02.16:031][306]LogModuleManager: Shutting down and abandoning module AudioFormatADPCM (113)
[2018.04.16-20.02.16:031][306]LogModuleManager: Shutting down and abandoning module LinuxTargetPlatform (111)
[2018.04.16-20.02.16:032][306]LogModuleManager: Shutting down and abandoning module LinuxServerTargetPlatform (109)
[2018.04.16-20.02.16:032][306]LogModuleManager: Shutting down and abandoning module LinuxNoEditorTargetPlatform (107)
[2018.04.16-20.02.16:032][306]LogModuleManager: Shutting down and abandoning module LinuxClientTargetPlatform (105)
[2018.04.16-20.02.16:034][306]LogModuleManager: Shutting down and abandoning module TVOSTargetPlatform (103)
[2018.04.16-20.02.16:035][306]LogModuleManager: Shutting down and abandoning module Messaging (101)
[2018.04.16-20.02.16:035][306]LogModuleManager: Shutting down and abandoning module IOSTargetPlatform (99)
[2018.04.16-20.02.16:035][306]LogModuleManager: Shutting down and abandoning module HTML5TargetPlatform (97)
[2018.04.16-20.02.16:036][306]LogModuleManager: Shutting down and abandoning module Android_PVRTCTargetPlatform (95)
[2018.04.16-20.02.16:036][306]LogModuleManager: Shutting down and abandoning module Android_MultiTargetPlatform (93)
[2018.04.16-20.02.16:037][306]LogModuleManager: Shutting down and abandoning module Android_ETC2TargetPlatform (91)
[2018.04.16-20.02.16:037][306]LogModuleManager: Shutting down and abandoning module Android_ETC1TargetPlatform (89)
[2018.04.16-20.02.16:037][306]LogModuleManager: Shutting down and abandoning module Android_DXTTargetPlatform (87)
[2018.04.16-20.02.16:038][306]LogModuleManager: Shutting down and abandoning module Android_ATCTargetPlatform (85)
[2018.04.16-20.02.16:038][306]LogModuleManager: Shutting down and abandoning module Android_ASTCTargetPlatform (83)
[2018.04.16-20.02.16:038][306]LogModuleManager: Shutting down and abandoning module AndroidTargetPlatform (81)
[2018.04.16-20.02.16:038][306]LogModuleManager: Shutting down and abandoning module WindowsTargetPlatform (79)
[2018.04.16-20.02.16:038][306]LogModuleManager: Shutting down and abandoning module WindowsServerTargetPlatform (77)
[2018.04.16-20.02.16:039][306]LogModuleManager: Shutting down and abandoning module WindowsNoEditorTargetPlatform (75)
[2018.04.16-20.02.16:039][306]LogModuleManager: Shutting down and abandoning module WindowsClientTargetPlatform (73)
[2018.04.16-20.02.16:039][306]LogModuleManager: Shutting down and abandoning module MacTargetPlatform (71)
[2018.04.16-20.02.16:039][306]LogModuleManager: Shutting down and abandoning module MacServerTargetPlatform (69)
[2018.04.16-20.02.16:039][306]LogModuleManager: Shutting down and abandoning module MacNoEditorTargetPlatform (67)
[2018.04.16-20.02.16:039][306]LogModuleManager: Shutting down and abandoning module MacClientTargetPlatform (65)
[2018.04.16-20.02.16:040][306]LogModuleManager: Shutting down and abandoning module AllDesktopTargetPlatform (63)
[2018.04.16-20.02.16:040][306]LogModuleManager: Shutting down and abandoning module InputCore (60)
[2018.04.16-20.02.16:040][306]LogModuleManager: Shutting down and abandoning module Settings (58)
[2018.04.16-20.02.16:040][306]LogModuleManager: Shutting down and abandoning module PhysXCooking (56)
[2018.04.16-20.02.16:040][306]LogModuleManager: Shutting down and abandoning module SteamVR (54)
[2018.04.16-20.02.16:041][306]LogModuleManager: Shutting down and abandoning module OculusHMD (52)
[2018.04.16-20.02.16:041][306]LogModuleManager: Shutting down and abandoning module ExampleDeviceProfileSelector (50)
[2018.04.16-20.02.16:041][306]LogModuleManager: Shutting down and abandoning module OnlineBlueprintSupport (48)
[2018.04.16-20.02.16:041][306]LogModuleManager: Shutting down and abandoning module OnlineSubsystem (44)
[2018.04.16-20.02.16:041][306]LogOnline: Display: Unloading online subsystem: NULL
[2018.04.16-20.02.16:042][306]LogModuleManager: Shutting down and abandoning module XMPP (43)
[2018.04.16-20.02.16:043][306]LogModuleManager: Shutting down and abandoning module HTTP (41)
[2018.04.16-20.02.16:043][306]LogHttp: Display: Http module shutting down, but needs to wait on 1 outstanding Http requests:
[2018.04.16-20.02.16:043][306]LogHttp: Display: 	verb=[POST] url=[https://datarouter.ol.epicgames.com/datarouter/api/v1/public/data?SessionID=%7B3E512638-44EB-6C11-9324-D8BB24CD59A6%7D&AppID=UEEditor.Rocket.Release&AppVersion=4.17.2-3658906%2B%2B%2BUE4%2BRelease-4.17&UserID=8310b7f844940d5f8d1c80a09722da98%7Cd99c23929b9c4683916438a68043639f%7C625fbe65-b002-4b2e-9128-058dcbb6f404&AppEnvironment=datacollector-binary&UploadType=eteventstream] status=Processing
[2018.04.16-20.02.16:060][306]LogModuleManager: Shutting down and abandoning module SSL (40)
[2018.04.16-20.02.16:070][306]LogModuleManager: Shutting down and abandoning module AnimationModifiers (36)
[2018.04.16-20.02.16:071][306]LogModuleManager: Shutting down and abandoning module PropertyEditor (35)
[2018.04.16-20.02.16:071][306]LogModuleManager: Shutting down and abandoning module AudioEditor (32)
[2018.04.16-20.02.16:071][306]LogModuleManager: Shutting down and abandoning module TextureCompressor (30)
[2018.04.16-20.02.16:072][306]LogModuleManager: Shutting down and abandoning module ShaderCore (28)
[2018.04.16-20.02.16:072][306]LogModuleManager: Shutting down and abandoning module Landscape (26)
[2018.04.16-20.02.16:072][306]LogModuleManager: Shutting down and abandoning module SlateRHIRenderer (24)
[2018.04.16-20.02.16:083][306]LogModuleManager: Shutting down and abandoning module OpenGLDrv (22)
[2018.04.16-20.02.16:083][306]LogModuleManager: Shutting down and abandoning module D3D11RHI (20)
[2018.04.16-20.02.16:083][306]LogModuleManager: Shutting down and abandoning module AnimGraphRuntime (18)
[2018.04.16-20.02.16:084][306]LogModuleManager: Shutting down and abandoning module Renderer (16)
[2018.04.16-20.02.16:084][306]LogModuleManager: Shutting down and abandoning module Engine (14)
[2018.04.16-20.02.16:084][306]LogModuleManager: Shutting down and abandoning module CoreUObject (12)
[2018.04.16-20.02.16:084][306]LogModuleManager: Shutting down and abandoning module NetworkFile (10)
[2018.04.16-20.02.16:084][306]LogModuleManager: Shutting down and abandoning module CookedIterativeFile (8)
[2018.04.16-20.02.16:084][306]LogModuleManager: Shutting down and abandoning module StreamingFile (6)
[2018.04.16-20.02.16:084][306]LogModuleManager: Shutting down and abandoning module SandboxFile (4)
[2018.04.16-20.02.16:085][306]LogModuleManager: Shutting down and abandoning module PakFile (2)
[2018.04.16-20.02.16:093][306]LogExit: Exiting.
[2018.04.16-20.02.16:476][306]Log file closed, 04/16/18 21:02:16
