Log file open, 04/09/18 19:38:08
LogWindows: Failed to load 'aqProf.dll' (GetLastError=126)
LogWindows: File 'aqProf.dll' does not exist
LogWindows: Failed to load 'VSPerf140.dll' (GetLastError=126)
LogWindows: File 'VSPerf140.dll' does not exist
LogWindows: Failed to load 'VtuneApi.dll' (GetLastError=126)
LogWindows: File 'VtuneApi.dll' does not exist
LogWindows: Failed to load 'VtuneApi32e.dll' (GetLastError=126)
LogWindows: File 'VtuneApi32e.dll' does not exist
LogInit: Display: Running engine for game: AntsGame
LogPlatformFile: Not using cached read wrapper
LogInit: Display: RandInit(-1806516900) SRandInit(-1806516899).
LogTaskGraph: Started task graph with 5 named threads and 8 total threads with 3 sets of task threads.
LogStats: Stats thread started at 0.435617
LogD3D11RHI: Aftermath initialized
LogPluginManager: Mounting plugin Paper2D
LogPluginManager: Mounting plugin LightPropagationVolume
LogPluginManager: Mounting plugin CodeLiteSourceCodeAccess
LogPluginManager: Mounting plugin GitSourceControl
LogPluginManager: Mounting plugin KDevelopSourceCodeAccess
LogPluginManager: Mounting plugin NullSourceCodeAccess
LogPluginManager: Mounting plugin PerforceSourceControl
LogPluginManager: Mounting plugin SubversionSourceControl
LogPluginManager: Mounting plugin UObjectPlugin
LogPluginManager: Mounting plugin VisualStudioSourceCodeAccess
LogPluginManager: Mounting plugin XCodeSourceCodeAccess
LogPluginManager: Mounting plugin AssetManagerEditor
LogPluginManager: Mounting plugin AudioCapture
LogPluginManager: Mounting plugin FacialAnimation
LogPluginManager: Mounting plugin GameplayTagsEditor
LogPluginManager: Mounting plugin MobileLauncherProfileWizard
LogPluginManager: Mounting plugin PluginBrowser
LogPluginManager: Mounting plugin SpeedTreeImporter
LogPluginManager: Mounting plugin AlembicImporter
LogPluginManager: Mounting plugin CharacterAI
LogPluginManager: Mounting plugin HTML5Networking
LogPluginManager: Mounting plugin AndroidMedia
LogPluginManager: Mounting plugin AvfMedia
LogPluginManager: Mounting plugin MediaPlayerEditor
LogPluginManager: Mounting plugin WmfMedia
LogPluginManager: Mounting plugin TcpMessaging
LogPluginManager: Mounting plugin UdpMessaging
LogPluginManager: Mounting plugin LevelSequenceEditor
LogPluginManager: Mounting plugin MatineeToLevelSequence
LogPluginManager: Mounting plugin OnlineSubsystemGooglePlay
LogPluginManager: Mounting plugin OnlineSubsystemIOS
LogPluginManager: Mounting plugin OnlineSubsystem
LogPluginManager: Mounting plugin OnlineSubsystemNull
LogPluginManager: Mounting plugin OnlineSubsystemUtils
LogPluginManager: Mounting plugin AndroidDeviceProfileSelector
LogPluginManager: Mounting plugin AndroidMoviePlayer
LogPluginManager: Mounting plugin AndroidPermission
LogPluginManager: Mounting plugin AppleMoviePlayer
LogPluginManager: Mounting plugin ArchVisCharacter
LogPluginManager: Mounting plugin CableComponent
LogPluginManager: Mounting plugin CustomMeshComponent
LogPluginManager: Mounting plugin ExampleDeviceProfileSelector
LogPluginManager: Mounting plugin GoogleCloudMessaging
LogPluginManager: Mounting plugin ImmediatePhysics
LogPluginManager: Mounting plugin IOSDeviceProfileSelector
LogPluginManager: Mounting plugin LinuxDeviceProfileSelector
LogPluginManager: Mounting plugin LocationServicesBPLibrary
LogPluginManager: Mounting plugin MobilePatchingUtils
LogPluginManager: Mounting plugin OculusVR
LogPluginManager: Mounting plugin PhysXVehicles
LogPluginManager: Mounting plugin ProceduralMeshComponent
LogPluginManager: Mounting plugin RuntimePhysXCooking
LogPluginManager: Mounting plugin SteamVR
LogPluginManager: Mounting plugin WindowsMoviePlayer
LogInit: Using libcurl 7.47.1
LogInit:  - built for x86_64-pc-win32
LogInit:  - supports SSL with OpenSSL/1.0.2g
LogInit:  - supports HTTP deflate (compression) using libz 1.2.8
LogInit:  - other features:
LogInit:      CURL_VERSION_SSL
LogInit:      CURL_VERSION_LIBZ
LogInit:      CURL_VERSION_IPV6
LogInit:      CURL_VERSION_ASYNCHDNS
LogInit:      CURL_VERSION_LARGEFILE
LogInit:      CURL_VERSION_IDN
LogInit:  CurlRequestOptions (configurable via config and command line):
LogInit:  - bVerifyPeer = false  - Libcurl will NOT verify peer certificate
LogInit:  - bUseHttpProxy = false  - Libcurl will NOT use HTTP proxy
LogInit:  - bDontReuseConnections = false  - Libcurl will reuse connections
LogInit:  - CertBundlePath = nullptr  - Libcurl will use whatever was configured at build time.
LogInit: Build: ++UE4+Release-4.17-CL-3658906
LogInit: Engine Version: 4.17.2-3658906+++UE4+Release-4.17
LogInit: Compatible Engine Version: 4.17.0-3573198+++UE4+Release-4.17
LogInit: Net CL: 3573198
LogDevObjectVersion: Number of dev versions registered: 16
LogDevObjectVersion:   Dev-Blueprints (B0D832E4-1F89-4F0D-ACCF-7EB736FD4AA2): 10
LogDevObjectVersion:   Dev-Build (E1C64328-A22C-4D53-A36C-8E866417BD8C): 0
LogDevObjectVersion:   Dev-Core (375EC13C-06E4-48FB-B500-84F0262A717E): 2
LogDevObjectVersion:   Dev-Editor (E4B068ED-F494-42E9-A231-DA0B2E46BB41): 20
LogDevObjectVersion:   Dev-Framework (CFFC743F-43B0-4480-9391-14DF171D2073): 28
LogDevObjectVersion:   Dev-Mobile (B02B49B5-BB20-44E9-A304-32B752E40360): 0
LogDevObjectVersion:   Dev-Networking (A4E4105C-59A1-49B5-A7C5-40C4547EDFEE): 0
LogDevObjectVersion:   Dev-Online (39C831C9-5AE6-47DC-9A44-9C173E1C8E7C): 0
LogDevObjectVersion:   Dev-Physics (78F01B33-EBEA-4F98-B9B4-84EACCB95AA2): 0
LogDevObjectVersion:   Dev-Platform (6631380F-2D4D-43E0-8009-CF276956A95A): 0
LogDevObjectVersion:   Dev-Rendering (12F88B9F-8875-4AFC-A67C-D90C383ABD29): 19
LogDevObjectVersion:   Dev-Sequencer (7B5AE74C-D270-4C10-A958-57980B212A5A): 4
LogDevObjectVersion:   Dev-VR (D7296918-1DD6-4BDD-9DE2-64A83CC13884): 0
LogDevObjectVersion:   Dev-LoadTimes (C2A15278-BFE7-4AFE-6C17-90FF531DF755): 1
LogDevObjectVersion:   Private-Geometry (6EACA3D4-40EC-4CC1-B786-8BED09428FC5): 1
LogDevObjectVersion:   Dev-AnimPhys (29E575DD-E0A3-4627-9D10-D276232CDCEA): 7
LogInit: Compiled (64-bit): Sep 22 2017 13:47:16
LogInit: Compiled with Visual C++: 19.00.24215.01
LogInit: Build Configuration: Development
LogInit: Branch Name: ++UE4+Release-4.17
LogInit: Command line: -EpicPortal 
LogInit: Base directory: D:/Game Dev/Epic Games/UE_4.17/Engine/Binaries/Win64/
LogInit: Installed Engine Build: 1
LogInit: Presizing for max 8388607 objects, including 0 objects not considered by GC, pre-allocating 0 bytes for permanent pool.
LogInit: Object subsystem initialized
[2018.04.09-18.38.11:918][  0]LogInit: Selected Device Profile: [Windows]
[2018.04.09-18.38.11:919][  0]LogInit: Applying CVar settings loaded from the selected device profile: [Windows]
[2018.04.09-18.38.12:009][  0]LogInit: Computer: LAPTOP-CLI7GUMK
[2018.04.09-18.38.12:009][  0]LogInit: User: Gary
[2018.04.09-18.38.12:009][  0]LogInit: CPU Page size=4096, Cores=2
[2018.04.09-18.38.12:010][  0]LogInit: High frequency timer resolution =2.835939 MHz
[2018.04.09-18.38.12:011][  0]LogMemory: Memory total: Physical=7.9GB (8GB approx)
[2018.04.09-18.38.12:011][  0]LogMemory: Platform Memory Stats for Windows
[2018.04.09-18.38.12:012][  0]LogMemory: Process Physical Memory: 282.11 MB used, 282.11 MB peak
[2018.04.09-18.38.12:012][  0]LogMemory: Process Virtual Memory: 277.31 MB used, 277.31 MB peak
[2018.04.09-18.38.12:012][  0]LogMemory: Physical Memory: 4936.59 MB used,  3149.53 MB free, 8086.12 MB total
[2018.04.09-18.38.12:012][  0]LogMemory: Virtual Memory: 696.95 MB used,  3149.53 MB free, 134217728.00 MB total
[2018.04.09-18.38.12:671][  0]LogInit: Using OS detected language (en-GB).
[2018.04.09-18.38.12:671][  0]LogInit: Using OS detected locale (en-GB).
[2018.04.09-18.38.12:686][  0]LogTextLocalizationManager: No specific localization for 'en-GB' exists, so the 'en' localization will be used.
[2018.04.09-18.38.15:753][  0]LogD3D11RHI: D3D11 adapters:
[2018.04.09-18.38.15:794][  0]LogD3D11RHI:    0. 'Intel(R) HD Graphics 620' (Feature Level 11_0)
[2018.04.09-18.38.15:795][  0]LogD3D11RHI:       128/0/4043 MB DedicatedVideo/DedicatedSystem/SharedSystem, Outputs:1, VendorId:0x8086
[2018.04.09-18.38.15:805][  0]LogD3D11RHI:    1. 'Microsoft Basic Render Driver' (Feature Level 11_0)
[2018.04.09-18.38.15:805][  0]LogD3D11RHI:       0/0/4043 MB DedicatedVideo/DedicatedSystem/SharedSystem, Outputs:0, VendorId:0x1414
[2018.04.09-18.38.15:805][  0]LogD3D11RHI: Chosen D3D11 Adapter: 0
[2018.04.09-18.38.15:826][  0]LogD3D11RHI: Creating new Direct3DDevice
[2018.04.09-18.38.15:826][  0]LogD3D11RHI:     GPU DeviceId: 0x5916 (for the marketing name, search the web for "GPU Device Id")
[2018.04.09-18.38.15:827][  0]LogWindows: EnumDisplayDevices:
[2018.04.09-18.38.15:827][  0]LogWindows:    0. 'Intel(R) HD Graphics 620' (P:1 D:1)
[2018.04.09-18.38.15:828][  0]LogWindows:    1. 'Intel(R) HD Graphics 620' (P:0 D:0)
[2018.04.09-18.38.15:828][  0]LogWindows:    2. 'Intel(R) HD Graphics 620' (P:0 D:0)
[2018.04.09-18.38.15:829][  0]LogWindows: DebugString: GetVideoDriverDetailsInvalid PrimaryIsNotTheChoosenAdapter GetVideoDriverDetailsInvalid PrimaryIsNotTheChoosenAdapter GetVideoDriverDetailsInvalid PrimaryIsNotTheChoosenAdapter FoundDriverCount:0 
[2018.04.09-18.38.15:829][  0]LogD3D11RHI:     Adapter Name: Intel(R) HD Graphics 620
[2018.04.09-18.38.15:829][  0]LogD3D11RHI:   Driver Version: Unknown (internal:Unknown, unified:Unknown)
[2018.04.09-18.38.15:829][  0]LogD3D11RHI:      Driver Date: Unknown
[2018.04.09-18.38.15:829][  0]LogRHI: Texture pool is 1361 MB (70% of 1945 MB)
[2018.04.09-18.38.15:858][  0]LogD3D11RHI: Async texture creation enabled
[2018.04.09-18.38.15:879][  0]LogD3D11RHI: GPU Timing Frequency: 12.000000 (Debug: 2 0)
[2018.04.09-18.38.15:886][  0]LogShaderCompilers: Guid format shader working directory is 19 characters bigger than the processId version (../../../../Projects/TDEMO-/Intermediate/Shaders/WorkingDirectory/952/).
[2018.04.09-18.38.15:886][  0]LogShaderCompilers: Cleaned the shader compiler working directory 'C:/Users/Gary/AppData/Local/Temp/UnrealShaderWorkingDir/C7522C7A4B958C9706DC02A2C808E7ED/'.
[2018.04.09-18.38.15:887][  0]LogShaderCompilers: Display: Using Local Shader Compiler.
[2018.04.09-18.38.19:704][  0]LogTemp: Display: Loaded TP AllDesktopTargetPlatform
[2018.04.09-18.38.19:887][  0]LogTemp: Display: Loaded TP MacClientTargetPlatform
[2018.04.09-18.38.20:077][  0]LogTemp: Display: Loaded TP MacNoEditorTargetPlatform
[2018.04.09-18.38.20:271][  0]LogTemp: Display: Loaded TP MacServerTargetPlatform
[2018.04.09-18.38.20:478][  0]LogTemp: Display: Loaded TP MacTargetPlatform
[2018.04.09-18.38.20:659][  0]LogTemp: Display: Loaded TP WindowsClientTargetPlatform
[2018.04.09-18.38.20:846][  0]LogTemp: Display: Loaded TP WindowsNoEditorTargetPlatform
[2018.04.09-18.38.21:032][  0]LogTemp: Display: Loaded TP WindowsServerTargetPlatform
[2018.04.09-18.38.21:192][  0]LogTemp: Display: Loaded TP WindowsTargetPlatform
[2018.04.09-18.38.21:372][  0]LogTemp: Display: Loaded TP AndroidTargetPlatform
[2018.04.09-18.38.21:548][  0]LogTemp: Display: Loaded TP Android_ASTCTargetPlatform
[2018.04.09-18.38.21:727][  0]LogTemp: Display: Loaded TP Android_ATCTargetPlatform
[2018.04.09-18.38.21:901][  0]LogTemp: Display: Loaded TP Android_DXTTargetPlatform
[2018.04.09-18.38.22:096][  0]LogTemp: Display: Loaded TP Android_ETC1TargetPlatform
[2018.04.09-18.38.22:284][  0]LogTemp: Display: Loaded TP Android_ETC2TargetPlatform
[2018.04.09-18.38.22:640][  0]LogTemp: Display: Loaded TP Android_MultiTargetPlatform
[2018.04.09-18.38.22:640][  0]LogTemp: Display: Loaded TP Android_PVRTCTargetPlatform
[2018.04.09-18.38.22:777][  0]LogTemp: Display: Loaded TP HTML5TargetPlatform
[2018.04.09-18.38.23:050][  0]LogTemp: Display: Loaded TP IOSTargetPlatform
[2018.04.09-18.38.23:163][  0]LogTemp: Display: Loaded TP TVOSTargetPlatform
[2018.04.09-18.38.23:344][  0]LogTemp: Display: Loaded TP LinuxClientTargetPlatform
[2018.04.09-18.38.23:519][  0]LogTemp: Display: Loaded TP LinuxNoEditorTargetPlatform
[2018.04.09-18.38.23:694][  0]LogTemp: Display: Loaded TP LinuxServerTargetPlatform
[2018.04.09-18.38.23:872][  0]LogTemp: Display: Loaded TP LinuxTargetPlatform
[2018.04.09-18.38.23:873][  0]LogTargetPlatformManager: Display: Building Assets For Windows
[2018.04.09-18.38.25:543][  0]LogDerivedDataCache: Display: Max Cache Size: 512 MB
[2018.04.09-18.38.25:850][  0]LogDerivedDataCache: Loaded boot cache 0.31s 93MB C:/Users/Gary/AppData/Local/UnrealEngine/4.17/DerivedDataCache/Boot.ddc.
[2018.04.09-18.38.25:850][  0]LogDerivedDataCache: Display: Loaded Boot cache: C:/Users/Gary/AppData/Local/UnrealEngine/4.17/DerivedDataCache/Boot.ddc
[2018.04.09-18.38.25:850][  0]LogDerivedDataCache: FDerivedDataBackendGraph:  Pak pak cache file ../../../../Projects/TDEMO-/DerivedDataCache/DDC.ddp not found, will not use a pak cache.
[2018.04.09-18.38.25:850][  0]LogDerivedDataCache: Unable to find inner node Pak for hierarchical cache Hierarchy.
[2018.04.09-18.38.25:850][  0]LogDerivedDataCache: FDerivedDataBackendGraph:  CompressedPak pak cache file ../../../../Projects/TDEMO-/DerivedDataCache/Compressed.ddp not found, will not use a pak cache.
[2018.04.09-18.38.25:851][  0]LogDerivedDataCache: Unable to find inner node CompressedPak for hierarchical cache Hierarchy.
[2018.04.09-18.38.25:909][  0]LogDerivedDataCache: Display: Pak cache opened for reading ../../../Engine/DerivedDataCache/Compressed.ddp.
[2018.04.09-18.38.25:924][  0]LogDerivedDataCache: Using Local data cache path C:/Users/Gary/AppData/Local/UnrealEngine/Common/DerivedDataCache: Writable
[2018.04.09-18.38.25:964][  0]LogMaterial: Verifying Global Shaders for PCD3D_SM5
[2018.04.09-18.38.25:965][  0]LogSlate: Using Freetype 2.6.0
[2018.04.09-18.38.25:967][  0]LogSlate: SlateFontCache - WITH_FREETYPE: 1, WITH_HARFBUZZ: 1
[2018.04.09-18.38.25:967][  0]LogSlate: SlateFontCache - WITH_FREETYPE: 1, WITH_HARFBUZZ: 1
[2018.04.09-18.38.26:955][  0]LogAssetRegistry: FAssetRegistry took 0.0392 seconds to start up
[2018.04.09-18.38.27:496][  0]LogInit: Selected Device Profile: [Windows]
[2018.04.09-18.38.29:203][  0]LogSimplygon: Simplygon DLL not present - disabling.
[2018.04.09-18.38.29:389][  0]LogMeshReduction: Using SimplygonSwarm for distributed automatic mesh merging
[2018.04.09-18.38.29:389][  0]LogMeshReduction: Using QuadricMeshReduction for automatic static mesh reduction
[2018.04.09-18.38.29:390][  0]LogMeshReduction: No automatic skeletal mesh reduction module available
[2018.04.09-18.38.29:390][  0]LogMeshReduction: No automatic mesh merging module available
[2018.04.09-18.38.29:390][  0]LogMeshMerging: No automatic mesh merging module available
[2018.04.09-18.38.29:396][  0]LogContentStreaming: Texture pool size is 0.00 MB
[2018.04.09-18.38.31:421][  0]LogNetVersion: AntsGame , NetCL: 3573198, EngineNetVer: 2, GameNetVer: 0 (Checksum: 3821802436)
[2018.04.09-18.38.32:569][  0]LogPackageLocalizationCache: Processed 5 localized package path(s) for 2 prioritized culture(s) in 0.287379 seconds
[2018.04.09-18.38.32:592][  0]LogUObjectArray: 35825 objects as part of root set at end of initial load.
[2018.04.09-18.38.32:593][  0]LogUObjectAllocator: 7529112 out of 0 bytes used by permanent object pool.
[2018.04.09-18.38.32:593][  0]LogUObjectArray: CloseDisregardForGC: 0/0 objects in disregard for GC pool
[2018.04.09-18.38.32:858][  0]LogInit: WinSock: version 1.1 (2.2), MaxSocks=32767, MaxUdp=65467
[2018.04.09-18.38.44:097][  0]LogTcpMessaging: Initializing TcpMessaging bridge
[2018.04.09-18.38.44:211][  0]LogUdpMessaging: Initializing bridge on interface 0.0.0.0:0 to multicast group 230.0.0.1:6666.
[2018.04.09-18.38.46:514][  0]LogMaterial: Uniform references updated for custom material expression Custom.
[2018.04.09-18.38.48:055][  0]SourceControl: Source control is disabled
[2018.04.09-18.38.48:055][  0]SourceControl: Source control is disabled
[2018.04.09-18.38.48:227][  0]SourceControl: Source control is disabled
[2018.04.09-18.38.48:396][  0]SourceControl: Source control is disabled
[2018.04.09-18.38.50:524][  0]LogAndroidPermission: UAndroidPermissionCallbackProxy::GetInstance
[2018.04.09-18.38.51:402][  0]LogOcInput: OculusInput pre-init called
[2018.04.09-18.38.52:371][  0]LogEngine: Initializing Engine...
[2018.04.09-18.38.52:378][  0]LogHMD: Failed to initialize OpenVR with code 110
[2018.04.09-18.38.53:395][  0]LogStats: UGameplayTagsManager::ConstructGameplayTagTree: Construct from data asset -  0.000 s
[2018.04.09-18.38.53:395][  0]LogStats: UGameplayTagsManager::ConstructGameplayTagTree: GameplayTagTreeChangedEvent.Broadcast -  0.000 s
[2018.04.09-18.38.53:848][  0]LogAIModule: Creating AISystem for world Untitled
[2018.04.09-18.38.53:908][  0]LogInit: XAudio2 using 'Speakers (Realtek High Definition Audio)' : 2 channels at 48 kHz using 32 bits per sample (channel mask 0x3)
[2018.04.09-18.38.53:989][  0]LogInit: FAudioDevice initialized.
[2018.04.09-18.38.54:208][  0]LogDerivedDataCache: Saved boot cache 0.22s 93MB C:/Users/Gary/AppData/Local/UnrealEngine/4.17/DerivedDataCache/Boot.ddc.
[2018.04.09-18.38.54:249][  0]LogInit: Texture streaming: Enabled
[2018.04.09-18.38.54:646][  0]LogEngineSessionManager: EngineSessionManager initialized
[2018.04.09-18.38.55:494][  0]LogInit: Transaction tracking system initialized
[2018.04.09-18.38.56:605][  0]BlueprintLog: New page: Editor Load
[2018.04.09-18.38.59:824][  0]LocalizationService: Localization service is disabled
[2018.04.09-18.39.01:789][  0]LogLinker: Warning: Can't find file '/Game/FlyingBP/FlyingOverview'
[2018.04.09-18.39.01:789][  0]LogLinker: Warning: Can't find file '/Game/FlyingBP/FlyingOverview'
[2018.04.09-18.39.01:789][  0]LogUObjectGlobals: Warning: Failed to find object 'Class /Game/FlyingBP/FlyingOverview.FlyingOverview_C'
[2018.04.09-18.39.02:510][  0]LogConsoleResponse: Display: 
[2018.04.09-18.39.03:465][  0]LogCook: Display: Max memory allowance for cook 16384mb min free memory 0mb
[2018.04.09-18.39.03:466][  0]LogCook: Display: Mobile HDR setting 1
[2018.04.09-18.39.03:466][  0]LogGameplayTags: Display: UGameplayTagsManager::DoneAddingNativeTags. DelegateIsBound: 0
[2018.04.09-18.39.03:710][  0]LogFileCache: Scanning file cache for directory 'D:/Game Dev/Epic Games/Projects/TDEMO-/Content/' took 0.04s
[2018.04.09-18.39.07:389][  0]SourceControl: Source control is disabled
[2018.04.09-18.39.07:390][  0]Cmd: MAP LOAD FILE="../../../../Projects/TDEMO-/Content/Levels/PicnicLevel.umap" TEMPLATE=0 SHOWPROGRESS=1 FEATURELEVEL=3
[2018.04.09-18.39.07:392][  0]LightingResults: New page: Lighting Build
[2018.04.09-18.39.07:538][  0]MapCheck: New page: Map Check
[2018.04.09-18.39.07:539][  0]LightingResults: New page: Lighting Build
[2018.04.09-18.39.08:258][  0]LogBlueprint: Warning: [Turret] 'Charge Bar' variable not found. Base class was probably changed.
[2018.04.09-18.39.08:259][  0]LogBlueprint: Warning: [Turret] 'Charge Bar' variable not found. Base class was probably changed.
[2018.04.09-18.39.08:260][  0]LogBlueprint: Warning: [Turret] 'Charge Bar 2' variable not found. Base class was probably changed.
[2018.04.09-18.39.08:260][  0]LogBlueprint: Warning: [Turret] 'Charge Bar 2' variable not found. Base class was probably changed.
[2018.04.09-18.39.09:924][  0]LogBlueprint: Warning: [Turret2] 'Charge Bar' variable not found. Base class was probably changed.
[2018.04.09-18.39.09:924][  0]LogBlueprint: Warning: [Turret2] 'Charge Bar' variable not found. Base class was probably changed.
[2018.04.09-18.39.09:925][  0]LogBlueprint: Warning: [Turret2] 'Charge Bar 2' variable not found. Base class was probably changed.
[2018.04.09-18.39.09:925][  0]LogBlueprint: Warning: [Turret2] 'Charge Bar 2' variable not found. Base class was probably changed.
[2018.04.09-18.39.14:339][  0]LogAIModule: Creating AISystem for world PicnicLevel
[2018.04.09-18.39.14:903][  0]LogEditorServer: Finished looking for orphan Actors (0.000 secs)
[2018.04.09-18.39.15:030][  0]Cmd: MAP CHECKDEP NOCLEARLOG
[2018.04.09-18.39.15:269][  0]MapCheck: Map check complete: 0 Error(s), 0 Warning(s), took 238.154ms to complete.
[2018.04.09-18.39.15:269][  0]LogFileHelpers: Loading map 'PicnicLevel' took 7.880
[2018.04.09-18.39.15:417][  0]LogWindowsTextInputMethodSystem: Display: IME system now deactivated.
[2018.04.09-18.39.15:418][  0]LogWindowsTextInputMethodSystem: Display: IME system now deactivated.
[2018.04.09-18.39.17:257][  0]LogCollectionManager: Loaded 0 collections in 0.021797 seconds
[2018.04.09-18.39.17:787][  0]LogFileCache: Scanning file cache for directory 'D:/Game Dev/Epic Games/Projects/TDEMO-/Saved/Collections/' took 0.01s
[2018.04.09-18.39.17:787][  0]LogFileCache: Scanning file cache for directory 'D:/Game Dev/Epic Games/Projects/TDEMO-/Content/Developers/Gary/Collections/' took 0.01s
[2018.04.09-18.39.17:787][  0]LogFileCache: Scanning file cache for directory 'D:/Game Dev/Epic Games/Projects/TDEMO-/Content/Collections/' took 0.01s
[2018.04.09-18.39.17:787][  0]LogCollectionManager: Rebuilt the GUID cache for 0 collections in 0.000002 seconds
[2018.04.09-18.39.17:888][  0]LogContentBrowser: Native class hierarchy populated in 0.0774 seconds. Added 2386 classes and 500 folders.
[2018.04.09-18.39.18:388][  0]LogContentBrowser: Native class hierarchy updated for 'WidgetCarousel' in 0.0039 seconds. Added 0 classes and 0 folders.
[2018.04.09-18.39.20:592][  0]LogContentBrowser: Native class hierarchy updated for 'AddContentDialog' in 0.0042 seconds. Added 0 classes and 0 folders.
[2018.04.09-18.39.20:909][  0]LogContentBrowser: Native class hierarchy updated for 'SceneOutliner' in 0.0051 seconds. Added 1 classes and 2 folders.
[2018.04.09-18.39.23:122][  0]LogContentBrowser: Native class hierarchy updated for 'WorldBrowser' in 0.0044 seconds. Added 2 classes and 3 folders.
[2018.04.09-18.39.23:783][  0]LogSlate: Took 0.003517 seconds to synchronously load lazily loaded font '../../../Engine/Content/Slate/Fonts/Roboto-Regular.ttf' (155K)
[2018.04.09-18.39.23:848][  0]LogSlate: Took 0.001208 seconds to synchronously load lazily loaded font '../../../Engine/Content/Slate/Fonts/Roboto-Bold.ttf' (160K)
[2018.04.09-18.39.23:983][  0]LogSlate: Took 0.018269 seconds to synchronously load lazily loaded font '../../../Engine/Content/Editor/Slate/Fonts/FontAwesome.ttf' (139K)
[2018.04.09-18.39.25:309][  0]LogRenderer: Reallocating scene render targets to support 1008x472 Format 10 NumSamples 1 (Frame:1).
[2018.04.09-18.39.32:549][  0]LogSlate: Took 0.011309 seconds to synchronously load lazily loaded font '../../../Engine/Content/Slate/Fonts/Roboto-Light.ttf' (159K)
[2018.04.09-18.39.33:717][  0]LogContentBrowser: Native class hierarchy updated for 'HierarchicalLODOutliner' in 0.0028 seconds. Added 1 classes and 2 folders.
[2018.04.09-18.39.33:718][  0]LogLoad: (Engine Initialization) Total time: 91.62 seconds
[2018.04.09-18.39.33:718][  0]LogLoad: (Engine Initialization) Total Blueprint compile time: 0.00 seconds
[2018.04.09-18.39.33:719][  0]LogExternalProfiler: No external profilers were discovered.  External profiling features will not be available.
[2018.04.09-18.39.34:051][  0]LogContentStreaming: Texture pool size now 1000 MB
[2018.04.09-18.39.34:269][  1]LogFileCache: Retrieving MD5 hashes for directory 'D:/Game Dev/Epic Games/Projects/TDEMO-/Content/' took 0.42s
[2018.04.09-18.39.40:062][  8]LogAssetRegistry: Asset discovery search completed in 73.1311 seconds
[2018.04.09-18.39.40:069][  8]LogCollectionManager: Rebuilt the object cache for 0 collections in 0.000003 seconds (found 0 objects)
[2018.04.09-18.39.40:069][  8]LogCollectionManager: Fixed up redirectors for 0 collections in 0.000196 seconds (updated 0 objects)
[2018.04.09-18.39.55:590][221]LogSlate: Took 0.001212 seconds to synchronously load lazily loaded font '../../../Engine/Content/Slate/Fonts/Roboto-Light.ttf' (159K)
[2018.04.09-18.39.55:992][222]LogSlate: Took 0.001010 seconds to synchronously load lazily loaded font '../../../Engine/Content/Slate/Fonts/Roboto-Light.ttf' (159K)
[2018.04.09-18.39.57:752][222]LogSlate: Took 0.001240 seconds to synchronously load lazily loaded font '../../../Engine/Content/Slate/Fonts/Roboto-Regular.ttf' (155K)
[2018.04.09-18.39.59:276][222]LogContentBrowser: Native class hierarchy updated for 'BlueprintGraph' in 0.0052 seconds. Added 113 classes and 0 folders.
[2018.04.09-18.40.04:038][222]LogSlate: Took 0.013857 seconds to synchronously load lazily loaded font '../../../Engine/Content/Editor/Slate/Fonts/Roboto-BoldCondensed.ttf' (158K)
[2018.04.09-18.40.07:646][223]LogSlate: Took 0.009839 seconds to synchronously load lazily loaded font '../../../Engine/Content/Editor/Slate/Fonts/Roboto-Italic.ttf' (157K)
[2018.04.09-18.57.22:211][282]Cmd: OBJ SAVEPACKAGE PACKAGE="/Game/Blueprints/1_AdvJump" FILE="../../../../Projects/TDEMO-/Content/Blueprints/1_AdvJump.uasset" SILENT=true
[2018.04.09-18.57.25:195][282]LogSavePackage: Save=1969.80ms
[2018.04.09-18.57.25:195][282]LogSavePackage: Moving '../../../../Projects/TDEMO-/Saved/1_AdvJumpFAFE8D2543434B18C17B238947534334.tmp' to '../../../../Projects/TDEMO-/Content/Blueprints/1_AdvJump.uasset'
[2018.04.09-18.57.25:219][282]LogSavePackage: Display: Finished SavePackage ../../../../Projects/TDEMO-/Content/Blueprints/1_AdvJump.uasset
[2018.04.09-18.57.25:508][282]Cmd: OBJ SAVEPACKAGE PACKAGE="/Game/Levels/PicnicLevel" FILE="../../../../Projects/TDEMO-/Content/Levels/PicnicLevel.umap" SILENT=true AUTOSAVING=false KEEPDIRTY=false
[2018.04.09-18.57.29:017][282]LogSavePackage: Save=3374.33ms
[2018.04.09-18.57.29:017][282]LogSavePackage: Moving '../../../../Projects/TDEMO-/Saved/PicnicLevelEC58984F4B6EAECED8448F9D11D51E70.tmp' to '../../../../Projects/TDEMO-/Content/Levels/PicnicLevel.umap'
[2018.04.09-18.57.29:073][282]LogSavePackage: Display: Finished SavePackage ../../../../Projects/TDEMO-/Content/Levels/PicnicLevel.umap
[2018.04.09-18.57.29:426][282]LogFileHelpers: Saving map 'PicnicLevel' took 4.193
[2018.04.09-18.57.30:338][282]LogWindowsTextInputMethodSystem: Display: IME system now deactivated.
[2018.04.09-18.57.30:340][282]LogWindowsTextInputMethodSystem: Display: IME system now deactivated.
[2018.04.09-18.57.31:644][283]Cmd: QUIT_EDITOR
[2018.04.09-18.57.31:856][283]LogExit: Preparing to exit.
[2018.04.09-18.57.33:316][283]LogDirectoryWatcher: A directory notification for 'D:/Game Dev/Epic Games/Projects/TDEMO-/Content/' was aborted.
[2018.04.09-18.57.34:115][283]LogExit: Editor shut down
[2018.04.09-18.57.34:368][283]LogExit: Transaction tracking system shut down
[2018.04.09-18.57.35:164][283]LogDirectoryWatcher: A directory notification for '../../../Engine/Content/' was aborted.
[2018.04.09-18.57.35:164][283]LogDirectoryWatcher: A directory notification for '../../../../Projects/TDEMO-/Content/' was aborted.
[2018.04.09-18.57.35:164][283]LogDirectoryWatcher: A directory notification for '../../../Engine/Plugins/2D/Paper2D/Content/' was aborted.
[2018.04.09-18.57.35:165][283]LogDirectoryWatcher: A directory notification for '../../../Engine/Plugins/Runtime/Oculus/OculusVR/Content/' was aborted.
[2018.04.09-18.57.35:165][283]LogDirectoryWatcher: A directory notification for '../../../Engine/Plugins/Runtime/Steam/SteamVR/Content/' was aborted.
[2018.04.09-18.57.36:143][283]LogExit: Object subsystem successfully closed.
[2018.04.09-18.57.36:277][283]LogD3D11RHI: Shutdown
[2018.04.09-18.57.36:278][283]LogD3D11RHI: CleanupD3DDevice
[2018.04.09-18.57.38:077][283]LogD3D11RHI: ~FD3D11DynamicRHI
[2018.04.09-18.57.38:219][283]LogModuleManager: Shutting down and abandoning module BlueprintGraph (536)
[2018.04.09-18.57.38:220][283]LogModuleManager: Shutting down and abandoning module BlueprintProfiler (534)
[2018.04.09-18.57.38:229][283]LogModuleManager: Shutting down and abandoning module HierarchicalLODOutliner (532)
[2018.04.09-18.57.38:229][283]LogModuleManager: Shutting down and abandoning module WorldBrowser (530)
[2018.04.09-18.57.38:230][283]LogModuleManager: Shutting down and abandoning module SceneOutliner (528)
[2018.04.09-18.57.38:241][283]LogModuleManager: Shutting down and abandoning module AddContentDialog (526)
[2018.04.09-18.57.38:248][283]LogDirectoryWatcher: A directory notification for 'D:/Game Dev/Epic Games/UE_4.17/FeaturePacks/' was aborted.
[2018.04.09-18.57.38:292][283]LogModuleManager: Shutting down and abandoning module WidgetCarousel (525)
[2018.04.09-18.57.38:292][283]LogModuleManager: Shutting down and abandoning module EditorWidgets (522)
[2018.04.09-18.57.38:292][283]LogModuleManager: Shutting down and abandoning module CollectionManager (520)
[2018.04.09-18.57.38:293][283]LogDirectoryWatcher: A directory notification for 'D:/Game Dev/Epic Games/Projects/TDEMO-/Content/Collections/' was aborted.
[2018.04.09-18.57.38:293][283]LogDirectoryWatcher: A directory notification for 'D:/Game Dev/Epic Games/Projects/TDEMO-/Content/Developers/Gary/Collections/' was aborted.
[2018.04.09-18.57.38:294][283]LogDirectoryWatcher: A directory notification for 'D:/Game Dev/Epic Games/Projects/TDEMO-/Saved/Collections/' was aborted.
[2018.04.09-18.57.38:295][283]LogModuleManager: Shutting down and abandoning module StatsViewer (518)
[2018.04.09-18.57.38:296][283]LogModuleManager: Shutting down and abandoning module FoliageEdit (516)
[2018.04.09-18.57.38:296][283]LogModuleManager: Shutting down and abandoning module LandscapeEditor (514)
[2018.04.09-18.57.38:297][283]LogModuleManager: Shutting down and abandoning module MeshPaintMode (512)
[2018.04.09-18.57.38:297][283]LogModuleManager: Shutting down and abandoning module SceneDepthPickerMode (510)
[2018.04.09-18.57.38:297][283]LogModuleManager: Shutting down and abandoning module ActorPickerMode (508)
[2018.04.09-18.57.38:297][283]LogModuleManager: Shutting down and abandoning module GeometryMode (506)
[2018.04.09-18.57.38:297][283]LogModuleManager: Shutting down and abandoning module TextureAlignMode (504)
[2018.04.09-18.57.38:297][283]LogModuleManager: Shutting down and abandoning module BspMode (502)
[2018.04.09-18.57.38:297][283]LogModuleManager: Shutting down and abandoning module PIEPreviewDeviceProfileSelector (500)
[2018.04.09-18.57.38:297][283]LogModuleManager: Shutting down and abandoning module HardwareSurvey (498)
[2018.04.09-18.57.38:298][283]LogModuleManager: Shutting down and abandoning module SequenceRecorderSections (496)
[2018.04.09-18.57.38:298][283]LogModuleManager: Shutting down and abandoning module AutomationWorker (494)
[2018.04.09-18.57.38:299][283]LogModuleManager: Shutting down and abandoning module MatineeToLevelSequence (492)
[2018.04.09-18.57.38:299][283]LogModuleManager: Shutting down and abandoning module LevelSequenceEditor (490)
[2018.04.09-18.57.38:300][283]LogModuleManager: Shutting down and abandoning module PlacementMode (489)
[2018.04.09-18.57.38:300][283]LogModuleManager: Shutting down and abandoning module WmfMediaFactory (486)
[2018.04.09-18.57.38:301][283]LogModuleManager: Shutting down and abandoning module WmfMediaEditor (484)
[2018.04.09-18.57.38:302][283]LogModuleManager: Shutting down and abandoning module AvfMediaFactory (482)
[2018.04.09-18.57.38:303][283]LogModuleManager: Shutting down and abandoning module AvfMediaEditor (480)
[2018.04.09-18.57.38:304][283]LogModuleManager: Shutting down and abandoning module AndroidMediaFactory (478)
[2018.04.09-18.57.38:304][283]LogModuleManager: Shutting down and abandoning module Media (477)
[2018.04.09-18.57.38:304][283]LogModuleManager: Shutting down and abandoning module AndroidMediaEditor (474)
[2018.04.09-18.57.38:305][283]LogModuleManager: Shutting down and abandoning module CharacterAI (472)
[2018.04.09-18.57.38:305][283]LogModuleManager: Shutting down and abandoning module AudioCapture (470)
[2018.04.09-18.57.38:305][283]LogModuleManager: Shutting down and abandoning module SequenceRecorder (469)
[2018.04.09-18.57.38:305][283]LogModuleManager: Shutting down and abandoning module SmartSnapping (466)
[2018.04.09-18.57.38:306][283]LogModuleManager: Shutting down and abandoning module SessionServices (464)
[2018.04.09-18.57.38:306][283]LogModuleManager: Shutting down and abandoning module ViewportSnapping (462)
[2018.04.09-18.57.38:306][283]LogModuleManager: Shutting down and abandoning module ViewportInteraction (460)
[2018.04.09-18.57.38:306][283]LogModuleManager: Shutting down and abandoning module ClothPainter (458)
[2018.04.09-18.57.38:306][283]LogModuleManager: Shutting down and abandoning module LogVisualizer (456)
[2018.04.09-18.57.38:307][283]LogModuleManager: Shutting down and abandoning module IntroTutorials (454)
[2018.04.09-18.57.38:308][283]LogModuleManager: Shutting down and abandoning module GameProjectGeneration (453)
[2018.04.09-18.57.38:308][283]LogModuleManager: Shutting down and abandoning module IOSPlatformEditor (450)
[2018.04.09-18.57.38:308][283]LogModuleManager: Shutting down and abandoning module HTML5PlatformEditor (448)
[2018.04.09-18.57.38:309][283]LogModuleManager: Shutting down and abandoning module AndroidPlatformEditor (446)
[2018.04.09-18.57.38:309][283]LogModuleManager: Shutting down and abandoning module AndroidDeviceDetection (445)
[2018.04.09-18.57.39:297][283]LogModuleManager: Shutting down and abandoning module WindowsPlatformEditor (442)
[2018.04.09-18.57.39:297][283]LogModuleManager: Shutting down and abandoning module IOSRuntimeSettings (440)
[2018.04.09-18.57.39:297][283]LogModuleManager: Shutting down and abandoning module AndroidRuntimeSettings (438)
[2018.04.09-18.57.39:298][283]LogModuleManager: Shutting down and abandoning module InputBindingEditor (436)
[2018.04.09-18.57.39:298][283]LogModuleManager: Shutting down and abandoning module MergeActors (434)
[2018.04.09-18.57.39:298][283]LogModuleManager: Shutting down and abandoning module SizeMap (432)
[2018.04.09-18.57.39:298][283]LogModuleManager: Shutting down and abandoning module TreeMap (430)
[2018.04.09-18.57.39:299][283]LogModuleManager: Shutting down and abandoning module ReferenceViewer (428)
[2018.04.09-18.57.39:299][283]LogModuleManager: Shutting down and abandoning module LocalizationDashboard (426)
[2018.04.09-18.57.39:299][283]LogModuleManager: Shutting down and abandoning module LocalizationService (425)
[2018.04.09-18.57.39:299][283]LogModuleManager: Shutting down and abandoning module HardwareTargeting (422)
[2018.04.09-18.57.39:300][283]LogModuleManager: Shutting down and abandoning module DeviceProfileEditor (420)
[2018.04.09-18.57.39:300][283]LogModuleManager: Shutting down and abandoning module UndoHistory (418)
[2018.04.09-18.57.39:300][283]LogModuleManager: Shutting down and abandoning module XmlParser (416)
[2018.04.09-18.57.39:301][283]LogModuleManager: Shutting down and abandoning module Blutility (414)
[2018.04.09-18.57.39:301][283]LogModuleManager: Shutting down and abandoning module ProjectSettingsViewer (412)
[2018.04.09-18.57.39:302][283]LogModuleManager: Shutting down and abandoning module ProjectTargetPlatformEditor (411)
[2018.04.09-18.57.39:304][283]LogModuleManager: Shutting down and abandoning module EditorSettingsViewer (408)
[2018.04.09-18.57.39:305][283]LogModuleManager: Shutting down and abandoning module SettingsEditor (406)
[2018.04.09-18.57.39:306][283]LogModuleManager: Shutting down and abandoning module ProjectLauncher (404)
[2018.04.09-18.57.39:306][283]LogModuleManager: Shutting down and abandoning module SessionFrontend (402)
[2018.04.09-18.57.39:307][283]LogModuleManager: Shutting down and abandoning module ProfilerClient (400)
[2018.04.09-18.57.39:310][283]LogModuleManager: Shutting down and abandoning module DeviceManager (398)
[2018.04.09-18.57.39:311][283]LogModuleManager: Shutting down and abandoning module TargetDeviceServices (397)
[2018.04.09-18.57.39:367][283]LogModuleManager: Shutting down and abandoning module AutomationController (394)
[2018.04.09-18.57.39:367][283]LogModuleManager: Shutting down and abandoning module AutomationWindow (392)
[2018.04.09-18.57.39:367][283]LogModuleManager: Shutting down and abandoning module Layers (390)
[2018.04.09-18.57.39:368][283]LogModuleManager: Shutting down and abandoning module ComponentVisualizers (388)
[2018.04.09-18.57.39:368][283]LogModuleManager: Shutting down and abandoning module DetailCustomizations (386)
[2018.04.09-18.57.39:368][283]LogModuleManager: Shutting down and abandoning module PackagesDialog (384)
[2018.04.09-18.57.39:369][283]LogModuleManager: Shutting down and abandoning module Persona (382)
[2018.04.09-18.57.39:369][283]LogModuleManager: Shutting down and abandoning module AdvancedPreviewScene (381)
[2018.04.09-18.57.39:369][283]LogModuleManager: Shutting down and abandoning module AnimGraph (379)
[2018.04.09-18.57.39:369][283]LogModuleManager: Shutting down and abandoning module Kismet (376)
[2018.04.09-18.57.39:416][283]LogModuleManager: Shutting down and abandoning module ClassViewer (374)
[2018.04.09-18.57.39:417][283]LogModuleManager: Shutting down and abandoning module Toolbox (372)
[2018.04.09-18.57.39:417][283]LogModuleManager: Shutting down and abandoning module ModuleUI (370)
[2018.04.09-18.57.39:417][283]LogModuleManager: Shutting down and abandoning module MovieSceneTools (368)
[2018.04.09-18.57.39:417][283]LogModuleManager: Shutting down and abandoning module OutputLog (366)
[2018.04.09-18.57.39:417][283]LogModuleManager: Shutting down and abandoning module GammaUI (364)
[2018.04.09-18.57.39:418][283]LogModuleManager: Shutting down and abandoning module Documentation (362)
[2018.04.09-18.57.39:418][283]LogModuleManager: Shutting down and abandoning module MovieSceneTracks (360)
[2018.04.09-18.57.39:418][283]LogModuleManager: Shutting down and abandoning module MovieScene (358)
[2018.04.09-18.57.39:418][283]LogModuleManager: Shutting down and abandoning module Niagara (356)
[2018.04.09-18.57.39:418][283]LogModuleManager: Shutting down and abandoning module NiagaraEditor (355)
[2018.04.09-18.57.39:420][283]LogModuleManager: Shutting down and abandoning module StreamingPauseRendering (352)
[2018.04.09-18.57.39:421][283]LogModuleManager: Shutting down and abandoning module LauncherPlatform (350)
[2018.04.09-18.57.39:421][283]LogModuleManager: Shutting down and abandoning module AnalyticsET (348)
[2018.04.09-18.57.39:421][283]LogModuleManager: Shutting down and abandoning module PortalServices (346)
[2018.04.09-18.57.39:422][283]LogModuleManager: Shutting down and abandoning module PortalRpc (344)
[2018.04.09-18.57.39:422][283]LogModuleManager: Shutting down and abandoning module MessagingRpc (342)
[2018.04.09-18.57.39:422][283]LogModuleManager: Shutting down and abandoning module AIModule (340)
[2018.04.09-18.57.39:423][283]LogModuleManager: Shutting down and abandoning module GameplayDebugger (339)
[2018.04.09-18.57.39:423][283]LogModuleManager: Shutting down and abandoning module AITestSuite (337)
[2018.04.09-18.57.39:424][283]LogModuleManager: Shutting down and abandoning module ProfilerService (334)
[2018.04.09-18.57.39:524][283]LogModuleManager: Shutting down and abandoning module TaskGraph (332)
[2018.04.09-18.57.39:524][283]LogModuleManager: Shutting down and abandoning module SteamVRController (330)
[2018.04.09-18.57.39:525][283]LogModuleManager: Shutting down and abandoning module ProceduralMeshComponentEditor (328)
[2018.04.09-18.57.39:525][283]LogModuleManager: Shutting down and abandoning module ProceduralMeshComponent (326)
[2018.04.09-18.57.39:525][283]LogModuleManager: Shutting down and abandoning module OculusInput (324)
[2018.04.09-18.57.39:525][283]LogModuleManager: Shutting down and abandoning module MobilePatchingUtils (322)
[2018.04.09-18.57.39:526][283]LogModuleManager: Shutting down and abandoning module CustomMeshComponent (320)
[2018.04.09-18.57.39:526][283]LogModuleManager: Shutting down and abandoning module CableComponent (318)
[2018.04.09-18.57.39:526][283]LogModuleManager: Shutting down and abandoning module ArchVisCharacter (316)
[2018.04.09-18.57.39:526][283]LogModuleManager: Shutting down and abandoning module AndroidPermission (314)
[2018.04.09-18.57.39:527][283]LogModuleManager: Shutting down and abandoning module MediaPlayerEditor (310)
[2018.04.09-18.57.39:527][283]LogModuleManager: Shutting down and abandoning module HTML5Networking (308)
[2018.04.09-18.57.39:527][283]LogModuleManager: Shutting down and abandoning module AlembicImporter (306)
[2018.04.09-18.57.39:527][283]LogModuleManager: Shutting down and abandoning module AlembicLibrary (305)
[2018.04.09-18.57.39:527][283]LogModuleManager: Shutting down and abandoning module GeometryCache (304)
[2018.04.09-18.57.39:528][283]LogModuleManager: Shutting down and abandoning module GeometryCacheEd (303)
[2018.04.09-18.57.39:528][283]LogModuleManager: Shutting down and abandoning module SpeedTreeImporter (298)
[2018.04.09-18.57.39:528][283]LogModuleManager: Shutting down and abandoning module PluginBrowser (296)
[2018.04.09-18.57.39:528][283]LogModuleManager: Shutting down and abandoning module MobileLauncherProfileWizard (294)
[2018.04.09-18.57.39:528][283]LogModuleManager: Shutting down and abandoning module VisualStudioSourceCodeAccess (292)
[2018.04.09-18.57.39:529][283]LogModuleManager: Shutting down and abandoning module DesktopPlatform (291)
[2018.04.09-18.57.39:529][283]LogModuleManager: Shutting down and abandoning module UObjectPlugin (288)
[2018.04.09-18.57.39:529][283]LogModuleManager: Shutting down and abandoning module SubversionSourceControl (286)
[2018.04.09-18.57.39:529][283]LogModuleManager: Shutting down and abandoning module PerforceSourceControl (284)
[2018.04.09-18.57.39:529][283]LogModuleManager: Shutting down and abandoning module GitSourceControl (282)
[2018.04.09-18.57.39:529][283]LogModuleManager: Shutting down and abandoning module SourceControl (281)
[2018.04.09-18.57.39:530][283]LogModuleManager: Shutting down and abandoning module LightPropagationVolumeEditor (278)
[2018.04.09-18.57.39:531][283]LogModuleManager: Shutting down and abandoning module PaperTiledImporter (276)
[2018.04.09-18.57.39:531][283]LogModuleManager: Shutting down and abandoning module PaperSpriteSheetImporter (274)
[2018.04.09-18.57.39:531][283]LogModuleManager: Shutting down and abandoning module Paper2DEditor (272)
[2018.04.09-18.57.39:531][283]LogModuleManager: Shutting down and abandoning module MeshPaint (271)
[2018.04.09-18.57.39:531][283]LogModuleManager: Shutting down and abandoning module LevelEditor (269)
[2018.04.09-18.57.39:541][283]LogModuleManager: Shutting down and abandoning module PixelInspectorModule (268)
[2018.04.09-18.57.39:541][283]LogModuleManager: Shutting down and abandoning module MainFrame (266)
[2018.04.09-18.57.39:542][283]LogModuleManager: Shutting down and abandoning module HotReload (265)
[2018.04.09-18.57.39:545][283]LogModuleManager: Shutting down and abandoning module RuntimePhysXCooking (260)
[2018.04.09-18.57.39:545][283]LogModuleManager: Shutting down and abandoning module PhysXVehiclesEditor (258)
[2018.04.09-18.57.39:545][283]LogModuleManager: Shutting down and abandoning module PhysXVehicles (256)
[2018.04.09-18.57.39:546][283]LogModuleManager: Shutting down and abandoning module OculusEditor (254)
[2018.04.09-18.57.39:546][283]LogModuleManager: Shutting down and abandoning module LocationServicesBPLibrary (252)
[2018.04.09-18.57.39:546][283]LogModuleManager: Shutting down and abandoning module ImmediatePhysicsEditor (250)
[2018.04.09-18.57.39:546][283]LogModuleManager: Shutting down and abandoning module ImmediatePhysics (248)
[2018.04.09-18.57.39:546][283]LogModuleManager: Shutting down and abandoning module UdpMessaging (246)
[2018.04.09-18.57.39:647][283]LogModuleManager: Shutting down and abandoning module TcpMessaging (244)
[2018.04.09-18.57.39:747][283]LogModuleManager: Shutting down and abandoning module GameplayTagsEditor (242)
[2018.04.09-18.57.39:748][283]LogModuleManager: Shutting down and abandoning module FacialAnimationEditor (240)
[2018.04.09-18.57.39:748][283]LogModuleManager: Shutting down and abandoning module FacialAnimation (238)
[2018.04.09-18.57.39:748][283]LogModuleManager: Shutting down and abandoning module AssetManagerEditor (236)
[2018.04.09-18.57.39:749][283]LogModuleManager: Shutting down and abandoning module GraphEditor (235)
[2018.04.09-18.57.39:749][283]LogModuleManager: Shutting down and abandoning module ContentBrowser (233)
[2018.04.09-18.57.39:766][283]LogModuleManager: Shutting down and abandoning module LightPropagationVolumeRuntime (230)
[2018.04.09-18.57.39:766][283]LogModuleManager: Shutting down and abandoning module Paper2D (228)
[2018.04.09-18.57.39:766][283]LogModuleManager: Shutting down and abandoning module WindowsMoviePlayer (226)
[2018.04.09-18.57.39:767][283]LogModuleManager: Shutting down and abandoning module WmfMedia (224)
[2018.04.09-18.57.39:781][283]LogModuleManager: Shutting down and abandoning module PacketHandler (222)
[2018.04.09-18.57.39:782][283]LogModuleManager: Shutting down and abandoning module ClothingSystemEditor (220)
[2018.04.09-18.57.39:782][283]LogModuleManager: Shutting down and abandoning module ClothingSystemRuntime (218)
[2018.04.09-18.57.39:782][283]LogModuleManager: Shutting down and abandoning module Overlay (216)
[2018.04.09-18.57.39:783][283]LogModuleManager: Shutting down and abandoning module OverlayEditor (215)
[2018.04.09-18.57.39:783][283]LogModuleManager: Shutting down and abandoning module MediaAssets (212)
[2018.04.09-18.57.39:783][283]LogModuleManager: Shutting down and abandoning module VREditor (210)
[2018.04.09-18.57.39:783][283]LogModuleManager: Shutting down and abandoning module StringTableEditor (208)
[2018.04.09-18.57.39:783][283]LogModuleManager: Shutting down and abandoning module GameplayTasksEditor (206)
[2018.04.09-18.57.39:784][283]LogModuleManager: Shutting down and abandoning module BehaviorTreeEditor (204)
[2018.04.09-18.57.39:784][283]LogModuleManager: Shutting down and abandoning module FunctionalTesting (202)
[2018.04.09-18.57.39:784][283]LogModuleManager: Shutting down and abandoning module CollisionAnalyzer (200)
[2018.04.09-18.57.39:784][283]LogModuleManager: Shutting down and abandoning module WorkspaceMenuStructure (199)
[2018.04.09-18.57.39:784][283]LogModuleManager: Shutting down and abandoning module UMG (196)
[2018.04.09-18.57.39:785][283]LogModuleManager: Shutting down and abandoning module UMGEditor (195)
[2018.04.09-18.57.39:786][283]LogModuleManager: Shutting down and abandoning module Sequencer (194)
[2018.04.09-18.57.39:787][283]LogModuleManager: Shutting down and abandoning module MessageLog (191)
[2018.04.09-18.57.39:788][283]LogModuleManager: Shutting down and abandoning module SlateReflector (186)
[2018.04.09-18.57.39:789][283]LogModuleManager: Shutting down and abandoning module Slate (184)
[2018.04.09-18.57.39:789][283]LogModuleManager: Shutting down and abandoning module EditorStyle (182)
[2018.04.09-18.57.39:814][283]LogModuleManager: Shutting down and abandoning module MRMesh (180)
[2018.04.09-18.57.39:814][283]LogModuleManager: Shutting down and abandoning module SourceCodeAccess (178)
[2018.04.09-18.57.39:814][283]LogModuleManager: Shutting down and abandoning module HeadMountedDisplay (176)
[2018.04.09-18.57.39:814][283]LogModuleManager: Shutting down and abandoning module XAudio2 (174)
[2018.04.09-18.57.39:814][283]LogModuleManager: Shutting down and abandoning module Networking (172)
[2018.04.09-18.57.39:814][283]LogModuleManager: Shutting down and abandoning module Core (168)
[2018.04.09-18.57.39:814][283]LogModuleManager: Shutting down and abandoning module KismetCompiler (164)
[2018.04.09-18.57.39:815][283]LogModuleManager: Shutting down and abandoning module LevelSequence (162)
[2018.04.09-18.57.39:815][283]LogModuleManager: Shutting down and abandoning module MeshUtilities (160)
[2018.04.09-18.57.39:815][283]LogModuleManager: Shutting down and abandoning module MeshMergeUtilities (159)
[2018.04.09-18.57.39:815][283]LogModuleManager: Shutting down and abandoning module MeshReductionInterface (158)
[2018.04.09-18.57.39:815][283]LogModuleManager: Shutting down and abandoning module SimplygonSwarm (157)
[2018.04.09-18.57.39:816][283]LogModuleManager: Shutting down and abandoning module SimplygonMeshReduction (155)
[2018.04.09-18.57.39:816][283]LogModuleManager: Shutting down and abandoning module QuadricMeshReduction (153)
[2018.04.09-18.57.39:816][283]LogModuleManager: Shutting down and abandoning module MaterialBaking (149)
[2018.04.09-18.57.39:816][283]LogModuleManager: Shutting down and abandoning module DirectoryWatcher (146)
[2018.04.09-18.57.39:856][283]LogModuleManager: Shutting down and abandoning module DerivedDataCache (144)
[2018.04.09-18.57.39:874][283]LogDerivedDataCache: Shutdown
[2018.04.09-18.57.39:874][283]LogModuleManager: Shutting down and abandoning module TargetPlatform (142)
[2018.04.09-18.57.39:876][283]LogModuleManager: Shutting down and abandoning module VulkanShaderFormat (141)
[2018.04.09-18.57.39:876][283]LogModuleManager: Shutting down and abandoning module ShaderFormatVectorVM (139)
[2018.04.09-18.57.39:877][283]LogModuleManager: Shutting down and abandoning module ShaderFormatOpenGL (137)
[2018.04.09-18.57.39:877][283]LogModuleManager: Shutting down and abandoning module ShaderFormatD3D (135)
[2018.04.09-18.57.39:877][283]LogModuleManager: Shutting down and abandoning module MetalShaderFormat (133)
[2018.04.09-18.57.39:878][283]LogModuleManager: Shutting down and abandoning module TextureFormatUncompressed (131)
[2018.04.09-18.57.39:878][283]LogModuleManager: Shutting down and abandoning module TextureFormatPVR (129)
[2018.04.09-18.57.39:878][283]LogModuleManager: Shutting down and abandoning module TextureFormatDXT (127)
[2018.04.09-18.57.39:878][283]LogModuleManager: Shutting down and abandoning module TextureFormatIntelISPCTexComp (125)
[2018.04.09-18.57.39:879][283]LogModuleManager: Shutting down and abandoning module TextureFormatASTC (123)
[2018.04.09-18.57.39:879][283]LogModuleManager: Shutting down and abandoning module ImageWrapper (122)
[2018.04.09-18.57.39:879][283]LogModuleManager: Shutting down and abandoning module TextureFormatAndroid (119)
[2018.04.09-18.57.39:879][283]LogModuleManager: Shutting down and abandoning module AudioFormatOpus (117)
[2018.04.09-18.57.39:880][283]LogModuleManager: Shutting down and abandoning module AudioFormatOgg (115)
[2018.04.09-18.57.39:880][283]LogModuleManager: Shutting down and abandoning module AudioFormatADPCM (113)
[2018.04.09-18.57.39:880][283]LogModuleManager: Shutting down and abandoning module LinuxTargetPlatform (111)
[2018.04.09-18.57.39:881][283]LogModuleManager: Shutting down and abandoning module LinuxServerTargetPlatform (109)
[2018.04.09-18.57.39:881][283]LogModuleManager: Shutting down and abandoning module LinuxNoEditorTargetPlatform (107)
[2018.04.09-18.57.39:881][283]LogModuleManager: Shutting down and abandoning module LinuxClientTargetPlatform (105)
[2018.04.09-18.57.39:881][283]LogModuleManager: Shutting down and abandoning module TVOSTargetPlatform (103)
[2018.04.09-18.57.39:881][283]LogModuleManager: Shutting down and abandoning module Messaging (101)
[2018.04.09-18.57.39:882][283]LogModuleManager: Shutting down and abandoning module IOSTargetPlatform (99)
[2018.04.09-18.57.39:882][283]LogModuleManager: Shutting down and abandoning module HTML5TargetPlatform (97)
[2018.04.09-18.57.39:882][283]LogModuleManager: Shutting down and abandoning module Android_PVRTCTargetPlatform (95)
[2018.04.09-18.57.39:882][283]LogModuleManager: Shutting down and abandoning module Android_MultiTargetPlatform (93)
[2018.04.09-18.57.39:883][283]LogModuleManager: Shutting down and abandoning module Android_ETC2TargetPlatform (91)
[2018.04.09-18.57.39:883][283]LogModuleManager: Shutting down and abandoning module Android_ETC1TargetPlatform (89)
[2018.04.09-18.57.39:883][283]LogModuleManager: Shutting down and abandoning module Android_DXTTargetPlatform (87)
[2018.04.09-18.57.39:884][283]LogModuleManager: Shutting down and abandoning module Android_ATCTargetPlatform (85)
[2018.04.09-18.57.39:884][283]LogModuleManager: Shutting down and abandoning module Android_ASTCTargetPlatform (83)
[2018.04.09-18.57.39:884][283]LogModuleManager: Shutting down and abandoning module AndroidTargetPlatform (81)
[2018.04.09-18.57.39:884][283]LogModuleManager: Shutting down and abandoning module WindowsTargetPlatform (79)
[2018.04.09-18.57.39:885][283]LogModuleManager: Shutting down and abandoning module WindowsServerTargetPlatform (77)
[2018.04.09-18.57.39:885][283]LogModuleManager: Shutting down and abandoning module WindowsNoEditorTargetPlatform (75)
[2018.04.09-18.57.39:885][283]LogModuleManager: Shutting down and abandoning module WindowsClientTargetPlatform (73)
[2018.04.09-18.57.39:886][283]LogModuleManager: Shutting down and abandoning module MacTargetPlatform (71)
[2018.04.09-18.57.39:887][283]LogModuleManager: Shutting down and abandoning module MacServerTargetPlatform (69)
[2018.04.09-18.57.39:887][283]LogModuleManager: Shutting down and abandoning module MacNoEditorTargetPlatform (67)
[2018.04.09-18.57.39:888][283]LogModuleManager: Shutting down and abandoning module MacClientTargetPlatform (65)
[2018.04.09-18.57.39:888][283]LogModuleManager: Shutting down and abandoning module AllDesktopTargetPlatform (63)
[2018.04.09-18.57.39:888][283]LogModuleManager: Shutting down and abandoning module InputCore (60)
[2018.04.09-18.57.39:888][283]LogModuleManager: Shutting down and abandoning module Settings (58)
[2018.04.09-18.57.39:888][283]LogModuleManager: Shutting down and abandoning module PhysXCooking (56)
[2018.04.09-18.57.39:888][283]LogModuleManager: Shutting down and abandoning module SteamVR (54)
[2018.04.09-18.57.39:888][283]LogModuleManager: Shutting down and abandoning module OculusHMD (52)
[2018.04.09-18.57.39:889][283]LogModuleManager: Shutting down and abandoning module ExampleDeviceProfileSelector (50)
[2018.04.09-18.57.39:889][283]LogModuleManager: Shutting down and abandoning module OnlineBlueprintSupport (48)
[2018.04.09-18.57.39:889][283]LogModuleManager: Shutting down and abandoning module OnlineSubsystem (44)
[2018.04.09-18.57.39:889][283]LogOnline: Display: Unloading online subsystem: NULL
[2018.04.09-18.57.39:890][283]LogModuleManager: Shutting down and abandoning module XMPP (43)
[2018.04.09-18.57.39:891][283]LogModuleManager: Shutting down and abandoning module HTTP (41)
[2018.04.09-18.57.39:891][283]LogHttp: Display: Http module shutting down, but needs to wait on 1 outstanding Http requests:
[2018.04.09-18.57.39:892][283]LogHttp: Display: 	verb=[POST] url=[https://datarouter.ol.epicgames.com/datarouter/api/v1/public/data?SessionID=%7BB92E1E38-4421-B3C3-50C5-2DB269B51565%7D&AppID=UEEditor.Rocket.Release&AppVersion=4.17.2-3658906%2B%2B%2BUE4%2BRelease-4.17&UserID=8310b7f844940d5f8d1c80a09722da98%7Cd99c23929b9c4683916438a68043639f%7C625fbe65-b002-4b2e-9128-058dcbb6f404&AppEnvironment=datacollector-binary&UploadType=eteventstream] status=Processing
[2018.04.09-18.57.39:915][283]LogModuleManager: Shutting down and abandoning module SSL (40)
[2018.04.09-18.57.39:925][283]LogModuleManager: Shutting down and abandoning module AnimationModifiers (36)
[2018.04.09-18.57.39:926][283]LogModuleManager: Shutting down and abandoning module PropertyEditor (35)
[2018.04.09-18.57.39:926][283]LogModuleManager: Shutting down and abandoning module AudioEditor (32)
[2018.04.09-18.57.39:927][283]LogModuleManager: Shutting down and abandoning module TextureCompressor (30)
[2018.04.09-18.57.39:927][283]LogModuleManager: Shutting down and abandoning module ShaderCore (28)
[2018.04.09-18.57.39:927][283]LogModuleManager: Shutting down and abandoning module Landscape (26)
[2018.04.09-18.57.39:927][283]LogModuleManager: Shutting down and abandoning module SlateRHIRenderer (24)
[2018.04.09-18.57.39:951][283]LogModuleManager: Shutting down and abandoning module OpenGLDrv (22)
[2018.04.09-18.57.39:951][283]LogModuleManager: Shutting down and abandoning module D3D11RHI (20)
[2018.04.09-18.57.39:952][283]LogModuleManager: Shutting down and abandoning module AnimGraphRuntime (18)
[2018.04.09-18.57.39:952][283]LogModuleManager: Shutting down and abandoning module Renderer (16)
[2018.04.09-18.57.39:953][283]LogModuleManager: Shutting down and abandoning module Engine (14)
[2018.04.09-18.57.39:953][283]LogModuleManager: Shutting down and abandoning module CoreUObject (12)
[2018.04.09-18.57.39:953][283]LogModuleManager: Shutting down and abandoning module NetworkFile (10)
[2018.04.09-18.57.39:954][283]LogModuleManager: Shutting down and abandoning module CookedIterativeFile (8)
[2018.04.09-18.57.39:954][283]LogModuleManager: Shutting down and abandoning module StreamingFile (6)
[2018.04.09-18.57.39:954][283]LogModuleManager: Shutting down and abandoning module SandboxFile (4)
[2018.04.09-18.57.39:954][283]LogModuleManager: Shutting down and abandoning module PakFile (2)
[2018.04.09-18.57.39:964][283]LogExit: Exiting.
[2018.04.09-18.57.40:341][283]Log file closed, 04/09/18 19:57:40
