Log file open, 02/22/18 12:35:00
LogWindows: Failed to load 'aqProf.dll' (GetLastError=126)
LogWindows: File 'aqProf.dll' does not exist
LogWindows: Failed to load 'VSPerf140.dll' (GetLastError=126)
LogWindows: File 'VSPerf140.dll' does not exist
LogWindows: Failed to load 'VtuneApi.dll' (GetLastError=126)
LogWindows: File 'VtuneApi.dll' does not exist
LogWindows: Failed to load 'VtuneApi32e.dll' (GetLastError=126)
LogWindows: File 'VtuneApi32e.dll' does not exist
LogInit: Display: Running engine for game: AntsGame
LogPlatformFile: Not using cached read wrapper
LogInit: Display: RandInit(912463555) SRandInit(912463555).
LogTaskGraph: Started task graph with 5 named threads and 8 total threads with 3 sets of task threads.
LogStats: Stats thread started at 0.551806
LogD3D11RHI: Aftermath initialized
LogPluginManager: Mounting plugin Paper2D
LogPluginManager: Mounting plugin LightPropagationVolume
LogPluginManager: Mounting plugin CodeLiteSourceCodeAccess
LogPluginManager: Mounting plugin GitSourceControl
LogPluginManager: Mounting plugin KDevelopSourceCodeAccess
LogPluginManager: Mounting plugin NullSourceCodeAccess
LogPluginManager: Mounting plugin PerforceSourceControl
LogPluginManager: Mounting plugin SubversionSourceControl
LogPluginManager: Mounting plugin UObjectPlugin
LogPluginManager: Mounting plugin VisualStudioSourceCodeAccess
LogPluginManager: Mounting plugin XCodeSourceCodeAccess
LogPluginManager: Mounting plugin AssetManagerEditor
LogPluginManager: Mounting plugin AudioCapture
LogPluginManager: Mounting plugin FacialAnimation
LogPluginManager: Mounting plugin GameplayTagsEditor
LogPluginManager: Mounting plugin MobileLauncherProfileWizard
LogPluginManager: Mounting plugin PluginBrowser
LogPluginManager: Mounting plugin SpeedTreeImporter
LogPluginManager: Mounting plugin AlembicImporter
LogPluginManager: Mounting plugin CharacterAI
LogPluginManager: Mounting plugin HTML5Networking
LogPluginManager: Mounting plugin AndroidMedia
LogPluginManager: Mounting plugin AvfMedia
LogPluginManager: Mounting plugin MediaPlayerEditor
LogPluginManager: Mounting plugin WmfMedia
LogPluginManager: Mounting plugin TcpMessaging
LogPluginManager: Mounting plugin UdpMessaging
LogPluginManager: Mounting plugin LevelSequenceEditor
LogPluginManager: Mounting plugin MatineeToLevelSequence
LogPluginManager: Mounting plugin OnlineSubsystemGooglePlay
LogPluginManager: Mounting plugin OnlineSubsystemIOS
LogPluginManager: Mounting plugin OnlineSubsystem
LogPluginManager: Mounting plugin OnlineSubsystemNull
LogPluginManager: Mounting plugin OnlineSubsystemUtils
LogPluginManager: Mounting plugin AndroidDeviceProfileSelector
LogPluginManager: Mounting plugin AndroidMoviePlayer
LogPluginManager: Mounting plugin AndroidPermission
LogPluginManager: Mounting plugin AppleMoviePlayer
LogPluginManager: Mounting plugin ArchVisCharacter
LogPluginManager: Mounting plugin CableComponent
LogPluginManager: Mounting plugin CustomMeshComponent
LogPluginManager: Mounting plugin ExampleDeviceProfileSelector
LogPluginManager: Mounting plugin GoogleCloudMessaging
LogPluginManager: Mounting plugin ImmediatePhysics
LogPluginManager: Mounting plugin IOSDeviceProfileSelector
LogPluginManager: Mounting plugin LinuxDeviceProfileSelector
LogPluginManager: Mounting plugin LocationServicesBPLibrary
LogPluginManager: Mounting plugin MobilePatchingUtils
LogPluginManager: Mounting plugin OculusVR
LogPluginManager: Mounting plugin PhysXVehicles
LogPluginManager: Mounting plugin ProceduralMeshComponent
LogPluginManager: Mounting plugin RuntimePhysXCooking
LogPluginManager: Mounting plugin SteamVR
LogPluginManager: Mounting plugin WindowsMoviePlayer
LogInit: Using libcurl 7.47.1
LogInit:  - built for x86_64-pc-win32
LogInit:  - supports SSL with OpenSSL/1.0.2g
LogInit:  - supports HTTP deflate (compression) using libz 1.2.8
LogInit:  - other features:
LogInit:      CURL_VERSION_SSL
LogInit:      CURL_VERSION_LIBZ
LogInit:      CURL_VERSION_IPV6
LogInit:      CURL_VERSION_ASYNCHDNS
LogInit:      CURL_VERSION_LARGEFILE
LogInit:      CURL_VERSION_IDN
LogInit:  CurlRequestOptions (configurable via config and command line):
LogInit:  - bVerifyPeer = false  - Libcurl will NOT verify peer certificate
LogInit:  - bUseHttpProxy = false  - Libcurl will NOT use HTTP proxy
LogInit:  - bDontReuseConnections = false  - Libcurl will reuse connections
LogInit:  - CertBundlePath = nullptr  - Libcurl will use whatever was configured at build time.
LogInit: Build: ++UE4+Release-4.17-CL-3658906
LogInit: Engine Version: 4.17.2-3658906+++UE4+Release-4.17
LogInit: Compatible Engine Version: 4.17.0-3573198+++UE4+Release-4.17
LogInit: Net CL: 3573198
LogDevObjectVersion: Number of dev versions registered: 16
LogDevObjectVersion:   Dev-Blueprints (B0D832E4-1F89-4F0D-ACCF-7EB736FD4AA2): 10
LogDevObjectVersion:   Dev-Build (E1C64328-A22C-4D53-A36C-8E866417BD8C): 0
LogDevObjectVersion:   Dev-Core (375EC13C-06E4-48FB-B500-84F0262A717E): 2
LogDevObjectVersion:   Dev-Editor (E4B068ED-F494-42E9-A231-DA0B2E46BB41): 20
LogDevObjectVersion:   Dev-Framework (CFFC743F-43B0-4480-9391-14DF171D2073): 28
LogDevObjectVersion:   Dev-Mobile (B02B49B5-BB20-44E9-A304-32B752E40360): 0
LogDevObjectVersion:   Dev-Networking (A4E4105C-59A1-49B5-A7C5-40C4547EDFEE): 0
LogDevObjectVersion:   Dev-Online (39C831C9-5AE6-47DC-9A44-9C173E1C8E7C): 0
LogDevObjectVersion:   Dev-Physics (78F01B33-EBEA-4F98-B9B4-84EACCB95AA2): 0
LogDevObjectVersion:   Dev-Platform (6631380F-2D4D-43E0-8009-CF276956A95A): 0
LogDevObjectVersion:   Dev-Rendering (12F88B9F-8875-4AFC-A67C-D90C383ABD29): 19
LogDevObjectVersion:   Dev-Sequencer (7B5AE74C-D270-4C10-A958-57980B212A5A): 4
LogDevObjectVersion:   Dev-VR (D7296918-1DD6-4BDD-9DE2-64A83CC13884): 0
LogDevObjectVersion:   Dev-LoadTimes (C2A15278-BFE7-4AFE-6C17-90FF531DF755): 1
LogDevObjectVersion:   Private-Geometry (6EACA3D4-40EC-4CC1-B786-8BED09428FC5): 1
LogDevObjectVersion:   Dev-AnimPhys (29E575DD-E0A3-4627-9D10-D276232CDCEA): 7
LogInit: Compiled (64-bit): Sep 22 2017 13:47:16
LogInit: Compiled with Visual C++: 19.00.24215.01
LogInit: Build Configuration: Development
LogInit: Branch Name: ++UE4+Release-4.17
LogInit: Command line: -EpicPortal 
LogInit: Base directory: D:/Game Dev/Epic Games/UE_4.17/Engine/Binaries/Win64/
LogInit: Installed Engine Build: 1
LogInit: Presizing for max 8388607 objects, including 0 objects not considered by GC, pre-allocating 0 bytes for permanent pool.
LogInit: Object subsystem initialized
[2018.02.22-12.35.04:277][  0]LogInit: Selected Device Profile: [Windows]
[2018.02.22-12.35.04:277][  0]LogInit: Applying CVar settings loaded from the selected device profile: [Windows]
[2018.02.22-12.35.04:416][  0]LogInit: Computer: LAPTOP-CLI7GUMK
[2018.02.22-12.35.04:417][  0]LogInit: User: Gary
[2018.02.22-12.35.04:417][  0]LogInit: CPU Page size=4096, Cores=2
[2018.02.22-12.35.04:417][  0]LogInit: High frequency timer resolution =2.835940 MHz
[2018.02.22-12.35.04:420][  0]LogMemory: Memory total: Physical=7.9GB (8GB approx)
[2018.02.22-12.35.04:420][  0]LogMemory: Platform Memory Stats for Windows
[2018.02.22-12.35.04:420][  0]LogMemory: Process Physical Memory: 280.99 MB used, 280.99 MB peak
[2018.02.22-12.35.04:420][  0]LogMemory: Process Virtual Memory: 276.91 MB used, 276.91 MB peak
[2018.02.22-12.35.04:420][  0]LogMemory: Physical Memory: 3357.78 MB used,  4728.34 MB free, 8086.12 MB total
[2018.02.22-12.35.04:420][  0]LogMemory: Virtual Memory: 692.11 MB used,  4728.34 MB free, 134217728.00 MB total
[2018.02.22-12.35.05:492][  0]LogInit: Using OS detected language (en-GB).
[2018.02.22-12.35.05:492][  0]LogInit: Using OS detected locale (en-GB).
[2018.02.22-12.35.05:523][  0]LogTextLocalizationManager: No specific localization for 'en-GB' exists, so the 'en' localization will be used.
[2018.02.22-12.35.10:390][  0]LogD3D11RHI: D3D11 adapters:
[2018.02.22-12.35.10:451][  0]LogD3D11RHI:    0. 'Intel(R) HD Graphics 620' (Feature Level 11_0)
[2018.02.22-12.35.10:451][  0]LogD3D11RHI:       128/0/4043 MB DedicatedVideo/DedicatedSystem/SharedSystem, Outputs:1, VendorId:0x8086
[2018.02.22-12.35.10:469][  0]LogD3D11RHI:    1. 'Microsoft Basic Render Driver' (Feature Level 11_0)
[2018.02.22-12.35.10:469][  0]LogD3D11RHI:       0/0/4043 MB DedicatedVideo/DedicatedSystem/SharedSystem, Outputs:0, VendorId:0x1414
[2018.02.22-12.35.10:469][  0]LogD3D11RHI: Chosen D3D11 Adapter: 0
[2018.02.22-12.35.10:499][  0]LogD3D11RHI: Creating new Direct3DDevice
[2018.02.22-12.35.10:500][  0]LogD3D11RHI:     GPU DeviceId: 0x5916 (for the marketing name, search the web for "GPU Device Id")
[2018.02.22-12.35.10:500][  0]LogWindows: EnumDisplayDevices:
[2018.02.22-12.35.10:501][  0]LogWindows:    0. 'Intel(R) HD Graphics 620' (P:1 D:1)
[2018.02.22-12.35.10:503][  0]LogWindows:    1. 'Intel(R) HD Graphics 620' (P:0 D:0)
[2018.02.22-12.35.10:505][  0]LogWindows:    2. 'Intel(R) HD Graphics 620' (P:0 D:0)
[2018.02.22-12.35.10:506][  0]LogWindows: DebugString: GetVideoDriverDetailsInvalid PrimaryIsNotTheChoosenAdapter GetVideoDriverDetailsInvalid PrimaryIsNotTheChoosenAdapter GetVideoDriverDetailsInvalid PrimaryIsNotTheChoosenAdapter FoundDriverCount:0 
[2018.02.22-12.35.10:506][  0]LogD3D11RHI:     Adapter Name: Intel(R) HD Graphics 620
[2018.02.22-12.35.10:506][  0]LogD3D11RHI:   Driver Version: Unknown (internal:Unknown, unified:Unknown)
[2018.02.22-12.35.10:506][  0]LogD3D11RHI:      Driver Date: Unknown
[2018.02.22-12.35.10:506][  0]LogRHI: Texture pool is 1361 MB (70% of 1945 MB)
[2018.02.22-12.35.10:555][  0]LogD3D11RHI: Async texture creation enabled
[2018.02.22-12.35.10:593][  0]LogD3D11RHI: GPU Timing Frequency: 12.000000 (Debug: 2 0)
[2018.02.22-12.35.10:604][  0]LogShaderCompilers: Guid format shader working directory is 17 characters bigger than the processId version (../../../../Projects/TDEMO-/Intermediate/Shaders/WorkingDirectory/11088/).
[2018.02.22-12.35.10:605][  0]LogShaderCompilers: Cleaned the shader compiler working directory 'C:/Users/Gary/AppData/Local/Temp/UnrealShaderWorkingDir/6099ACAE4F43414B18B687856F203890/'.
[2018.02.22-12.35.10:605][  0]LogShaderCompilers: Display: Using Local Shader Compiler.
[2018.02.22-12.35.16:915][  0]LogTemp: Display: Loaded TP AllDesktopTargetPlatform
[2018.02.22-12.35.17:209][  0]LogTemp: Display: Loaded TP MacClientTargetPlatform
[2018.02.22-12.35.17:507][  0]LogTemp: Display: Loaded TP MacNoEditorTargetPlatform
[2018.02.22-12.35.17:826][  0]LogTemp: Display: Loaded TP MacServerTargetPlatform
[2018.02.22-12.35.18:145][  0]LogTemp: Display: Loaded TP MacTargetPlatform
[2018.02.22-12.35.18:469][  0]LogTemp: Display: Loaded TP WindowsClientTargetPlatform
[2018.02.22-12.35.18:776][  0]LogTemp: Display: Loaded TP WindowsNoEditorTargetPlatform
[2018.02.22-12.35.19:066][  0]LogTemp: Display: Loaded TP WindowsServerTargetPlatform
[2018.02.22-12.35.19:304][  0]LogTemp: Display: Loaded TP WindowsTargetPlatform
[2018.02.22-12.35.19:579][  0]LogTemp: Display: Loaded TP AndroidTargetPlatform
[2018.02.22-12.35.19:881][  0]LogTemp: Display: Loaded TP Android_ASTCTargetPlatform
[2018.02.22-12.35.20:248][  0]LogTemp: Display: Loaded TP Android_ATCTargetPlatform
[2018.02.22-12.35.20:613][  0]LogTemp: Display: Loaded TP Android_DXTTargetPlatform
[2018.02.22-12.35.20:953][  0]LogTemp: Display: Loaded TP Android_ETC1TargetPlatform
[2018.02.22-12.35.21:292][  0]LogTemp: Display: Loaded TP Android_ETC2TargetPlatform
[2018.02.22-12.35.21:944][  0]LogTemp: Display: Loaded TP Android_MultiTargetPlatform
[2018.02.22-12.35.21:945][  0]LogTemp: Display: Loaded TP Android_PVRTCTargetPlatform
[2018.02.22-12.35.22:189][  0]LogTemp: Display: Loaded TP HTML5TargetPlatform
[2018.02.22-12.35.22:657][  0]LogTemp: Display: Loaded TP IOSTargetPlatform
[2018.02.22-12.35.22:869][  0]LogTemp: Display: Loaded TP TVOSTargetPlatform
[2018.02.22-12.35.23:193][  0]LogTemp: Display: Loaded TP LinuxClientTargetPlatform
[2018.02.22-12.35.23:535][  0]LogTemp: Display: Loaded TP LinuxNoEditorTargetPlatform
[2018.02.22-12.35.23:864][  0]LogTemp: Display: Loaded TP LinuxServerTargetPlatform
[2018.02.22-12.35.24:195][  0]LogTemp: Display: Loaded TP LinuxTargetPlatform
[2018.02.22-12.35.24:195][  0]LogTargetPlatformManager: Display: Building Assets For Windows
[2018.02.22-12.35.27:320][  0]LogDerivedDataCache: Display: Max Cache Size: 512 MB
[2018.02.22-12.35.27:779][  0]LogDerivedDataCache: Loaded boot cache 0.46s 93MB C:/Users/Gary/AppData/Local/UnrealEngine/4.17/DerivedDataCache/Boot.ddc.
[2018.02.22-12.35.27:779][  0]LogDerivedDataCache: Display: Loaded Boot cache: C:/Users/Gary/AppData/Local/UnrealEngine/4.17/DerivedDataCache/Boot.ddc
[2018.02.22-12.35.27:780][  0]LogDerivedDataCache: FDerivedDataBackendGraph:  Pak pak cache file ../../../../Projects/TDEMO-/DerivedDataCache/DDC.ddp not found, will not use a pak cache.
[2018.02.22-12.35.27:780][  0]LogDerivedDataCache: Unable to find inner node Pak for hierarchical cache Hierarchy.
[2018.02.22-12.35.27:780][  0]LogDerivedDataCache: FDerivedDataBackendGraph:  CompressedPak pak cache file ../../../../Projects/TDEMO-/DerivedDataCache/Compressed.ddp not found, will not use a pak cache.
[2018.02.22-12.35.27:780][  0]LogDerivedDataCache: Unable to find inner node CompressedPak for hierarchical cache Hierarchy.
[2018.02.22-12.35.27:887][  0]LogDerivedDataCache: Display: Pak cache opened for reading ../../../Engine/DerivedDataCache/Compressed.ddp.
[2018.02.22-12.35.27:904][  0]LogDerivedDataCache: Using Local data cache path C:/Users/Gary/AppData/Local/UnrealEngine/Common/DerivedDataCache: Writable
[2018.02.22-12.35.27:985][  0]LogMaterial: Verifying Global Shaders for PCD3D_SM5
[2018.02.22-12.35.27:986][  0]LogSlate: Using Freetype 2.6.0
[2018.02.22-12.35.27:989][  0]LogSlate: SlateFontCache - WITH_FREETYPE: 1, WITH_HARFBUZZ: 1
[2018.02.22-12.35.27:989][  0]LogSlate: SlateFontCache - WITH_FREETYPE: 1, WITH_HARFBUZZ: 1
[2018.02.22-12.35.29:787][  0]LogAssetRegistry: FAssetRegistry took 0.0618 seconds to start up
[2018.02.22-12.35.30:718][  0]LogInit: Selected Device Profile: [Windows]
[2018.02.22-12.35.33:366][  0]LogSimplygon: Simplygon DLL not present - disabling.
[2018.02.22-12.35.33:669][  0]LogMeshReduction: Using SimplygonSwarm for distributed automatic mesh merging
[2018.02.22-12.35.33:669][  0]LogMeshReduction: Using QuadricMeshReduction for automatic static mesh reduction
[2018.02.22-12.35.33:669][  0]LogMeshReduction: No automatic skeletal mesh reduction module available
[2018.02.22-12.35.33:670][  0]LogMeshReduction: No automatic mesh merging module available
[2018.02.22-12.35.33:670][  0]LogMeshMerging: No automatic mesh merging module available
[2018.02.22-12.35.33:819][  0]LogContentStreaming: Texture pool size is 0.00 MB
[2018.02.22-12.35.36:937][  0]LogNetVersion: AntsGame , NetCL: 3573198, EngineNetVer: 2, GameNetVer: 0 (Checksum: 3821802436)
[2018.02.22-12.35.38:596][  0]LogPackageLocalizationCache: Processed 5 localized package path(s) for 2 prioritized culture(s) in 0.393861 seconds
[2018.02.22-12.35.38:637][  0]LogUObjectArray: 35825 objects as part of root set at end of initial load.
[2018.02.22-12.35.38:637][  0]LogUObjectAllocator: 7529112 out of 0 bytes used by permanent object pool.
[2018.02.22-12.35.38:637][  0]LogUObjectArray: CloseDisregardForGC: 0/0 objects in disregard for GC pool
[2018.02.22-12.35.39:088][  0]LogInit: WinSock: version 1.1 (2.2), MaxSocks=32767, MaxUdp=65467
[2018.02.22-12.35.51:978][  0]LogTcpMessaging: Initializing TcpMessaging bridge
[2018.02.22-12.35.52:105][  0]LogUdpMessaging: Initializing bridge on interface 0.0.0.0:0 to multicast group 230.0.0.1:6666.
[2018.02.22-12.35.55:304][  0]LogMaterial: Uniform references updated for custom material expression Custom.
[2018.02.22-12.35.57:868][  0]SourceControl: Source control is disabled
[2018.02.22-12.35.57:869][  0]SourceControl: Source control is disabled
[2018.02.22-12.35.58:136][  0]SourceControl: Source control is disabled
[2018.02.22-12.35.58:432][  0]SourceControl: Source control is disabled
[2018.02.22-12.36.02:245][  0]LogAndroidPermission: UAndroidPermissionCallbackProxy::GetInstance
[2018.02.22-12.36.03:798][  0]LogOcInput: OculusInput pre-init called
[2018.02.22-12.36.05:442][  0]LogEngine: Initializing Engine...
[2018.02.22-12.36.05:457][  0]LogHMD: Failed to initialize OpenVR with code 110
[2018.02.22-12.36.06:951][  0]LogStats: UGameplayTagsManager::ConstructGameplayTagTree: Construct from data asset -  0.000 s
[2018.02.22-12.36.06:951][  0]LogStats: UGameplayTagsManager::ConstructGameplayTagTree: GameplayTagTreeChangedEvent.Broadcast -  0.000 s
[2018.02.22-12.36.07:749][  0]LogAIModule: Creating AISystem for world Untitled
[2018.02.22-12.36.07:849][  0]LogInit: XAudio2 using 'Speakers (Realtek High Definition Audio)' : 2 channels at 48 kHz using 32 bits per sample (channel mask 0x3)
[2018.02.22-12.36.07:991][  0]LogInit: FAudioDevice initialized.
[2018.02.22-12.36.08:387][  0]LogDerivedDataCache: Saved boot cache 0.39s 93MB C:/Users/Gary/AppData/Local/UnrealEngine/4.17/DerivedDataCache/Boot.ddc.
[2018.02.22-12.36.08:430][  0]LogInit: Texture streaming: Enabled
[2018.02.22-12.36.09:186][  0]LogEngineSessionManager: EngineSessionManager initialized
[2018.02.22-12.36.10:730][  0]LogInit: Transaction tracking system initialized
[2018.02.22-12.36.12:650][  0]BlueprintLog: New page: Editor Load
[2018.02.22-12.36.18:556][  0]LocalizationService: Localization service is disabled
[2018.02.22-12.36.22:101][  0]LogLinker: Warning: Can't find file '/Game/FlyingBP/FlyingOverview'
[2018.02.22-12.36.22:101][  0]LogLinker: Warning: Can't find file '/Game/FlyingBP/FlyingOverview'
[2018.02.22-12.36.22:102][  0]LogUObjectGlobals: Warning: Failed to find object 'Class /Game/FlyingBP/FlyingOverview.FlyingOverview_C'
[2018.02.22-12.36.23:397][  0]LogConsoleResponse: Display: 
[2018.02.22-12.36.24:727][  0]LogCook: Display: Max memory allowance for cook 16384mb min free memory 0mb
[2018.02.22-12.36.24:727][  0]LogCook: Display: Mobile HDR setting 1
[2018.02.22-12.36.24:727][  0]LogGameplayTags: Display: UGameplayTagsManager::DoneAddingNativeTags. DelegateIsBound: 0
[2018.02.22-12.36.25:877][  0]LogFileCache: Scanning file cache for directory 'D:/Game Dev/Epic Games/Projects/TDEMO-/Content/' took 0.06s
[2018.02.22-12.36.31:493][  0]SourceControl: Source control is disabled
[2018.02.22-12.36.31:494][  0]Cmd: MAP LOAD FILE="../../../../Projects/TDEMO-/Content/Levels/PicnicLevel.umap" TEMPLATE=0 SHOWPROGRESS=1 FEATURELEVEL=3
[2018.02.22-12.36.31:496][  0]LightingResults: New page: Lighting Build
[2018.02.22-12.36.31:741][  0]MapCheck: New page: Map Check
[2018.02.22-12.36.31:741][  0]LightingResults: New page: Lighting Build
[2018.02.22-12.36.39:279][  0]LogAIModule: Creating AISystem for world PicnicLevel
[2018.02.22-12.36.39:673][  0]LogEditorServer: Finished looking for orphan Actors (0.000 secs)
[2018.02.22-12.36.39:822][  0]Cmd: MAP CHECKDEP NOCLEARLOG
[2018.02.22-12.36.40:290][  0]MapCheck: Map check complete: 0 Error(s), 0 Warning(s), took 467.334ms to complete.
[2018.02.22-12.36.40:292][  0]LogFileHelpers: Loading map 'PicnicLevel' took 8.799
[2018.02.22-12.36.40:424][  0]LogWindowsTextInputMethodSystem: Display: IME system now deactivated.
[2018.02.22-12.36.40:425][  0]LogWindowsTextInputMethodSystem: Display: IME system now deactivated.
[2018.02.22-12.36.41:599][  0]LogCollectionManager: Loaded 0 collections in 0.023009 seconds
[2018.02.22-12.36.42:108][  0]LogFileCache: Scanning file cache for directory 'D:/Game Dev/Epic Games/Projects/TDEMO-/Saved/Collections/' took 0.01s
[2018.02.22-12.36.42:108][  0]LogFileCache: Scanning file cache for directory 'D:/Game Dev/Epic Games/Projects/TDEMO-/Content/Developers/Gary/Collections/' took 0.01s
[2018.02.22-12.36.42:109][  0]LogFileCache: Scanning file cache for directory 'D:/Game Dev/Epic Games/Projects/TDEMO-/Content/Collections/' took 0.01s
[2018.02.22-12.36.42:109][  0]LogCollectionManager: Rebuilt the GUID cache for 0 collections in 0.000002 seconds
[2018.02.22-12.36.42:199][  0]LogContentBrowser: Native class hierarchy populated in 0.0871 seconds. Added 2386 classes and 500 folders.
[2018.02.22-12.36.42:683][  0]LogContentBrowser: Native class hierarchy updated for 'WidgetCarousel' in 0.0046 seconds. Added 0 classes and 0 folders.
[2018.02.22-12.36.44:890][  0]LogContentBrowser: Native class hierarchy updated for 'AddContentDialog' in 0.0047 seconds. Added 0 classes and 0 folders.
[2018.02.22-12.36.45:224][  0]LogContentBrowser: Native class hierarchy updated for 'SceneOutliner' in 0.0046 seconds. Added 1 classes and 2 folders.
[2018.02.22-12.36.47:517][  0]LogContentBrowser: Native class hierarchy updated for 'HierarchicalLODOutliner' in 0.0038 seconds. Added 1 classes and 2 folders.
[2018.02.22-12.36.47:517][  0]LogLoad: (Engine Initialization) Total time: 114.20 seconds
[2018.02.22-12.36.47:518][  0]LogLoad: (Engine Initialization) Total Blueprint compile time: 0.00 seconds
[2018.02.22-12.36.47:519][  0]LogExternalProfiler: No external profilers were discovered.  External profiling features will not be available.
[2018.02.22-12.36.47:779][  0]LogContentStreaming: Texture pool size now 1000 MB
[2018.02.22-12.36.47:785][  0]LogSlate: Took 0.001084 seconds to synchronously load lazily loaded font '../../../Engine/Content/Slate/Fonts/Roboto-Regular.ttf' (155K)
[2018.02.22-12.36.47:802][  0]LogSlate: Took 0.001074 seconds to synchronously load lazily loaded font '../../../Engine/Content/Slate/Fonts/Roboto-Bold.ttf' (160K)
[2018.02.22-12.36.47:870][  0]LogSlate: Took 0.010390 seconds to synchronously load lazily loaded font '../../../Engine/Content/Editor/Slate/Fonts/FontAwesome.ttf' (139K)
[2018.02.22-12.36.48:545][  0]LogSlate: Took 0.017101 seconds to synchronously load lazily loaded font '../../../Engine/Content/Slate/Fonts/Roboto-Light.ttf' (159K)
[2018.02.22-12.36.48:740][  1]LogFileCache: Retrieving MD5 hashes for directory 'D:/Game Dev/Epic Games/Projects/TDEMO-/Content/' took 1.16s
[2018.02.22-12.36.49:064][  2]LogRenderer: Reallocating scene render targets to support 752x344 Format 10 NumSamples 1 (Frame:1).
[2018.02.22-12.36.55:428][  5]LogAssetRegistry: Asset discovery search completed in 85.6672 seconds
[2018.02.22-12.36.55:434][  5]LogCollectionManager: Rebuilt the object cache for 0 collections in 0.000001 seconds (found 0 objects)
[2018.02.22-12.36.55:434][  5]LogCollectionManager: Fixed up redirectors for 0 collections in 0.000146 seconds (updated 0 objects)
[2018.02.22-12.37.00:794][ 56]LogRenderer: Reallocating scene render targets to support 1008x472 Format 10 NumSamples 1 (Frame:50).
[2018.02.22-12.37.03:239][ 72]LogSlate: Took 0.001031 seconds to synchronously load lazily loaded font '../../../Engine/Content/Slate/Fonts/Roboto-Light.ttf' (159K)
[2018.02.22-12.37.04:064][ 72]LogSlate: Took 0.001629 seconds to synchronously load lazily loaded font '../../../Engine/Content/Slate/Fonts/Roboto-Regular.ttf' (155K)
[2018.02.22-12.37.06:202][ 72]LogContentBrowser: Native class hierarchy updated for 'BlueprintGraph' in 0.0039 seconds. Added 113 classes and 0 folders.
[2018.02.22-12.37.10:057][ 72]LogSlate: Took 0.013072 seconds to synchronously load lazily loaded font '../../../Engine/Content/Editor/Slate/Fonts/Roboto-BoldCondensed.ttf' (158K)
[2018.02.22-12.37.47:452][457]LogSlate: Took 0.049038 seconds to synchronously load lazily loaded font '../../../Engine/Content/Editor/Slate/Fonts/Roboto-Italic.ttf' (157K)
[2018.02.22-12.38.05:809][662]BlueprintLog: New page: Compile 1_AdvJump
[2018.02.22-12.38.14:623][704]LogTemp: Repeating last play command: New Editor Window (PIE)
[2018.02.22-12.38.15:323][704]LogBlueprintUserMessages: Early PlayInEditor Detection: Level '/Game/Levels/PicnicLevel.PicnicLevel:PersistentLevel' has LevelScriptBlueprint '/Game/Levels/PicnicLevel.PicnicLevel:PersistentLevel.PicnicLevel' with GeneratedClass '/Game/Levels/PicnicLevel.PicnicLevel_C' with ClassGeneratedBy '/Game/Levels/PicnicLevel.PicnicLevel:PersistentLevel.PicnicLevel'
[2018.02.22-12.38.15:324][704]LogPlayLevel: PlayLevel: No blueprints needed recompiling
[2018.02.22-12.38.15:352][704]PIE: New page: PIE session: PicnicLevel (22 Feb 2018 12:38:15)
[2018.02.22-12.38.15:356][704]LogPlayLevel: Creating play world package: /Game/Levels/UEDPIE_0_PicnicLevel
[2018.02.22-12.38.15:477][704]LogPlayLevel: PIE: StaticDuplicateObject took: (0.121116s)
[2018.02.22-12.38.15:481][704]LogAIModule: Creating AISystem for world PicnicLevel
[2018.02.22-12.38.15:482][704]LogPlayLevel: PIE: World Init took: (0.004739s)
[2018.02.22-12.38.15:483][704]LogPlayLevel: PIE: Created PIE world by copying editor world from /Game/Levels/PicnicLevel.PicnicLevel to /Game/Levels/UEDPIE_0_PicnicLevel.PicnicLevel (0.127436s)
[2018.02.22-12.38.15:659][704]LogInit: XAudio2 using 'Speakers (Realtek High Definition Audio)' : 2 channels at 48 kHz using 32 bits per sample (channel mask 0x3)
[2018.02.22-12.38.15:737][704]LogInit: FAudioDevice initialized.
[2018.02.22-12.38.15:985][704]LogLoad: Game class is 'AntsGamemode_C'
[2018.02.22-12.38.16:079][704]LogWorld: Bringing World /Game/Levels/UEDPIE_0_PicnicLevel.PicnicLevel up for play (max tick rate 60) at 2018.02.22-12.38.16
[2018.02.22-12.38.16:094][704]LogWorld: Bringing up level for play took: 0.092423
[2018.02.22-12.38.16:443][704]LogContentBrowser: Native class hierarchy updated for 'MovieSceneCapture' in 0.0066 seconds. Added 11 classes and 0 folders.
[2018.02.22-12.38.16:497][704]PIE: Play in editor start time for /Game/Levels/UEDPIE_0_PicnicLevel 0.432
[2018.02.22-12.38.16:510][704]LogBlueprintUserMessages: Late PlayInEditor Detection: Level '/Game/Levels/PicnicLevel.PicnicLevel:PersistentLevel' has LevelScriptBlueprint '/Game/Levels/PicnicLevel.PicnicLevel:PersistentLevel.PicnicLevel' with GeneratedClass '/Game/Levels/PicnicLevel.PicnicLevel_C' with ClassGeneratedBy '/Game/Levels/PicnicLevel.PicnicLevel:PersistentLevel.PicnicLevel'
[2018.02.22-12.38.16:997][704]LogRenderer: Reallocating scene render targets to support 1292x756 Format 10 NumSamples 1 (Frame:1).
[2018.02.22-12.38.25:182][768]LogBlueprintUserMessages: Early EndPlayMap Detection: Level '/Game/Levels/PicnicLevel.PicnicLevel:PersistentLevel' has LevelScriptBlueprint '/Game/Levels/PicnicLevel.PicnicLevel:PersistentLevel.PicnicLevel' with GeneratedClass '/Game/Levels/PicnicLevel.PicnicLevel_C' with ClassGeneratedBy '/Game/Levels/PicnicLevel.PicnicLevel:PersistentLevel.PicnicLevel'
[2018.02.22-12.38.25:591][768]LogBlueprintUserMessages: Late EndPlayMap Detection: Level '/Game/Levels/PicnicLevel.PicnicLevel:PersistentLevel' has LevelScriptBlueprint '/Game/Levels/PicnicLevel.PicnicLevel:PersistentLevel.PicnicLevel' with GeneratedClass '/Game/Levels/PicnicLevel.PicnicLevel_C' with ClassGeneratedBy '/Game/Levels/PicnicLevel.PicnicLevel:PersistentLevel.PicnicLevel'
[2018.02.22-12.38.27:196][785]LogEditorViewport: Clicking on Actor (LMB): 1_AdvJump_C (1_AdvJump)
[2018.02.22-12.38.45:306][982]LogTemp: Repeating last play command: New Editor Window (PIE)
[2018.02.22-12.38.45:547][982]LogBlueprintUserMessages: Early PlayInEditor Detection: Level '/Game/Levels/PicnicLevel.PicnicLevel:PersistentLevel' has LevelScriptBlueprint '/Game/Levels/PicnicLevel.PicnicLevel:PersistentLevel.PicnicLevel' with GeneratedClass '/Game/Levels/PicnicLevel.PicnicLevel_C' with ClassGeneratedBy '/Game/Levels/PicnicLevel.PicnicLevel:PersistentLevel.PicnicLevel'
[2018.02.22-12.38.45:548][982]LogPlayLevel: PlayLevel: No blueprints needed recompiling
[2018.02.22-12.38.45:548][982]PIE: New page: PIE session: PicnicLevel (22 Feb 2018 12:38:45)
[2018.02.22-12.38.45:551][982]LogPlayLevel: Creating play world package: /Game/Levels/UEDPIE_0_PicnicLevel
[2018.02.22-12.38.45:607][982]LogPlayLevel: PIE: StaticDuplicateObject took: (0.055384s)
[2018.02.22-12.38.45:608][982]LogAIModule: Creating AISystem for world PicnicLevel
[2018.02.22-12.38.45:609][982]LogPlayLevel: PIE: World Init took: (0.002299s)
[2018.02.22-12.38.45:610][982]LogPlayLevel: PIE: Created PIE world by copying editor world from /Game/Levels/PicnicLevel.PicnicLevel to /Game/Levels/UEDPIE_0_PicnicLevel.PicnicLevel (0.058673s)
[2018.02.22-12.38.45:732][982]LogInit: XAudio2 using 'Speakers (Realtek High Definition Audio)' : 2 channels at 48 kHz using 32 bits per sample (channel mask 0x3)
[2018.02.22-12.38.45:791][982]LogInit: FAudioDevice initialized.
[2018.02.22-12.38.45:916][982]LogLoad: Game class is 'AntsGamemode_C'
[2018.02.22-12.38.45:965][982]LogWorld: Bringing World /Game/Levels/UEDPIE_0_PicnicLevel.PicnicLevel up for play (max tick rate 60) at 2018.02.22-12.38.45
[2018.02.22-12.38.45:967][982]LogWorld: Bringing up level for play took: 0.048494
[2018.02.22-12.38.45:998][982]PIE: Play in editor start time for /Game/Levels/UEDPIE_0_PicnicLevel -0.067
[2018.02.22-12.38.45:999][982]LogBlueprintUserMessages: Late PlayInEditor Detection: Level '/Game/Levels/PicnicLevel.PicnicLevel:PersistentLevel' has LevelScriptBlueprint '/Game/Levels/PicnicLevel.PicnicLevel:PersistentLevel.PicnicLevel' with GeneratedClass '/Game/Levels/PicnicLevel.PicnicLevel_C' with ClassGeneratedBy '/Game/Levels/PicnicLevel.PicnicLevel:PersistentLevel.PicnicLevel'
[2018.02.22-12.38.49:061][ 11]LogBlueprintUserMessages: Early EndPlayMap Detection: Level '/Game/Levels/PicnicLevel.PicnicLevel:PersistentLevel' has LevelScriptBlueprint '/Game/Levels/PicnicLevel.PicnicLevel:PersistentLevel.PicnicLevel' with GeneratedClass '/Game/Levels/PicnicLevel.PicnicLevel_C' with ClassGeneratedBy '/Game/Levels/PicnicLevel.PicnicLevel:PersistentLevel.PicnicLevel'
[2018.02.22-12.38.49:761][ 11]LogBlueprintUserMessages: Late EndPlayMap Detection: Level '/Game/Levels/PicnicLevel.PicnicLevel:PersistentLevel' has LevelScriptBlueprint '/Game/Levels/PicnicLevel.PicnicLevel:PersistentLevel.PicnicLevel' with GeneratedClass '/Game/Levels/PicnicLevel.PicnicLevel_C' with ClassGeneratedBy '/Game/Levels/PicnicLevel.PicnicLevel:PersistentLevel.PicnicLevel'
[2018.02.22-12.39.36:544][416]BlueprintLog: New page: Compile 1_AdvJump
[2018.02.22-12.39.48:815][445]LogTemp: Repeating last play command: New Editor Window (PIE)
[2018.02.22-12.39.49:238][445]LogBlueprintUserMessages: Early PlayInEditor Detection: Level '/Game/Levels/PicnicLevel.PicnicLevel:PersistentLevel' has LevelScriptBlueprint '/Game/Levels/PicnicLevel.PicnicLevel:PersistentLevel.PicnicLevel' with GeneratedClass '/Game/Levels/PicnicLevel.PicnicLevel_C' with ClassGeneratedBy '/Game/Levels/PicnicLevel.PicnicLevel:PersistentLevel.PicnicLevel'
[2018.02.22-12.39.49:238][445]LogPlayLevel: PlayLevel: No blueprints needed recompiling
[2018.02.22-12.39.49:239][445]PIE: New page: PIE session: PicnicLevel (22 Feb 2018 12:39:49)
[2018.02.22-12.39.49:244][445]LogPlayLevel: Creating play world package: /Game/Levels/UEDPIE_0_PicnicLevel
[2018.02.22-12.39.49:303][445]LogPlayLevel: PIE: StaticDuplicateObject took: (0.057930s)
[2018.02.22-12.39.49:306][445]LogAIModule: Creating AISystem for world PicnicLevel
[2018.02.22-12.39.49:307][445]LogPlayLevel: PIE: World Init took: (0.004607s)
[2018.02.22-12.39.49:308][445]LogPlayLevel: PIE: Created PIE world by copying editor world from /Game/Levels/PicnicLevel.PicnicLevel to /Game/Levels/UEDPIE_0_PicnicLevel.PicnicLevel (0.064036s)
[2018.02.22-12.39.49:460][445]LogInit: XAudio2 using 'Speakers (Realtek High Definition Audio)' : 2 channels at 48 kHz using 32 bits per sample (channel mask 0x3)
[2018.02.22-12.39.49:539][445]LogInit: FAudioDevice initialized.
[2018.02.22-12.39.49:714][445]LogLoad: Game class is 'AntsGamemode_C'
[2018.02.22-12.39.49:804][445]LogWorld: Bringing World /Game/Levels/UEDPIE_0_PicnicLevel.PicnicLevel up for play (max tick rate 60) at 2018.02.22-12.39.49
[2018.02.22-12.39.49:809][445]LogWorld: Bringing up level for play took: 0.091664
[2018.02.22-12.39.49:848][445]PIE: Play in editor start time for /Game/Levels/UEDPIE_0_PicnicLevel -0.216
[2018.02.22-12.39.49:850][445]LogBlueprintUserMessages: Late PlayInEditor Detection: Level '/Game/Levels/PicnicLevel.PicnicLevel:PersistentLevel' has LevelScriptBlueprint '/Game/Levels/PicnicLevel.PicnicLevel:PersistentLevel.PicnicLevel' with GeneratedClass '/Game/Levels/PicnicLevel.PicnicLevel_C' with ClassGeneratedBy '/Game/Levels/PicnicLevel.PicnicLevel:PersistentLevel.PicnicLevel'
[2018.02.22-12.39.59:744][543]LogBlueprintUserMessages: Early EndPlayMap Detection: Level '/Game/Levels/PicnicLevel.PicnicLevel:PersistentLevel' has LevelScriptBlueprint '/Game/Levels/PicnicLevel.PicnicLevel:PersistentLevel.PicnicLevel' with GeneratedClass '/Game/Levels/PicnicLevel.PicnicLevel_C' with ClassGeneratedBy '/Game/Levels/PicnicLevel.PicnicLevel:PersistentLevel.PicnicLevel'
[2018.02.22-12.40.00:382][543]LogBlueprintUserMessages: Late EndPlayMap Detection: Level '/Game/Levels/PicnicLevel.PicnicLevel:PersistentLevel' has LevelScriptBlueprint '/Game/Levels/PicnicLevel.PicnicLevel:PersistentLevel.PicnicLevel' with GeneratedClass '/Game/Levels/PicnicLevel.PicnicLevel_C' with ClassGeneratedBy '/Game/Levels/PicnicLevel.PicnicLevel:PersistentLevel.PicnicLevel'
[2018.02.22-12.40.43:157][828]LogSlate: Took 0.000897 seconds to synchronously load lazily loaded font '../../../Engine/Content/Slate/Fonts/Roboto-Light.ttf' (159K)
[2018.02.22-12.41.49:341][273]BlueprintLog: New page: Compile 1_AdvJump
[2018.02.22-12.42.01:425][293]LogTemp: Repeating last play command: New Editor Window (PIE)
[2018.02.22-12.42.02:081][293]LogBlueprintUserMessages: Early PlayInEditor Detection: Level '/Game/Levels/PicnicLevel.PicnicLevel:PersistentLevel' has LevelScriptBlueprint '/Game/Levels/PicnicLevel.PicnicLevel:PersistentLevel.PicnicLevel' with GeneratedClass '/Game/Levels/PicnicLevel.PicnicLevel_C' with ClassGeneratedBy '/Game/Levels/PicnicLevel.PicnicLevel:PersistentLevel.PicnicLevel'
[2018.02.22-12.42.02:082][293]LogPlayLevel: PlayLevel: No blueprints needed recompiling
[2018.02.22-12.42.02:084][293]PIE: New page: PIE session: PicnicLevel (22 Feb 2018 12:42:02)
[2018.02.22-12.42.02:091][293]LogPlayLevel: Creating play world package: /Game/Levels/UEDPIE_0_PicnicLevel
[2018.02.22-12.42.02:173][293]LogPlayLevel: PIE: StaticDuplicateObject took: (0.082166s)
[2018.02.22-12.42.02:175][293]LogAIModule: Creating AISystem for world PicnicLevel
[2018.02.22-12.42.02:176][293]LogPlayLevel: PIE: World Init took: (0.003200s)
[2018.02.22-12.42.02:177][293]LogPlayLevel: PIE: Created PIE world by copying editor world from /Game/Levels/PicnicLevel.PicnicLevel to /Game/Levels/UEDPIE_0_PicnicLevel.PicnicLevel (0.086744s)
[2018.02.22-12.42.02:341][293]LogInit: XAudio2 using 'Speakers (Realtek High Definition Audio)' : 2 channels at 48 kHz using 32 bits per sample (channel mask 0x3)
[2018.02.22-12.42.02:417][293]LogInit: FAudioDevice initialized.
[2018.02.22-12.42.02:596][293]LogLoad: Game class is 'AntsGamemode_C'
[2018.02.22-12.42.02:698][293]LogWorld: Bringing World /Game/Levels/UEDPIE_0_PicnicLevel.PicnicLevel up for play (max tick rate 60) at 2018.02.22-12.42.02
[2018.02.22-12.42.02:703][293]LogWorld: Bringing up level for play took: 0.102398
[2018.02.22-12.42.02:740][293]PIE: Play in editor start time for /Game/Levels/UEDPIE_0_PicnicLevel 0.676
[2018.02.22-12.42.02:743][293]LogBlueprintUserMessages: Late PlayInEditor Detection: Level '/Game/Levels/PicnicLevel.PicnicLevel:PersistentLevel' has LevelScriptBlueprint '/Game/Levels/PicnicLevel.PicnicLevel:PersistentLevel.PicnicLevel' with GeneratedClass '/Game/Levels/PicnicLevel.PicnicLevel_C' with ClassGeneratedBy '/Game/Levels/PicnicLevel.PicnicLevel:PersistentLevel.PicnicLevel'
[2018.02.22-12.42.11:943][380]LogBlueprintUserMessages: Early EndPlayMap Detection: Level '/Game/Levels/PicnicLevel.PicnicLevel:PersistentLevel' has LevelScriptBlueprint '/Game/Levels/PicnicLevel.PicnicLevel:PersistentLevel.PicnicLevel' with GeneratedClass '/Game/Levels/PicnicLevel.PicnicLevel_C' with ClassGeneratedBy '/Game/Levels/PicnicLevel.PicnicLevel:PersistentLevel.PicnicLevel'
[2018.02.22-12.42.12:600][380]LogBlueprintUserMessages: Late EndPlayMap Detection: Level '/Game/Levels/PicnicLevel.PicnicLevel:PersistentLevel' has LevelScriptBlueprint '/Game/Levels/PicnicLevel.PicnicLevel:PersistentLevel.PicnicLevel' with GeneratedClass '/Game/Levels/PicnicLevel.PicnicLevel_C' with ClassGeneratedBy '/Game/Levels/PicnicLevel.PicnicLevel:PersistentLevel.PicnicLevel'
[2018.02.22-12.42.14:536][383]LogTemp: Repeating last play command: New Editor Window (PIE)
[2018.02.22-12.42.14:794][383]LogBlueprintUserMessages: Early PlayInEditor Detection: Level '/Game/Levels/PicnicLevel.PicnicLevel:PersistentLevel' has LevelScriptBlueprint '/Game/Levels/PicnicLevel.PicnicLevel:PersistentLevel.PicnicLevel' with GeneratedClass '/Game/Levels/PicnicLevel.PicnicLevel_C' with ClassGeneratedBy '/Game/Levels/PicnicLevel.PicnicLevel:PersistentLevel.PicnicLevel'
[2018.02.22-12.42.14:795][383]LogPlayLevel: PlayLevel: No blueprints needed recompiling
[2018.02.22-12.42.14:795][383]PIE: New page: PIE session: PicnicLevel (22 Feb 2018 12:42:14)
[2018.02.22-12.42.14:799][383]LogPlayLevel: Creating play world package: /Game/Levels/UEDPIE_0_PicnicLevel
[2018.02.22-12.42.14:874][383]LogPlayLevel: PIE: StaticDuplicateObject took: (0.073694s)
[2018.02.22-12.42.14:878][383]LogAIModule: Creating AISystem for world PicnicLevel
[2018.02.22-12.42.14:879][383]LogPlayLevel: PIE: World Init took: (0.005177s)
[2018.02.22-12.42.14:880][383]LogPlayLevel: PIE: Created PIE world by copying editor world from /Game/Levels/PicnicLevel.PicnicLevel to /Game/Levels/UEDPIE_0_PicnicLevel.PicnicLevel (0.080575s)
[2018.02.22-12.42.15:072][383]LogInit: XAudio2 using 'Speakers (Realtek High Definition Audio)' : 2 channels at 48 kHz using 32 bits per sample (channel mask 0x3)
[2018.02.22-12.42.15:164][383]LogInit: FAudioDevice initialized.
[2018.02.22-12.42.15:345][383]LogLoad: Game class is 'AntsGamemode_C'
[2018.02.22-12.42.15:466][383]LogWorld: Bringing World /Game/Levels/UEDPIE_0_PicnicLevel.PicnicLevel up for play (max tick rate 60) at 2018.02.22-12.42.15
[2018.02.22-12.42.15:470][383]LogWorld: Bringing up level for play took: 0.120985
[2018.02.22-12.42.15:514][383]PIE: Play in editor start time for /Game/Levels/UEDPIE_0_PicnicLevel 1.45
[2018.02.22-12.42.15:516][383]LogBlueprintUserMessages: Late PlayInEditor Detection: Level '/Game/Levels/PicnicLevel.PicnicLevel:PersistentLevel' has LevelScriptBlueprint '/Game/Levels/PicnicLevel.PicnicLevel:PersistentLevel.PicnicLevel' with GeneratedClass '/Game/Levels/PicnicLevel.PicnicLevel_C' with ClassGeneratedBy '/Game/Levels/PicnicLevel.PicnicLevel:PersistentLevel.PicnicLevel'
[2018.02.22-12.42.15:796][384]LogCharacterMovement: Warning: GetSimulationTimeStep() - Max iterations 8 hit while remaining time 0.082560 > MaxSimulationTimeStep (0.050) for '1_AdvJump8_1561', movement 'Walking'
[2018.02.22-12.42.15:798][384]LogCharacterMovement: Warning: GetSimulationTimeStep() - Max iterations 8 hit while remaining time 0.086575 > MaxSimulationTimeStep (0.050) for '1_AdvJump7_1470', movement 'Walking'
[2018.02.22-12.42.30:124][526]LogBlueprintUserMessages: Early EndPlayMap Detection: Level '/Game/Levels/PicnicLevel.PicnicLevel:PersistentLevel' has LevelScriptBlueprint '/Game/Levels/PicnicLevel.PicnicLevel:PersistentLevel.PicnicLevel' with GeneratedClass '/Game/Levels/PicnicLevel.PicnicLevel_C' with ClassGeneratedBy '/Game/Levels/PicnicLevel.PicnicLevel:PersistentLevel.PicnicLevel'
[2018.02.22-12.42.30:848][526]LogBlueprintUserMessages: Late EndPlayMap Detection: Level '/Game/Levels/PicnicLevel.PicnicLevel:PersistentLevel' has LevelScriptBlueprint '/Game/Levels/PicnicLevel.PicnicLevel:PersistentLevel.PicnicLevel' with GeneratedClass '/Game/Levels/PicnicLevel.PicnicLevel_C' with ClassGeneratedBy '/Game/Levels/PicnicLevel.PicnicLevel:PersistentLevel.PicnicLevel'
[2018.02.22-12.42.54:499][637]BlueprintLog: New page: Compile 1_AdvJump
[2018.02.22-12.44.37:304][411]BlueprintLog: New page: Compile 1_AdvJump
[2018.02.22-12.44.49:286][432]LogTemp: Repeating last play command: New Editor Window (PIE)
[2018.02.22-12.44.49:701][432]LogBlueprintUserMessages: Early PlayInEditor Detection: Level '/Game/Levels/PicnicLevel.PicnicLevel:PersistentLevel' has LevelScriptBlueprint '/Game/Levels/PicnicLevel.PicnicLevel:PersistentLevel.PicnicLevel' with GeneratedClass '/Game/Levels/PicnicLevel.PicnicLevel_C' with ClassGeneratedBy '/Game/Levels/PicnicLevel.PicnicLevel:PersistentLevel.PicnicLevel'
[2018.02.22-12.44.49:701][432]LogPlayLevel: PlayLevel: No blueprints needed recompiling
[2018.02.22-12.44.49:702][432]PIE: New page: PIE session: PicnicLevel (22 Feb 2018 12:44:49)
[2018.02.22-12.44.49:707][432]LogPlayLevel: Creating play world package: /Game/Levels/UEDPIE_0_PicnicLevel
[2018.02.22-12.44.49:787][432]LogPlayLevel: PIE: StaticDuplicateObject took: (0.080500s)
[2018.02.22-12.44.49:791][432]LogAIModule: Creating AISystem for world PicnicLevel
[2018.02.22-12.44.49:793][432]LogPlayLevel: PIE: World Init took: (0.004929s)
[2018.02.22-12.44.49:794][432]LogPlayLevel: PIE: Created PIE world by copying editor world from /Game/Levels/PicnicLevel.PicnicLevel to /Game/Levels/UEDPIE_0_PicnicLevel.PicnicLevel (0.087449s)
[2018.02.22-12.44.49:950][432]LogInit: XAudio2 using 'Speakers (Realtek High Definition Audio)' : 2 channels at 48 kHz using 32 bits per sample (channel mask 0x3)
[2018.02.22-12.44.50:026][432]LogInit: FAudioDevice initialized.
[2018.02.22-12.44.50:203][432]LogLoad: Game class is 'AntsGamemode_C'
[2018.02.22-12.44.50:309][432]LogWorld: Bringing World /Game/Levels/UEDPIE_0_PicnicLevel.PicnicLevel up for play (max tick rate 60) at 2018.02.22-12.44.50
[2018.02.22-12.44.50:311][432]LogWorld: Bringing up level for play took: 0.104793
[2018.02.22-12.44.50:348][432]PIE: Play in editor start time for /Game/Levels/UEDPIE_0_PicnicLevel 0.284
[2018.02.22-12.44.50:350][432]LogBlueprintUserMessages: Late PlayInEditor Detection: Level '/Game/Levels/PicnicLevel.PicnicLevel:PersistentLevel' has LevelScriptBlueprint '/Game/Levels/PicnicLevel.PicnicLevel:PersistentLevel.PicnicLevel' with GeneratedClass '/Game/Levels/PicnicLevel.PicnicLevel_C' with ClassGeneratedBy '/Game/Levels/PicnicLevel.PicnicLevel:PersistentLevel.PicnicLevel'
[2018.02.22-12.44.55:855][484]LogBlueprintUserMessages: Early EndPlayMap Detection: Level '/Game/Levels/PicnicLevel.PicnicLevel:PersistentLevel' has LevelScriptBlueprint '/Game/Levels/PicnicLevel.PicnicLevel:PersistentLevel.PicnicLevel' with GeneratedClass '/Game/Levels/PicnicLevel.PicnicLevel_C' with ClassGeneratedBy '/Game/Levels/PicnicLevel.PicnicLevel:PersistentLevel.PicnicLevel'
[2018.02.22-12.44.56:554][484]LogBlueprintUserMessages: Late EndPlayMap Detection: Level '/Game/Levels/PicnicLevel.PicnicLevel:PersistentLevel' has LevelScriptBlueprint '/Game/Levels/PicnicLevel.PicnicLevel:PersistentLevel.PicnicLevel' with GeneratedClass '/Game/Levels/PicnicLevel.PicnicLevel_C' with ClassGeneratedBy '/Game/Levels/PicnicLevel.PicnicLevel:PersistentLevel.PicnicLevel'
[2018.02.22-12.45.01:849][507]LogEditorTransaction: Undo Create Pin Link
[2018.02.22-12.45.41:070][880]BlueprintLog: New page: Compile 1_AdvJump
[2018.02.22-12.45.52:428][933]LogTemp: Repeating last play command: New Editor Window (PIE)
[2018.02.22-12.45.52:773][933]LogBlueprintUserMessages: Early PlayInEditor Detection: Level '/Game/Levels/PicnicLevel.PicnicLevel:PersistentLevel' has LevelScriptBlueprint '/Game/Levels/PicnicLevel.PicnicLevel:PersistentLevel.PicnicLevel' with GeneratedClass '/Game/Levels/PicnicLevel.PicnicLevel_C' with ClassGeneratedBy '/Game/Levels/PicnicLevel.PicnicLevel:PersistentLevel.PicnicLevel'
[2018.02.22-12.45.52:773][933]LogPlayLevel: PlayLevel: No blueprints needed recompiling
[2018.02.22-12.45.52:774][933]PIE: New page: PIE session: PicnicLevel (22 Feb 2018 12:45:52)
[2018.02.22-12.45.52:776][933]LogPlayLevel: Creating play world package: /Game/Levels/UEDPIE_0_PicnicLevel
[2018.02.22-12.45.52:833][933]LogPlayLevel: PIE: StaticDuplicateObject took: (0.056491s)
[2018.02.22-12.45.52:835][933]LogAIModule: Creating AISystem for world PicnicLevel
[2018.02.22-12.45.52:836][933]LogPlayLevel: PIE: World Init took: (0.002597s)
[2018.02.22-12.45.52:837][933]LogPlayLevel: PIE: Created PIE world by copying editor world from /Game/Levels/PicnicLevel.PicnicLevel to /Game/Levels/UEDPIE_0_PicnicLevel.PicnicLevel (0.060314s)
[2018.02.22-12.45.52:991][933]LogInit: XAudio2 using 'Speakers (Realtek High Definition Audio)' : 2 channels at 48 kHz using 32 bits per sample (channel mask 0x3)
[2018.02.22-12.45.53:051][933]LogInit: FAudioDevice initialized.
[2018.02.22-12.45.53:182][933]LogLoad: Game class is 'AntsGamemode_C'
[2018.02.22-12.45.53:247][933]LogWorld: Bringing World /Game/Levels/UEDPIE_0_PicnicLevel.PicnicLevel up for play (max tick rate 60) at 2018.02.22-12.45.53
[2018.02.22-12.45.53:249][933]LogWorld: Bringing up level for play took: 0.064573
[2018.02.22-12.45.53:271][933]PIE: Play in editor start time for /Game/Levels/UEDPIE_0_PicnicLevel 1.207
[2018.02.22-12.45.53:273][933]LogBlueprintUserMessages: Late PlayInEditor Detection: Level '/Game/Levels/PicnicLevel.PicnicLevel:PersistentLevel' has LevelScriptBlueprint '/Game/Levels/PicnicLevel.PicnicLevel:PersistentLevel.PicnicLevel' with GeneratedClass '/Game/Levels/PicnicLevel.PicnicLevel_C' with ClassGeneratedBy '/Game/Levels/PicnicLevel.PicnicLevel:PersistentLevel.PicnicLevel'
[2018.02.22-12.45.59:507][992]LogBlueprintUserMessages: Early EndPlayMap Detection: Level '/Game/Levels/PicnicLevel.PicnicLevel:PersistentLevel' has LevelScriptBlueprint '/Game/Levels/PicnicLevel.PicnicLevel:PersistentLevel.PicnicLevel' with GeneratedClass '/Game/Levels/PicnicLevel.PicnicLevel_C' with ClassGeneratedBy '/Game/Levels/PicnicLevel.PicnicLevel:PersistentLevel.PicnicLevel'
[2018.02.22-12.46.00:072][992]LogBlueprintUserMessages: Late EndPlayMap Detection: Level '/Game/Levels/PicnicLevel.PicnicLevel:PersistentLevel' has LevelScriptBlueprint '/Game/Levels/PicnicLevel.PicnicLevel:PersistentLevel.PicnicLevel' with GeneratedClass '/Game/Levels/PicnicLevel.PicnicLevel_C' with ClassGeneratedBy '/Game/Levels/PicnicLevel.PicnicLevel:PersistentLevel.PicnicLevel'
[2018.02.22-12.46.41:091][421]BlueprintLog: New page: Compile 1_AdvJump
[2018.02.22-12.46.53:825][456]LogTemp: Repeating last play command: New Editor Window (PIE)
[2018.02.22-12.46.54:054][456]LogBlueprintUserMessages: Early PlayInEditor Detection: Level '/Game/Levels/PicnicLevel.PicnicLevel:PersistentLevel' has LevelScriptBlueprint '/Game/Levels/PicnicLevel.PicnicLevel:PersistentLevel.PicnicLevel' with GeneratedClass '/Game/Levels/PicnicLevel.PicnicLevel_C' with ClassGeneratedBy '/Game/Levels/PicnicLevel.PicnicLevel:PersistentLevel.PicnicLevel'
[2018.02.22-12.46.54:054][456]LogPlayLevel: PlayLevel: No blueprints needed recompiling
[2018.02.22-12.46.54:055][456]PIE: New page: PIE session: PicnicLevel (22 Feb 2018 12:46:54)
[2018.02.22-12.46.54:057][456]LogPlayLevel: Creating play world package: /Game/Levels/UEDPIE_0_PicnicLevel
[2018.02.22-12.46.54:113][456]LogPlayLevel: PIE: StaticDuplicateObject took: (0.055606s)
[2018.02.22-12.46.54:115][456]LogAIModule: Creating AISystem for world PicnicLevel
[2018.02.22-12.46.54:115][456]LogPlayLevel: PIE: World Init took: (0.002565s)
[2018.02.22-12.46.54:116][456]LogPlayLevel: PIE: Created PIE world by copying editor world from /Game/Levels/PicnicLevel.PicnicLevel to /Game/Levels/UEDPIE_0_PicnicLevel.PicnicLevel (0.059348s)
[2018.02.22-12.46.54:274][456]LogInit: XAudio2 using 'Speakers (Realtek High Definition Audio)' : 2 channels at 48 kHz using 32 bits per sample (channel mask 0x3)
[2018.02.22-12.46.54:328][456]LogInit: FAudioDevice initialized.
[2018.02.22-12.46.54:436][456]LogLoad: Game class is 'AntsGamemode_C'
[2018.02.22-12.46.54:508][456]LogWorld: Bringing World /Game/Levels/UEDPIE_0_PicnicLevel.PicnicLevel up for play (max tick rate 60) at 2018.02.22-12.46.54
[2018.02.22-12.46.54:509][456]LogWorld: Bringing up level for play took: 0.071394
[2018.02.22-12.46.54:535][456]PIE: Play in editor start time for /Game/Levels/UEDPIE_0_PicnicLevel 0.471
[2018.02.22-12.46.54:537][456]LogBlueprintUserMessages: Late PlayInEditor Detection: Level '/Game/Levels/PicnicLevel.PicnicLevel:PersistentLevel' has LevelScriptBlueprint '/Game/Levels/PicnicLevel.PicnicLevel:PersistentLevel.PicnicLevel' with GeneratedClass '/Game/Levels/PicnicLevel.PicnicLevel_C' with ClassGeneratedBy '/Game/Levels/PicnicLevel.PicnicLevel:PersistentLevel.PicnicLevel'
[2018.02.22-12.47.04:449][553]LogBlueprintUserMessages: Early EndPlayMap Detection: Level '/Game/Levels/PicnicLevel.PicnicLevel:PersistentLevel' has LevelScriptBlueprint '/Game/Levels/PicnicLevel.PicnicLevel:PersistentLevel.PicnicLevel' with GeneratedClass '/Game/Levels/PicnicLevel.PicnicLevel_C' with ClassGeneratedBy '/Game/Levels/PicnicLevel.PicnicLevel:PersistentLevel.PicnicLevel'
[2018.02.22-12.47.05:024][553]LogBlueprintUserMessages: Late EndPlayMap Detection: Level '/Game/Levels/PicnicLevel.PicnicLevel:PersistentLevel' has LevelScriptBlueprint '/Game/Levels/PicnicLevel.PicnicLevel:PersistentLevel.PicnicLevel' with GeneratedClass '/Game/Levels/PicnicLevel.PicnicLevel_C' with ClassGeneratedBy '/Game/Levels/PicnicLevel.PicnicLevel:PersistentLevel.PicnicLevel'
[2018.02.22-12.47.31:854][803]Cmd: OBJ SAVEPACKAGE PACKAGE="/Game/Blueprints/1_AdvJump" FILE="../../../../Projects/TDEMO-/Content/Blueprints/1_AdvJump.uasset" SILENT=true
[2018.02.22-12.47.35:319][803]LogSavePackage: Save=2688.50ms
[2018.02.22-12.47.35:319][803]LogSavePackage: Moving '../../../../Projects/TDEMO-/Saved/1_AdvJump98A6C8B043A15E832BAC17B137A7DCE7.tmp' to '../../../../Projects/TDEMO-/Content/Blueprints/1_AdvJump.uasset'
[2018.02.22-12.47.35:354][803]LogSavePackage: Display: Finished SavePackage ../../../../Projects/TDEMO-/Content/Blueprints/1_AdvJump.uasset
[2018.02.22-12.47.44:071][870]Cmd: OBJ SAVEPACKAGE PACKAGE="/Game/Levels/PicnicLevel" FILE="../../../../Projects/TDEMO-/Content/Levels/PicnicLevel.umap" SILENT=true AUTOSAVING=false KEEPDIRTY=false
[2018.02.22-12.47.49:711][870]LogSavePackage: Save=5439.49ms
[2018.02.22-12.47.49:711][870]LogSavePackage: Moving '../../../../Projects/TDEMO-/Saved/PicnicLevel22DDDB6E4B59E66AB6A1089A250063CA.tmp' to '../../../../Projects/TDEMO-/Content/Levels/PicnicLevel.umap'
[2018.02.22-12.47.49:755][870]LogSavePackage: Display: Finished SavePackage ../../../../Projects/TDEMO-/Content/Levels/PicnicLevel.umap
[2018.02.22-12.47.50:347][870]LogFileHelpers: Saving map 'PicnicLevel' took 6.738
[2018.02.22-12.47.51:649][870]LogWindowsTextInputMethodSystem: Display: IME system now deactivated.
[2018.02.22-12.47.51:652][870]LogWindowsTextInputMethodSystem: Display: IME system now deactivated.
[2018.02.22-12.47.52:500][871]Cmd: QUIT_EDITOR
[2018.02.22-12.47.53:217][871]LogExit: Preparing to exit.
[2018.02.22-12.47.54:711][871]LogDirectoryWatcher: A directory notification for 'D:/Game Dev/Epic Games/Projects/TDEMO-/Content/' was aborted.
[2018.02.22-12.47.56:472][871]LogExit: Editor shut down
[2018.02.22-12.47.56:489][871]LogExit: Transaction tracking system shut down
[2018.02.22-12.47.56:959][871]LogDirectoryWatcher: A directory notification for '../../../Engine/Content/' was aborted.
[2018.02.22-12.47.56:959][871]LogDirectoryWatcher: A directory notification for '../../../../Projects/TDEMO-/Content/' was aborted.
[2018.02.22-12.47.56:960][871]LogDirectoryWatcher: A directory notification for '../../../Engine/Plugins/2D/Paper2D/Content/' was aborted.
[2018.02.22-12.47.56:960][871]LogDirectoryWatcher: A directory notification for '../../../Engine/Plugins/Runtime/Oculus/OculusVR/Content/' was aborted.
[2018.02.22-12.47.56:960][871]LogDirectoryWatcher: A directory notification for '../../../Engine/Plugins/Runtime/Steam/SteamVR/Content/' was aborted.
