Log file open, 04/15/18 20:34:41
LogWindows: Failed to load 'aqProf.dll' (GetLastError=126)
LogWindows: File 'aqProf.dll' does not exist
LogWindows: Failed to load 'VSPerf140.dll' (GetLastError=126)
LogWindows: File 'VSPerf140.dll' does not exist
LogWindows: Failed to load 'VtuneApi.dll' (GetLastError=126)
LogWindows: File 'VtuneApi.dll' does not exist
LogWindows: Failed to load 'VtuneApi32e.dll' (GetLastError=126)
LogWindows: File 'VtuneApi32e.dll' does not exist
LogInit: Display: Running engine for game: AntsGame
LogPlatformFile: Not using cached read wrapper
LogInit: Display: RandInit(-8070826) SRandInit(-8070826).
LogTaskGraph: Started task graph with 5 named threads and 14 total threads with 3 sets of task threads.
LogStats: Stats thread started at 0.177147
LogD3D11RHI: Aftermath initialized
LogPluginManager: Mounting plugin Paper2D
LogPluginManager: Mounting plugin LightPropagationVolume
LogPluginManager: Mounting plugin CodeLiteSourceCodeAccess
LogPluginManager: Mounting plugin GitSourceControl
LogPluginManager: Mounting plugin KDevelopSourceCodeAccess
LogPluginManager: Mounting plugin NullSourceCodeAccess
LogPluginManager: Mounting plugin PerforceSourceControl
LogPluginManager: Mounting plugin SubversionSourceControl
LogPluginManager: Mounting plugin UObjectPlugin
LogPluginManager: Mounting plugin VisualStudioSourceCodeAccess
LogPluginManager: Mounting plugin XCodeSourceCodeAccess
LogPluginManager: Mounting plugin AssetManagerEditor
LogPluginManager: Mounting plugin AudioCapture
LogPluginManager: Mounting plugin FacialAnimation
LogPluginManager: Mounting plugin GameplayTagsEditor
LogPluginManager: Mounting plugin MobileLauncherProfileWizard
LogPluginManager: Mounting plugin PluginBrowser
LogPluginManager: Mounting plugin SpeedTreeImporter
LogPluginManager: Mounting plugin AlembicImporter
LogPluginManager: Mounting plugin CharacterAI
LogPluginManager: Mounting plugin HTML5Networking
LogPluginManager: Mounting plugin AndroidMedia
LogPluginManager: Mounting plugin AvfMedia
LogPluginManager: Mounting plugin MediaPlayerEditor
LogPluginManager: Mounting plugin WmfMedia
LogPluginManager: Mounting plugin TcpMessaging
LogPluginManager: Mounting plugin UdpMessaging
LogPluginManager: Mounting plugin LevelSequenceEditor
LogPluginManager: Mounting plugin MatineeToLevelSequence
LogPluginManager: Mounting plugin OnlineSubsystemGooglePlay
LogPluginManager: Mounting plugin OnlineSubsystemIOS
LogPluginManager: Mounting plugin OnlineSubsystem
LogPluginManager: Mounting plugin OnlineSubsystemNull
LogPluginManager: Mounting plugin OnlineSubsystemUtils
LogPluginManager: Mounting plugin AndroidDeviceProfileSelector
LogPluginManager: Mounting plugin AndroidMoviePlayer
LogPluginManager: Mounting plugin AndroidPermission
LogPluginManager: Mounting plugin AppleMoviePlayer
LogPluginManager: Mounting plugin ArchVisCharacter
LogPluginManager: Mounting plugin CableComponent
LogPluginManager: Mounting plugin CustomMeshComponent
LogPluginManager: Mounting plugin ExampleDeviceProfileSelector
LogPluginManager: Mounting plugin GoogleCloudMessaging
LogPluginManager: Mounting plugin ImmediatePhysics
LogPluginManager: Mounting plugin IOSDeviceProfileSelector
LogPluginManager: Mounting plugin LinuxDeviceProfileSelector
LogPluginManager: Mounting plugin LocationServicesBPLibrary
LogPluginManager: Mounting plugin MobilePatchingUtils
LogPluginManager: Mounting plugin OculusVR
LogPluginManager: Mounting plugin PhysXVehicles
LogPluginManager: Mounting plugin ProceduralMeshComponent
LogPluginManager: Mounting plugin RuntimePhysXCooking
LogPluginManager: Mounting plugin SteamVR
LogPluginManager: Mounting plugin WindowsMoviePlayer
LogInit: Using libcurl 7.47.1
LogInit:  - built for x86_64-pc-win32
LogInit:  - supports SSL with OpenSSL/1.0.2g
LogInit:  - supports HTTP deflate (compression) using libz 1.2.8
LogInit:  - other features:
LogInit:      CURL_VERSION_SSL
LogInit:      CURL_VERSION_LIBZ
LogInit:      CURL_VERSION_IPV6
LogInit:      CURL_VERSION_ASYNCHDNS
LogInit:      CURL_VERSION_LARGEFILE
LogInit:      CURL_VERSION_IDN
LogInit:  CurlRequestOptions (configurable via config and command line):
LogInit:  - bVerifyPeer = false  - Libcurl will NOT verify peer certificate
LogInit:  - bUseHttpProxy = false  - Libcurl will NOT use HTTP proxy
LogInit:  - bDontReuseConnections = false  - Libcurl will reuse connections
LogInit:  - CertBundlePath = nullptr  - Libcurl will use whatever was configured at build time.
LogInit: Build: ++UE4+Release-4.17-CL-3658906
LogInit: Engine Version: 4.17.2-3658906+++UE4+Release-4.17
LogInit: Compatible Engine Version: 4.17.0-3573198+++UE4+Release-4.17
LogInit: Net CL: 3573198
LogDevObjectVersion: Number of dev versions registered: 16
LogDevObjectVersion:   Dev-Blueprints (B0D832E4-1F89-4F0D-ACCF-7EB736FD4AA2): 10
LogDevObjectVersion:   Dev-Build (E1C64328-A22C-4D53-A36C-8E866417BD8C): 0
LogDevObjectVersion:   Dev-Core (375EC13C-06E4-48FB-B500-84F0262A717E): 2
LogDevObjectVersion:   Dev-Editor (E4B068ED-F494-42E9-A231-DA0B2E46BB41): 20
LogDevObjectVersion:   Dev-Framework (CFFC743F-43B0-4480-9391-14DF171D2073): 28
LogDevObjectVersion:   Dev-Mobile (B02B49B5-BB20-44E9-A304-32B752E40360): 0
LogDevObjectVersion:   Dev-Networking (A4E4105C-59A1-49B5-A7C5-40C4547EDFEE): 0
LogDevObjectVersion:   Dev-Online (39C831C9-5AE6-47DC-9A44-9C173E1C8E7C): 0
LogDevObjectVersion:   Dev-Physics (78F01B33-EBEA-4F98-B9B4-84EACCB95AA2): 0
LogDevObjectVersion:   Dev-Platform (6631380F-2D4D-43E0-8009-CF276956A95A): 0
LogDevObjectVersion:   Dev-Rendering (12F88B9F-8875-4AFC-A67C-D90C383ABD29): 19
LogDevObjectVersion:   Dev-Sequencer (7B5AE74C-D270-4C10-A958-57980B212A5A): 4
LogDevObjectVersion:   Dev-VR (D7296918-1DD6-4BDD-9DE2-64A83CC13884): 0
LogDevObjectVersion:   Dev-LoadTimes (C2A15278-BFE7-4AFE-6C17-90FF531DF755): 1
LogDevObjectVersion:   Private-Geometry (6EACA3D4-40EC-4CC1-B786-8BED09428FC5): 1
LogDevObjectVersion:   Dev-AnimPhys (29E575DD-E0A3-4627-9D10-D276232CDCEA): 7
LogInit: Compiled (64-bit): Sep 22 2017 13:47:16
LogInit: Compiled with Visual C++: 19.00.24215.01
LogInit: Build Configuration: Development
LogInit: Branch Name: ++UE4+Release-4.17
LogInit: Command line:  
LogInit: Base directory: D:/EpicGames/Unreal Engine/UE_4.17/Engine/Binaries/Win64/
LogInit: Installed Engine Build: 1
LogInit: Presizing for max 8388607 objects, including 0 objects not considered by GC, pre-allocating 0 bytes for permanent pool.
LogInit: Object subsystem initialized
[2018.04.15-19.34.42:087][  0]LogInit: Selected Device Profile: [Windows]
[2018.04.15-19.34.42:087][  0]LogInit: Applying CVar settings loaded from the selected device profile: [Windows]
[2018.04.15-19.34.42:096][  0]LogInit: Computer: MSI
[2018.04.15-19.34.42:096][  0]LogInit: User: DannyStanley
[2018.04.15-19.34.42:096][  0]LogInit: CPU Page size=4096, Cores=4
[2018.04.15-19.34.42:096][  0]LogInit: High frequency timer resolution =2.742190 MHz
[2018.04.15-19.34.42:096][  0]LogMemory: Memory total: Physical=15.9GB (16GB approx)
[2018.04.15-19.34.42:096][  0]LogMemory: Platform Memory Stats for Windows
[2018.04.15-19.34.42:096][  0]LogMemory: Process Physical Memory: 282.42 MB used, 282.42 MB peak
[2018.04.15-19.34.42:096][  0]LogMemory: Process Virtual Memory: 290.37 MB used, 290.37 MB peak
[2018.04.15-19.34.42:096][  0]LogMemory: Physical Memory: 8991.57 MB used,  7277.58 MB free, 16269.15 MB total
[2018.04.15-19.34.42:096][  0]LogMemory: Virtual Memory: 723.50 MB used,  7277.58 MB free, 134217728.00 MB total
[2018.04.15-19.34.42:619][  0]LogInit: Using OS detected language (en-US).
[2018.04.15-19.34.42:619][  0]LogInit: Using OS detected locale (en-GB).
[2018.04.15-19.34.42:622][  0]LogTextLocalizationManager: No specific localization for 'en-US' exists, so the 'en' localization will be used.
[2018.04.15-19.34.43:322][  0]LogD3D11RHI: D3D11 adapters:
[2018.04.15-19.34.43:382][  0]LogD3D11RHI:    0. 'NVIDIA GeForce GTX 1060' (Feature Level 11_0)
[2018.04.15-19.34.43:382][  0]LogD3D11RHI:       2987/0/8134 MB DedicatedVideo/DedicatedSystem/SharedSystem, Outputs:1, VendorId:0x10de
[2018.04.15-19.34.43:393][  0]LogD3D11RHI:    1. 'Intel(R) HD Graphics 630' (Feature Level 11_0)
[2018.04.15-19.34.43:393][  0]LogD3D11RHI:       128/0/8134 MB DedicatedVideo/DedicatedSystem/SharedSystem, Outputs:0, VendorId:0x8086
[2018.04.15-19.34.43:396][  0]LogD3D11RHI:    2. 'Microsoft Basic Render Driver' (Feature Level 11_0)
[2018.04.15-19.34.43:396][  0]LogD3D11RHI:       0/0/8134 MB DedicatedVideo/DedicatedSystem/SharedSystem, Outputs:0, VendorId:0x1414
[2018.04.15-19.34.43:396][  0]LogD3D11RHI: Chosen D3D11 Adapter: 0
[2018.04.15-19.34.43:409][  0]LogD3D11RHI: Creating new Direct3DDevice
[2018.04.15-19.34.43:409][  0]LogD3D11RHI:     GPU DeviceId: 0x1c20 (for the marketing name, search the web for "GPU Device Id")
[2018.04.15-19.34.43:409][  0]LogWindows: EnumDisplayDevices:
[2018.04.15-19.34.43:409][  0]LogWindows:    0. 'Intel(R) HD Graphics 630' (P:1 D:1)
[2018.04.15-19.34.43:410][  0]LogWindows:    1. 'Intel(R) HD Graphics 630' (P:0 D:0)
[2018.04.15-19.34.43:410][  0]LogWindows:    2. 'Intel(R) HD Graphics 630' (P:0 D:0)
[2018.04.15-19.34.43:410][  0]LogWindows:    3. 'NVIDIA GeForce GTX 1060' (P:0 D:0)
[2018.04.15-19.34.43:410][  0]LogWindows:    4. 'NVIDIA GeForce GTX 1060' (P:0 D:0)
[2018.04.15-19.34.43:410][  0]LogWindows:    5. 'NVIDIA GeForce GTX 1060' (P:0 D:0)
[2018.04.15-19.34.43:410][  0]LogWindows:    6. 'NVIDIA GeForce GTX 1060' (P:0 D:0)
[2018.04.15-19.34.43:410][  0]LogWindows: DebugString: GetVideoDriverDetailsInvalid PrimaryIsNotTheChoosenAdapter GetVideoDriverDetailsInvalid PrimaryIsNotTheChoosenAdapter GetVideoDriverDetailsInvalid PrimaryIsNotTheChoosenAdapter GetVideoDriverDetailsInvalid PrimaryIsNotTheChoosenAdapter GetVideoDriverDetailsInvalid PrimaryIsNotTheChoosenAdapter GetVideoDriverDetailsInvalid PrimaryIsNotTheChoosenAdapter GetVideoDriverDetailsInvalid PrimaryIsNotTheChoosenAdapter FoundDriverCount:0 
[2018.04.15-19.34.43:410][  0]LogD3D11RHI:     Adapter Name: NVIDIA GeForce GTX 1060
[2018.04.15-19.34.43:410][  0]LogD3D11RHI:   Driver Version: Unknown (internal:Unknown, unified:Unknown)
[2018.04.15-19.34.43:410][  0]LogD3D11RHI:      Driver Date: Unknown
[2018.04.15-19.34.43:410][  0]LogRHI: Texture pool is 1361 MB (70% of 1945 MB)
[2018.04.15-19.34.43:460][  0]LogD3D11RHI: Async texture creation enabled
[2018.04.15-19.34.43:495][  0]LogD3D11RHI: GPU Timing Frequency: 1000.000000 (Debug: 2 2)
[2018.04.15-19.34.43:496][  0]LogShaderCompilers: Guid format shader working directory is 7 characters bigger than the processId version (../../../../../../Unreal Engine Project/TDEMO-/Intermediate/Shaders/WorkingDirectory/26760/).
[2018.04.15-19.34.43:496][  0]LogShaderCompilers: Cleaned the shader compiler working directory 'C:/Users/Danny Stanley/AppData/Local/Temp/UnrealShaderWorkingDir/7A3A1E774F20F95191C2C1BA46F58D1F/'.
[2018.04.15-19.34.43:496][  0]LogShaderCompilers: Display: Using Local Shader Compiler.
[2018.04.15-19.34.44:579][  0]LogTemp: Display: Loaded TP AllDesktopTargetPlatform
[2018.04.15-19.34.44:625][  0]LogTemp: Display: Loaded TP MacClientTargetPlatform
[2018.04.15-19.34.44:676][  0]LogTemp: Display: Loaded TP MacNoEditorTargetPlatform
[2018.04.15-19.34.44:725][  0]LogTemp: Display: Loaded TP MacServerTargetPlatform
[2018.04.15-19.34.44:779][  0]LogTemp: Display: Loaded TP MacTargetPlatform
[2018.04.15-19.34.44:832][  0]LogTemp: Display: Loaded TP WindowsClientTargetPlatform
[2018.04.15-19.34.44:882][  0]LogTemp: Display: Loaded TP WindowsNoEditorTargetPlatform
[2018.04.15-19.34.44:930][  0]LogTemp: Display: Loaded TP WindowsServerTargetPlatform
[2018.04.15-19.34.44:973][  0]LogTemp: Display: Loaded TP WindowsTargetPlatform
[2018.04.15-19.34.45:025][  0]LogTemp: Display: Loaded TP AndroidTargetPlatform
[2018.04.15-19.34.45:076][  0]LogTemp: Display: Loaded TP Android_ASTCTargetPlatform
[2018.04.15-19.34.45:132][  0]LogTemp: Display: Loaded TP Android_ATCTargetPlatform
[2018.04.15-19.34.45:180][  0]LogTemp: Display: Loaded TP Android_DXTTargetPlatform
[2018.04.15-19.34.45:235][  0]LogTemp: Display: Loaded TP Android_ETC1TargetPlatform
[2018.04.15-19.34.45:280][  0]LogTemp: Display: Loaded TP Android_ETC2TargetPlatform
[2018.04.15-19.34.45:374][  0]LogTemp: Display: Loaded TP Android_MultiTargetPlatform
[2018.04.15-19.34.45:374][  0]LogTemp: Display: Loaded TP Android_PVRTCTargetPlatform
[2018.04.15-19.34.45:407][  0]LogTemp: Display: Loaded TP HTML5TargetPlatform
[2018.04.15-19.34.45:500][  0]LogTemp: Display: Loaded TP IOSTargetPlatform
[2018.04.15-19.34.45:526][  0]LogTemp: Display: Loaded TP TVOSTargetPlatform
[2018.04.15-19.34.45:570][  0]LogTemp: Display: Loaded TP LinuxClientTargetPlatform
[2018.04.15-19.34.45:618][  0]LogTemp: Display: Loaded TP LinuxNoEditorTargetPlatform
[2018.04.15-19.34.45:664][  0]LogTemp: Display: Loaded TP LinuxServerTargetPlatform
[2018.04.15-19.34.45:713][  0]LogTemp: Display: Loaded TP LinuxTargetPlatform
[2018.04.15-19.34.45:713][  0]LogTargetPlatformManager: Display: Building Assets For Windows
[2018.04.15-19.34.46:163][  0]LogDerivedDataCache: Display: Max Cache Size: 512 MB
[2018.04.15-19.34.46:255][  0]LogDerivedDataCache: Loaded boot cache 0.09s 93MB C:/Users/Danny Stanley/AppData/Local/UnrealEngine/4.17/DerivedDataCache/Boot.ddc.
[2018.04.15-19.34.46:255][  0]LogDerivedDataCache: Display: Loaded Boot cache: C:/Users/Danny Stanley/AppData/Local/UnrealEngine/4.17/DerivedDataCache/Boot.ddc
[2018.04.15-19.34.46:255][  0]LogDerivedDataCache: FDerivedDataBackendGraph:  Pak pak cache file ../../../../../../Unreal Engine Project/TDEMO-/DerivedDataCache/DDC.ddp not found, will not use a pak cache.
[2018.04.15-19.34.46:255][  0]LogDerivedDataCache: Unable to find inner node Pak for hierarchical cache Hierarchy.
[2018.04.15-19.34.46:255][  0]LogDerivedDataCache: FDerivedDataBackendGraph:  CompressedPak pak cache file ../../../../../../Unreal Engine Project/TDEMO-/DerivedDataCache/Compressed.ddp not found, will not use a pak cache.
[2018.04.15-19.34.46:255][  0]LogDerivedDataCache: Unable to find inner node CompressedPak for hierarchical cache Hierarchy.
[2018.04.15-19.34.46:276][  0]LogDerivedDataCache: Display: Pak cache opened for reading ../../../Engine/DerivedDataCache/Compressed.ddp.
[2018.04.15-19.34.46:289][  0]LogDerivedDataCache: Using Local data cache path C:/Users/Danny Stanley/AppData/Local/UnrealEngine/Common/DerivedDataCache: Writable
[2018.04.15-19.34.46:300][  0]LogMaterial: Verifying Global Shaders for PCD3D_SM5
[2018.04.15-19.34.46:301][  0]LogSlate: Using Freetype 2.6.0
[2018.04.15-19.34.46:302][  0]LogSlate: SlateFontCache - WITH_FREETYPE: 1, WITH_HARFBUZZ: 1
[2018.04.15-19.34.46:302][  0]LogSlate: SlateFontCache - WITH_FREETYPE: 1, WITH_HARFBUZZ: 1
[2018.04.15-19.34.46:608][  0]LogAssetRegistry: FAssetRegistry took 0.0277 seconds to start up
[2018.04.15-19.34.46:742][  0]LogInit: Selected Device Profile: [Windows]
[2018.04.15-19.34.46:943][  0]LogContentStreaming: Texture pool size is 0.00 MB
[2018.04.15-19.34.47:236][  0]LogSimplygon: Simplygon DLL not present - disabling.
[2018.04.15-19.34.47:269][  0]LogMeshReduction: Using SimplygonSwarm for distributed automatic mesh merging
[2018.04.15-19.34.47:269][  0]LogMeshReduction: Using QuadricMeshReduction for automatic static mesh reduction
[2018.04.15-19.34.47:269][  0]LogMeshReduction: No automatic skeletal mesh reduction module available
[2018.04.15-19.34.47:269][  0]LogMeshReduction: No automatic mesh merging module available
[2018.04.15-19.34.47:269][  0]LogMeshMerging: No automatic mesh merging module available
[2018.04.15-19.34.47:719][  0]LogNetVersion: AntsGame , NetCL: 3573198, EngineNetVer: 2, GameNetVer: 0 (Checksum: 3821802436)
[2018.04.15-19.34.47:948][  0]LogPackageLocalizationCache: Processed 5 localized package path(s) for 2 prioritized culture(s) in 0.048882 seconds
[2018.04.15-19.34.47:957][  0]LogUObjectArray: 35825 objects as part of root set at end of initial load.
[2018.04.15-19.34.47:957][  0]LogUObjectAllocator: 7529104 out of 0 bytes used by permanent object pool.
[2018.04.15-19.34.47:957][  0]LogUObjectArray: CloseDisregardForGC: 0/0 objects in disregard for GC pool
[2018.04.15-19.34.48:011][  0]LogInit: WinSock: version 1.1 (2.2), MaxSocks=32767, MaxUdp=65467
[2018.04.15-19.34.50:722][  0]LogTcpMessaging: Initializing TcpMessaging bridge
[2018.04.15-19.34.50:763][  0]LogUdpMessaging: Initializing bridge on interface 0.0.0.0:0 to multicast group 230.0.0.1:6666.
[2018.04.15-19.34.51:373][  0]LogMaterial: Uniform references updated for custom material expression Custom.
[2018.04.15-19.34.51:759][  0]SourceControl: Source control is disabled
[2018.04.15-19.34.51:760][  0]SourceControl: Source control is disabled
[2018.04.15-19.34.51:806][  0]SourceControl: Source control is disabled
[2018.04.15-19.34.51:849][  0]SourceControl: Source control is disabled
[2018.04.15-19.34.52:456][  0]LogAndroidPermission: UAndroidPermissionCallbackProxy::GetInstance
[2018.04.15-19.34.52:665][  0]LogOcInput: OculusInput pre-init called
[2018.04.15-19.34.52:881][  0]LogEngine: Initializing Engine...
[2018.04.15-19.34.52:883][  0]LogHMD: Failed to initialize OpenVR with code 110
[2018.04.15-19.34.53:099][  0]LogStats: UGameplayTagsManager::ConstructGameplayTagTree: Construct from data asset -  0.000 s
[2018.04.15-19.34.53:099][  0]LogStats: UGameplayTagsManager::ConstructGameplayTagTree: GameplayTagTreeChangedEvent.Broadcast -  0.000 s
[2018.04.15-19.34.53:212][  0]LogAIModule: Creating AISystem for world Untitled
[2018.04.15-19.34.53:287][  0]LogInit: XAudio2 using 'Speakers (Realtek High Definition Audio)' : 6 channels at 48 kHz using 32 bits per sample (channel mask 0x3f)
[2018.04.15-19.34.53:368][  0]LogInit: FAudioDevice initialized.
[2018.04.15-19.34.53:486][  0]LogDerivedDataCache: Saved boot cache 0.12s 93MB C:/Users/Danny Stanley/AppData/Local/UnrealEngine/4.17/DerivedDataCache/Boot.ddc.
[2018.04.15-19.34.53:498][  0]LogInit: Texture streaming: Enabled
[2018.04.15-19.34.53:581][  0]LogEngineSessionManager: EngineSessionManager initialized
[2018.04.15-19.34.53:788][  0]LogInit: Transaction tracking system initialized
[2018.04.15-19.34.54:109][  0]BlueprintLog: New page: Editor Load
[2018.04.15-19.34.55:050][  0]LocalizationService: Localization service is disabled
[2018.04.15-19.34.55:753][  0]LogConsoleResponse: Display: 
[2018.04.15-19.34.55:947][  0]LogCook: Display: Max memory allowance for cook 16384mb min free memory 0mb
[2018.04.15-19.34.55:947][  0]LogCook: Display: Mobile HDR setting 1
[2018.04.15-19.34.55:948][  0]LogGameplayTags: Display: UGameplayTagsManager::DoneAddingNativeTags. DelegateIsBound: 0
[2018.04.15-19.34.56:004][  0]LogFileCache: Scanning file cache for directory 'D:/Unreal Engine Project/TDEMO-/Content/' took 0.01s
[2018.04.15-19.34.56:947][  0]SourceControl: Source control is disabled
[2018.04.15-19.34.56:947][  0]Cmd: MAP LOAD FILE="../../../../../../Unreal Engine Project/TDEMO-/Content/Levels/PicnicLevel.umap" TEMPLATE=0 SHOWPROGRESS=1 FEATURELEVEL=3
[2018.04.15-19.34.56:947][  0]LightingResults: New page: Lighting Build
[2018.04.15-19.34.56:984][  0]MapCheck: New page: Map Check
[2018.04.15-19.34.56:984][  0]LightingResults: New page: Lighting Build
[2018.04.15-19.34.57:052][  0]LogBlueprint: Warning: [Turret] 'Charge Bar' variable not found. Base class was probably changed.
[2018.04.15-19.34.57:052][  0]LogBlueprint: Warning: [Turret] 'Charge Bar' variable not found. Base class was probably changed.
[2018.04.15-19.34.57:052][  0]LogBlueprint: Warning: [Turret] 'Charge Bar 2' variable not found. Base class was probably changed.
[2018.04.15-19.34.57:052][  0]LogBlueprint: Warning: [Turret] 'Charge Bar 2' variable not found. Base class was probably changed.
[2018.04.15-19.34.57:228][  0]LogBlueprint: Warning: [Turret2] 'Charge Bar' variable not found. Base class was probably changed.
[2018.04.15-19.34.57:229][  0]LogBlueprint: Warning: [Turret2] 'Charge Bar' variable not found. Base class was probably changed.
[2018.04.15-19.34.57:229][  0]LogBlueprint: Warning: [Turret2] 'Charge Bar 2' variable not found. Base class was probably changed.
[2018.04.15-19.34.57:229][  0]LogBlueprint: Warning: [Turret2] 'Charge Bar 2' variable not found. Base class was probably changed.
[2018.04.15-19.34.57:862][  0]LogAIModule: Creating AISystem for world PicnicLevel
[2018.04.15-19.34.57:917][  0]LogEditorServer: Finished looking for orphan Actors (0.000 secs)
[2018.04.15-19.34.57:935][  0]Cmd: MAP CHECKDEP NOCLEARLOG
[2018.04.15-19.34.57:990][  0]MapCheck: Map check complete: 0 Error(s), 0 Warning(s), took 55.578ms to complete.
[2018.04.15-19.34.57:991][  0]LogFileHelpers: Loading map 'PicnicLevel' took 1.044
[2018.04.15-19.34.58:156][  0]LogCollectionManager: Loaded 0 collections in 0.002109 seconds
[2018.04.15-19.34.58:238][  0]LogFileCache: Scanning file cache for directory 'D:/Unreal Engine Project/TDEMO-/Saved/Collections/' took 0.01s
[2018.04.15-19.34.58:238][  0]LogFileCache: Scanning file cache for directory 'D:/Unreal Engine Project/TDEMO-/Content/Developers/DannyStanley/Collections/' took 0.01s
[2018.04.15-19.34.58:238][  0]LogFileCache: Scanning file cache for directory 'D:/Unreal Engine Project/TDEMO-/Content/Collections/' took 0.01s
[2018.04.15-19.34.58:238][  0]LogCollectionManager: Rebuilt the GUID cache for 0 collections in 0.000001 seconds
[2018.04.15-19.34.58:252][  0]LogContentBrowser: Native class hierarchy populated in 0.0139 seconds. Added 2386 classes and 500 folders.
[2018.04.15-19.34.58:311][  0]LogContentBrowser: Native class hierarchy updated for 'WidgetCarousel' in 0.0006 seconds. Added 0 classes and 0 folders.
[2018.04.15-19.34.58:368][  0]LogContentBrowser: Native class hierarchy updated for 'AddContentDialog' in 0.0005 seconds. Added 0 classes and 0 folders.
[2018.04.15-19.34.58:407][  0]LogContentBrowser: Native class hierarchy updated for 'SceneOutliner' in 0.0006 seconds. Added 1 classes and 2 folders.
[2018.04.15-19.34.58:488][  0]LogSlate: Took 0.000241 seconds to synchronously load lazily loaded font '../../../Engine/Content/Slate/Fonts/Roboto-Regular.ttf' (155K)
[2018.04.15-19.34.58:491][  0]LogSlate: Took 0.000258 seconds to synchronously load lazily loaded font '../../../Engine/Content/Slate/Fonts/Roboto-Bold.ttf' (160K)
[2018.04.15-19.34.58:498][  0]LogSlate: Took 0.000226 seconds to synchronously load lazily loaded font '../../../Engine/Content/Editor/Slate/Fonts/FontAwesome.ttf' (139K)
[2018.04.15-19.34.58:626][  0]LogRenderer: Reallocating scene render targets to support 1208x576 Format 10 NumSamples 1 (Frame:1).
[2018.04.15-19.34.58:721][  0]LogSlate: Took 0.000257 seconds to synchronously load lazily loaded font '../../../Engine/Content/Slate/Fonts/Roboto-Light.ttf' (159K)
[2018.04.15-19.34.58:953][  0]LogContentBrowser: Native class hierarchy updated for 'HierarchicalLODOutliner' in 0.0006 seconds. Added 1 classes and 2 folders.
[2018.04.15-19.34.58:953][  0]LogLoad: (Engine Initialization) Total time: 18.54 seconds
[2018.04.15-19.34.58:953][  0]LogLoad: (Engine Initialization) Total Blueprint compile time: 0.00 seconds
[2018.04.15-19.34.58:953][  0]LogExternalProfiler: No external profilers were discovered.  External profiling features will not be available.
[2018.04.15-19.34.59:326][  0]LogContentStreaming: Texture pool size now 1000 MB
[2018.04.15-19.34.59:731][  1]LogFileCache: Retrieving MD5 hashes for directory 'D:/Unreal Engine Project/TDEMO-/Content/' took 0.43s
[2018.04.15-19.34.59:738][  1]LogAssetRegistry: Asset discovery search completed in 13.1518 seconds
[2018.04.15-19.34.59:740][  1]LogCollectionManager: Rebuilt the object cache for 0 collections in 0.000000 seconds (found 0 objects)
[2018.04.15-19.34.59:740][  1]LogCollectionManager: Fixed up redirectors for 0 collections in 0.000053 seconds (updated 0 objects)
[2018.04.15-19.35.41:719][970]LogTemp: Repeating last play command: New Editor Window (PIE)
[2018.04.15-19.35.41:770][970]LogBlueprintUserMessages: Early PlayInEditor Detection: Level '/Game/Levels/PicnicLevel.PicnicLevel:PersistentLevel' has LevelScriptBlueprint '/Game/Levels/PicnicLevel.PicnicLevel:PersistentLevel.PicnicLevel' with GeneratedClass '/Game/Levels/PicnicLevel.PicnicLevel_C' with ClassGeneratedBy '/Game/Levels/PicnicLevel.PicnicLevel:PersistentLevel.PicnicLevel'
[2018.04.15-19.35.41:770][970]LogPlayLevel: PlayLevel: No blueprints needed recompiling
[2018.04.15-19.35.41:771][970]PIE: New page: PIE session: PicnicLevel (15 Apr 2018 21:35:41)
[2018.04.15-19.35.41:771][970]LogPlayLevel: Creating play world package: /Game/Levels/UEDPIE_0_PicnicLevel
[2018.04.15-19.35.41:783][970]LogPlayLevel: PIE: StaticDuplicateObject took: (0.011358s)
[2018.04.15-19.35.41:784][970]LogAIModule: Creating AISystem for world PicnicLevel
[2018.04.15-19.35.41:784][970]LogPlayLevel: PIE: World Init took: (0.001199s)
[2018.04.15-19.35.41:784][970]LogPlayLevel: PIE: Created PIE world by copying editor world from /Game/Levels/PicnicLevel.PicnicLevel to /Game/Levels/UEDPIE_0_PicnicLevel.PicnicLevel (0.013157s)
[2018.04.15-19.35.41:864][970]LogInit: XAudio2 using 'Speakers (Realtek High Definition Audio)' : 6 channels at 48 kHz using 32 bits per sample (channel mask 0x3f)
[2018.04.15-19.35.41:932][970]LogInit: FAudioDevice initialized.
[2018.04.15-19.35.42:018][970]LogLoad: Game class is 'AntsGamemode_C'
[2018.04.15-19.35.42:029][970]LogWorld: Bringing World /Game/Levels/UEDPIE_0_PicnicLevel.PicnicLevel up for play (max tick rate 60) at 2018.04.15-20.35.42
[2018.04.15-19.35.42:132][970]LogWorld: Bringing up level for play took: 0.112588
[2018.04.15-19.35.42:193][970]LogContentBrowser: Native class hierarchy updated for 'MovieSceneCapture' in 0.0006 seconds. Added 11 classes and 0 folders.
[2018.04.15-19.35.42:263][970]PIE: Play in editor start time for /Game/Levels/UEDPIE_0_PicnicLevel 0.814
[2018.04.15-19.35.42:264][970]LogBlueprintUserMessages: Late PlayInEditor Detection: Level '/Game/Levels/PicnicLevel.PicnicLevel:PersistentLevel' has LevelScriptBlueprint '/Game/Levels/PicnicLevel.PicnicLevel:PersistentLevel.PicnicLevel' with GeneratedClass '/Game/Levels/PicnicLevel.PicnicLevel_C' with ClassGeneratedBy '/Game/Levels/PicnicLevel.PicnicLevel:PersistentLevel.PicnicLevel'
[2018.04.15-19.35.42:407][970]LogRenderer: Reallocating scene render targets to support 1292x756 Format 10 NumSamples 1 (Frame:1).
[2018.04.15-19.36.09:975][796]LogBlueprintUserMessages: Early EndPlayMap Detection: Level '/Game/Levels/PicnicLevel.PicnicLevel:PersistentLevel' has LevelScriptBlueprint '/Game/Levels/PicnicLevel.PicnicLevel:PersistentLevel.PicnicLevel' with GeneratedClass '/Game/Levels/PicnicLevel.PicnicLevel_C' with ClassGeneratedBy '/Game/Levels/PicnicLevel.PicnicLevel:PersistentLevel.PicnicLevel'
[2018.04.15-19.36.10:054][796]LogBlueprintUserMessages: Late EndPlayMap Detection: Level '/Game/Levels/PicnicLevel.PicnicLevel:PersistentLevel' has LevelScriptBlueprint '/Game/Levels/PicnicLevel.PicnicLevel:PersistentLevel.PicnicLevel' with GeneratedClass '/Game/Levels/PicnicLevel.PicnicLevel_C' with ClassGeneratedBy '/Game/Levels/PicnicLevel.PicnicLevel:PersistentLevel.PicnicLevel'
[2018.04.15-19.36.11:521][870]LogTemp: Repeating last play command: New Editor Window (PIE)
[2018.04.15-19.36.11:560][870]LogBlueprintUserMessages: Early PlayInEditor Detection: Level '/Game/Levels/PicnicLevel.PicnicLevel:PersistentLevel' has LevelScriptBlueprint '/Game/Levels/PicnicLevel.PicnicLevel:PersistentLevel.PicnicLevel' with GeneratedClass '/Game/Levels/PicnicLevel.PicnicLevel_C' with ClassGeneratedBy '/Game/Levels/PicnicLevel.PicnicLevel:PersistentLevel.PicnicLevel'
[2018.04.15-19.36.11:560][870]LogPlayLevel: PlayLevel: No blueprints needed recompiling
[2018.04.15-19.36.11:560][870]PIE: New page: PIE session: PicnicLevel (15 Apr 2018 21:36:11)
[2018.04.15-19.36.11:561][870]LogPlayLevel: Creating play world package: /Game/Levels/UEDPIE_0_PicnicLevel
[2018.04.15-19.36.11:573][870]LogPlayLevel: PIE: StaticDuplicateObject took: (0.011948s)
[2018.04.15-19.36.11:574][870]LogAIModule: Creating AISystem for world PicnicLevel
[2018.04.15-19.36.11:574][870]LogPlayLevel: PIE: World Init took: (0.001357s)
[2018.04.15-19.36.11:575][870]LogPlayLevel: PIE: Created PIE world by copying editor world from /Game/Levels/PicnicLevel.PicnicLevel to /Game/Levels/UEDPIE_0_PicnicLevel.PicnicLevel (0.013674s)
[2018.04.15-19.36.11:655][870]LogInit: XAudio2 using 'Speakers (Realtek High Definition Audio)' : 6 channels at 48 kHz using 32 bits per sample (channel mask 0x3f)
[2018.04.15-19.36.11:723][870]LogInit: FAudioDevice initialized.
[2018.04.15-19.36.11:773][870]LogLoad: Game class is 'AntsGamemode_C'
[2018.04.15-19.36.11:783][870]LogWorld: Bringing World /Game/Levels/UEDPIE_0_PicnicLevel.PicnicLevel up for play (max tick rate 60) at 2018.04.15-20.36.11
[2018.04.15-19.36.11:784][870]LogWorld: Bringing up level for play took: 0.010555
[2018.04.15-19.36.11:791][870]PIE: Play in editor start time for /Game/Levels/UEDPIE_0_PicnicLevel 0.342
[2018.04.15-19.36.11:791][870]LogBlueprintUserMessages: Late PlayInEditor Detection: Level '/Game/Levels/PicnicLevel.PicnicLevel:PersistentLevel' has LevelScriptBlueprint '/Game/Levels/PicnicLevel.PicnicLevel:PersistentLevel.PicnicLevel' with GeneratedClass '/Game/Levels/PicnicLevel.PicnicLevel_C' with ClassGeneratedBy '/Game/Levels/PicnicLevel.PicnicLevel:PersistentLevel.PicnicLevel'
[2018.04.15-19.36.31:597][465]LogBlueprintUserMessages: Early EndPlayMap Detection: Level '/Game/Levels/PicnicLevel.PicnicLevel:PersistentLevel' has LevelScriptBlueprint '/Game/Levels/PicnicLevel.PicnicLevel:PersistentLevel.PicnicLevel' with GeneratedClass '/Game/Levels/PicnicLevel.PicnicLevel_C' with ClassGeneratedBy '/Game/Levels/PicnicLevel.PicnicLevel:PersistentLevel.PicnicLevel'
[2018.04.15-19.36.31:673][465]LogBlueprintUserMessages: Late EndPlayMap Detection: Level '/Game/Levels/PicnicLevel.PicnicLevel:PersistentLevel' has LevelScriptBlueprint '/Game/Levels/PicnicLevel.PicnicLevel:PersistentLevel.PicnicLevel' with GeneratedClass '/Game/Levels/PicnicLevel.PicnicLevel_C' with ClassGeneratedBy '/Game/Levels/PicnicLevel.PicnicLevel:PersistentLevel.PicnicLevel'
[2018.04.15-19.36.37:247][698]LogSlate: Took 0.000178 seconds to synchronously load lazily loaded font '../../../Engine/Content/Slate/Fonts/Roboto-Light.ttf' (159K)
[2018.04.15-19.36.37:474][698]LogTexture: Display: Building textures: HQ_Lightmap1_2 (AutoDXT, 64X64)
[2018.04.15-19.36.37:474][698]LogTexture: Display: Building textures: LQ_Lightmap_1_2 (DXT1, 64X64)
[2018.04.15-19.36.37:474][698]LogTexture: Display: Building textures: HQ_Lightmap1_1 (AutoDXT, 256X256)
[2018.04.15-19.36.37:474][698]LogTexture: Display: Building textures: LQ_Lightmap_1_1 (DXT1, 256X256)
[2018.04.15-19.36.37:557][698]LogAIModule: Creating AISystem for world FirstLevel
[2018.04.15-19.36.37:578][698]Cmd: MAP LOAD FILE="../../../../../../Unreal Engine Project/TDEMO-/Content/Levels/FirstLevel.umap" TEMPLATE=0 SHOWPROGRESS=1 FEATURELEVEL=3
[2018.04.15-19.36.37:578][698]LightingResults: New page: Lighting Build
[2018.04.15-19.36.37:580][698]LoadErrors: New page: Loading map: FirstLevel.umap
[2018.04.15-19.36.37:583][698]MapCheck: New page: Map Check
[2018.04.15-19.36.37:583][698]LightingResults: New page: Lighting Build
[2018.04.15-19.36.37:657][698]LogEditorServer: Finished looking for orphan Actors (0.000 secs)
[2018.04.15-19.36.37:738][698]Cmd: MAP CHECKDEP NOCLEARLOG
[2018.04.15-19.36.37:791][698]MapCheck: Map check complete: 0 Error(s), 0 Warning(s), took 51.903ms to complete.
[2018.04.15-19.36.37:791][698]LogFileHelpers: Loading map 'FirstLevel' took 0.214
[2018.04.15-19.36.39:381][778]LogTemp: Repeating last play command: New Editor Window (PIE)
[2018.04.15-19.36.39:420][778]LogBlueprintUserMessages: Early PlayInEditor Detection: Level '/Game/Levels/FirstLevel.FirstLevel:PersistentLevel' has LevelScriptBlueprint '/Game/Levels/FirstLevel.FirstLevel:PersistentLevel.FirstLevel' with GeneratedClass '/Game/Levels/FirstLevel.FirstLevel_C' with ClassGeneratedBy '/Game/Levels/FirstLevel.FirstLevel:PersistentLevel.FirstLevel'
[2018.04.15-19.36.39:420][778]LogPlayLevel: PlayLevel: No blueprints needed recompiling
[2018.04.15-19.36.39:420][778]PIE: New page: PIE session: FirstLevel (15 Apr 2018 21:36:39)
[2018.04.15-19.36.39:421][778]LogPlayLevel: Creating play world package: /Game/Levels/UEDPIE_0_FirstLevel
[2018.04.15-19.36.39:424][778]LogPlayLevel: PIE: StaticDuplicateObject took: (0.003056s)
[2018.04.15-19.36.39:425][778]LogAIModule: Creating AISystem for world FirstLevel
[2018.04.15-19.36.39:425][778]LogPlayLevel: PIE: World Init took: (0.001075s)
[2018.04.15-19.36.39:425][778]LogPlayLevel: PIE: Created PIE world by copying editor world from /Game/Levels/FirstLevel.FirstLevel to /Game/Levels/UEDPIE_0_FirstLevel.FirstLevel (0.004373s)
[2018.04.15-19.36.39:504][778]LogInit: XAudio2 using 'Speakers (Realtek High Definition Audio)' : 6 channels at 48 kHz using 32 bits per sample (channel mask 0x3f)
[2018.04.15-19.36.39:572][778]LogInit: FAudioDevice initialized.
[2018.04.15-19.36.39:620][778]LogLoad: Game class is 'AntsGamemode_C'
[2018.04.15-19.36.39:624][778]LogWorld: Bringing World /Game/Levels/UEDPIE_0_FirstLevel.FirstLevel up for play (max tick rate 60) at 2018.04.15-20.36.39
[2018.04.15-19.36.39:624][778]LogWorld: Bringing up level for play took: 0.002357
[2018.04.15-19.36.39:625][778]LogPawn: Error: EnableInput can only be specified on a Pawn for its Controller
[2018.04.15-19.36.39:628][778]PIE: Play in editor start time for /Game/Levels/UEDPIE_0_FirstLevel 0.179
[2018.04.15-19.36.39:629][778]LogBlueprintUserMessages: Late PlayInEditor Detection: Level '/Game/Levels/FirstLevel.FirstLevel:PersistentLevel' has LevelScriptBlueprint '/Game/Levels/FirstLevel.FirstLevel:PersistentLevel.FirstLevel' with GeneratedClass '/Game/Levels/FirstLevel.FirstLevel_C' with ClassGeneratedBy '/Game/Levels/FirstLevel.FirstLevel:PersistentLevel.FirstLevel'
[2018.04.15-19.36.40:777][813]LogBlueprintUserMessages: Early EndPlayMap Detection: Level '/Game/Levels/FirstLevel.FirstLevel:PersistentLevel' has LevelScriptBlueprint '/Game/Levels/FirstLevel.FirstLevel:PersistentLevel.FirstLevel' with GeneratedClass '/Game/Levels/FirstLevel.FirstLevel_C' with ClassGeneratedBy '/Game/Levels/FirstLevel.FirstLevel:PersistentLevel.FirstLevel'
[2018.04.15-19.36.40:851][813]LogBlueprintUserMessages: Late EndPlayMap Detection: Level '/Game/Levels/FirstLevel.FirstLevel:PersistentLevel' has LevelScriptBlueprint '/Game/Levels/FirstLevel.FirstLevel:PersistentLevel.FirstLevel' with GeneratedClass '/Game/Levels/FirstLevel.FirstLevel_C' with ClassGeneratedBy '/Game/Levels/FirstLevel.FirstLevel:PersistentLevel.FirstLevel'
[2018.04.15-19.36.42:807][921]LogTemp: Repeating last play command: New Editor Window (PIE)
[2018.04.15-19.36.42:846][921]LogBlueprintUserMessages: Early PlayInEditor Detection: Level '/Game/Levels/FirstLevel.FirstLevel:PersistentLevel' has LevelScriptBlueprint '/Game/Levels/FirstLevel.FirstLevel:PersistentLevel.FirstLevel' with GeneratedClass '/Game/Levels/FirstLevel.FirstLevel_C' with ClassGeneratedBy '/Game/Levels/FirstLevel.FirstLevel:PersistentLevel.FirstLevel'
[2018.04.15-19.36.42:846][921]LogPlayLevel: PlayLevel: No blueprints needed recompiling
[2018.04.15-19.36.42:846][921]PIE: New page: PIE session: FirstLevel (15 Apr 2018 21:36:42)
[2018.04.15-19.36.42:847][921]LogPlayLevel: Creating play world package: /Game/Levels/UEDPIE_0_FirstLevel
[2018.04.15-19.36.42:850][921]LogPlayLevel: PIE: StaticDuplicateObject took: (0.002956s)
[2018.04.15-19.36.42:851][921]LogAIModule: Creating AISystem for world FirstLevel
[2018.04.15-19.36.42:851][921]LogPlayLevel: PIE: World Init took: (0.001078s)
[2018.04.15-19.36.42:851][921]LogPlayLevel: PIE: Created PIE world by copying editor world from /Game/Levels/FirstLevel.FirstLevel to /Game/Levels/UEDPIE_0_FirstLevel.FirstLevel (0.004398s)
[2018.04.15-19.36.42:936][921]LogInit: XAudio2 using 'Speakers (Realtek High Definition Audio)' : 6 channels at 48 kHz using 32 bits per sample (channel mask 0x3f)
[2018.04.15-19.36.43:004][921]LogInit: FAudioDevice initialized.
[2018.04.15-19.36.43:054][921]LogLoad: Game class is 'AntsGamemode_C'
[2018.04.15-19.36.43:057][921]LogWorld: Bringing World /Game/Levels/UEDPIE_0_FirstLevel.FirstLevel up for play (max tick rate 60) at 2018.04.15-20.36.43
[2018.04.15-19.36.43:057][921]LogWorld: Bringing up level for play took: 0.001762
[2018.04.15-19.36.43:058][921]LogPawn: Error: EnableInput can only be specified on a Pawn for its Controller
[2018.04.15-19.36.43:061][921]PIE: Play in editor start time for /Game/Levels/UEDPIE_0_FirstLevel -0.388
[2018.04.15-19.36.43:062][921]LogBlueprintUserMessages: Late PlayInEditor Detection: Level '/Game/Levels/FirstLevel.FirstLevel:PersistentLevel' has LevelScriptBlueprint '/Game/Levels/FirstLevel.FirstLevel:PersistentLevel.FirstLevel' with GeneratedClass '/Game/Levels/FirstLevel.FirstLevel_C' with ClassGeneratedBy '/Game/Levels/FirstLevel.FirstLevel:PersistentLevel.FirstLevel'
[2018.04.15-19.36.44:808][974]LogPawn: Error: EnableInput can only be specified on a Pawn for its Controller
[2018.04.15-19.36.46:840][ 35]LogPawn: Error: EnableInput can only be specified on a Pawn for its Controller
[2018.04.15-19.36.48:873][ 96]LogPawn: Error: EnableInput can only be specified on a Pawn for its Controller
[2018.04.15-19.36.50:905][157]LogPawn: Error: EnableInput can only be specified on a Pawn for its Controller
[2018.04.15-19.36.52:938][218]LogPawn: Error: EnableInput can only be specified on a Pawn for its Controller
[2018.04.15-19.36.54:973][279]LogPawn: Error: EnableInput can only be specified on a Pawn for its Controller
[2018.04.15-19.36.57:004][340]LogPawn: Error: EnableInput can only be specified on a Pawn for its Controller
[2018.04.15-19.36.59:035][401]LogPawn: Error: EnableInput can only be specified on a Pawn for its Controller
[2018.04.15-19.37.01:067][462]LogPawn: Error: EnableInput can only be specified on a Pawn for its Controller
[2018.04.15-19.37.02:136][494]LogScript: Warning: Attempted to access StaticMeshComponent0 via property StaticMeshComponent, but StaticMeshComponent0 is pending kill
	Dirt_2_C /Game/Levels/UEDPIE_0_FirstLevel.FirstLevel:PersistentLevel.Stage_1_level_Dig_dirt_2_Blueprint
	Function /Game/Blueprints/Dirt_2.Dirt_2_C:ExecuteUbergraph_Dirt_2:010B
[2018.04.15-19.37.02:136][494]PIE: Error: Blueprint Runtime Error: Attempted to access StaticMeshComponent0 via property StaticMeshComponent, but StaticMeshComponent0 is pending kill from function: 'ExecuteUbergraph_Dirt_2' from node: Set Transform in graph: EventGraph in object: Dirt_2 with description: Attempted to access StaticMeshComponent0 via property StaticMeshComponent, but StaticMeshComponent0 is pending kill
[2018.04.15-19.37.02:166][495]LogScript: Warning: Attempted to access StaticMeshComponent0 via property StaticMeshComponent, but StaticMeshComponent0 is pending kill
	Dirt_2_C /Game/Levels/UEDPIE_0_FirstLevel.FirstLevel:PersistentLevel.Stage_1_level_Dig_dirt_2_Blueprint
	Function /Game/Blueprints/Dirt_2.Dirt_2_C:ExecuteUbergraph_Dirt_2:010B
[2018.04.15-19.37.02:166][495]PIE: Error: Blueprint Runtime Error: Attempted to access StaticMeshComponent0 via property StaticMeshComponent, but StaticMeshComponent0 is pending kill from function: 'ExecuteUbergraph_Dirt_2' from node: Set Transform in graph: EventGraph in object: Dirt_2 with description: Attempted to access StaticMeshComponent0 via property StaticMeshComponent, but StaticMeshComponent0 is pending kill
[2018.04.15-19.37.02:333][500]LogScript: Warning: Attempted to access StaticMeshComponent0 via property StaticMeshComponent, but StaticMeshComponent0 is pending kill
	Dirt_2_C /Game/Levels/UEDPIE_0_FirstLevel.FirstLevel:PersistentLevel.Stage_1_level_Dig_dirt_2_Blueprint
	Function /Game/Blueprints/Dirt_2.Dirt_2_C:ExecuteUbergraph_Dirt_2:019A
[2018.04.15-19.37.02:333][500]PIE: Error: Blueprint Runtime Error: Attempted to access StaticMeshComponent0 via property StaticMeshComponent, but StaticMeshComponent0 is pending kill from function: 'ExecuteUbergraph_Dirt_2' from node: DestroyComponent in graph: EventGraph in object: Dirt_2 with description: Attempted to access StaticMeshComponent0 via property StaticMeshComponent, but StaticMeshComponent0 is pending kill
[2018.04.15-19.37.18:591][988]LogScript: Warning: Attempted to access StaticMeshComponent0 via property StaticMeshComponent, but StaticMeshComponent0 is pending kill
	Dirt_3_C /Game/Levels/UEDPIE_0_FirstLevel.FirstLevel:PersistentLevel.Stage_1_level_Dig_dirt_3_Blueprint
	Function /Game/Blueprints/Dirt_3.Dirt_3_C:ExecuteUbergraph_Dirt_3:014B
[2018.04.15-19.37.18:592][988]PIE: Error: Blueprint Runtime Error: Attempted to access StaticMeshComponent0 via property StaticMeshComponent, but StaticMeshComponent0 is pending kill from function: 'ExecuteUbergraph_Dirt_3' from node: DestroyComponent in graph: EventGraph in object: Dirt_3 with description: Attempted to access StaticMeshComponent0 via property StaticMeshComponent, but StaticMeshComponent0 is pending kill
[2018.04.15-19.37.46:514][826]LogBlueprintUserMessages: Early EndPlayMap Detection: Level '/Game/Levels/FirstLevel.FirstLevel:PersistentLevel' has LevelScriptBlueprint '/Game/Levels/FirstLevel.FirstLevel:PersistentLevel.FirstLevel' with GeneratedClass '/Game/Levels/FirstLevel.FirstLevel_C' with ClassGeneratedBy '/Game/Levels/FirstLevel.FirstLevel:PersistentLevel.FirstLevel'
[2018.04.15-19.37.46:588][826]LogBlueprintUserMessages: Late EndPlayMap Detection: Level '/Game/Levels/FirstLevel.FirstLevel:PersistentLevel' has LevelScriptBlueprint '/Game/Levels/FirstLevel.FirstLevel:PersistentLevel.FirstLevel' with GeneratedClass '/Game/Levels/FirstLevel.FirstLevel_C' with ClassGeneratedBy '/Game/Levels/FirstLevel.FirstLevel:PersistentLevel.FirstLevel'
[2018.04.15-19.37.54:080][997]LogTexture: Display: Building textures: Promo_Art_Menu_No_menu_buttons (AutoDXT, 1920X1080)
[2018.04.15-19.37.54:092][997]LogAIModule: Creating AISystem for world MainMenu
[2018.04.15-19.37.54:118][997]Cmd: MAP LOAD FILE="../../../../../../Unreal Engine Project/TDEMO-/Content/Levels/MainMenu.umap" TEMPLATE=0 SHOWPROGRESS=1 FEATURELEVEL=3
[2018.04.15-19.37.54:119][997]LightingResults: New page: Lighting Build
[2018.04.15-19.37.54:119][997]LoadErrors: New page: Loading map: MainMenu.umap
[2018.04.15-19.37.54:141][997]MapCheck: New page: Map Check
[2018.04.15-19.37.54:141][997]LightingResults: New page: Lighting Build
[2018.04.15-19.37.54:209][997]LogEditorServer: Finished looking for orphan Actors (0.000 secs)
[2018.04.15-19.37.54:289][997]Cmd: MAP CHECKDEP NOCLEARLOG
[2018.04.15-19.37.54:346][997]MapCheck: Map check complete: 0 Error(s), 0 Warning(s), took 56.747ms to complete.
[2018.04.15-19.37.54:347][997]LogFileHelpers: Loading map 'MainMenu' took 0.230
[2018.04.15-19.37.56:061][ 33]LogAIModule: Creating AISystem for world PicnicLevel
[2018.04.15-19.37.56:142][ 33]Cmd: MAP LOAD FILE="../../../../../../Unreal Engine Project/TDEMO-/Content/Levels/PicnicLevel.umap" TEMPLATE=0 SHOWPROGRESS=1 FEATURELEVEL=3
[2018.04.15-19.37.56:142][ 33]LightingResults: New page: Lighting Build
[2018.04.15-19.37.56:143][ 33]LoadErrors: New page: Loading map: PicnicLevel.umap
[2018.04.15-19.37.56:143][ 33]MapCheck: New page: Map Check
[2018.04.15-19.37.56:143][ 33]LightingResults: New page: Lighting Build
[2018.04.15-19.37.56:293][ 33]LogEditorServer: Finished looking for orphan Actors (0.000 secs)
[2018.04.15-19.37.56:377][ 33]Cmd: MAP CHECKDEP NOCLEARLOG
[2018.04.15-19.37.56:428][ 33]MapCheck: Map check complete: 0 Error(s), 0 Warning(s), took 51.264ms to complete.
[2018.04.15-19.37.56:429][ 33]LogFileHelpers: Loading map 'PicnicLevel' took 0.287
[2018.04.15-19.38.00:972][290]LogTemp: Repeating last play command: New Editor Window (PIE)
[2018.04.15-19.38.01:012][290]LogBlueprintUserMessages: Early PlayInEditor Detection: Level '/Game/Levels/PicnicLevel.PicnicLevel:PersistentLevel' has LevelScriptBlueprint '/Game/Levels/PicnicLevel.PicnicLevel:PersistentLevel.PicnicLevel' with GeneratedClass '/Game/Levels/PicnicLevel.PicnicLevel_C' with ClassGeneratedBy '/Game/Levels/PicnicLevel.PicnicLevel:PersistentLevel.PicnicLevel'
[2018.04.15-19.38.01:012][290]LogPlayLevel: PlayLevel: No blueprints needed recompiling
[2018.04.15-19.38.01:012][290]PIE: New page: PIE session: PicnicLevel (15 Apr 2018 21:38:01)
[2018.04.15-19.38.01:013][290]LogPlayLevel: Creating play world package: /Game/Levels/UEDPIE_0_PicnicLevel
[2018.04.15-19.38.01:024][290]LogPlayLevel: PIE: StaticDuplicateObject took: (0.011210s)
[2018.04.15-19.38.01:025][290]LogAIModule: Creating AISystem for world PicnicLevel
[2018.04.15-19.38.01:025][290]LogPlayLevel: PIE: World Init took: (0.001016s)
[2018.04.15-19.38.01:026][290]LogPlayLevel: PIE: Created PIE world by copying editor world from /Game/Levels/PicnicLevel.PicnicLevel to /Game/Levels/UEDPIE_0_PicnicLevel.PicnicLevel (0.012582s)
[2018.04.15-19.38.01:104][290]LogInit: XAudio2 using 'Speakers (Realtek High Definition Audio)' : 6 channels at 48 kHz using 32 bits per sample (channel mask 0x3f)
[2018.04.15-19.38.01:174][290]LogInit: FAudioDevice initialized.
[2018.04.15-19.38.01:219][290]LogLoad: Game class is 'AntsGamemode_C'
[2018.04.15-19.38.01:233][290]LogWorld: Bringing World /Game/Levels/UEDPIE_0_PicnicLevel.PicnicLevel up for play (max tick rate 60) at 2018.04.15-20.38.01
[2018.04.15-19.38.01:234][290]LogWorld: Bringing up level for play took: 0.014130
[2018.04.15-19.38.01:238][290]PIE: Play in editor start time for /Game/Levels/UEDPIE_0_PicnicLevel -0.21
[2018.04.15-19.38.01:239][290]LogBlueprintUserMessages: Late PlayInEditor Detection: Level '/Game/Levels/PicnicLevel.PicnicLevel:PersistentLevel' has LevelScriptBlueprint '/Game/Levels/PicnicLevel.PicnicLevel:PersistentLevel.PicnicLevel' with GeneratedClass '/Game/Levels/PicnicLevel.PicnicLevel_C' with ClassGeneratedBy '/Game/Levels/PicnicLevel.PicnicLevel:PersistentLevel.PicnicLevel'
[2018.04.15-19.38.07:038][462]LogBlueprintUserMessages: Early EndPlayMap Detection: Level '/Game/Levels/PicnicLevel.PicnicLevel:PersistentLevel' has LevelScriptBlueprint '/Game/Levels/PicnicLevel.PicnicLevel:PersistentLevel.PicnicLevel' with GeneratedClass '/Game/Levels/PicnicLevel.PicnicLevel_C' with ClassGeneratedBy '/Game/Levels/PicnicLevel.PicnicLevel:PersistentLevel.PicnicLevel'
[2018.04.15-19.38.07:114][462]LogBlueprintUserMessages: Late EndPlayMap Detection: Level '/Game/Levels/PicnicLevel.PicnicLevel:PersistentLevel' has LevelScriptBlueprint '/Game/Levels/PicnicLevel.PicnicLevel:PersistentLevel.PicnicLevel' with GeneratedClass '/Game/Levels/PicnicLevel.PicnicLevel_C' with ClassGeneratedBy '/Game/Levels/PicnicLevel.PicnicLevel:PersistentLevel.PicnicLevel'
[2018.04.15-19.38.29:659][751]LogTemp: Repeating last play command: New Editor Window (PIE)
[2018.04.15-19.38.29:697][751]LogBlueprintUserMessages: Early PlayInEditor Detection: Level '/Game/Levels/PicnicLevel.PicnicLevel:PersistentLevel' has LevelScriptBlueprint '/Game/Levels/PicnicLevel.PicnicLevel:PersistentLevel.PicnicLevel' with GeneratedClass '/Game/Levels/PicnicLevel.PicnicLevel_C' with ClassGeneratedBy '/Game/Levels/PicnicLevel.PicnicLevel:PersistentLevel.PicnicLevel'
[2018.04.15-19.38.29:697][751]LogPlayLevel: PlayLevel: No blueprints needed recompiling
[2018.04.15-19.38.29:697][751]PIE: New page: PIE session: PicnicLevel (15 Apr 2018 21:38:29)
[2018.04.15-19.38.29:698][751]LogPlayLevel: Creating play world package: /Game/Levels/UEDPIE_0_PicnicLevel
[2018.04.15-19.38.29:709][751]LogPlayLevel: PIE: StaticDuplicateObject took: (0.011582s)
[2018.04.15-19.38.29:710][751]LogAIModule: Creating AISystem for world PicnicLevel
[2018.04.15-19.38.29:711][751]LogPlayLevel: PIE: World Init took: (0.001288s)
[2018.04.15-19.38.29:711][751]LogPlayLevel: PIE: Created PIE world by copying editor world from /Game/Levels/PicnicLevel.PicnicLevel to /Game/Levels/UEDPIE_0_PicnicLevel.PicnicLevel (0.013160s)
[2018.04.15-19.38.29:791][751]LogInit: XAudio2 using 'Speakers (Realtek High Definition Audio)' : 6 channels at 48 kHz using 32 bits per sample (channel mask 0x3f)
[2018.04.15-19.38.29:859][751]LogInit: FAudioDevice initialized.
[2018.04.15-19.38.29:906][751]LogLoad: Game class is 'AntsGamemode_C'
[2018.04.15-19.38.29:916][751]LogWorld: Bringing World /Game/Levels/UEDPIE_0_PicnicLevel.PicnicLevel up for play (max tick rate 60) at 2018.04.15-20.38.29
[2018.04.15-19.38.29:917][751]LogWorld: Bringing up level for play took: 0.010331
[2018.04.15-19.38.29:921][751]PIE: Play in editor start time for /Game/Levels/UEDPIE_0_PicnicLevel 0.472
[2018.04.15-19.38.29:922][751]LogBlueprintUserMessages: Late PlayInEditor Detection: Level '/Game/Levels/PicnicLevel.PicnicLevel:PersistentLevel' has LevelScriptBlueprint '/Game/Levels/PicnicLevel.PicnicLevel:PersistentLevel.PicnicLevel' with GeneratedClass '/Game/Levels/PicnicLevel.PicnicLevel_C' with ClassGeneratedBy '/Game/Levels/PicnicLevel.PicnicLevel:PersistentLevel.PicnicLevel'
[2018.04.15-19.39.10:426][463]LogBlueprintUserMessages: Early EndPlayMap Detection: Level '/Game/Levels/PicnicLevel.PicnicLevel:PersistentLevel' has LevelScriptBlueprint '/Game/Levels/PicnicLevel.PicnicLevel:PersistentLevel.PicnicLevel' with GeneratedClass '/Game/Levels/PicnicLevel.PicnicLevel_C' with ClassGeneratedBy '/Game/Levels/PicnicLevel.PicnicLevel:PersistentLevel.PicnicLevel'
[2018.04.15-19.39.10:507][463]LogBlueprintUserMessages: Late EndPlayMap Detection: Level '/Game/Levels/PicnicLevel.PicnicLevel:PersistentLevel' has LevelScriptBlueprint '/Game/Levels/PicnicLevel.PicnicLevel:PersistentLevel.PicnicLevel' with GeneratedClass '/Game/Levels/PicnicLevel.PicnicLevel_C' with ClassGeneratedBy '/Game/Levels/PicnicLevel.PicnicLevel:PersistentLevel.PicnicLevel'
