Log file open, 04/19/18 09:57:07
LogWindows: Failed to load 'aqProf.dll' (GetLastError=126)
LogWindows: File 'aqProf.dll' does not exist
LogWindows: Failed to load 'VSPerf140.dll' (GetLastError=126)
LogWindows: File 'VSPerf140.dll' does not exist
LogWindows: Failed to load 'VtuneApi.dll' (GetLastError=126)
LogWindows: File 'VtuneApi.dll' does not exist
LogWindows: Failed to load 'VtuneApi32e.dll' (GetLastError=126)
LogWindows: File 'VtuneApi32e.dll' does not exist
LogInit: Display: Running engine for game: AntsGame
LogPlatformFile: Not using cached read wrapper
LogInit: Display: RandInit(438321804) SRandInit(438321805).
LogTaskGraph: Started task graph with 5 named threads and 8 total threads with 3 sets of task threads.
LogStats: Stats thread started at 0.621701
LogD3D11RHI: Aftermath initialized
LogPluginManager: Mounting plugin Paper2D
LogPluginManager: Mounting plugin LightPropagationVolume
LogPluginManager: Mounting plugin CodeLiteSourceCodeAccess
LogPluginManager: Mounting plugin GitSourceControl
LogPluginManager: Mounting plugin KDevelopSourceCodeAccess
LogPluginManager: Mounting plugin NullSourceCodeAccess
LogPluginManager: Mounting plugin PerforceSourceControl
LogPluginManager: Mounting plugin SubversionSourceControl
LogPluginManager: Mounting plugin UObjectPlugin
LogPluginManager: Mounting plugin VisualStudioSourceCodeAccess
LogPluginManager: Mounting plugin XCodeSourceCodeAccess
LogPluginManager: Mounting plugin AssetManagerEditor
LogPluginManager: Mounting plugin AudioCapture
LogPluginManager: Mounting plugin FacialAnimation
LogPluginManager: Mounting plugin GameplayTagsEditor
LogPluginManager: Mounting plugin MobileLauncherProfileWizard
LogPluginManager: Mounting plugin PluginBrowser
LogPluginManager: Mounting plugin SpeedTreeImporter
LogPluginManager: Mounting plugin AlembicImporter
LogPluginManager: Mounting plugin CharacterAI
LogPluginManager: Mounting plugin HTML5Networking
LogPluginManager: Mounting plugin AndroidMedia
LogPluginManager: Mounting plugin AvfMedia
LogPluginManager: Mounting plugin MediaPlayerEditor
LogPluginManager: Mounting plugin WmfMedia
LogPluginManager: Mounting plugin TcpMessaging
LogPluginManager: Mounting plugin UdpMessaging
LogPluginManager: Mounting plugin LevelSequenceEditor
LogPluginManager: Mounting plugin MatineeToLevelSequence
LogPluginManager: Mounting plugin OnlineSubsystemGooglePlay
LogPluginManager: Mounting plugin OnlineSubsystemIOS
LogPluginManager: Mounting plugin OnlineSubsystem
LogPluginManager: Mounting plugin OnlineSubsystemNull
LogPluginManager: Mounting plugin OnlineSubsystemUtils
LogPluginManager: Mounting plugin AndroidDeviceProfileSelector
LogPluginManager: Mounting plugin AndroidMoviePlayer
LogPluginManager: Mounting plugin AndroidPermission
LogPluginManager: Mounting plugin AppleMoviePlayer
LogPluginManager: Mounting plugin ArchVisCharacter
LogPluginManager: Mounting plugin CableComponent
LogPluginManager: Mounting plugin CustomMeshComponent
LogPluginManager: Mounting plugin ExampleDeviceProfileSelector
LogPluginManager: Mounting plugin GoogleCloudMessaging
LogPluginManager: Mounting plugin ImmediatePhysics
LogPluginManager: Mounting plugin IOSDeviceProfileSelector
LogPluginManager: Mounting plugin LinuxDeviceProfileSelector
LogPluginManager: Mounting plugin LocationServicesBPLibrary
LogPluginManager: Mounting plugin MobilePatchingUtils
LogPluginManager: Mounting plugin OculusVR
LogPluginManager: Mounting plugin PhysXVehicles
LogPluginManager: Mounting plugin ProceduralMeshComponent
LogPluginManager: Mounting plugin RuntimePhysXCooking
LogPluginManager: Mounting plugin SteamVR
LogPluginManager: Mounting plugin WindowsMoviePlayer
LogInit: Using libcurl 7.47.1
LogInit:  - built for x86_64-pc-win32
LogInit:  - supports SSL with OpenSSL/1.0.2g
LogInit:  - supports HTTP deflate (compression) using libz 1.2.8
LogInit:  - other features:
LogInit:      CURL_VERSION_SSL
LogInit:      CURL_VERSION_LIBZ
LogInit:      CURL_VERSION_IPV6
LogInit:      CURL_VERSION_ASYNCHDNS
LogInit:      CURL_VERSION_LARGEFILE
LogInit:      CURL_VERSION_IDN
LogInit:  CurlRequestOptions (configurable via config and command line):
LogInit:  - bVerifyPeer = false  - Libcurl will NOT verify peer certificate
LogInit:  - bUseHttpProxy = false  - Libcurl will NOT use HTTP proxy
LogInit:  - bDontReuseConnections = false  - Libcurl will reuse connections
LogInit:  - CertBundlePath = nullptr  - Libcurl will use whatever was configured at build time.
LogInit: Build: ++UE4+Release-4.17-CL-3658906
LogInit: Engine Version: 4.17.2-3658906+++UE4+Release-4.17
LogInit: Compatible Engine Version: 4.17.0-3573198+++UE4+Release-4.17
LogInit: Net CL: 3573198
LogDevObjectVersion: Number of dev versions registered: 16
LogDevObjectVersion:   Dev-Blueprints (B0D832E4-1F89-4F0D-ACCF-7EB736FD4AA2): 10
LogDevObjectVersion:   Dev-Build (E1C64328-A22C-4D53-A36C-8E866417BD8C): 0
LogDevObjectVersion:   Dev-Core (375EC13C-06E4-48FB-B500-84F0262A717E): 2
LogDevObjectVersion:   Dev-Editor (E4B068ED-F494-42E9-A231-DA0B2E46BB41): 20
LogDevObjectVersion:   Dev-Framework (CFFC743F-43B0-4480-9391-14DF171D2073): 28
LogDevObjectVersion:   Dev-Mobile (B02B49B5-BB20-44E9-A304-32B752E40360): 0
LogDevObjectVersion:   Dev-Networking (A4E4105C-59A1-49B5-A7C5-40C4547EDFEE): 0
LogDevObjectVersion:   Dev-Online (39C831C9-5AE6-47DC-9A44-9C173E1C8E7C): 0
LogDevObjectVersion:   Dev-Physics (78F01B33-EBEA-4F98-B9B4-84EACCB95AA2): 0
LogDevObjectVersion:   Dev-Platform (6631380F-2D4D-43E0-8009-CF276956A95A): 0
LogDevObjectVersion:   Dev-Rendering (12F88B9F-8875-4AFC-A67C-D90C383ABD29): 19
LogDevObjectVersion:   Dev-Sequencer (7B5AE74C-D270-4C10-A958-57980B212A5A): 4
LogDevObjectVersion:   Dev-VR (D7296918-1DD6-4BDD-9DE2-64A83CC13884): 0
LogDevObjectVersion:   Dev-LoadTimes (C2A15278-BFE7-4AFE-6C17-90FF531DF755): 1
LogDevObjectVersion:   Private-Geometry (6EACA3D4-40EC-4CC1-B786-8BED09428FC5): 1
LogDevObjectVersion:   Dev-AnimPhys (29E575DD-E0A3-4627-9D10-D276232CDCEA): 7
LogInit: Compiled (64-bit): Sep 22 2017 13:47:16
LogInit: Compiled with Visual C++: 19.00.24215.01
LogInit: Build Configuration: Development
LogInit: Branch Name: ++UE4+Release-4.17
LogInit: Command line: -EpicPortal 
LogInit: Base directory: D:/Game Dev/Epic Games/UE_4.17/Engine/Binaries/Win64/
LogInit: Installed Engine Build: 1
LogInit: Presizing for max 8388607 objects, including 0 objects not considered by GC, pre-allocating 0 bytes for permanent pool.
LogInit: Object subsystem initialized
[2018.04.19-08.57.10:186][  0]LogInit: Selected Device Profile: [Windows]
[2018.04.19-08.57.10:186][  0]LogInit: Applying CVar settings loaded from the selected device profile: [Windows]
[2018.04.19-08.57.10:270][  0]LogInit: Computer: LAPTOP-CLI7GUMK
[2018.04.19-08.57.10:270][  0]LogInit: User: Gary
[2018.04.19-08.57.10:270][  0]LogInit: CPU Page size=4096, Cores=2
[2018.04.19-08.57.10:270][  0]LogInit: High frequency timer resolution =2.835939 MHz
[2018.04.19-08.57.10:271][  0]LogMemory: Memory total: Physical=7.9GB (8GB approx)
[2018.04.19-08.57.10:271][  0]LogMemory: Platform Memory Stats for Windows
[2018.04.19-08.57.10:271][  0]LogMemory: Process Physical Memory: 281.67 MB used, 281.67 MB peak
[2018.04.19-08.57.10:271][  0]LogMemory: Process Virtual Memory: 291.11 MB used, 291.11 MB peak
[2018.04.19-08.57.10:271][  0]LogMemory: Physical Memory: 4312.35 MB used,  3773.77 MB free, 8086.12 MB total
[2018.04.19-08.57.10:271][  0]LogMemory: Virtual Memory: 710.99 MB used,  3773.77 MB free, 134217728.00 MB total
[2018.04.19-08.57.11:016][  0]LogInit: Using OS detected language (en-GB).
[2018.04.19-08.57.11:016][  0]LogInit: Using OS detected locale (en-GB).
[2018.04.19-08.57.11:033][  0]LogTextLocalizationManager: No specific localization for 'en-GB' exists, so the 'en' localization will be used.
[2018.04.19-08.57.13:803][  0]LogD3D11RHI: D3D11 adapters:
[2018.04.19-08.57.13:843][  0]LogD3D11RHI:    0. 'Intel(R) HD Graphics 620' (Feature Level 11_0)
[2018.04.19-08.57.13:843][  0]LogD3D11RHI:       128/0/4043 MB DedicatedVideo/DedicatedSystem/SharedSystem, Outputs:1, VendorId:0x8086
[2018.04.19-08.57.13:852][  0]LogD3D11RHI:    1. 'Microsoft Basic Render Driver' (Feature Level 11_0)
[2018.04.19-08.57.13:852][  0]LogD3D11RHI:       0/0/4043 MB DedicatedVideo/DedicatedSystem/SharedSystem, Outputs:0, VendorId:0x1414
[2018.04.19-08.57.13:852][  0]LogD3D11RHI: Chosen D3D11 Adapter: 0
[2018.04.19-08.57.13:874][  0]LogD3D11RHI: Creating new Direct3DDevice
[2018.04.19-08.57.13:875][  0]LogD3D11RHI:     GPU DeviceId: 0x5916 (for the marketing name, search the web for "GPU Device Id")
[2018.04.19-08.57.13:875][  0]LogWindows: EnumDisplayDevices:
[2018.04.19-08.57.13:875][  0]LogWindows:    0. 'Intel(R) HD Graphics 620' (P:1 D:1)
[2018.04.19-08.57.13:876][  0]LogWindows:    1. 'Intel(R) HD Graphics 620' (P:0 D:0)
[2018.04.19-08.57.13:877][  0]LogWindows:    2. 'Intel(R) HD Graphics 620' (P:0 D:0)
[2018.04.19-08.57.13:877][  0]LogWindows: DebugString: GetVideoDriverDetailsInvalid PrimaryIsNotTheChoosenAdapter GetVideoDriverDetailsInvalid PrimaryIsNotTheChoosenAdapter GetVideoDriverDetailsInvalid PrimaryIsNotTheChoosenAdapter FoundDriverCount:0 
[2018.04.19-08.57.13:877][  0]LogD3D11RHI:     Adapter Name: Intel(R) HD Graphics 620
[2018.04.19-08.57.13:877][  0]LogD3D11RHI:   Driver Version: Unknown (internal:Unknown, unified:Unknown)
[2018.04.19-08.57.13:877][  0]LogD3D11RHI:      Driver Date: Unknown
[2018.04.19-08.57.13:877][  0]LogRHI: Texture pool is 1361 MB (70% of 1945 MB)
[2018.04.19-08.57.13:907][  0]LogD3D11RHI: Async texture creation enabled
[2018.04.19-08.57.13:927][  0]LogD3D11RHI: GPU Timing Frequency: 12.000000 (Debug: 2 0)
[2018.04.19-08.57.13:932][  0]LogShaderCompilers: Guid format shader working directory is 17 characters bigger than the processId version (../../../../Projects/TDEMO-/Intermediate/Shaders/WorkingDirectory/15696/).
[2018.04.19-08.57.13:933][  0]LogShaderCompilers: Cleaned the shader compiler working directory 'C:/Users/Gary/AppData/Local/Temp/UnrealShaderWorkingDir/2EEB79134E3B6536B028C7AF46234756/'.
[2018.04.19-08.57.13:933][  0]LogShaderCompilers: Display: Using Local Shader Compiler.
[2018.04.19-08.57.17:685][  0]LogTemp: Display: Loaded TP AllDesktopTargetPlatform
[2018.04.19-08.57.17:913][  0]LogTemp: Display: Loaded TP MacClientTargetPlatform
[2018.04.19-08.57.18:123][  0]LogTemp: Display: Loaded TP MacNoEditorTargetPlatform
[2018.04.19-08.57.18:366][  0]LogTemp: Display: Loaded TP MacServerTargetPlatform
[2018.04.19-08.57.18:556][  0]LogTemp: Display: Loaded TP MacTargetPlatform
[2018.04.19-08.57.18:732][  0]LogTemp: Display: Loaded TP WindowsClientTargetPlatform
[2018.04.19-08.57.18:905][  0]LogTemp: Display: Loaded TP WindowsNoEditorTargetPlatform
[2018.04.19-08.57.19:081][  0]LogTemp: Display: Loaded TP WindowsServerTargetPlatform
[2018.04.19-08.57.19:249][  0]LogTemp: Display: Loaded TP WindowsTargetPlatform
[2018.04.19-08.57.19:427][  0]LogTemp: Display: Loaded TP AndroidTargetPlatform
[2018.04.19-08.57.19:610][  0]LogTemp: Display: Loaded TP Android_ASTCTargetPlatform
[2018.04.19-08.57.19:796][  0]LogTemp: Display: Loaded TP Android_ATCTargetPlatform
[2018.04.19-08.57.20:005][  0]LogTemp: Display: Loaded TP Android_DXTTargetPlatform
[2018.04.19-08.57.20:237][  0]LogTemp: Display: Loaded TP Android_ETC1TargetPlatform
[2018.04.19-08.57.20:454][  0]LogTemp: Display: Loaded TP Android_ETC2TargetPlatform
[2018.04.19-08.57.21:004][  0]LogTemp: Display: Loaded TP Android_MultiTargetPlatform
[2018.04.19-08.57.21:005][  0]LogTemp: Display: Loaded TP Android_PVRTCTargetPlatform
[2018.04.19-08.57.21:138][  0]LogTemp: Display: Loaded TP HTML5TargetPlatform
[2018.04.19-08.57.21:411][  0]LogTemp: Display: Loaded TP IOSTargetPlatform
[2018.04.19-08.57.21:520][  0]LogTemp: Display: Loaded TP TVOSTargetPlatform
[2018.04.19-08.57.21:714][  0]LogTemp: Display: Loaded TP LinuxClientTargetPlatform
[2018.04.19-08.57.21:909][  0]LogTemp: Display: Loaded TP LinuxNoEditorTargetPlatform
[2018.04.19-08.57.22:091][  0]LogTemp: Display: Loaded TP LinuxServerTargetPlatform
[2018.04.19-08.57.22:314][  0]LogTemp: Display: Loaded TP LinuxTargetPlatform
[2018.04.19-08.57.22:314][  0]LogTargetPlatformManager: Display: Building Assets For Windows
[2018.04.19-08.57.24:294][  0]LogDerivedDataCache: Display: Max Cache Size: 512 MB
[2018.04.19-08.57.24:629][  0]LogDerivedDataCache: Loaded boot cache 0.33s 93MB C:/Users/Gary/AppData/Local/UnrealEngine/4.17/DerivedDataCache/Boot.ddc.
[2018.04.19-08.57.24:630][  0]LogDerivedDataCache: Display: Loaded Boot cache: C:/Users/Gary/AppData/Local/UnrealEngine/4.17/DerivedDataCache/Boot.ddc
[2018.04.19-08.57.24:630][  0]LogDerivedDataCache: FDerivedDataBackendGraph:  Pak pak cache file ../../../../Projects/TDEMO-/DerivedDataCache/DDC.ddp not found, will not use a pak cache.
[2018.04.19-08.57.24:630][  0]LogDerivedDataCache: Unable to find inner node Pak for hierarchical cache Hierarchy.
[2018.04.19-08.57.24:630][  0]LogDerivedDataCache: FDerivedDataBackendGraph:  CompressedPak pak cache file ../../../../Projects/TDEMO-/DerivedDataCache/Compressed.ddp not found, will not use a pak cache.
[2018.04.19-08.57.24:630][  0]LogDerivedDataCache: Unable to find inner node CompressedPak for hierarchical cache Hierarchy.
[2018.04.19-08.57.24:698][  0]LogDerivedDataCache: Display: Pak cache opened for reading ../../../Engine/DerivedDataCache/Compressed.ddp.
[2018.04.19-08.57.24:715][  0]LogDerivedDataCache: Using Local data cache path C:/Users/Gary/AppData/Local/UnrealEngine/Common/DerivedDataCache: Writable
[2018.04.19-08.57.24:762][  0]LogMaterial: Verifying Global Shaders for PCD3D_SM5
[2018.04.19-08.57.24:763][  0]LogSlate: Using Freetype 2.6.0
[2018.04.19-08.57.24:765][  0]LogSlate: SlateFontCache - WITH_FREETYPE: 1, WITH_HARFBUZZ: 1
[2018.04.19-08.57.24:765][  0]LogSlate: SlateFontCache - WITH_FREETYPE: 1, WITH_HARFBUZZ: 1
[2018.04.19-08.57.25:901][  0]LogAssetRegistry: FAssetRegistry took 0.0461 seconds to start up
[2018.04.19-08.57.26:536][  0]LogInit: Selected Device Profile: [Windows]
[2018.04.19-08.57.27:259][  0]LogContentStreaming: Texture pool size is 0.00 MB
[2018.04.19-08.57.28:707][  0]LogSimplygon: Simplygon DLL not present - disabling.
[2018.04.19-08.57.28:851][  0]LogMeshReduction: Using SimplygonSwarm for distributed automatic mesh merging
[2018.04.19-08.57.28:851][  0]LogMeshReduction: Using QuadricMeshReduction for automatic static mesh reduction
[2018.04.19-08.57.28:851][  0]LogMeshReduction: No automatic skeletal mesh reduction module available
[2018.04.19-08.57.28:852][  0]LogMeshReduction: No automatic mesh merging module available
[2018.04.19-08.57.28:852][  0]LogMeshMerging: No automatic mesh merging module available
[2018.04.19-08.57.30:139][  0]LogNetVersion: AntsGame , NetCL: 3573198, EngineNetVer: 2, GameNetVer: 0 (Checksum: 3821802436)
[2018.04.19-08.57.31:039][  0]LogPackageLocalizationCache: Processed 5 localized package path(s) for 2 prioritized culture(s) in 0.217899 seconds
[2018.04.19-08.57.31:056][  0]LogUObjectArray: 35825 objects as part of root set at end of initial load.
[2018.04.19-08.57.31:056][  0]LogUObjectAllocator: 7529104 out of 0 bytes used by permanent object pool.
[2018.04.19-08.57.31:056][  0]LogUObjectArray: CloseDisregardForGC: 0/0 objects in disregard for GC pool
[2018.04.19-08.57.31:290][  0]LogInit: WinSock: version 1.1 (2.2), MaxSocks=32767, MaxUdp=65467
[2018.04.19-08.57.39:634][  0]LogTcpMessaging: Initializing TcpMessaging bridge
[2018.04.19-08.57.39:747][  0]LogUdpMessaging: Initializing bridge on interface 0.0.0.0:0 to multicast group 230.0.0.1:6666.
[2018.04.19-08.57.42:061][  0]LogMaterial: Uniform references updated for custom material expression Custom.
[2018.04.19-08.57.43:531][  0]SourceControl: Source control is disabled
[2018.04.19-08.57.43:531][  0]SourceControl: Source control is disabled
[2018.04.19-08.57.43:695][  0]SourceControl: Source control is disabled
[2018.04.19-08.57.43:877][  0]SourceControl: Source control is disabled
[2018.04.19-08.57.45:914][  0]LogAndroidPermission: UAndroidPermissionCallbackProxy::GetInstance
[2018.04.19-08.57.46:899][  0]LogOcInput: OculusInput pre-init called
[2018.04.19-08.57.47:785][  0]LogEngine: Initializing Engine...
[2018.04.19-08.57.47:792][  0]LogHMD: Failed to initialize OpenVR with code 110
[2018.04.19-08.57.48:588][  0]LogStats: UGameplayTagsManager::ConstructGameplayTagTree: Construct from data asset -  0.000 s
[2018.04.19-08.57.48:589][  0]LogStats: UGameplayTagsManager::ConstructGameplayTagTree: GameplayTagTreeChangedEvent.Broadcast -  0.000 s
[2018.04.19-08.57.49:024][  0]LogAIModule: Creating AISystem for world Untitled
[2018.04.19-08.57.49:081][  0]LogInit: XAudio2 using 'Speakers (Realtek High Definition Audio)' : 2 channels at 48 kHz using 32 bits per sample (channel mask 0x3)
[2018.04.19-08.57.49:162][  0]LogInit: FAudioDevice initialized.
[2018.04.19-08.57.49:378][  0]LogDerivedDataCache: Saved boot cache 0.21s 93MB C:/Users/Gary/AppData/Local/UnrealEngine/4.17/DerivedDataCache/Boot.ddc.
[2018.04.19-08.57.49:409][  0]LogInit: Texture streaming: Enabled
[2018.04.19-08.57.49:792][  0]LogEngineSessionManager: EngineSessionManager initialized
[2018.04.19-08.57.50:632][  0]LogInit: Transaction tracking system initialized
[2018.04.19-08.57.51:814][  0]BlueprintLog: New page: Editor Load
[2018.04.19-08.57.54:944][  0]LocalizationService: Localization service is disabled
[2018.04.19-08.57.56:811][  0]LogLinker: Warning: Can't find file '/Game/FlyingBP/FlyingOverview'
[2018.04.19-08.57.56:812][  0]LogLinker: Warning: Can't find file '/Game/FlyingBP/FlyingOverview'
[2018.04.19-08.57.56:812][  0]LogUObjectGlobals: Warning: Failed to find object 'Class /Game/FlyingBP/FlyingOverview.FlyingOverview_C'
[2018.04.19-08.57.57:507][  0]LogConsoleResponse: Display: 
[2018.04.19-08.57.58:310][  0]LogCook: Display: Max memory allowance for cook 16384mb min free memory 0mb
[2018.04.19-08.57.58:310][  0]LogCook: Display: Mobile HDR setting 1
[2018.04.19-08.57.58:310][  0]LogGameplayTags: Display: UGameplayTagsManager::DoneAddingNativeTags. DelegateIsBound: 0
[2018.04.19-08.57.58:895][  0]LogFileCache: Scanning file cache for directory 'D:/Game Dev/Epic Games/Projects/TDEMO-/Content/' took 0.03s
[2018.04.19-08.58.02:277][  0]SourceControl: Source control is disabled
[2018.04.19-08.58.02:278][  0]Cmd: MAP LOAD FILE="../../../../Projects/TDEMO-/Content/Levels/PicnicLevel.umap" TEMPLATE=0 SHOWPROGRESS=1 FEATURELEVEL=3
[2018.04.19-08.58.02:280][  0]LightingResults: New page: Lighting Build
[2018.04.19-08.58.02:434][  0]MapCheck: New page: Map Check
[2018.04.19-08.58.02:434][  0]LightingResults: New page: Lighting Build
[2018.04.19-08.58.02:997][  0]LogBlueprint: Warning: [Turret] 'Charge Bar' variable not found. Base class was probably changed.
[2018.04.19-08.58.02:998][  0]LogBlueprint: Warning: [Turret] 'Charge Bar' variable not found. Base class was probably changed.
[2018.04.19-08.58.02:998][  0]LogBlueprint: Warning: [Turret] 'Charge Bar 2' variable not found. Base class was probably changed.
[2018.04.19-08.58.02:998][  0]LogBlueprint: Warning: [Turret] 'Charge Bar 2' variable not found. Base class was probably changed.
[2018.04.19-08.58.04:481][  0]LogBlueprint: Warning: [Turret2] 'Charge Bar' variable not found. Base class was probably changed.
[2018.04.19-08.58.04:482][  0]LogBlueprint: Warning: [Turret2] 'Charge Bar' variable not found. Base class was probably changed.
[2018.04.19-08.58.04:483][  0]LogBlueprint: Warning: [Turret2] 'Charge Bar 2' variable not found. Base class was probably changed.
[2018.04.19-08.58.04:483][  0]LogBlueprint: Warning: [Turret2] 'Charge Bar 2' variable not found. Base class was probably changed.
[2018.04.19-08.58.10:072][  0]LogAIModule: Creating AISystem for world PicnicLevel
[2018.04.19-08.58.10:489][  0]LogEditorServer: Finished looking for orphan Actors (0.000 secs)
[2018.04.19-08.58.10:608][  0]Cmd: MAP CHECKDEP NOCLEARLOG
[2018.04.19-08.58.10:925][  0]MapCheck: Map check complete: 0 Error(s), 0 Warning(s), took 317.057ms to complete.
[2018.04.19-08.58.10:927][  0]LogFileHelpers: Loading map 'PicnicLevel' took 8.649
[2018.04.19-08.58.11:074][  0]LogWindowsTextInputMethodSystem: Display: IME system now deactivated.
[2018.04.19-08.58.11:075][  0]LogWindowsTextInputMethodSystem: Display: IME system now deactivated.
[2018.04.19-08.58.11:942][  0]LogCollectionManager: Loaded 0 collections in 0.006137 seconds
[2018.04.19-08.58.12:310][  0]LogFileCache: Scanning file cache for directory 'D:/Game Dev/Epic Games/Projects/TDEMO-/Saved/Collections/' took 0.01s
[2018.04.19-08.58.12:310][  0]LogFileCache: Scanning file cache for directory 'D:/Game Dev/Epic Games/Projects/TDEMO-/Content/Developers/Gary/Collections/' took 0.01s
[2018.04.19-08.58.12:310][  0]LogFileCache: Scanning file cache for directory 'D:/Game Dev/Epic Games/Projects/TDEMO-/Content/Collections/' took 0.01s
[2018.04.19-08.58.12:310][  0]LogCollectionManager: Rebuilt the GUID cache for 0 collections in 0.000001 seconds
[2018.04.19-08.58.12:366][  0]LogContentBrowser: Native class hierarchy populated in 0.0526 seconds. Added 2386 classes and 500 folders.
[2018.04.19-08.58.12:704][  0]LogContentBrowser: Native class hierarchy updated for 'WidgetCarousel' in 0.0027 seconds. Added 0 classes and 0 folders.
[2018.04.19-08.58.14:209][  0]LogContentBrowser: Native class hierarchy updated for 'AddContentDialog' in 0.0031 seconds. Added 0 classes and 0 folders.
[2018.04.19-08.58.14:658][  0]LogContentBrowser: Native class hierarchy updated for 'SceneOutliner' in 0.0033 seconds. Added 1 classes and 2 folders.
[2018.04.19-08.58.16:296][  0]LogContentBrowser: Native class hierarchy updated for 'WorldBrowser' in 0.0029 seconds. Added 2 classes and 3 folders.
[2018.04.19-08.58.16:715][  0]LogSlate: Took 0.001102 seconds to synchronously load lazily loaded font '../../../Engine/Content/Slate/Fonts/Roboto-Regular.ttf' (155K)
[2018.04.19-08.58.16:746][  0]LogSlate: Took 0.001335 seconds to synchronously load lazily loaded font '../../../Engine/Content/Slate/Fonts/Roboto-Bold.ttf' (160K)
[2018.04.19-08.58.16:838][  0]LogSlate: Took 0.014557 seconds to synchronously load lazily loaded font '../../../Engine/Content/Editor/Slate/Fonts/FontAwesome.ttf' (139K)
[2018.04.19-08.58.17:563][  0]LogRenderer: Reallocating scene render targets to support 1008x472 Format 10 NumSamples 1 (Frame:1).
[2018.04.19-08.58.22:604][  0]LogSlate: Took 0.016075 seconds to synchronously load lazily loaded font '../../../Engine/Content/Slate/Fonts/Roboto-Light.ttf' (159K)
[2018.04.19-08.58.23:055][  0]LogContentBrowser: Native class hierarchy updated for 'HierarchicalLODOutliner' in 0.0039 seconds. Added 1 classes and 2 folders.
[2018.04.19-08.58.23:055][  0]LogLoad: (Engine Initialization) Total time: 81.35 seconds
[2018.04.19-08.58.23:056][  0]LogLoad: (Engine Initialization) Total Blueprint compile time: 0.00 seconds
[2018.04.19-08.58.23:057][  0]LogExternalProfiler: No external profilers were discovered.  External profiling features will not be available.
[2018.04.19-08.58.23:187][  0]LogContentStreaming: Texture pool size now 1000 MB
[2018.04.19-08.58.23:264][  1]LogFileCache: Retrieving MD5 hashes for directory 'D:/Game Dev/Epic Games/Projects/TDEMO-/Content/' took 0.15s
[2018.04.19-08.58.24:611][  7]LogAssetRegistry: Asset discovery search completed in 58.7338 seconds
[2018.04.19-08.58.24:619][  7]LogCollectionManager: Rebuilt the object cache for 0 collections in 0.000001 seconds (found 0 objects)
[2018.04.19-08.58.24:619][  7]LogCollectionManager: Fixed up redirectors for 0 collections in 0.000208 seconds (updated 0 objects)
[2018.04.19-09.05.08:304][716]LogStreaming: Warning: Took 205.16ms to ProcessLoadedPackages
[2018.04.19-09.11.02:032][823]LogSlate: Took 0.000829 seconds to synchronously load lazily loaded font '../../../Engine/Content/Slate/Fonts/Roboto-Light.ttf' (159K)
[2018.04.19-09.11.02:124][823]LogFactory: FactoryCreateFile: Texture with ReimportTextureFactory (0 0 C:\Users\Gary\Downloads\Grubs Sprite Sheet.png)
[2018.04.19-09.11.02:214][823]LogTexture: Display: Building textures: Grubs_Sprite_Sheet (BGRA8, 189X34)
[2018.04.19-09.11.14:122][  0]LogSlate: Took 0.057181 seconds to synchronously load lazily loaded font '../../../Engine/Content/Editor/Slate/Fonts/Roboto-BoldCondensed.ttf' (158K)
[2018.04.19-09.11.23:975][209]LogContentBrowser: Native class hierarchy updated for 'TextureEditor' in 0.0025 seconds. Added 1 classes and 2 folders.
[2018.04.19-09.11.37:579][305]Cmd: OBJ SAVEPACKAGE PACKAGE="/Game/Sprites/Grubbins/Grubs_Sprite_Sheet" FILE="../../../../Projects/TDEMO-/Content/Sprites/Grubbins/Grubs_Sprite_Sheet.uasset" SILENT=true
[2018.04.19-09.11.37:795][305]LogSavePackage: Save=167.08ms
[2018.04.19-09.11.37:795][305]LogSavePackage: Moving '../../../../Projects/TDEMO-/Saved/Grubs_Sprite_SheetB1CE821143723C6CC64179ADBDE4B541.tmp' to '../../../../Projects/TDEMO-/Content/Sprites/Grubbins/Grubs_Sprite_Sheet.uasset'
[2018.04.19-09.11.37:811][305]LogSavePackage: Display: Finished SavePackage ../../../../Projects/TDEMO-/Content/Sprites/Grubbins/Grubs_Sprite_Sheet.uasset
[2018.04.19-09.11.46:272][413]Cmd: OBJ SAVEPACKAGE PACKAGE="/Game/Sprites/Grubbins/Grubs_Sprite_Sheet" FILE="../../../../Projects/TDEMO-/Content/Sprites/Grubbins/Grubs_Sprite_Sheet.uasset" SILENT=true
[2018.04.19-09.11.47:185][413]LogSavePackage: Save=67.12ms
[2018.04.19-09.11.47:186][413]LogSavePackage: Moving '../../../../Projects/TDEMO-/Saved/Grubs_Sprite_SheetB2B7FCED491A7502355E088DD2502B7C.tmp' to '../../../../Projects/TDEMO-/Content/Sprites/Grubbins/Grubs_Sprite_Sheet.uasset'
[2018.04.19-09.11.47:207][413]LogSavePackage: Display: Finished SavePackage ../../../../Projects/TDEMO-/Content/Sprites/Grubbins/Grubs_Sprite_Sheet.uasset
[2018.04.19-09.14.08:208][166]LogRenderer: Reallocating scene render targets to support 1356x800 Format 10 NumSamples 1 (Frame:1).
[2018.04.19-09.16.25:313][610]Cmd: OBJ SAVEPACKAGE PACKAGE="/Game/Sprites/Grubbins/Grubs_Sprite_Sheet_Sprite" FILE="../../../../Projects/TDEMO-/Content/Sprites/Grubbins/Grubs_Sprite_Sheet_Sprite.uasset" SILENT=true
[2018.04.19-09.16.25:381][610]LogSavePackage: Save=59.01ms
[2018.04.19-09.16.25:382][610]LogSavePackage: Moving '../../../../Projects/TDEMO-/Saved/Grubs_Sprite_Sheet_Sprite6A2733984AAAABF3D294D9B53E3B06DF.tmp' to '../../../../Projects/TDEMO-/Content/Sprites/Grubbins/Grubs_Sprite_Sheet_Sprite.uasset'
[2018.04.19-09.16.25:405][610]LogSavePackage: Display: Finished SavePackage ../../../../Projects/TDEMO-/Content/Sprites/Grubbins/Grubs_Sprite_Sheet_Sprite.uasset
[2018.04.19-09.17.14:463][ 98]Cmd: OBJ SAVEPACKAGE PACKAGE="/Game/Sprites/Grubbins/Grubs_Sprite_Sheet_Sprite1" FILE="../../../../Projects/TDEMO-/Content/Sprites/Grubbins/Grubs_Sprite_Sheet_Sprite1.uasset" SILENT=true
[2018.04.19-09.17.14:829][ 98]LogSavePackage: Save=51.50ms
[2018.04.19-09.17.14:829][ 98]LogSavePackage: Moving '../../../../Projects/TDEMO-/Saved/Grubs_Sprite_Sheet_Sprite1F204927D4C8CDDBDEA567F9A1DA1D85E.tmp' to '../../../../Projects/TDEMO-/Content/Sprites/Grubbins/Grubs_Sprite_Sheet_Sprite1.uasset'
[2018.04.19-09.17.14:866][ 98]LogSavePackage: Display: Finished SavePackage ../../../../Projects/TDEMO-/Content/Sprites/Grubbins/Grubs_Sprite_Sheet_Sprite1.uasset
[2018.04.19-09.18.00:795][555]Cmd: OBJ SAVEPACKAGE PACKAGE="/Game/Sprites/Grubbins/Grubs_Sprite_Sheet_Sprite2" FILE="../../../../Projects/TDEMO-/Content/Sprites/Grubbins/Grubs_Sprite_Sheet_Sprite2.uasset" SILENT=true
[2018.04.19-09.18.01:159][555]LogSavePackage: Save=51.79ms
[2018.04.19-09.18.01:160][555]LogSavePackage: Moving '../../../../Projects/TDEMO-/Saved/Grubs_Sprite_Sheet_Sprite2E4382222404751EF9C93DE8B0EA73241.tmp' to '../../../../Projects/TDEMO-/Content/Sprites/Grubbins/Grubs_Sprite_Sheet_Sprite2.uasset'
[2018.04.19-09.18.01:177][555]LogSavePackage: Display: Finished SavePackage ../../../../Projects/TDEMO-/Content/Sprites/Grubbins/Grubs_Sprite_Sheet_Sprite2.uasset
[2018.04.19-09.18.45:371][971]Cmd: OBJ SAVEPACKAGE PACKAGE="/Game/Sprites/Grubbins/Grubs_Sprite_Sheet_Sprite3" FILE="../../../../Projects/TDEMO-/Content/Sprites/Grubbins/Grubs_Sprite_Sheet_Sprite3.uasset" SILENT=true
[2018.04.19-09.18.45:419][971]LogSavePackage: Save=41.86ms
[2018.04.19-09.18.45:419][971]LogSavePackage: Moving '../../../../Projects/TDEMO-/Saved/Grubs_Sprite_Sheet_Sprite3DB541E44429C854236FCA288E83FC77E.tmp' to '../../../../Projects/TDEMO-/Content/Sprites/Grubbins/Grubs_Sprite_Sheet_Sprite3.uasset'
[2018.04.19-09.18.45:425][971]LogSavePackage: Display: Finished SavePackage ../../../../Projects/TDEMO-/Content/Sprites/Grubbins/Grubs_Sprite_Sheet_Sprite3.uasset
[2018.04.19-09.19.33:854][476]Cmd: OBJ SAVEPACKAGE PACKAGE="/Game/Sprites/Grubbins/Grubs_Sprite_Sheet_Sprite4" FILE="../../../../Projects/TDEMO-/Content/Sprites/Grubbins/Grubs_Sprite_Sheet_Sprite4.uasset" SILENT=true
[2018.04.19-09.19.34:227][476]LogSavePackage: Save=62.80ms
[2018.04.19-09.19.34:227][476]LogSavePackage: Moving '../../../../Projects/TDEMO-/Saved/Grubs_Sprite_Sheet_Sprite4C273DACD421F6AECB424149DB693756D.tmp' to '../../../../Projects/TDEMO-/Content/Sprites/Grubbins/Grubs_Sprite_Sheet_Sprite4.uasset'
[2018.04.19-09.19.34:259][476]LogSavePackage: Display: Finished SavePackage ../../../../Projects/TDEMO-/Content/Sprites/Grubbins/Grubs_Sprite_Sheet_Sprite4.uasset
[2018.04.19-09.20.21:095][968]Cmd: OBJ SAVEPACKAGE PACKAGE="/Game/Sprites/Grubbins/Grubs_Sprite_Sheet_Sprite5" FILE="../../../../Projects/TDEMO-/Content/Sprites/Grubbins/Grubs_Sprite_Sheet_Sprite5.uasset" SILENT=true
[2018.04.19-09.20.21:476][968]LogSavePackage: Save=52.47ms
[2018.04.19-09.20.21:476][968]LogSavePackage: Moving '../../../../Projects/TDEMO-/Saved/Grubs_Sprite_Sheet_Sprite598BFA38E4435E6D5C9EC00B2EA88CA9E.tmp' to '../../../../Projects/TDEMO-/Content/Sprites/Grubbins/Grubs_Sprite_Sheet_Sprite5.uasset'
[2018.04.19-09.20.21:498][968]LogSavePackage: Display: Finished SavePackage ../../../../Projects/TDEMO-/Content/Sprites/Grubbins/Grubs_Sprite_Sheet_Sprite5.uasset
[2018.04.19-09.20.55:671][306]Cmd: OBJ SAVEPACKAGE PACKAGE="/Game/Sprites/Grubbins/Grubs_Sprite_Sheet_Sprite6" FILE="../../../../Projects/TDEMO-/Content/Sprites/Grubbins/Grubs_Sprite_Sheet_Sprite6.uasset" SILENT=true
[2018.04.19-09.20.56:243][306]LogSavePackage: Save=58.14ms
[2018.04.19-09.20.56:244][306]LogSavePackage: Moving '../../../../Projects/TDEMO-/Saved/Grubs_Sprite_Sheet_Sprite677B28B8745894B587D21148050E3D7F2.tmp' to '../../../../Projects/TDEMO-/Content/Sprites/Grubbins/Grubs_Sprite_Sheet_Sprite6.uasset'
[2018.04.19-09.20.56:291][306]LogSavePackage: Display: Finished SavePackage ../../../../Projects/TDEMO-/Content/Sprites/Grubbins/Grubs_Sprite_Sheet_Sprite6.uasset
[2018.04.19-09.22.20:466][535]LogSlate: Took 0.001120 seconds to synchronously load lazily loaded font '../../../Engine/Content/Slate/Fonts/Roboto-Light.ttf' (159K)
[2018.04.19-09.22.58:232][951]Cmd: OBJ SAVEPACKAGE PACKAGE="/Game/Sprites/Grubbins/Grubs_Sprite_Sheet1" FILE="../../../../Projects/TDEMO-/Content/Sprites/Grubbins/Grubs_Sprite_Sheet1.uasset" SILENT=true
[2018.04.19-09.22.58:594][951]LogSavePackage: Save=43.38ms
[2018.04.19-09.22.58:594][951]LogSavePackage: Moving '../../../../Projects/TDEMO-/Saved/Grubs_Sprite_Sheet1319F47104B4D98AC952EF9A3497DAD94.tmp' to '../../../../Projects/TDEMO-/Content/Sprites/Grubbins/Grubs_Sprite_Sheet1.uasset'
[2018.04.19-09.22.58:611][951]LogSavePackage: Display: Finished SavePackage ../../../../Projects/TDEMO-/Content/Sprites/Grubbins/Grubs_Sprite_Sheet1.uasset
[2018.04.19-09.23.09:395][ 45]LogSlate: Took 0.001163 seconds to synchronously load lazily loaded font '../../../Engine/Content/Slate/Fonts/Roboto-Regular.ttf' (155K)
[2018.04.19-09.23.11:657][ 45]LogContentBrowser: Native class hierarchy updated for 'BlueprintGraph' in 0.0041 seconds. Added 113 classes and 0 folders.
[2018.04.19-09.23.20:553][ 46]LogSlate: Took 0.015124 seconds to synchronously load lazily loaded font '../../../Engine/Content/Editor/Slate/Fonts/Roboto-Italic.ttf' (157K)
[2018.04.19-09.24.36:577][995]Cmd: OBJ SAVEPACKAGE PACKAGE="/Game/Sprites/Grubbins/Grubbin_Run" FILE="../../../../Projects/TDEMO-/Content/Sprites/Grubbins/Grubbin_Run.uasset" SILENT=true
[2018.04.19-09.24.36:626][995]LogSavePackage: Save=40.19ms
[2018.04.19-09.24.36:627][995]LogSavePackage: Moving '../../../../Projects/TDEMO-/Saved/Grubbin_Run3064B4CE4ED1922E64B7C7AB463DE923.tmp' to '../../../../Projects/TDEMO-/Content/Sprites/Grubbins/Grubbin_Run.uasset'
[2018.04.19-09.24.36:644][995]LogSavePackage: Display: Finished SavePackage ../../../../Projects/TDEMO-/Content/Sprites/Grubbins/Grubbin_Run.uasset
[2018.04.19-09.25.20:550][549]Cmd: OBJ SAVEPACKAGE PACKAGE="/Game/Sprites/Grubbins/Grubbin_Fall" FILE="../../../../Projects/TDEMO-/Content/Sprites/Grubbins/Grubbin_Fall.uasset" SILENT=true
[2018.04.19-09.25.20:586][549]LogSavePackage: Save=27.42ms
[2018.04.19-09.25.20:586][549]LogSavePackage: Moving '../../../../Projects/TDEMO-/Saved/Grubbin_Fall2636982943AB1D73AD496C891D2577CB.tmp' to '../../../../Projects/TDEMO-/Content/Sprites/Grubbins/Grubbin_Fall.uasset'
[2018.04.19-09.25.20:595][549]LogSavePackage: Display: Finished SavePackage ../../../../Projects/TDEMO-/Content/Sprites/Grubbins/Grubbin_Fall.uasset
[2018.04.19-09.25.26:853][598]Cmd: OBJ SAVEPACKAGE PACKAGE="/Game/Sprites/Grubbins/Grubbin_Jump" FILE="../../../../Projects/TDEMO-/Content/Sprites/Grubbins/Grubbin_Jump.uasset" SILENT=true
[2018.04.19-09.25.26:940][598]LogSavePackage: Save=29.19ms
[2018.04.19-09.25.26:940][598]LogSavePackage: Moving '../../../../Projects/TDEMO-/Saved/Grubbin_JumpB980D554441B68F4683C1DA0469681F2.tmp' to '../../../../Projects/TDEMO-/Content/Sprites/Grubbins/Grubbin_Jump.uasset'
[2018.04.19-09.25.26:955][598]LogSavePackage: Display: Finished SavePackage ../../../../Projects/TDEMO-/Content/Sprites/Grubbins/Grubbin_Jump.uasset
[2018.04.19-09.25.32:971][645]Cmd: OBJ SAVEPACKAGE PACKAGE="/Game/Sprites/Grubbins/Grubbin_Land" FILE="../../../../Projects/TDEMO-/Content/Sprites/Grubbins/Grubbin_Land.uasset" SILENT=true
[2018.04.19-09.25.33:040][645]LogSavePackage: Save=29.92ms
[2018.04.19-09.25.33:041][645]LogSavePackage: Moving '../../../../Projects/TDEMO-/Saved/Grubbin_Land2755083D4A5524E8027E3C9648242A96.tmp' to '../../../../Projects/TDEMO-/Content/Sprites/Grubbins/Grubbin_Land.uasset'
[2018.04.19-09.25.33:060][645]LogSavePackage: Display: Finished SavePackage ../../../../Projects/TDEMO-/Content/Sprites/Grubbins/Grubbin_Land.uasset
[2018.04.19-09.26.01:928][ 25]BlueprintLog: New page: Compile Grubbins
[2018.04.19-09.26.37:487][369]BlueprintLog: New page: Compile Grubbins
[2018.04.19-09.26.48:234][490]Cmd: OBJ SAVEPACKAGE PACKAGE="/Game/Levels/PicnicLevel" FILE="../../../../Projects/TDEMO-/Content/Levels/PicnicLevel.umap" SILENT=true AUTOSAVING=false KEEPDIRTY=false
[2018.04.19-09.26.53:534][490]LogSavePackage: Save=5128.91ms
[2018.04.19-09.26.53:535][490]LogSavePackage: Moving '../../../../Projects/TDEMO-/Saved/PicnicLevel8D92E184479C00A1A384B9AAB9771989.tmp' to '../../../../Projects/TDEMO-/Content/Levels/PicnicLevel.umap'
[2018.04.19-09.26.53:541][490]LogSavePackage: Display: Finished SavePackage ../../../../Projects/TDEMO-/Content/Levels/PicnicLevel.umap
[2018.04.19-09.26.54:026][490]Cmd: OBJ SAVEPACKAGE PACKAGE="/Game/Levels/PicnicLevel_BuiltData" FILE="../../../../Projects/TDEMO-/Content/Levels/PicnicLevel_BuiltData.uasset" SILENT=true
[2018.04.19-09.26.54:336][490]LogSavePackage: Save=208.91ms
[2018.04.19-09.26.54:336][490]LogSavePackage: Moving '../../../../Projects/TDEMO-/Saved/PicnicLevel_BuiltDataB2E2A9AC4978F2881A21488D848514C8.tmp' to '../../../../Projects/TDEMO-/Content/Levels/PicnicLevel_BuiltData.uasset'
[2018.04.19-09.26.54:363][490]LogSavePackage: Display: Finished SavePackage ../../../../Projects/TDEMO-/Content/Levels/PicnicLevel_BuiltData.uasset
[2018.04.19-09.27.08:998][656]LogAIModule: Creating AISystem for world FirstLevel
[2018.04.19-09.27.11:764][656]Cmd: OBJ SAVEPACKAGE PACKAGE="/Game/Blueprints/Grubbins" FILE="../../../../Projects/TDEMO-/Content/Blueprints/Grubbins.uasset" SILENT=true
[2018.04.19-09.27.12:668][656]LogSavePackage: Save=756.94ms
[2018.04.19-09.27.12:668][656]LogSavePackage: Moving '../../../../Projects/TDEMO-/Saved/Grubbins73EA4EA4478B243291256EA58F7ACB07.tmp' to '../../../../Projects/TDEMO-/Content/Blueprints/Grubbins.uasset'
[2018.04.19-09.27.12:682][656]LogSavePackage: Display: Finished SavePackage ../../../../Projects/TDEMO-/Content/Blueprints/Grubbins.uasset
[2018.04.19-09.27.12:691][656]Cmd: MAP LOAD FILE="../../../../Projects/TDEMO-/Content/Levels/FirstLevel.umap" TEMPLATE=0 SHOWPROGRESS=1 FEATURELEVEL=3
[2018.04.19-09.27.12:691][656]LightingResults: New page: Lighting Build
[2018.04.19-09.27.12:695][656]LoadErrors: New page: Loading map: FirstLevel.umap
[2018.04.19-09.27.12:907][656]MapCheck: New page: Map Check
[2018.04.19-09.27.12:907][656]LightingResults: New page: Lighting Build
[2018.04.19-09.27.13:787][656]LogEditorServer: Finished looking for orphan Actors (0.001 secs)
[2018.04.19-09.27.14:403][656]Cmd: MAP CHECKDEP NOCLEARLOG
[2018.04.19-09.27.15:021][656]MapCheck: Map check complete: 0 Error(s), 0 Warning(s), took 617.854ms to complete.
[2018.04.19-09.27.15:667][656]LogFileHelpers: Loading map 'FirstLevel' took 2.984
[2018.04.19-09.27.27:324][712]LogTemp: Repeating last play command: New Editor Window (PIE)
[2018.04.19-09.27.27:899][712]LogBlueprintUserMessages: Early PlayInEditor Detection: Level '/Game/Levels/FirstLevel.FirstLevel:PersistentLevel' has LevelScriptBlueprint '/Game/Levels/FirstLevel.FirstLevel:PersistentLevel.FirstLevel' with GeneratedClass '/Game/Levels/FirstLevel.FirstLevel_C' with ClassGeneratedBy '/Game/Levels/FirstLevel.FirstLevel:PersistentLevel.FirstLevel'
[2018.04.19-09.27.27:909][712]LogPlayLevel: PlayLevel: No blueprints needed recompiling
[2018.04.19-09.27.28:044][712]PIE: New page: PIE session: FirstLevel (19 Apr 2018 11:27:28)
[2018.04.19-09.27.28:069][712]LogPlayLevel: Creating play world package: /Game/Levels/UEDPIE_0_FirstLevel
[2018.04.19-09.27.28:140][712]LogPlayLevel: PIE: StaticDuplicateObject took: (0.070931s)
[2018.04.19-09.27.28:144][712]LogAIModule: Creating AISystem for world FirstLevel
[2018.04.19-09.27.28:145][712]LogPlayLevel: PIE: World Init took: (0.004526s)
[2018.04.19-09.27.28:160][712]LogPlayLevel: PIE: Created PIE world by copying editor world from /Game/Levels/FirstLevel.FirstLevel to /Game/Levels/UEDPIE_0_FirstLevel.FirstLevel (0.100821s)
[2018.04.19-09.27.28:378][712]LogInit: XAudio2 using 'Speakers (Realtek High Definition Audio)' : 2 channels at 48 kHz using 32 bits per sample (channel mask 0x3)
[2018.04.19-09.27.28:466][712]LogInit: FAudioDevice initialized.
[2018.04.19-09.27.28:718][712]LogLoad: Game class is 'AntsGamemode_C'
[2018.04.19-09.27.28:972][712]LogWorld: Bringing World /Game/Levels/UEDPIE_0_FirstLevel.FirstLevel up for play (max tick rate 60) at 2018.04.19-10.27.28
[2018.04.19-09.27.29:073][712]LogWorld: Bringing up level for play took: 0.138462
[2018.04.19-09.27.29:666][712]LogContentBrowser: Native class hierarchy updated for 'MovieSceneCapture' in 0.0051 seconds. Added 11 classes and 0 folders.
[2018.04.19-09.27.29:803][712]LogPawn: Error: EnableInput can only be specified on a Pawn for its Controller
[2018.04.19-09.27.29:886][712]PIE: Play in editor start time for /Game/Levels/UEDPIE_0_FirstLevel 1.824
[2018.04.19-09.27.29:889][712]LogBlueprintUserMessages: Late PlayInEditor Detection: Level '/Game/Levels/FirstLevel.FirstLevel:PersistentLevel' has LevelScriptBlueprint '/Game/Levels/FirstLevel.FirstLevel:PersistentLevel.FirstLevel' with GeneratedClass '/Game/Levels/FirstLevel.FirstLevel_C' with ClassGeneratedBy '/Game/Levels/FirstLevel.FirstLevel:PersistentLevel.FirstLevel'
[2018.04.19-09.27.31:311][713]LogCharacterMovement: Warning: GetSimulationTimeStep() - Max iterations 8 hit while remaining time 0.081341 > MaxSimulationTimeStep (0.050) for 'Stage1Ant_218', movement 'Walking'
[2018.04.19-09.27.32:867][729]LogPawn: Error: EnableInput can only be specified on a Pawn for its Controller
[2018.04.19-09.27.34:869][750]LogPawn: Error: EnableInput can only be specified on a Pawn for its Controller
[2018.04.19-09.27.35:625][757]LogBlueprintUserMessages: Early EndPlayMap Detection: Level '/Game/Levels/FirstLevel.FirstLevel:PersistentLevel' has LevelScriptBlueprint '/Game/Levels/FirstLevel.FirstLevel:PersistentLevel.FirstLevel' with GeneratedClass '/Game/Levels/FirstLevel.FirstLevel_C' with ClassGeneratedBy '/Game/Levels/FirstLevel.FirstLevel:PersistentLevel.FirstLevel'
[2018.04.19-09.27.36:013][757]LogBlueprintUserMessages: Late EndPlayMap Detection: Level '/Game/Levels/FirstLevel.FirstLevel:PersistentLevel' has LevelScriptBlueprint '/Game/Levels/FirstLevel.FirstLevel:PersistentLevel.FirstLevel' with GeneratedClass '/Game/Levels/FirstLevel.FirstLevel_C' with ClassGeneratedBy '/Game/Levels/FirstLevel.FirstLevel:PersistentLevel.FirstLevel'
[2018.04.19-09.29.05:444][526]Cmd: OBJ SAVEPACKAGE PACKAGE="/Game/Blueprints/Grubbins" FILE="../../../../Projects/TDEMO-/Content/Blueprints/Grubbins.uasset" SILENT=true
[2018.04.19-09.29.06:737][526]LogSavePackage: Save=753.60ms
[2018.04.19-09.29.06:737][526]LogSavePackage: Moving '../../../../Projects/TDEMO-/Saved/Grubbins101599FF40E019CA94C41BA97CC14C2F.tmp' to '../../../../Projects/TDEMO-/Content/Blueprints/Grubbins.uasset'
[2018.04.19-09.29.06:749][526]LogSavePackage: Display: Finished SavePackage ../../../../Projects/TDEMO-/Content/Blueprints/Grubbins.uasset
[2018.04.19-09.29.08:235][543]LogTemp: Repeating last play command: New Editor Window (PIE)
[2018.04.19-09.29.08:515][543]LogBlueprintUserMessages: Early PlayInEditor Detection: Level '/Game/Levels/FirstLevel.FirstLevel:PersistentLevel' has LevelScriptBlueprint '/Game/Levels/FirstLevel.FirstLevel:PersistentLevel.FirstLevel' with GeneratedClass '/Game/Levels/FirstLevel.FirstLevel_C' with ClassGeneratedBy '/Game/Levels/FirstLevel.FirstLevel:PersistentLevel.FirstLevel'
[2018.04.19-09.29.08:546][543]LogPlayLevel: PlayLevel: No blueprints needed recompiling
[2018.04.19-09.29.08:547][543]PIE: New page: PIE session: FirstLevel (19 Apr 2018 11:29:08)
[2018.04.19-09.29.08:551][543]LogPlayLevel: Creating play world package: /Game/Levels/UEDPIE_0_FirstLevel
[2018.04.19-09.29.08:571][543]LogPlayLevel: PIE: StaticDuplicateObject took: (0.018843s)
[2018.04.19-09.29.08:574][543]LogAIModule: Creating AISystem for world FirstLevel
[2018.04.19-09.29.08:574][543]LogPlayLevel: PIE: World Init took: (0.003106s)
[2018.04.19-09.29.08:575][543]LogPlayLevel: PIE: Created PIE world by copying editor world from /Game/Levels/FirstLevel.FirstLevel to /Game/Levels/UEDPIE_0_FirstLevel.FirstLevel (0.023268s)
[2018.04.19-09.29.08:738][543]LogInit: XAudio2 using 'Speakers (Realtek High Definition Audio)' : 2 channels at 48 kHz using 32 bits per sample (channel mask 0x3)
[2018.04.19-09.29.08:812][543]LogInit: FAudioDevice initialized.
[2018.04.19-09.29.08:998][543]LogLoad: Game class is 'AntsGamemode_C'
[2018.04.19-09.29.09:013][543]LogWorld: Bringing World /Game/Levels/UEDPIE_0_FirstLevel.FirstLevel up for play (max tick rate 60) at 2018.04.19-10.29.09
[2018.04.19-09.29.09:016][543]LogWorld: Bringing up level for play took: 0.013566
[2018.04.19-09.29.09:024][543]LogPawn: Error: EnableInput can only be specified on a Pawn for its Controller
[2018.04.19-09.29.09:058][543]PIE: Play in editor start time for /Game/Levels/UEDPIE_0_FirstLevel 0.996
[2018.04.19-09.29.09:064][543]LogBlueprintUserMessages: Late PlayInEditor Detection: Level '/Game/Levels/FirstLevel.FirstLevel:PersistentLevel' has LevelScriptBlueprint '/Game/Levels/FirstLevel.FirstLevel:PersistentLevel.FirstLevel' with GeneratedClass '/Game/Levels/FirstLevel.FirstLevel_C' with ClassGeneratedBy '/Game/Levels/FirstLevel.FirstLevel:PersistentLevel.FirstLevel'
[2018.04.19-09.29.09:532][544]LogCharacterMovement: Warning: GetSimulationTimeStep() - Max iterations 8 hit while remaining time 0.064035 > MaxSimulationTimeStep (0.050) for 'Stage1Ant_218', movement 'Walking'
[2018.04.19-09.29.11:072][560]LogPawn: Error: EnableInput can only be specified on a Pawn for its Controller
[2018.04.19-09.29.13:203][582]LogPawn: Error: EnableInput can only be specified on a Pawn for its Controller
[2018.04.19-09.29.15:205][604]LogPawn: Error: EnableInput can only be specified on a Pawn for its Controller
[2018.04.19-09.29.17:281][626]LogPawn: Error: EnableInput can only be specified on a Pawn for its Controller
[2018.04.19-09.29.18:875][643]LogBlueprintUserMessages: Early EndPlayMap Detection: Level '/Game/Levels/FirstLevel.FirstLevel:PersistentLevel' has LevelScriptBlueprint '/Game/Levels/FirstLevel.FirstLevel:PersistentLevel.FirstLevel' with GeneratedClass '/Game/Levels/FirstLevel.FirstLevel_C' with ClassGeneratedBy '/Game/Levels/FirstLevel.FirstLevel:PersistentLevel.FirstLevel'
[2018.04.19-09.29.19:367][643]LogBlueprintUserMessages: Late EndPlayMap Detection: Level '/Game/Levels/FirstLevel.FirstLevel:PersistentLevel' has LevelScriptBlueprint '/Game/Levels/FirstLevel.FirstLevel:PersistentLevel.FirstLevel' with GeneratedClass '/Game/Levels/FirstLevel.FirstLevel_C' with ClassGeneratedBy '/Game/Levels/FirstLevel.FirstLevel:PersistentLevel.FirstLevel'
[2018.04.19-09.29.46:020][897]BlueprintLog: New page: Compile Grubbins
[2018.04.19-09.29.50:957][911]LogTemp: Repeating last play command: New Editor Window (PIE)
[2018.04.19-09.29.51:281][911]LogBlueprintUserMessages: Early PlayInEditor Detection: Level '/Game/Levels/FirstLevel.FirstLevel:PersistentLevel' has LevelScriptBlueprint '/Game/Levels/FirstLevel.FirstLevel:PersistentLevel.FirstLevel' with GeneratedClass '/Game/Levels/FirstLevel.FirstLevel_C' with ClassGeneratedBy '/Game/Levels/FirstLevel.FirstLevel:PersistentLevel.FirstLevel'
[2018.04.19-09.29.51:282][911]LogPlayLevel: PlayLevel: No blueprints needed recompiling
[2018.04.19-09.29.51:282][911]PIE: New page: PIE session: FirstLevel (19 Apr 2018 11:29:51)
[2018.04.19-09.29.51:284][911]LogPlayLevel: Creating play world package: /Game/Levels/UEDPIE_0_FirstLevel
[2018.04.19-09.29.51:296][911]LogPlayLevel: PIE: StaticDuplicateObject took: (0.011571s)
[2018.04.19-09.29.51:298][911]LogAIModule: Creating AISystem for world FirstLevel
[2018.04.19-09.29.51:299][911]LogPlayLevel: PIE: World Init took: (0.002315s)
[2018.04.19-09.29.51:299][911]LogPlayLevel: PIE: Created PIE world by copying editor world from /Game/Levels/FirstLevel.FirstLevel to /Game/Levels/UEDPIE_0_FirstLevel.FirstLevel (0.014817s)
[2018.04.19-09.29.51:503][911]LogInit: XAudio2 using 'Speakers (Realtek High Definition Audio)' : 2 channels at 48 kHz using 32 bits per sample (channel mask 0x3)
[2018.04.19-09.29.51:656][911]LogInit: FAudioDevice initialized.
[2018.04.19-09.29.51:753][911]LogLoad: Game class is 'AntsGamemode_C'
[2018.04.19-09.29.51:758][911]LogWorld: Bringing World /Game/Levels/UEDPIE_0_FirstLevel.FirstLevel up for play (max tick rate 60) at 2018.04.19-10.29.51
[2018.04.19-09.29.51:759][911]LogWorld: Bringing up level for play took: 0.004928
[2018.04.19-09.29.51:765][911]LogPawn: Error: EnableInput can only be specified on a Pawn for its Controller
[2018.04.19-09.29.51:781][911]PIE: Play in editor start time for /Game/Levels/UEDPIE_0_FirstLevel -0.281
[2018.04.19-09.29.51:782][911]LogBlueprintUserMessages: Late PlayInEditor Detection: Level '/Game/Levels/FirstLevel.FirstLevel:PersistentLevel' has LevelScriptBlueprint '/Game/Levels/FirstLevel.FirstLevel:PersistentLevel.FirstLevel' with GeneratedClass '/Game/Levels/FirstLevel.FirstLevel_C' with ClassGeneratedBy '/Game/Levels/FirstLevel.FirstLevel:PersistentLevel.FirstLevel'
[2018.04.19-09.29.51:907][912]LogCharacterMovement: Warning: GetSimulationTimeStep() - Max iterations 8 hit while remaining time 0.091131 > MaxSimulationTimeStep (0.050) for 'Stage1Ant_218', movement 'Walking'
[2018.04.19-09.29.53:460][928]LogPawn: Error: EnableInput can only be specified on a Pawn for its Controller
[2018.04.19-09.29.55:395][948]LogBlueprintUserMessages: Early EndPlayMap Detection: Level '/Game/Levels/FirstLevel.FirstLevel:PersistentLevel' has LevelScriptBlueprint '/Game/Levels/FirstLevel.FirstLevel:PersistentLevel.FirstLevel' with GeneratedClass '/Game/Levels/FirstLevel.FirstLevel_C' with ClassGeneratedBy '/Game/Levels/FirstLevel.FirstLevel:PersistentLevel.FirstLevel'
[2018.04.19-09.29.55:748][948]LogBlueprintUserMessages: Late EndPlayMap Detection: Level '/Game/Levels/FirstLevel.FirstLevel:PersistentLevel' has LevelScriptBlueprint '/Game/Levels/FirstLevel.FirstLevel:PersistentLevel.FirstLevel' with GeneratedClass '/Game/Levels/FirstLevel.FirstLevel_C' with ClassGeneratedBy '/Game/Levels/FirstLevel.FirstLevel:PersistentLevel.FirstLevel'
[2018.04.19-09.30.13:039][ 64]BlueprintLog: New page: Compile Grubbins
[2018.04.19-09.30.18:181][ 81]LogTemp: Repeating last play command: New Editor Window (PIE)
[2018.04.19-09.30.18:446][ 81]LogBlueprintUserMessages: Early PlayInEditor Detection: Level '/Game/Levels/FirstLevel.FirstLevel:PersistentLevel' has LevelScriptBlueprint '/Game/Levels/FirstLevel.FirstLevel:PersistentLevel.FirstLevel' with GeneratedClass '/Game/Levels/FirstLevel.FirstLevel_C' with ClassGeneratedBy '/Game/Levels/FirstLevel.FirstLevel:PersistentLevel.FirstLevel'
[2018.04.19-09.30.18:446][ 81]LogPlayLevel: PlayLevel: No blueprints needed recompiling
[2018.04.19-09.30.18:446][ 81]PIE: New page: PIE session: FirstLevel (19 Apr 2018 11:30:18)
[2018.04.19-09.30.18:449][ 81]LogPlayLevel: Creating play world package: /Game/Levels/UEDPIE_0_FirstLevel
[2018.04.19-09.30.18:463][ 81]LogPlayLevel: PIE: StaticDuplicateObject took: (0.013537s)
[2018.04.19-09.30.18:465][ 81]LogAIModule: Creating AISystem for world FirstLevel
[2018.04.19-09.30.18:465][ 81]LogPlayLevel: PIE: World Init took: (0.002193s)
[2018.04.19-09.30.18:466][ 81]LogPlayLevel: PIE: Created PIE world by copying editor world from /Game/Levels/FirstLevel.FirstLevel to /Game/Levels/UEDPIE_0_FirstLevel.FirstLevel (0.017066s)
[2018.04.19-09.30.18:597][ 81]LogInit: XAudio2 using 'Speakers (Realtek High Definition Audio)' : 2 channels at 48 kHz using 32 bits per sample (channel mask 0x3)
[2018.04.19-09.30.18:657][ 81]LogInit: FAudioDevice initialized.
[2018.04.19-09.30.18:823][ 81]LogLoad: Game class is 'AntsGamemode_C'
[2018.04.19-09.30.18:835][ 81]LogWorld: Bringing World /Game/Levels/UEDPIE_0_FirstLevel.FirstLevel up for play (max tick rate 60) at 2018.04.19-10.30.18
[2018.04.19-09.30.18:837][ 81]LogWorld: Bringing up level for play took: 0.011910
[2018.04.19-09.30.18:846][ 81]LogPawn: Error: EnableInput can only be specified on a Pawn for its Controller
[2018.04.19-09.30.18:871][ 81]PIE: Play in editor start time for /Game/Levels/UEDPIE_0_FirstLevel 0.81
[2018.04.19-09.30.18:874][ 81]LogBlueprintUserMessages: Late PlayInEditor Detection: Level '/Game/Levels/FirstLevel.FirstLevel:PersistentLevel' has LevelScriptBlueprint '/Game/Levels/FirstLevel.FirstLevel:PersistentLevel.FirstLevel' with GeneratedClass '/Game/Levels/FirstLevel.FirstLevel_C' with ClassGeneratedBy '/Game/Levels/FirstLevel.FirstLevel:PersistentLevel.FirstLevel'
[2018.04.19-09.30.19:137][ 82]LogCharacterMovement: Warning: GetSimulationTimeStep() - Max iterations 8 hit while remaining time 0.088785 > MaxSimulationTimeStep (0.050) for 'Stage1Ant_218', movement 'Walking'
[2018.04.19-09.30.20:724][ 99]LogPawn: Error: EnableInput can only be specified on a Pawn for its Controller
[2018.04.19-09.30.22:734][120]LogPawn: Error: EnableInput can only be specified on a Pawn for its Controller
[2018.04.19-09.30.24:736][141]LogPawn: Error: EnableInput can only be specified on a Pawn for its Controller
[2018.04.19-09.30.24:831][142]LogBlueprintUserMessages: Early EndPlayMap Detection: Level '/Game/Levels/FirstLevel.FirstLevel:PersistentLevel' has LevelScriptBlueprint '/Game/Levels/FirstLevel.FirstLevel:PersistentLevel.FirstLevel' with GeneratedClass '/Game/Levels/FirstLevel.FirstLevel_C' with ClassGeneratedBy '/Game/Levels/FirstLevel.FirstLevel:PersistentLevel.FirstLevel'
[2018.04.19-09.30.25:275][142]LogBlueprintUserMessages: Late EndPlayMap Detection: Level '/Game/Levels/FirstLevel.FirstLevel:PersistentLevel' has LevelScriptBlueprint '/Game/Levels/FirstLevel.FirstLevel:PersistentLevel.FirstLevel' with GeneratedClass '/Game/Levels/FirstLevel.FirstLevel_C' with ClassGeneratedBy '/Game/Levels/FirstLevel.FirstLevel:PersistentLevel.FirstLevel'
[2018.04.19-09.30.45:989][276]BlueprintLog: New page: Compile Grubbins
[2018.04.19-09.30.51:502][301]LogTemp: Repeating last play command: New Editor Window (PIE)
[2018.04.19-09.30.51:761][301]LogBlueprintUserMessages: Early PlayInEditor Detection: Level '/Game/Levels/FirstLevel.FirstLevel:PersistentLevel' has LevelScriptBlueprint '/Game/Levels/FirstLevel.FirstLevel:PersistentLevel.FirstLevel' with GeneratedClass '/Game/Levels/FirstLevel.FirstLevel_C' with ClassGeneratedBy '/Game/Levels/FirstLevel.FirstLevel:PersistentLevel.FirstLevel'
[2018.04.19-09.30.51:761][301]LogPlayLevel: PlayLevel: No blueprints needed recompiling
[2018.04.19-09.30.51:762][301]PIE: New page: PIE session: FirstLevel (19 Apr 2018 11:30:51)
[2018.04.19-09.30.51:765][301]LogPlayLevel: Creating play world package: /Game/Levels/UEDPIE_0_FirstLevel
[2018.04.19-09.30.51:781][301]LogPlayLevel: PIE: StaticDuplicateObject took: (0.016004s)
[2018.04.19-09.30.51:783][301]LogAIModule: Creating AISystem for world FirstLevel
[2018.04.19-09.30.51:784][301]LogPlayLevel: PIE: World Init took: (0.002872s)
[2018.04.19-09.30.51:785][301]LogPlayLevel: PIE: Created PIE world by copying editor world from /Game/Levels/FirstLevel.FirstLevel to /Game/Levels/UEDPIE_0_FirstLevel.FirstLevel (0.020030s)
[2018.04.19-09.30.51:929][301]LogInit: XAudio2 using 'Speakers (Realtek High Definition Audio)' : 2 channels at 48 kHz using 32 bits per sample (channel mask 0x3)
[2018.04.19-09.30.51:981][301]LogInit: FAudioDevice initialized.
[2018.04.19-09.30.52:099][301]LogLoad: Game class is 'AntsGamemode_C'
[2018.04.19-09.30.52:112][301]LogWorld: Bringing World /Game/Levels/UEDPIE_0_FirstLevel.FirstLevel up for play (max tick rate 60) at 2018.04.19-10.30.52
[2018.04.19-09.30.52:114][301]LogWorld: Bringing up level for play took: 0.012281
[2018.04.19-09.30.52:122][301]LogPawn: Error: EnableInput can only be specified on a Pawn for its Controller
[2018.04.19-09.30.52:147][301]PIE: Play in editor start time for /Game/Levels/UEDPIE_0_FirstLevel 0.085
[2018.04.19-09.30.52:150][301]LogBlueprintUserMessages: Late PlayInEditor Detection: Level '/Game/Levels/FirstLevel.FirstLevel:PersistentLevel' has LevelScriptBlueprint '/Game/Levels/FirstLevel.FirstLevel:PersistentLevel.FirstLevel' with GeneratedClass '/Game/Levels/FirstLevel.FirstLevel_C' with ClassGeneratedBy '/Game/Levels/FirstLevel.FirstLevel:PersistentLevel.FirstLevel'
[2018.04.19-09.30.54:001][319]LogPawn: Error: EnableInput can only be specified on a Pawn for its Controller
[2018.04.19-09.30.56:020][340]LogPawn: Error: EnableInput can only be specified on a Pawn for its Controller
[2018.04.19-09.30.58:111][362]LogPawn: Error: EnableInput can only be specified on a Pawn for its Controller
[2018.04.19-09.31.00:121][383]LogPawn: Error: EnableInput can only be specified on a Pawn for its Controller
[2018.04.19-09.31.02:190][405]LogPawn: Error: EnableInput can only be specified on a Pawn for its Controller
[2018.04.19-09.31.04:278][427]LogPawn: Error: EnableInput can only be specified on a Pawn for its Controller
[2018.04.19-09.31.06:352][449]LogPawn: Error: EnableInput can only be specified on a Pawn for its Controller
[2018.04.19-09.31.08:411][470]LogPawn: Error: EnableInput can only be specified on a Pawn for its Controller
[2018.04.19-09.31.10:418][492]LogPawn: Error: EnableInput can only be specified on a Pawn for its Controller
[2018.04.19-09.31.40:653][803]LogBlueprintUserMessages: Early EndPlayMap Detection: Level '/Game/Levels/FirstLevel.FirstLevel:PersistentLevel' has LevelScriptBlueprint '/Game/Levels/FirstLevel.FirstLevel:PersistentLevel.FirstLevel' with GeneratedClass '/Game/Levels/FirstLevel.FirstLevel_C' with ClassGeneratedBy '/Game/Levels/FirstLevel.FirstLevel:PersistentLevel.FirstLevel'
[2018.04.19-09.31.40:988][803]LogBlueprintUserMessages: Late EndPlayMap Detection: Level '/Game/Levels/FirstLevel.FirstLevel:PersistentLevel' has LevelScriptBlueprint '/Game/Levels/FirstLevel.FirstLevel:PersistentLevel.FirstLevel' with GeneratedClass '/Game/Levels/FirstLevel.FirstLevel_C' with ClassGeneratedBy '/Game/Levels/FirstLevel.FirstLevel:PersistentLevel.FirstLevel'
[2018.04.19-09.33.31:718][147]Cmd: OBJ SAVEPACKAGE PACKAGE="/Game/Blueprints/Grubbins" FILE="../../../../Projects/TDEMO-/Content/Blueprints/Grubbins.uasset" SILENT=true
[2018.04.19-09.33.32:553][147]LogSavePackage: Save=697.86ms
[2018.04.19-09.33.32:553][147]LogSavePackage: Moving '../../../../Projects/TDEMO-/Saved/Grubbins995469A94EB4603AFD4E808A37BE2884.tmp' to '../../../../Projects/TDEMO-/Content/Blueprints/Grubbins.uasset'
[2018.04.19-09.33.32:567][147]LogSavePackage: Display: Finished SavePackage ../../../../Projects/TDEMO-/Content/Blueprints/Grubbins.uasset
[2018.04.19-09.33.32:916][147]Cmd: OBJ SAVEPACKAGE PACKAGE="/Game/Levels/FirstLevel" FILE="../../../../Projects/TDEMO-/Content/Levels/FirstLevel.umap" SILENT=true AUTOSAVING=false KEEPDIRTY=false
[2018.04.19-09.33.33:426][147]LogSavePackage: Save=352.32ms
[2018.04.19-09.33.33:426][147]LogSavePackage: Moving '../../../../Projects/TDEMO-/Saved/FirstLevel6AC4060848FA418D06B6FC97208AB1DF.tmp' to '../../../../Projects/TDEMO-/Content/Levels/FirstLevel.umap'
[2018.04.19-09.33.33:447][147]LogSavePackage: Display: Finished SavePackage ../../../../Projects/TDEMO-/Content/Levels/FirstLevel.umap
[2018.04.19-09.33.33:767][147]LogFileHelpers: Saving map 'FirstLevel' took 1.189
[2018.04.19-09.33.34:765][147]LogWindowsTextInputMethodSystem: Display: IME system now deactivated.
[2018.04.19-09.33.34:766][147]LogWindowsTextInputMethodSystem: Display: IME system now deactivated.
[2018.04.19-09.33.35:801][148]Cmd: QUIT_EDITOR
[2018.04.19-09.33.36:184][148]LogExit: Preparing to exit.
[2018.04.19-09.33.38:553][148]LogDirectoryWatcher: A directory notification for 'D:/Game Dev/Epic Games/Projects/TDEMO-/Content/' was aborted.
[2018.04.19-09.33.39:765][148]LogExit: Editor shut down
[2018.04.19-09.33.39:900][148]LogExit: Transaction tracking system shut down
[2018.04.19-09.33.40:438][148]LogDirectoryWatcher: A directory notification for '../../../Engine/Content/' was aborted.
[2018.04.19-09.33.40:438][148]LogDirectoryWatcher: A directory notification for '../../../../Projects/TDEMO-/Content/' was aborted.
[2018.04.19-09.33.40:439][148]LogDirectoryWatcher: A directory notification for '../../../Engine/Plugins/2D/Paper2D/Content/' was aborted.
[2018.04.19-09.33.40:439][148]LogDirectoryWatcher: A directory notification for '../../../Engine/Plugins/Runtime/Oculus/OculusVR/Content/' was aborted.
[2018.04.19-09.33.40:439][148]LogDirectoryWatcher: A directory notification for '../../../Engine/Plugins/Runtime/Steam/SteamVR/Content/' was aborted.
[2018.04.19-09.33.42:782][148]LogExit: Object subsystem successfully closed.
[2018.04.19-09.33.43:008][148]LogD3D11RHI: Shutdown
[2018.04.19-09.33.43:023][148]LogD3D11RHI: CleanupD3DDevice
[2018.04.19-09.33.44:564][148]LogD3D11RHI: ~FD3D11DynamicRHI
[2018.04.19-09.33.45:405][148]LogModuleManager: Shutting down and abandoning module MovieSceneCapture (540)
[2018.04.19-09.33.45:405][148]LogModuleManager: Shutting down and abandoning module BlueprintGraph (538)
[2018.04.19-09.33.45:405][148]LogModuleManager: Shutting down and abandoning module BlueprintProfiler (536)
[2018.04.19-09.33.45:512][148]LogModuleManager: Shutting down and abandoning module TextureEditor (534)
[2018.04.19-09.33.45:560][148]LogModuleManager: Shutting down and abandoning module HierarchicalLODOutliner (532)
[2018.04.19-09.33.45:560][148]LogModuleManager: Shutting down and abandoning module WorldBrowser (530)
[2018.04.19-09.33.45:584][148]LogModuleManager: Shutting down and abandoning module SceneOutliner (528)
[2018.04.19-09.33.45:604][148]LogModuleManager: Shutting down and abandoning module AddContentDialog (526)
[2018.04.19-09.33.45:633][148]LogDirectoryWatcher: A directory notification for 'D:/Game Dev/Epic Games/UE_4.17/FeaturePacks/' was aborted.
[2018.04.19-09.33.45:704][148]LogModuleManager: Shutting down and abandoning module WidgetCarousel (525)
[2018.04.19-09.33.45:704][148]LogModuleManager: Shutting down and abandoning module EditorWidgets (522)
[2018.04.19-09.33.45:704][148]LogModuleManager: Shutting down and abandoning module CollectionManager (520)
[2018.04.19-09.33.45:705][148]LogDirectoryWatcher: A directory notification for 'D:/Game Dev/Epic Games/Projects/TDEMO-/Content/Collections/' was aborted.
[2018.04.19-09.33.45:705][148]LogDirectoryWatcher: A directory notification for 'D:/Game Dev/Epic Games/Projects/TDEMO-/Content/Developers/Gary/Collections/' was aborted.
[2018.04.19-09.33.45:705][148]LogDirectoryWatcher: A directory notification for 'D:/Game Dev/Epic Games/Projects/TDEMO-/Saved/Collections/' was aborted.
[2018.04.19-09.33.45:706][148]LogModuleManager: Shutting down and abandoning module StatsViewer (518)
[2018.04.19-09.33.45:767][148]LogModuleManager: Shutting down and abandoning module FoliageEdit (516)
[2018.04.19-09.33.45:767][148]LogModuleManager: Shutting down and abandoning module LandscapeEditor (514)
[2018.04.19-09.33.45:768][148]LogModuleManager: Shutting down and abandoning module MeshPaintMode (512)
[2018.04.19-09.33.45:768][148]LogModuleManager: Shutting down and abandoning module SceneDepthPickerMode (510)
[2018.04.19-09.33.45:768][148]LogModuleManager: Shutting down and abandoning module ActorPickerMode (508)
[2018.04.19-09.33.45:768][148]LogModuleManager: Shutting down and abandoning module GeometryMode (506)
[2018.04.19-09.33.45:768][148]LogModuleManager: Shutting down and abandoning module TextureAlignMode (504)
[2018.04.19-09.33.45:768][148]LogModuleManager: Shutting down and abandoning module BspMode (502)
[2018.04.19-09.33.45:768][148]LogModuleManager: Shutting down and abandoning module PIEPreviewDeviceProfileSelector (500)
[2018.04.19-09.33.45:768][148]LogModuleManager: Shutting down and abandoning module HardwareSurvey (498)
[2018.04.19-09.33.45:769][148]LogModuleManager: Shutting down and abandoning module SequenceRecorderSections (496)
[2018.04.19-09.33.45:769][148]LogModuleManager: Shutting down and abandoning module AutomationWorker (494)
[2018.04.19-09.33.45:769][148]LogModuleManager: Shutting down and abandoning module MatineeToLevelSequence (492)
[2018.04.19-09.33.45:769][148]LogModuleManager: Shutting down and abandoning module LevelSequenceEditor (490)
[2018.04.19-09.33.45:770][148]LogModuleManager: Shutting down and abandoning module PlacementMode (489)
[2018.04.19-09.33.45:770][148]LogModuleManager: Shutting down and abandoning module WmfMediaFactory (486)
[2018.04.19-09.33.45:770][148]LogModuleManager: Shutting down and abandoning module WmfMediaEditor (484)
[2018.04.19-09.33.45:770][148]LogModuleManager: Shutting down and abandoning module AvfMediaFactory (482)
[2018.04.19-09.33.45:770][148]LogModuleManager: Shutting down and abandoning module AvfMediaEditor (480)
[2018.04.19-09.33.45:770][148]LogModuleManager: Shutting down and abandoning module AndroidMediaFactory (478)
[2018.04.19-09.33.45:771][148]LogModuleManager: Shutting down and abandoning module Media (477)
[2018.04.19-09.33.45:771][148]LogModuleManager: Shutting down and abandoning module AndroidMediaEditor (474)
[2018.04.19-09.33.45:771][148]LogModuleManager: Shutting down and abandoning module CharacterAI (472)
[2018.04.19-09.33.45:771][148]LogModuleManager: Shutting down and abandoning module AudioCapture (470)
[2018.04.19-09.33.45:771][148]LogModuleManager: Shutting down and abandoning module SequenceRecorder (469)
[2018.04.19-09.33.45:789][148]LogModuleManager: Shutting down and abandoning module SmartSnapping (466)
[2018.04.19-09.33.45:790][148]LogModuleManager: Shutting down and abandoning module SessionServices (464)
[2018.04.19-09.33.45:790][148]LogModuleManager: Shutting down and abandoning module ViewportSnapping (462)
[2018.04.19-09.33.45:790][148]LogModuleManager: Shutting down and abandoning module ViewportInteraction (460)
[2018.04.19-09.33.45:790][148]LogModuleManager: Shutting down and abandoning module ClothPainter (458)
[2018.04.19-09.33.45:802][148]LogModuleManager: Shutting down and abandoning module LogVisualizer (456)
[2018.04.19-09.33.45:803][148]LogModuleManager: Shutting down and abandoning module IntroTutorials (454)
[2018.04.19-09.33.45:803][148]LogModuleManager: Shutting down and abandoning module GameProjectGeneration (453)
[2018.04.19-09.33.45:879][148]LogModuleManager: Shutting down and abandoning module IOSPlatformEditor (450)
[2018.04.19-09.33.45:880][148]LogModuleManager: Shutting down and abandoning module HTML5PlatformEditor (448)
[2018.04.19-09.33.45:880][148]LogModuleManager: Shutting down and abandoning module AndroidPlatformEditor (446)
[2018.04.19-09.33.45:880][148]LogModuleManager: Shutting down and abandoning module AndroidDeviceDetection (445)
[2018.04.19-09.33.46:059][148]LogModuleManager: Shutting down and abandoning module WindowsPlatformEditor (442)
[2018.04.19-09.33.46:059][148]LogModuleManager: Shutting down and abandoning module IOSRuntimeSettings (440)
[2018.04.19-09.33.46:059][148]LogModuleManager: Shutting down and abandoning module AndroidRuntimeSettings (438)
[2018.04.19-09.33.46:059][148]LogModuleManager: Shutting down and abandoning module InputBindingEditor (436)
[2018.04.19-09.33.46:060][148]LogModuleManager: Shutting down and abandoning module MergeActors (434)
[2018.04.19-09.33.46:060][148]LogModuleManager: Shutting down and abandoning module SizeMap (432)
[2018.04.19-09.33.46:060][148]LogModuleManager: Shutting down and abandoning module TreeMap (430)
[2018.04.19-09.33.46:060][148]LogModuleManager: Shutting down and abandoning module ReferenceViewer (428)
[2018.04.19-09.33.46:060][148]LogModuleManager: Shutting down and abandoning module LocalizationDashboard (426)
[2018.04.19-09.33.46:060][148]LogModuleManager: Shutting down and abandoning module LocalizationService (425)
[2018.04.19-09.33.46:061][148]LogModuleManager: Shutting down and abandoning module HardwareTargeting (422)
[2018.04.19-09.33.46:061][148]LogModuleManager: Shutting down and abandoning module DeviceProfileEditor (420)
[2018.04.19-09.33.46:061][148]LogModuleManager: Shutting down and abandoning module UndoHistory (418)
[2018.04.19-09.33.46:061][148]LogModuleManager: Shutting down and abandoning module XmlParser (416)
[2018.04.19-09.33.46:061][148]LogModuleManager: Shutting down and abandoning module Blutility (414)
[2018.04.19-09.33.46:061][148]LogModuleManager: Shutting down and abandoning module ProjectSettingsViewer (412)
[2018.04.19-09.33.46:062][148]LogModuleManager: Shutting down and abandoning module ProjectTargetPlatformEditor (411)
[2018.04.19-09.33.46:063][148]LogModuleManager: Shutting down and abandoning module EditorSettingsViewer (408)
[2018.04.19-09.33.46:064][148]LogModuleManager: Shutting down and abandoning module SettingsEditor (406)
[2018.04.19-09.33.46:064][148]LogModuleManager: Shutting down and abandoning module ProjectLauncher (404)
[2018.04.19-09.33.46:064][148]LogModuleManager: Shutting down and abandoning module SessionFrontend (402)
[2018.04.19-09.33.46:064][148]LogModuleManager: Shutting down and abandoning module ProfilerClient (400)
[2018.04.19-09.33.46:065][148]LogModuleManager: Shutting down and abandoning module DeviceManager (398)
[2018.04.19-09.33.46:065][148]LogModuleManager: Shutting down and abandoning module TargetDeviceServices (397)
[2018.04.19-09.33.46:118][148]LogModuleManager: Shutting down and abandoning module AutomationController (394)
[2018.04.19-09.33.46:119][148]LogModuleManager: Shutting down and abandoning module AutomationWindow (392)
[2018.04.19-09.33.46:119][148]LogModuleManager: Shutting down and abandoning module Layers (390)
[2018.04.19-09.33.46:119][148]LogModuleManager: Shutting down and abandoning module ComponentVisualizers (388)
[2018.04.19-09.33.46:119][148]LogModuleManager: Shutting down and abandoning module DetailCustomizations (386)
[2018.04.19-09.33.46:157][148]LogModuleManager: Shutting down and abandoning module PackagesDialog (384)
[2018.04.19-09.33.46:158][148]LogModuleManager: Shutting down and abandoning module Persona (382)
[2018.04.19-09.33.46:159][148]LogModuleManager: Shutting down and abandoning module AdvancedPreviewScene (381)
[2018.04.19-09.33.46:159][148]LogModuleManager: Shutting down and abandoning module AnimGraph (379)
[2018.04.19-09.33.46:195][148]LogModuleManager: Shutting down and abandoning module Kismet (376)
[2018.04.19-09.33.46:224][148]LogModuleManager: Shutting down and abandoning module ClassViewer (374)
[2018.04.19-09.33.46:224][148]LogModuleManager: Shutting down and abandoning module Toolbox (372)
[2018.04.19-09.33.46:224][148]LogModuleManager: Shutting down and abandoning module ModuleUI (370)
[2018.04.19-09.33.46:224][148]LogModuleManager: Shutting down and abandoning module MovieSceneTools (368)
[2018.04.19-09.33.46:250][148]LogModuleManager: Shutting down and abandoning module OutputLog (366)
[2018.04.19-09.33.46:251][148]LogModuleManager: Shutting down and abandoning module GammaUI (364)
[2018.04.19-09.33.46:251][148]LogModuleManager: Shutting down and abandoning module Documentation (362)
[2018.04.19-09.33.46:251][148]LogModuleManager: Shutting down and abandoning module MovieSceneTracks (360)
[2018.04.19-09.33.46:251][148]LogModuleManager: Shutting down and abandoning module MovieScene (358)
[2018.04.19-09.33.46:251][148]LogModuleManager: Shutting down and abandoning module Niagara (356)
[2018.04.19-09.33.46:251][148]LogModuleManager: Shutting down and abandoning module NiagaraEditor (355)
[2018.04.19-09.33.46:252][148]LogModuleManager: Shutting down and abandoning module StreamingPauseRendering (352)
[2018.04.19-09.33.46:252][148]LogModuleManager: Shutting down and abandoning module LauncherPlatform (350)
[2018.04.19-09.33.46:252][148]LogModuleManager: Shutting down and abandoning module AnalyticsET (348)
[2018.04.19-09.33.46:253][148]LogModuleManager: Shutting down and abandoning module PortalServices (346)
[2018.04.19-09.33.46:253][148]LogModuleManager: Shutting down and abandoning module PortalRpc (344)
[2018.04.19-09.33.46:253][148]LogModuleManager: Shutting down and abandoning module MessagingRpc (342)
[2018.04.19-09.33.46:253][148]LogModuleManager: Shutting down and abandoning module AIModule (340)
[2018.04.19-09.33.46:253][148]LogModuleManager: Shutting down and abandoning module GameplayDebugger (339)
[2018.04.19-09.33.46:253][148]LogModuleManager: Shutting down and abandoning module AITestSuite (337)
[2018.04.19-09.33.46:253][148]LogModuleManager: Shutting down and abandoning module ProfilerService (334)
[2018.04.19-09.33.46:337][148]LogModuleManager: Shutting down and abandoning module TaskGraph (332)
[2018.04.19-09.33.46:338][148]LogModuleManager: Shutting down and abandoning module SteamVRController (330)
[2018.04.19-09.33.46:338][148]LogModuleManager: Shutting down and abandoning module ProceduralMeshComponentEditor (328)
[2018.04.19-09.33.46:338][148]LogModuleManager: Shutting down and abandoning module ProceduralMeshComponent (326)
[2018.04.19-09.33.46:338][148]LogModuleManager: Shutting down and abandoning module OculusInput (324)
[2018.04.19-09.33.46:338][148]LogModuleManager: Shutting down and abandoning module MobilePatchingUtils (322)
[2018.04.19-09.33.46:338][148]LogModuleManager: Shutting down and abandoning module CustomMeshComponent (320)
[2018.04.19-09.33.46:338][148]LogModuleManager: Shutting down and abandoning module CableComponent (318)
[2018.04.19-09.33.46:338][148]LogModuleManager: Shutting down and abandoning module ArchVisCharacter (316)
[2018.04.19-09.33.46:338][148]LogModuleManager: Shutting down and abandoning module AndroidPermission (314)
[2018.04.19-09.33.46:338][148]LogModuleManager: Shutting down and abandoning module MediaPlayerEditor (310)
[2018.04.19-09.33.46:339][148]LogModuleManager: Shutting down and abandoning module HTML5Networking (308)
[2018.04.19-09.33.46:339][148]LogModuleManager: Shutting down and abandoning module AlembicImporter (306)
[2018.04.19-09.33.46:339][148]LogModuleManager: Shutting down and abandoning module AlembicLibrary (305)
[2018.04.19-09.33.46:339][148]LogModuleManager: Shutting down and abandoning module GeometryCache (304)
[2018.04.19-09.33.46:339][148]LogModuleManager: Shutting down and abandoning module GeometryCacheEd (303)
[2018.04.19-09.33.46:339][148]LogModuleManager: Shutting down and abandoning module SpeedTreeImporter (298)
[2018.04.19-09.33.46:339][148]LogModuleManager: Shutting down and abandoning module PluginBrowser (296)
[2018.04.19-09.33.46:340][148]LogModuleManager: Shutting down and abandoning module MobileLauncherProfileWizard (294)
[2018.04.19-09.33.46:340][148]LogModuleManager: Shutting down and abandoning module VisualStudioSourceCodeAccess (292)
[2018.04.19-09.33.46:340][148]LogModuleManager: Shutting down and abandoning module DesktopPlatform (291)
[2018.04.19-09.33.46:352][148]LogModuleManager: Shutting down and abandoning module UObjectPlugin (288)
[2018.04.19-09.33.46:352][148]LogModuleManager: Shutting down and abandoning module SubversionSourceControl (286)
[2018.04.19-09.33.46:353][148]LogModuleManager: Shutting down and abandoning module PerforceSourceControl (284)
[2018.04.19-09.33.46:353][148]LogModuleManager: Shutting down and abandoning module GitSourceControl (282)
[2018.04.19-09.33.46:353][148]LogModuleManager: Shutting down and abandoning module SourceControl (281)
[2018.04.19-09.33.46:405][148]LogModuleManager: Shutting down and abandoning module LightPropagationVolumeEditor (278)
[2018.04.19-09.33.46:405][148]LogModuleManager: Shutting down and abandoning module PaperTiledImporter (276)
[2018.04.19-09.33.46:405][148]LogModuleManager: Shutting down and abandoning module PaperSpriteSheetImporter (274)
[2018.04.19-09.33.46:405][148]LogModuleManager: Shutting down and abandoning module Paper2DEditor (272)
[2018.04.19-09.33.46:406][148]LogModuleManager: Shutting down and abandoning module MeshPaint (271)
[2018.04.19-09.33.46:406][148]LogModuleManager: Shutting down and abandoning module LevelEditor (269)
[2018.04.19-09.33.46:461][148]LogModuleManager: Shutting down and abandoning module PixelInspectorModule (268)
[2018.04.19-09.33.46:461][148]LogModuleManager: Shutting down and abandoning module MainFrame (266)
[2018.04.19-09.33.46:461][148]LogModuleManager: Shutting down and abandoning module HotReload (265)
[2018.04.19-09.33.46:469][148]LogModuleManager: Shutting down and abandoning module RuntimePhysXCooking (260)
[2018.04.19-09.33.46:469][148]LogModuleManager: Shutting down and abandoning module PhysXVehiclesEditor (258)
[2018.04.19-09.33.46:469][148]LogModuleManager: Shutting down and abandoning module PhysXVehicles (256)
[2018.04.19-09.33.46:469][148]LogModuleManager: Shutting down and abandoning module OculusEditor (254)
[2018.04.19-09.33.46:469][148]LogModuleManager: Shutting down and abandoning module LocationServicesBPLibrary (252)
[2018.04.19-09.33.46:470][148]LogModuleManager: Shutting down and abandoning module ImmediatePhysicsEditor (250)
[2018.04.19-09.33.46:470][148]LogModuleManager: Shutting down and abandoning module ImmediatePhysics (248)
[2018.04.19-09.33.46:470][148]LogModuleManager: Shutting down and abandoning module UdpMessaging (246)
[2018.04.19-09.33.46:572][148]LogModuleManager: Shutting down and abandoning module TcpMessaging (244)
[2018.04.19-09.33.46:673][148]LogModuleManager: Shutting down and abandoning module GameplayTagsEditor (242)
[2018.04.19-09.33.46:673][148]LogModuleManager: Shutting down and abandoning module FacialAnimationEditor (240)
[2018.04.19-09.33.46:673][148]LogModuleManager: Shutting down and abandoning module FacialAnimation (238)
[2018.04.19-09.33.46:673][148]LogModuleManager: Shutting down and abandoning module AssetManagerEditor (236)
[2018.04.19-09.33.46:674][148]LogModuleManager: Shutting down and abandoning module GraphEditor (235)
[2018.04.19-09.33.46:675][148]LogModuleManager: Shutting down and abandoning module ContentBrowser (233)
[2018.04.19-09.33.46:687][148]LogModuleManager: Shutting down and abandoning module LightPropagationVolumeRuntime (230)
[2018.04.19-09.33.46:688][148]LogModuleManager: Shutting down and abandoning module Paper2D (228)
[2018.04.19-09.33.46:688][148]LogModuleManager: Shutting down and abandoning module WindowsMoviePlayer (226)
[2018.04.19-09.33.46:688][148]LogModuleManager: Shutting down and abandoning module WmfMedia (224)
[2018.04.19-09.33.46:697][148]LogModuleManager: Shutting down and abandoning module PacketHandler (222)
[2018.04.19-09.33.46:697][148]LogModuleManager: Shutting down and abandoning module ClothingSystemEditor (220)
[2018.04.19-09.33.46:698][148]LogModuleManager: Shutting down and abandoning module ClothingSystemRuntime (218)
[2018.04.19-09.33.46:698][148]LogModuleManager: Shutting down and abandoning module Overlay (216)
[2018.04.19-09.33.46:698][148]LogModuleManager: Shutting down and abandoning module OverlayEditor (215)
[2018.04.19-09.33.46:698][148]LogModuleManager: Shutting down and abandoning module MediaAssets (212)
[2018.04.19-09.33.46:698][148]LogModuleManager: Shutting down and abandoning module VREditor (210)
[2018.04.19-09.33.46:698][148]LogModuleManager: Shutting down and abandoning module StringTableEditor (208)
[2018.04.19-09.33.46:699][148]LogModuleManager: Shutting down and abandoning module GameplayTasksEditor (206)
[2018.04.19-09.33.46:699][148]LogModuleManager: Shutting down and abandoning module BehaviorTreeEditor (204)
[2018.04.19-09.33.46:699][148]LogModuleManager: Shutting down and abandoning module FunctionalTesting (202)
[2018.04.19-09.33.46:699][148]LogModuleManager: Shutting down and abandoning module CollisionAnalyzer (200)
[2018.04.19-09.33.46:699][148]LogModuleManager: Shutting down and abandoning module WorkspaceMenuStructure (199)
[2018.04.19-09.33.46:700][148]LogModuleManager: Shutting down and abandoning module UMG (196)
[2018.04.19-09.33.46:709][148]LogModuleManager: Shutting down and abandoning module UMGEditor (195)
[2018.04.19-09.33.46:747][148]LogModuleManager: Shutting down and abandoning module Sequencer (194)
[2018.04.19-09.33.46:771][148]LogModuleManager: Shutting down and abandoning module MessageLog (191)
[2018.04.19-09.33.46:772][148]LogModuleManager: Shutting down and abandoning module SlateReflector (186)
[2018.04.19-09.33.46:772][148]LogModuleManager: Shutting down and abandoning module Slate (184)
[2018.04.19-09.33.46:772][148]LogModuleManager: Shutting down and abandoning module EditorStyle (182)
[2018.04.19-09.33.46:786][148]LogModuleManager: Shutting down and abandoning module MRMesh (180)
[2018.04.19-09.33.46:786][148]LogModuleManager: Shutting down and abandoning module SourceCodeAccess (178)
[2018.04.19-09.33.46:786][148]LogModuleManager: Shutting down and abandoning module HeadMountedDisplay (176)
[2018.04.19-09.33.46:786][148]LogModuleManager: Shutting down and abandoning module XAudio2 (174)
[2018.04.19-09.33.46:787][148]LogModuleManager: Shutting down and abandoning module Networking (172)
[2018.04.19-09.33.46:787][148]LogModuleManager: Shutting down and abandoning module Core (168)
[2018.04.19-09.33.46:787][148]LogModuleManager: Shutting down and abandoning module KismetCompiler (164)
[2018.04.19-09.33.46:787][148]LogModuleManager: Shutting down and abandoning module LevelSequence (162)
[2018.04.19-09.33.46:787][148]LogModuleManager: Shutting down and abandoning module MeshUtilities (160)
[2018.04.19-09.33.46:829][148]LogModuleManager: Shutting down and abandoning module MeshMergeUtilities (159)
[2018.04.19-09.33.46:856][148]LogModuleManager: Shutting down and abandoning module MeshReductionInterface (158)
[2018.04.19-09.33.46:856][148]LogModuleManager: Shutting down and abandoning module SimplygonSwarm (157)
[2018.04.19-09.33.46:861][148]LogModuleManager: Shutting down and abandoning module SimplygonMeshReduction (155)
[2018.04.19-09.33.46:862][148]LogModuleManager: Shutting down and abandoning module QuadricMeshReduction (153)
[2018.04.19-09.33.46:883][148]LogModuleManager: Shutting down and abandoning module MaterialBaking (149)
[2018.04.19-09.33.46:894][148]LogModuleManager: Shutting down and abandoning module DirectoryWatcher (146)
[2018.04.19-09.33.46:921][148]LogModuleManager: Shutting down and abandoning module DerivedDataCache (144)
[2018.04.19-09.33.47:021][148]LogDerivedDataCache: Shutdown
[2018.04.19-09.33.47:021][148]LogModuleManager: Shutting down and abandoning module TargetPlatform (142)
[2018.04.19-09.33.47:022][148]LogModuleManager: Shutting down and abandoning module VulkanShaderFormat (141)
[2018.04.19-09.33.47:047][148]LogModuleManager: Shutting down and abandoning module ShaderFormatVectorVM (139)
[2018.04.19-09.33.47:058][148]LogModuleManager: Shutting down and abandoning module ShaderFormatOpenGL (137)
[2018.04.19-09.33.47:063][148]LogModuleManager: Shutting down and abandoning module ShaderFormatD3D (135)
[2018.04.19-09.33.47:075][148]LogModuleManager: Shutting down and abandoning module MetalShaderFormat (133)
[2018.04.19-09.33.47:095][148]LogModuleManager: Shutting down and abandoning module TextureFormatUncompressed (131)
[2018.04.19-09.33.47:095][148]LogModuleManager: Shutting down and abandoning module TextureFormatPVR (129)
[2018.04.19-09.33.47:095][148]LogModuleManager: Shutting down and abandoning module TextureFormatDXT (127)
[2018.04.19-09.33.47:106][148]LogModuleManager: Shutting down and abandoning module TextureFormatIntelISPCTexComp (125)
[2018.04.19-09.33.47:116][148]LogModuleManager: Shutting down and abandoning module TextureFormatASTC (123)
[2018.04.19-09.33.47:116][148]LogModuleManager: Shutting down and abandoning module ImageWrapper (122)
[2018.04.19-09.33.47:116][148]LogModuleManager: Shutting down and abandoning module TextureFormatAndroid (119)
[2018.04.19-09.33.47:116][148]LogModuleManager: Shutting down and abandoning module AudioFormatOpus (117)
[2018.04.19-09.33.47:117][148]LogModuleManager: Shutting down and abandoning module AudioFormatOgg (115)
[2018.04.19-09.33.47:117][148]LogModuleManager: Shutting down and abandoning module AudioFormatADPCM (113)
[2018.04.19-09.33.47:117][148]LogModuleManager: Shutting down and abandoning module LinuxTargetPlatform (111)
[2018.04.19-09.33.47:118][148]LogModuleManager: Shutting down and abandoning module LinuxServerTargetPlatform (109)
[2018.04.19-09.33.47:118][148]LogModuleManager: Shutting down and abandoning module LinuxNoEditorTargetPlatform (107)
[2018.04.19-09.33.47:118][148]LogModuleManager: Shutting down and abandoning module LinuxClientTargetPlatform (105)
[2018.04.19-09.33.47:118][148]LogModuleManager: Shutting down and abandoning module TVOSTargetPlatform (103)
[2018.04.19-09.33.47:118][148]LogModuleManager: Shutting down and abandoning module Messaging (101)
[2018.04.19-09.33.47:119][148]LogModuleManager: Shutting down and abandoning module IOSTargetPlatform (99)
[2018.04.19-09.33.47:119][148]LogModuleManager: Shutting down and abandoning module HTML5TargetPlatform (97)
[2018.04.19-09.33.47:119][148]LogModuleManager: Shutting down and abandoning module Android_PVRTCTargetPlatform (95)
[2018.04.19-09.33.47:120][148]LogModuleManager: Shutting down and abandoning module Android_MultiTargetPlatform (93)
[2018.04.19-09.33.47:120][148]LogModuleManager: Shutting down and abandoning module Android_ETC2TargetPlatform (91)
[2018.04.19-09.33.47:120][148]LogModuleManager: Shutting down and abandoning module Android_ETC1TargetPlatform (89)
[2018.04.19-09.33.47:120][148]LogModuleManager: Shutting down and abandoning module Android_DXTTargetPlatform (87)
[2018.04.19-09.33.47:120][148]LogModuleManager: Shutting down and abandoning module Android_ATCTargetPlatform (85)
[2018.04.19-09.33.47:120][148]LogModuleManager: Shutting down and abandoning module Android_ASTCTargetPlatform (83)
[2018.04.19-09.33.47:120][148]LogModuleManager: Shutting down and abandoning module AndroidTargetPlatform (81)
[2018.04.19-09.33.47:120][148]LogModuleManager: Shutting down and abandoning module WindowsTargetPlatform (79)
[2018.04.19-09.33.47:121][148]LogModuleManager: Shutting down and abandoning module WindowsServerTargetPlatform (77)
[2018.04.19-09.33.47:121][148]LogModuleManager: Shutting down and abandoning module WindowsNoEditorTargetPlatform (75)
[2018.04.19-09.33.47:121][148]LogModuleManager: Shutting down and abandoning module WindowsClientTargetPlatform (73)
[2018.04.19-09.33.47:121][148]LogModuleManager: Shutting down and abandoning module MacTargetPlatform (71)
[2018.04.19-09.33.47:122][148]LogModuleManager: Shutting down and abandoning module MacServerTargetPlatform (69)
[2018.04.19-09.33.47:122][148]LogModuleManager: Shutting down and abandoning module MacNoEditorTargetPlatform (67)
[2018.04.19-09.33.47:122][148]LogModuleManager: Shutting down and abandoning module MacClientTargetPlatform (65)
[2018.04.19-09.33.47:122][148]LogModuleManager: Shutting down and abandoning module AllDesktopTargetPlatform (63)
[2018.04.19-09.33.47:122][148]LogModuleManager: Shutting down and abandoning module InputCore (60)
[2018.04.19-09.33.47:123][148]LogModuleManager: Shutting down and abandoning module Settings (58)
[2018.04.19-09.33.47:123][148]LogModuleManager: Shutting down and abandoning module PhysXCooking (56)
[2018.04.19-09.33.47:123][148]LogModuleManager: Shutting down and abandoning module SteamVR (54)
[2018.04.19-09.33.47:123][148]LogModuleManager: Shutting down and abandoning module OculusHMD (52)
[2018.04.19-09.33.47:130][148]LogModuleManager: Shutting down and abandoning module ExampleDeviceProfileSelector (50)
[2018.04.19-09.33.47:130][148]LogModuleManager: Shutting down and abandoning module OnlineBlueprintSupport (48)
[2018.04.19-09.33.47:130][148]LogModuleManager: Shutting down and abandoning module OnlineSubsystem (44)
[2018.04.19-09.33.47:130][148]LogOnline: Display: Unloading online subsystem: NULL
[2018.04.19-09.33.47:132][148]LogModuleManager: Shutting down and abandoning module XMPP (43)
[2018.04.19-09.33.47:146][148]LogModuleManager: Shutting down and abandoning module HTTP (41)
[2018.04.19-09.33.47:146][148]LogHttp: Display: Http module shutting down, but needs to wait on 1 outstanding Http requests:
[2018.04.19-09.33.47:152][148]LogHttp: Display: 	verb=[POST] url=[https://datarouter.ol.epicgames.com/datarouter/api/v1/public/data?SessionID=%7B4AEBBBC1-4E17-3525-38DB-469ECEC829BE%7D&AppID=UEEditor.Rocket.Release&AppVersion=4.17.2-3658906%2B%2B%2BUE4%2BRelease-4.17&UserID=8310b7f844940d5f8d1c80a09722da98%7Cd99c23929b9c4683916438a68043639f%7C625fbe65-b002-4b2e-9128-058dcbb6f404&AppEnvironment=datacollector-binary&UploadType=eteventstream] status=Processing
[2018.04.19-09.33.47:180][148]LogModuleManager: Shutting down and abandoning module SSL (40)
[2018.04.19-09.33.47:222][148]LogModuleManager: Shutting down and abandoning module AnimationModifiers (36)
[2018.04.19-09.33.47:231][148]LogModuleManager: Shutting down and abandoning module PropertyEditor (35)
[2018.04.19-09.33.47:232][148]LogModuleManager: Shutting down and abandoning module AudioEditor (32)
[2018.04.19-09.33.47:352][148]LogModuleManager: Shutting down and abandoning module TextureCompressor (30)
[2018.04.19-09.33.47:353][148]LogModuleManager: Shutting down and abandoning module ShaderCore (28)
[2018.04.19-09.33.47:353][148]LogModuleManager: Shutting down and abandoning module Landscape (26)
[2018.04.19-09.33.47:353][148]LogModuleManager: Shutting down and abandoning module SlateRHIRenderer (24)
[2018.04.19-09.33.47:507][148]LogModuleManager: Shutting down and abandoning module OpenGLDrv (22)
[2018.04.19-09.33.47:524][148]LogModuleManager: Shutting down and abandoning module D3D11RHI (20)
[2018.04.19-09.33.47:524][148]LogModuleManager: Shutting down and abandoning module AnimGraphRuntime (18)
[2018.04.19-09.33.47:528][148]LogModuleManager: Shutting down and abandoning module Renderer (16)
[2018.04.19-09.33.47:529][148]LogModuleManager: Shutting down and abandoning module Engine (14)
[2018.04.19-09.33.47:529][148]LogModuleManager: Shutting down and abandoning module CoreUObject (12)
[2018.04.19-09.33.47:529][148]LogModuleManager: Shutting down and abandoning module NetworkFile (10)
[2018.04.19-09.33.47:542][148]LogModuleManager: Shutting down and abandoning module CookedIterativeFile (8)
[2018.04.19-09.33.47:542][148]LogModuleManager: Shutting down and abandoning module StreamingFile (6)
[2018.04.19-09.33.47:553][148]LogModuleManager: Shutting down and abandoning module SandboxFile (4)
[2018.04.19-09.33.47:553][148]LogModuleManager: Shutting down and abandoning module PakFile (2)
[2018.04.19-09.33.47:575][148]LogExit: Exiting.
[2018.04.19-09.33.47:944][148]Log file closed, 04/19/18 10:33:47
