Log file open, 04/13/18 13:56:24
LogWindows: Failed to load 'aqProf.dll' (GetLastError=126)
LogWindows: File 'aqProf.dll' does not exist
LogWindows: Failed to load 'VSPerf140.dll' (GetLastError=126)
LogWindows: File 'VSPerf140.dll' does not exist
LogWindows: Failed to load 'VtuneApi.dll' (GetLastError=126)
LogWindows: File 'VtuneApi.dll' does not exist
LogWindows: Failed to load 'VtuneApi32e.dll' (GetLastError=126)
LogWindows: File 'VtuneApi32e.dll' does not exist
LogInit: Display: Running engine for game: AntsGame
LogPlatformFile: Not using cached read wrapper
LogInit: Display: RandInit(1088321706) SRandInit(1088321706).
LogTaskGraph: Started task graph with 5 named threads and 8 total threads with 3 sets of task threads.
LogStats: Stats thread started at 0.377587
LogD3D11RHI: Aftermath initialized
LogPluginManager: Mounting plugin Paper2D
LogPluginManager: Mounting plugin LightPropagationVolume
LogPluginManager: Mounting plugin CodeLiteSourceCodeAccess
LogPluginManager: Mounting plugin GitSourceControl
LogPluginManager: Mounting plugin KDevelopSourceCodeAccess
LogPluginManager: Mounting plugin NullSourceCodeAccess
LogPluginManager: Mounting plugin PerforceSourceControl
LogPluginManager: Mounting plugin SubversionSourceControl
LogPluginManager: Mounting plugin UObjectPlugin
LogPluginManager: Mounting plugin VisualStudioSourceCodeAccess
LogPluginManager: Mounting plugin XCodeSourceCodeAccess
LogPluginManager: Mounting plugin AssetManagerEditor
LogPluginManager: Mounting plugin AudioCapture
LogPluginManager: Mounting plugin FacialAnimation
LogPluginManager: Mounting plugin GameplayTagsEditor
LogPluginManager: Mounting plugin MobileLauncherProfileWizard
LogPluginManager: Mounting plugin PluginBrowser
LogPluginManager: Mounting plugin SpeedTreeImporter
LogPluginManager: Mounting plugin AlembicImporter
LogPluginManager: Mounting plugin CharacterAI
LogPluginManager: Mounting plugin HTML5Networking
LogPluginManager: Mounting plugin AndroidMedia
LogPluginManager: Mounting plugin AvfMedia
LogPluginManager: Mounting plugin MediaPlayerEditor
LogPluginManager: Mounting plugin WmfMedia
LogPluginManager: Mounting plugin TcpMessaging
LogPluginManager: Mounting plugin UdpMessaging
LogPluginManager: Mounting plugin LevelSequenceEditor
LogPluginManager: Mounting plugin MatineeToLevelSequence
LogPluginManager: Mounting plugin OnlineSubsystemGooglePlay
LogPluginManager: Mounting plugin OnlineSubsystemIOS
LogPluginManager: Mounting plugin OnlineSubsystem
LogPluginManager: Mounting plugin OnlineSubsystemNull
LogPluginManager: Mounting plugin OnlineSubsystemUtils
LogPluginManager: Mounting plugin AndroidDeviceProfileSelector
LogPluginManager: Mounting plugin AndroidMoviePlayer
LogPluginManager: Mounting plugin AndroidPermission
LogPluginManager: Mounting plugin AppleMoviePlayer
LogPluginManager: Mounting plugin ArchVisCharacter
LogPluginManager: Mounting plugin CableComponent
LogPluginManager: Mounting plugin CustomMeshComponent
LogPluginManager: Mounting plugin ExampleDeviceProfileSelector
LogPluginManager: Mounting plugin GoogleCloudMessaging
LogPluginManager: Mounting plugin ImmediatePhysics
LogPluginManager: Mounting plugin IOSDeviceProfileSelector
LogPluginManager: Mounting plugin LinuxDeviceProfileSelector
LogPluginManager: Mounting plugin LocationServicesBPLibrary
LogPluginManager: Mounting plugin MobilePatchingUtils
LogPluginManager: Mounting plugin OculusVR
LogPluginManager: Mounting plugin PhysXVehicles
LogPluginManager: Mounting plugin ProceduralMeshComponent
LogPluginManager: Mounting plugin RuntimePhysXCooking
LogPluginManager: Mounting plugin SteamVR
LogPluginManager: Mounting plugin WindowsMoviePlayer
LogInit: Using libcurl 7.47.1
LogInit:  - built for x86_64-pc-win32
LogInit:  - supports SSL with OpenSSL/1.0.2g
LogInit:  - supports HTTP deflate (compression) using libz 1.2.8
LogInit:  - other features:
LogInit:      CURL_VERSION_SSL
LogInit:      CURL_VERSION_LIBZ
LogInit:      CURL_VERSION_IPV6
LogInit:      CURL_VERSION_ASYNCHDNS
LogInit:      CURL_VERSION_LARGEFILE
LogInit:      CURL_VERSION_IDN
LogInit:  CurlRequestOptions (configurable via config and command line):
LogInit:  - bVerifyPeer = false  - Libcurl will NOT verify peer certificate
LogInit:  - bUseHttpProxy = false  - Libcurl will NOT use HTTP proxy
LogInit:  - bDontReuseConnections = false  - Libcurl will reuse connections
LogInit:  - CertBundlePath = nullptr  - Libcurl will use whatever was configured at build time.
LogInit: Build: ++UE4+Release-4.17-CL-3658906
LogInit: Engine Version: 4.17.2-3658906+++UE4+Release-4.17
LogInit: Compatible Engine Version: 4.17.0-3573198+++UE4+Release-4.17
LogInit: Net CL: 3573198
LogDevObjectVersion: Number of dev versions registered: 16
LogDevObjectVersion:   Dev-Blueprints (B0D832E4-1F89-4F0D-ACCF-7EB736FD4AA2): 10
LogDevObjectVersion:   Dev-Build (E1C64328-A22C-4D53-A36C-8E866417BD8C): 0
LogDevObjectVersion:   Dev-Core (375EC13C-06E4-48FB-B500-84F0262A717E): 2
LogDevObjectVersion:   Dev-Editor (E4B068ED-F494-42E9-A231-DA0B2E46BB41): 20
LogDevObjectVersion:   Dev-Framework (CFFC743F-43B0-4480-9391-14DF171D2073): 28
LogDevObjectVersion:   Dev-Mobile (B02B49B5-BB20-44E9-A304-32B752E40360): 0
LogDevObjectVersion:   Dev-Networking (A4E4105C-59A1-49B5-A7C5-40C4547EDFEE): 0
LogDevObjectVersion:   Dev-Online (39C831C9-5AE6-47DC-9A44-9C173E1C8E7C): 0
LogDevObjectVersion:   Dev-Physics (78F01B33-EBEA-4F98-B9B4-84EACCB95AA2): 0
LogDevObjectVersion:   Dev-Platform (6631380F-2D4D-43E0-8009-CF276956A95A): 0
LogDevObjectVersion:   Dev-Rendering (12F88B9F-8875-4AFC-A67C-D90C383ABD29): 19
LogDevObjectVersion:   Dev-Sequencer (7B5AE74C-D270-4C10-A958-57980B212A5A): 4
LogDevObjectVersion:   Dev-VR (D7296918-1DD6-4BDD-9DE2-64A83CC13884): 0
LogDevObjectVersion:   Dev-LoadTimes (C2A15278-BFE7-4AFE-6C17-90FF531DF755): 1
LogDevObjectVersion:   Private-Geometry (6EACA3D4-40EC-4CC1-B786-8BED09428FC5): 1
LogDevObjectVersion:   Dev-AnimPhys (29E575DD-E0A3-4627-9D10-D276232CDCEA): 7
LogInit: Compiled (64-bit): Sep 22 2017 13:47:16
LogInit: Compiled with Visual C++: 19.00.24215.01
LogInit: Build Configuration: Development
LogInit: Branch Name: ++UE4+Release-4.17
LogInit: Command line: -EpicPortal 
LogInit: Base directory: D:/Game Dev/Epic Games/UE_4.17/Engine/Binaries/Win64/
LogInit: Installed Engine Build: 1
LogInit: Presizing for max 8388607 objects, including 0 objects not considered by GC, pre-allocating 0 bytes for permanent pool.
LogInit: Object subsystem initialized
[2018.04.13-12.56.26:721][  0]LogInit: Selected Device Profile: [Windows]
[2018.04.13-12.56.26:721][  0]LogInit: Applying CVar settings loaded from the selected device profile: [Windows]
[2018.04.13-12.56.26:847][  0]LogInit: Computer: LAPTOP-CLI7GUMK
[2018.04.13-12.56.26:847][  0]LogInit: User: Gary
[2018.04.13-12.56.26:847][  0]LogInit: CPU Page size=4096, Cores=2
[2018.04.13-12.56.26:847][  0]LogInit: High frequency timer resolution =2.835939 MHz
[2018.04.13-12.56.26:848][  0]LogMemory: Memory total: Physical=7.9GB (8GB approx)
[2018.04.13-12.56.26:848][  0]LogMemory: Platform Memory Stats for Windows
[2018.04.13-12.56.26:848][  0]LogMemory: Process Physical Memory: 281.94 MB used, 281.94 MB peak
[2018.04.13-12.56.26:848][  0]LogMemory: Process Virtual Memory: 277.07 MB used, 277.07 MB peak
[2018.04.13-12.56.26:848][  0]LogMemory: Physical Memory: 4131.18 MB used,  3954.94 MB free, 8086.12 MB total
[2018.04.13-12.56.26:848][  0]LogMemory: Virtual Memory: 696.99 MB used,  3954.94 MB free, 134217728.00 MB total
[2018.04.13-12.56.27:470][  0]LogInit: Using OS detected language (en-GB).
[2018.04.13-12.56.27:470][  0]LogInit: Using OS detected locale (en-GB).
[2018.04.13-12.56.27:484][  0]LogTextLocalizationManager: No specific localization for 'en-GB' exists, so the 'en' localization will be used.
[2018.04.13-12.56.30:311][  0]LogD3D11RHI: D3D11 adapters:
[2018.04.13-12.56.30:350][  0]LogD3D11RHI:    0. 'Intel(R) HD Graphics 620' (Feature Level 11_0)
[2018.04.13-12.56.30:350][  0]LogD3D11RHI:       128/0/4043 MB DedicatedVideo/DedicatedSystem/SharedSystem, Outputs:1, VendorId:0x8086
[2018.04.13-12.56.30:359][  0]LogD3D11RHI:    1. 'Microsoft Basic Render Driver' (Feature Level 11_0)
[2018.04.13-12.56.30:359][  0]LogD3D11RHI:       0/0/4043 MB DedicatedVideo/DedicatedSystem/SharedSystem, Outputs:0, VendorId:0x1414
[2018.04.13-12.56.30:359][  0]LogD3D11RHI: Chosen D3D11 Adapter: 0
[2018.04.13-12.56.30:384][  0]LogD3D11RHI: Creating new Direct3DDevice
[2018.04.13-12.56.30:384][  0]LogD3D11RHI:     GPU DeviceId: 0x5916 (for the marketing name, search the web for "GPU Device Id")
[2018.04.13-12.56.30:384][  0]LogWindows: EnumDisplayDevices:
[2018.04.13-12.56.30:385][  0]LogWindows:    0. 'Intel(R) HD Graphics 620' (P:1 D:1)
[2018.04.13-12.56.30:385][  0]LogWindows:    1. 'Intel(R) HD Graphics 620' (P:0 D:0)
[2018.04.13-12.56.30:386][  0]LogWindows:    2. 'Intel(R) HD Graphics 620' (P:0 D:0)
[2018.04.13-12.56.30:386][  0]LogWindows: DebugString: GetVideoDriverDetailsInvalid PrimaryIsNotTheChoosenAdapter GetVideoDriverDetailsInvalid PrimaryIsNotTheChoosenAdapter GetVideoDriverDetailsInvalid PrimaryIsNotTheChoosenAdapter FoundDriverCount:0 
[2018.04.13-12.56.30:386][  0]LogD3D11RHI:     Adapter Name: Intel(R) HD Graphics 620
[2018.04.13-12.56.30:386][  0]LogD3D11RHI:   Driver Version: Unknown (internal:Unknown, unified:Unknown)
[2018.04.13-12.56.30:386][  0]LogD3D11RHI:      Driver Date: Unknown
[2018.04.13-12.56.30:386][  0]LogRHI: Texture pool is 1361 MB (70% of 1945 MB)
[2018.04.13-12.56.30:413][  0]LogD3D11RHI: Async texture creation enabled
[2018.04.13-12.56.30:433][  0]LogD3D11RHI: GPU Timing Frequency: 12.000000 (Debug: 2 0)
[2018.04.13-12.56.30:438][  0]LogShaderCompilers: Guid format shader working directory is 18 characters bigger than the processId version (../../../../Projects/TDEMO-/Intermediate/Shaders/WorkingDirectory/7052/).
[2018.04.13-12.56.30:439][  0]LogShaderCompilers: Cleaned the shader compiler working directory 'C:/Users/Gary/AppData/Local/Temp/UnrealShaderWorkingDir/222CF7EB444D32D88EF4DB93E6B6B837/'.
[2018.04.13-12.56.30:439][  0]LogShaderCompilers: Display: Using Local Shader Compiler.
[2018.04.13-12.56.34:086][  0]LogTemp: Display: Loaded TP AllDesktopTargetPlatform
[2018.04.13-12.56.34:267][  0]LogTemp: Display: Loaded TP MacClientTargetPlatform
[2018.04.13-12.56.34:451][  0]LogTemp: Display: Loaded TP MacNoEditorTargetPlatform
[2018.04.13-12.56.34:632][  0]LogTemp: Display: Loaded TP MacServerTargetPlatform
[2018.04.13-12.56.34:809][  0]LogTemp: Display: Loaded TP MacTargetPlatform
[2018.04.13-12.56.34:975][  0]LogTemp: Display: Loaded TP WindowsClientTargetPlatform
[2018.04.13-12.56.35:150][  0]LogTemp: Display: Loaded TP WindowsNoEditorTargetPlatform
[2018.04.13-12.56.35:327][  0]LogTemp: Display: Loaded TP WindowsServerTargetPlatform
[2018.04.13-12.56.35:476][  0]LogTemp: Display: Loaded TP WindowsTargetPlatform
[2018.04.13-12.56.35:644][  0]LogTemp: Display: Loaded TP AndroidTargetPlatform
[2018.04.13-12.56.35:818][  0]LogTemp: Display: Loaded TP Android_ASTCTargetPlatform
[2018.04.13-12.56.35:990][  0]LogTemp: Display: Loaded TP Android_ATCTargetPlatform
[2018.04.13-12.56.36:166][  0]LogTemp: Display: Loaded TP Android_DXTTargetPlatform
[2018.04.13-12.56.36:333][  0]LogTemp: Display: Loaded TP Android_ETC1TargetPlatform
[2018.04.13-12.56.36:517][  0]LogTemp: Display: Loaded TP Android_ETC2TargetPlatform
[2018.04.13-12.56.36:871][  0]LogTemp: Display: Loaded TP Android_MultiTargetPlatform
[2018.04.13-12.56.36:871][  0]LogTemp: Display: Loaded TP Android_PVRTCTargetPlatform
[2018.04.13-12.56.37:000][  0]LogTemp: Display: Loaded TP HTML5TargetPlatform
[2018.04.13-12.56.37:259][  0]LogTemp: Display: Loaded TP IOSTargetPlatform
[2018.04.13-12.56.37:358][  0]LogTemp: Display: Loaded TP TVOSTargetPlatform
[2018.04.13-12.56.37:539][  0]LogTemp: Display: Loaded TP LinuxClientTargetPlatform
[2018.04.13-12.56.37:701][  0]LogTemp: Display: Loaded TP LinuxNoEditorTargetPlatform
[2018.04.13-12.56.37:865][  0]LogTemp: Display: Loaded TP LinuxServerTargetPlatform
[2018.04.13-12.56.38:039][  0]LogTemp: Display: Loaded TP LinuxTargetPlatform
[2018.04.13-12.56.38:039][  0]LogTargetPlatformManager: Display: Building Assets For Windows
[2018.04.13-12.56.39:667][  0]LogDerivedDataCache: Display: Max Cache Size: 512 MB
[2018.04.13-12.56.39:969][  0]LogDerivedDataCache: Loaded boot cache 0.30s 93MB C:/Users/Gary/AppData/Local/UnrealEngine/4.17/DerivedDataCache/Boot.ddc.
[2018.04.13-12.56.39:969][  0]LogDerivedDataCache: Display: Loaded Boot cache: C:/Users/Gary/AppData/Local/UnrealEngine/4.17/DerivedDataCache/Boot.ddc
[2018.04.13-12.56.39:970][  0]LogDerivedDataCache: FDerivedDataBackendGraph:  Pak pak cache file ../../../../Projects/TDEMO-/DerivedDataCache/DDC.ddp not found, will not use a pak cache.
[2018.04.13-12.56.39:970][  0]LogDerivedDataCache: Unable to find inner node Pak for hierarchical cache Hierarchy.
[2018.04.13-12.56.39:970][  0]LogDerivedDataCache: FDerivedDataBackendGraph:  CompressedPak pak cache file ../../../../Projects/TDEMO-/DerivedDataCache/Compressed.ddp not found, will not use a pak cache.
[2018.04.13-12.56.39:970][  0]LogDerivedDataCache: Unable to find inner node CompressedPak for hierarchical cache Hierarchy.
[2018.04.13-12.56.40:031][  0]LogDerivedDataCache: Display: Pak cache opened for reading ../../../Engine/DerivedDataCache/Compressed.ddp.
[2018.04.13-12.56.40:046][  0]LogDerivedDataCache: Using Local data cache path C:/Users/Gary/AppData/Local/UnrealEngine/Common/DerivedDataCache: Writable
[2018.04.13-12.56.40:084][  0]LogMaterial: Verifying Global Shaders for PCD3D_SM5
[2018.04.13-12.56.40:085][  0]LogSlate: Using Freetype 2.6.0
[2018.04.13-12.56.40:088][  0]LogSlate: SlateFontCache - WITH_FREETYPE: 1, WITH_HARFBUZZ: 1
[2018.04.13-12.56.40:088][  0]LogSlate: SlateFontCache - WITH_FREETYPE: 1, WITH_HARFBUZZ: 1
[2018.04.13-12.56.41:054][  0]LogAssetRegistry: FAssetRegistry took 0.0446 seconds to start up
[2018.04.13-12.56.41:576][  0]LogInit: Selected Device Profile: [Windows]
[2018.04.13-12.56.42:250][  0]LogContentStreaming: Texture pool size is 0.00 MB
[2018.04.13-12.56.43:556][  0]LogSimplygon: Simplygon DLL not present - disabling.
[2018.04.13-12.56.43:759][  0]LogMeshReduction: Using SimplygonSwarm for distributed automatic mesh merging
[2018.04.13-12.56.43:759][  0]LogMeshReduction: Using QuadricMeshReduction for automatic static mesh reduction
[2018.04.13-12.56.43:759][  0]LogMeshReduction: No automatic skeletal mesh reduction module available
[2018.04.13-12.56.43:759][  0]LogMeshReduction: No automatic mesh merging module available
[2018.04.13-12.56.43:759][  0]LogMeshMerging: No automatic mesh merging module available
[2018.04.13-12.56.45:338][  0]LogNetVersion: AntsGame , NetCL: 3573198, EngineNetVer: 2, GameNetVer: 0 (Checksum: 3821802436)
[2018.04.13-12.56.46:382][  0]LogPackageLocalizationCache: Processed 5 localized package path(s) for 2 prioritized culture(s) in 0.286972 seconds
[2018.04.13-12.56.46:405][  0]LogUObjectArray: 35825 objects as part of root set at end of initial load.
[2018.04.13-12.56.46:405][  0]LogUObjectAllocator: 7529112 out of 0 bytes used by permanent object pool.
[2018.04.13-12.56.46:405][  0]LogUObjectArray: CloseDisregardForGC: 0/0 objects in disregard for GC pool
[2018.04.13-12.56.46:654][  0]LogInit: WinSock: version 1.1 (2.2), MaxSocks=32767, MaxUdp=65467
[2018.04.13-12.56.57:996][  0]LogTcpMessaging: Initializing TcpMessaging bridge
[2018.04.13-12.56.58:116][  0]LogUdpMessaging: Initializing bridge on interface 0.0.0.0:0 to multicast group 230.0.0.1:6666.
[2018.04.13-12.57.00:311][  0]LogMaterial: Uniform references updated for custom material expression Custom.
[2018.04.13-12.57.01:818][  0]SourceControl: Source control is disabled
[2018.04.13-12.57.01:818][  0]SourceControl: Source control is disabled
[2018.04.13-12.57.01:998][  0]SourceControl: Source control is disabled
[2018.04.13-12.57.02:174][  0]SourceControl: Source control is disabled
[2018.04.13-12.57.04:258][  0]LogAndroidPermission: UAndroidPermissionCallbackProxy::GetInstance
[2018.04.13-12.57.05:094][  0]LogOcInput: OculusInput pre-init called
[2018.04.13-12.57.05:930][  0]LogEngine: Initializing Engine...
[2018.04.13-12.57.05:937][  0]LogHMD: Failed to initialize OpenVR with code 110
[2018.04.13-12.57.06:730][  0]LogStats: UGameplayTagsManager::ConstructGameplayTagTree: Construct from data asset -  0.000 s
[2018.04.13-12.57.06:731][  0]LogStats: UGameplayTagsManager::ConstructGameplayTagTree: GameplayTagTreeChangedEvent.Broadcast -  0.000 s
[2018.04.13-12.57.07:201][  0]LogAIModule: Creating AISystem for world Untitled
[2018.04.13-12.57.07:253][  0]LogInit: XAudio2 using 'Speakers (Realtek High Definition Audio)' : 2 channels at 48 kHz using 32 bits per sample (channel mask 0x3)
[2018.04.13-12.57.07:331][  0]LogInit: FAudioDevice initialized.
[2018.04.13-12.57.07:562][  0]LogDerivedDataCache: Saved boot cache 0.23s 93MB C:/Users/Gary/AppData/Local/UnrealEngine/4.17/DerivedDataCache/Boot.ddc.
[2018.04.13-12.57.07:595][  0]LogInit: Texture streaming: Enabled
[2018.04.13-12.57.07:972][  0]LogEngineSessionManager: EngineSessionManager initialized
[2018.04.13-12.57.08:791][  0]LogInit: Transaction tracking system initialized
[2018.04.13-12.57.09:879][  0]BlueprintLog: New page: Editor Load
[2018.04.13-12.57.13:129][  0]LocalizationService: Localization service is disabled
[2018.04.13-12.57.15:022][  0]LogLinker: Warning: Can't find file '/Game/FlyingBP/FlyingOverview'
[2018.04.13-12.57.15:023][  0]LogLinker: Warning: Can't find file '/Game/FlyingBP/FlyingOverview'
[2018.04.13-12.57.15:023][  0]LogUObjectGlobals: Warning: Failed to find object 'Class /Game/FlyingBP/FlyingOverview.FlyingOverview_C'
[2018.04.13-12.57.15:704][  0]LogConsoleResponse: Display: 
[2018.04.13-12.57.16:585][  0]LogCook: Display: Max memory allowance for cook 16384mb min free memory 0mb
[2018.04.13-12.57.16:585][  0]LogCook: Display: Mobile HDR setting 1
[2018.04.13-12.57.16:585][  0]LogGameplayTags: Display: UGameplayTagsManager::DoneAddingNativeTags. DelegateIsBound: 0
[2018.04.13-12.57.17:183][  0]LogFileCache: Scanning file cache for directory 'D:/Game Dev/Epic Games/Projects/TDEMO-/Content/' took 0.06s
[2018.04.13-12.57.20:401][  0]SourceControl: Source control is disabled
[2018.04.13-12.57.20:401][  0]Cmd: MAP LOAD FILE="../../../../Projects/TDEMO-/Content/Levels/PicnicLevel.umap" TEMPLATE=0 SHOWPROGRESS=1 FEATURELEVEL=3
[2018.04.13-12.57.20:403][  0]LightingResults: New page: Lighting Build
[2018.04.13-12.57.20:551][  0]MapCheck: New page: Map Check
[2018.04.13-12.57.20:551][  0]LightingResults: New page: Lighting Build
[2018.04.13-12.57.21:101][  0]LogBlueprint: Warning: [Turret] 'Charge Bar' variable not found. Base class was probably changed.
[2018.04.13-12.57.21:103][  0]LogBlueprint: Warning: [Turret] 'Charge Bar' variable not found. Base class was probably changed.
[2018.04.13-12.57.21:103][  0]LogBlueprint: Warning: [Turret] 'Charge Bar 2' variable not found. Base class was probably changed.
[2018.04.13-12.57.21:103][  0]LogBlueprint: Warning: [Turret] 'Charge Bar 2' variable not found. Base class was probably changed.
[2018.04.13-12.57.22:327][  0]LogBlueprint: Warning: [Turret2] 'Charge Bar' variable not found. Base class was probably changed.
[2018.04.13-12.57.22:328][  0]LogBlueprint: Warning: [Turret2] 'Charge Bar' variable not found. Base class was probably changed.
[2018.04.13-12.57.22:328][  0]LogBlueprint: Warning: [Turret2] 'Charge Bar 2' variable not found. Base class was probably changed.
[2018.04.13-12.57.22:328][  0]LogBlueprint: Warning: [Turret2] 'Charge Bar 2' variable not found. Base class was probably changed.
[2018.04.13-12.57.26:348][  0]LogAIModule: Creating AISystem for world PicnicLevel
[2018.04.13-12.57.26:717][  0]LogEditorServer: Finished looking for orphan Actors (0.000 secs)
[2018.04.13-12.57.26:827][  0]Cmd: MAP CHECKDEP NOCLEARLOG
[2018.04.13-12.57.27:197][  0]MapCheck: Map check complete: 0 Error(s), 0 Warning(s), took 368.897ms to complete.
[2018.04.13-12.57.27:198][  0]LogFileHelpers: Loading map 'PicnicLevel' took 6.797
[2018.04.13-12.57.27:330][  0]LogWindowsTextInputMethodSystem: Display: IME system now deactivated.
[2018.04.13-12.57.27:330][  0]LogWindowsTextInputMethodSystem: Display: IME system now deactivated.
[2018.04.13-12.57.32:403][  0]LogCollectionManager: Loaded 0 collections in 0.027439 seconds
[2018.04.13-12.57.32:947][  0]LogFileCache: Scanning file cache for directory 'D:/Game Dev/Epic Games/Projects/TDEMO-/Saved/Collections/' took 0.01s
[2018.04.13-12.57.32:947][  0]LogFileCache: Scanning file cache for directory 'D:/Game Dev/Epic Games/Projects/TDEMO-/Content/Developers/Gary/Collections/' took 0.01s
[2018.04.13-12.57.32:947][  0]LogFileCache: Scanning file cache for directory 'D:/Game Dev/Epic Games/Projects/TDEMO-/Content/Collections/' took 0.02s
[2018.04.13-12.57.32:947][  0]LogCollectionManager: Rebuilt the GUID cache for 0 collections in 0.000002 seconds
[2018.04.13-12.57.33:028][  0]LogContentBrowser: Native class hierarchy populated in 0.0762 seconds. Added 2386 classes and 500 folders.
[2018.04.13-12.57.33:550][  0]LogContentBrowser: Native class hierarchy updated for 'WidgetCarousel' in 0.0054 seconds. Added 0 classes and 0 folders.
[2018.04.13-12.57.35:693][  0]LogContentBrowser: Native class hierarchy updated for 'AddContentDialog' in 0.0037 seconds. Added 0 classes and 0 folders.
[2018.04.13-12.57.36:021][  0]LogContentBrowser: Native class hierarchy updated for 'SceneOutliner' in 0.0049 seconds. Added 1 classes and 2 folders.
[2018.04.13-12.57.38:496][  0]LogContentBrowser: Native class hierarchy updated for 'WorldBrowser' in 0.0035 seconds. Added 2 classes and 3 folders.
[2018.04.13-12.57.38:966][  0]LogSlate: Took 0.001917 seconds to synchronously load lazily loaded font '../../../Engine/Content/Slate/Fonts/Roboto-Regular.ttf' (155K)
[2018.04.13-12.57.39:010][  0]LogSlate: Took 0.002144 seconds to synchronously load lazily loaded font '../../../Engine/Content/Slate/Fonts/Roboto-Bold.ttf' (160K)
[2018.04.13-12.57.39:107][  0]LogSlate: Took 0.021573 seconds to synchronously load lazily loaded font '../../../Engine/Content/Editor/Slate/Fonts/FontAwesome.ttf' (139K)
[2018.04.13-12.57.45:083][  0]LogRenderer: Reallocating scene render targets to support 1008x472 Format 10 NumSamples 1 (Frame:1).
[2018.04.13-12.57.50:839][  0]LogSlate: Took 0.017586 seconds to synchronously load lazily loaded font '../../../Engine/Content/Slate/Fonts/Roboto-Light.ttf' (159K)
[2018.04.13-12.57.51:634][  0]LogContentBrowser: Native class hierarchy updated for 'HierarchicalLODOutliner' in 0.0024 seconds. Added 1 classes and 2 folders.
[2018.04.13-12.57.51:635][  0]LogLoad: (Engine Initialization) Total time: 93.51 seconds
[2018.04.13-12.57.51:635][  0]LogLoad: (Engine Initialization) Total Blueprint compile time: 0.00 seconds
[2018.04.13-12.57.51:636][  0]LogExternalProfiler: No external profilers were discovered.  External profiling features will not be available.
[2018.04.13-12.57.51:753][  0]LogContentStreaming: Texture pool size now 1000 MB
[2018.04.13-12.57.51:867][  1]LogFileCache: Retrieving MD5 hashes for directory 'D:/Game Dev/Epic Games/Projects/TDEMO-/Content/' took 0.18s
[2018.04.13-12.57.56:476][  6]LogAssetRegistry: Asset discovery search completed in 75.4455 seconds
[2018.04.13-12.57.56:487][  6]LogCollectionManager: Rebuilt the object cache for 0 collections in 0.000001 seconds (found 0 objects)
[2018.04.13-12.57.56:488][  6]LogCollectionManager: Fixed up redirectors for 0 collections in 0.000289 seconds (updated 0 objects)
[2018.04.13-13.00.04:780][179]LogSlate: Took 0.001129 seconds to synchronously load lazily loaded font '../../../Engine/Content/Slate/Fonts/Roboto-Light.ttf' (159K)
[2018.04.13-13.00.04:854][179]Cmd: OBJ SAVEPACKAGE PACKAGE="/Game/Levels/PicnicLevel" FILE="../../../../Projects/TDEMO-/Content/Levels/PicnicLevel.umap" SILENT=true AUTOSAVING=false KEEPDIRTY=false
[2018.04.13-13.00.09:501][179]LogSlate: Took 0.000733 seconds to synchronously load lazily loaded font '../../../Engine/Content/Slate/Fonts/Roboto-Regular.ttf' (155K)
[2018.04.13-13.00.09:559][179]LogSavePackage: Save=3660.48ms
[2018.04.13-13.00.09:559][179]LogSavePackage: Moving '../../../../Projects/TDEMO-/Saved/PicnicLevel20D30D8A465C85FFF2C4638A298992A4.tmp' to '../../../../Projects/TDEMO-/Content/Levels/PicnicLevel.umap'
[2018.04.13-13.00.09:588][179]LogSavePackage: Display: Finished SavePackage ../../../../Projects/TDEMO-/Content/Levels/PicnicLevel.umap
[2018.04.13-13.00.09:885][179]Cmd: OBJ SAVEPACKAGE PACKAGE="/Game/Levels/PicnicLevel_BuiltData" FILE="../../../../Projects/TDEMO-/Content/Levels/PicnicLevel_BuiltData.uasset" SILENT=true
[2018.04.13-13.00.10:128][179]LogSavePackage: Save=194.45ms
[2018.04.13-13.00.10:129][179]LogSavePackage: Moving '../../../../Projects/TDEMO-/Saved/PicnicLevel_BuiltDataCE66D96B474466ED8D3B79ACB0720980.tmp' to '../../../../Projects/TDEMO-/Content/Levels/PicnicLevel_BuiltData.uasset'
[2018.04.13-13.00.10:162][179]LogSavePackage: Display: Finished SavePackage ../../../../Projects/TDEMO-/Content/Levels/PicnicLevel_BuiltData.uasset
