Log file open, 04/14/18 15:12:19
LogWindows: Failed to load 'aqProf.dll' (GetLastError=126)
LogWindows: File 'aqProf.dll' does not exist
LogWindows: Failed to load 'VSPerf140.dll' (GetLastError=126)
LogWindows: File 'VSPerf140.dll' does not exist
LogWindows: Failed to load 'VtuneApi.dll' (GetLastError=126)
LogWindows: File 'VtuneApi.dll' does not exist
LogWindows: Failed to load 'VtuneApi32e.dll' (GetLastError=126)
LogWindows: File 'VtuneApi32e.dll' does not exist
LogInit: Display: Running engine for game: AntsGame
LogPlatformFile: Not using cached read wrapper
LogInit: Display: RandInit(1346567700) SRandInit(1346567700).
LogTaskGraph: Started task graph with 5 named threads and 8 total threads with 3 sets of task threads.
LogStats: Stats thread started at 0.509630
LogD3D11RHI: Aftermath initialized
LogPluginManager: Mounting plugin Paper2D
LogPluginManager: Mounting plugin LightPropagationVolume
LogPluginManager: Mounting plugin CodeLiteSourceCodeAccess
LogPluginManager: Mounting plugin GitSourceControl
LogPluginManager: Mounting plugin KDevelopSourceCodeAccess
LogPluginManager: Mounting plugin NullSourceCodeAccess
LogPluginManager: Mounting plugin PerforceSourceControl
LogPluginManager: Mounting plugin SubversionSourceControl
LogPluginManager: Mounting plugin UObjectPlugin
LogPluginManager: Mounting plugin VisualStudioSourceCodeAccess
LogPluginManager: Mounting plugin XCodeSourceCodeAccess
LogPluginManager: Mounting plugin AssetManagerEditor
LogPluginManager: Mounting plugin AudioCapture
LogPluginManager: Mounting plugin FacialAnimation
LogPluginManager: Mounting plugin GameplayTagsEditor
LogPluginManager: Mounting plugin MobileLauncherProfileWizard
LogPluginManager: Mounting plugin PluginBrowser
LogPluginManager: Mounting plugin SpeedTreeImporter
LogPluginManager: Mounting plugin AlembicImporter
LogPluginManager: Mounting plugin CharacterAI
LogPluginManager: Mounting plugin HTML5Networking
LogPluginManager: Mounting plugin AndroidMedia
LogPluginManager: Mounting plugin AvfMedia
LogPluginManager: Mounting plugin MediaPlayerEditor
LogPluginManager: Mounting plugin WmfMedia
LogPluginManager: Mounting plugin TcpMessaging
LogPluginManager: Mounting plugin UdpMessaging
LogPluginManager: Mounting plugin LevelSequenceEditor
LogPluginManager: Mounting plugin MatineeToLevelSequence
LogPluginManager: Mounting plugin OnlineSubsystemGooglePlay
LogPluginManager: Mounting plugin OnlineSubsystemIOS
LogPluginManager: Mounting plugin OnlineSubsystem
LogPluginManager: Mounting plugin OnlineSubsystemNull
LogPluginManager: Mounting plugin OnlineSubsystemUtils
LogPluginManager: Mounting plugin AndroidDeviceProfileSelector
LogPluginManager: Mounting plugin AndroidMoviePlayer
LogPluginManager: Mounting plugin AndroidPermission
LogPluginManager: Mounting plugin AppleMoviePlayer
LogPluginManager: Mounting plugin ArchVisCharacter
LogPluginManager: Mounting plugin CableComponent
LogPluginManager: Mounting plugin CustomMeshComponent
LogPluginManager: Mounting plugin ExampleDeviceProfileSelector
LogPluginManager: Mounting plugin GoogleCloudMessaging
LogPluginManager: Mounting plugin ImmediatePhysics
LogPluginManager: Mounting plugin IOSDeviceProfileSelector
LogPluginManager: Mounting plugin LinuxDeviceProfileSelector
LogPluginManager: Mounting plugin LocationServicesBPLibrary
LogPluginManager: Mounting plugin MobilePatchingUtils
LogPluginManager: Mounting plugin OculusVR
LogPluginManager: Mounting plugin PhysXVehicles
LogPluginManager: Mounting plugin ProceduralMeshComponent
LogPluginManager: Mounting plugin RuntimePhysXCooking
LogPluginManager: Mounting plugin SteamVR
LogPluginManager: Mounting plugin WindowsMoviePlayer
LogInit: Using libcurl 7.47.1
LogInit:  - built for x86_64-pc-win32
LogInit:  - supports SSL with OpenSSL/1.0.2g
LogInit:  - supports HTTP deflate (compression) using libz 1.2.8
LogInit:  - other features:
LogInit:      CURL_VERSION_SSL
LogInit:      CURL_VERSION_LIBZ
LogInit:      CURL_VERSION_IPV6
LogInit:      CURL_VERSION_ASYNCHDNS
LogInit:      CURL_VERSION_LARGEFILE
LogInit:      CURL_VERSION_IDN
LogInit:  CurlRequestOptions (configurable via config and command line):
LogInit:  - bVerifyPeer = false  - Libcurl will NOT verify peer certificate
LogInit:  - bUseHttpProxy = false  - Libcurl will NOT use HTTP proxy
LogInit:  - bDontReuseConnections = false  - Libcurl will reuse connections
LogInit:  - CertBundlePath = nullptr  - Libcurl will use whatever was configured at build time.
LogInit: Build: ++UE4+Release-4.17-CL-3658906
LogInit: Engine Version: 4.17.2-3658906+++UE4+Release-4.17
LogInit: Compatible Engine Version: 4.17.0-3573198+++UE4+Release-4.17
LogInit: Net CL: 3573198
LogDevObjectVersion: Number of dev versions registered: 16
LogDevObjectVersion:   Dev-Blueprints (B0D832E4-1F89-4F0D-ACCF-7EB736FD4AA2): 10
LogDevObjectVersion:   Dev-Build (E1C64328-A22C-4D53-A36C-8E866417BD8C): 0
LogDevObjectVersion:   Dev-Core (375EC13C-06E4-48FB-B500-84F0262A717E): 2
LogDevObjectVersion:   Dev-Editor (E4B068ED-F494-42E9-A231-DA0B2E46BB41): 20
LogDevObjectVersion:   Dev-Framework (CFFC743F-43B0-4480-9391-14DF171D2073): 28
LogDevObjectVersion:   Dev-Mobile (B02B49B5-BB20-44E9-A304-32B752E40360): 0
LogDevObjectVersion:   Dev-Networking (A4E4105C-59A1-49B5-A7C5-40C4547EDFEE): 0
LogDevObjectVersion:   Dev-Online (39C831C9-5AE6-47DC-9A44-9C173E1C8E7C): 0
LogDevObjectVersion:   Dev-Physics (78F01B33-EBEA-4F98-B9B4-84EACCB95AA2): 0
LogDevObjectVersion:   Dev-Platform (6631380F-2D4D-43E0-8009-CF276956A95A): 0
LogDevObjectVersion:   Dev-Rendering (12F88B9F-8875-4AFC-A67C-D90C383ABD29): 19
LogDevObjectVersion:   Dev-Sequencer (7B5AE74C-D270-4C10-A958-57980B212A5A): 4
LogDevObjectVersion:   Dev-VR (D7296918-1DD6-4BDD-9DE2-64A83CC13884): 0
LogDevObjectVersion:   Dev-LoadTimes (C2A15278-BFE7-4AFE-6C17-90FF531DF755): 1
LogDevObjectVersion:   Private-Geometry (6EACA3D4-40EC-4CC1-B786-8BED09428FC5): 1
LogDevObjectVersion:   Dev-AnimPhys (29E575DD-E0A3-4627-9D10-D276232CDCEA): 7
LogInit: Compiled (64-bit): Sep 22 2017 13:47:16
LogInit: Compiled with Visual C++: 19.00.24215.01
LogInit: Build Configuration: Development
LogInit: Branch Name: ++UE4+Release-4.17
LogInit: Command line: -EpicPortal 
LogInit: Base directory: D:/Game Dev/Epic Games/UE_4.17/Engine/Binaries/Win64/
LogInit: Installed Engine Build: 1
LogInit: Presizing for max 8388607 objects, including 0 objects not considered by GC, pre-allocating 0 bytes for permanent pool.
LogInit: Object subsystem initialized
[2018.04.14-14.12.21:851][  0]LogInit: Selected Device Profile: [Windows]
[2018.04.14-14.12.21:851][  0]LogInit: Applying CVar settings loaded from the selected device profile: [Windows]
[2018.04.14-14.12.21:891][  0]LogInit: Computer: LAPTOP-CLI7GUMK
[2018.04.14-14.12.21:891][  0]LogInit: User: Gary
[2018.04.14-14.12.21:891][  0]LogInit: CPU Page size=4096, Cores=2
[2018.04.14-14.12.21:891][  0]LogInit: High frequency timer resolution =2.835939 MHz
[2018.04.14-14.12.21:892][  0]LogMemory: Memory total: Physical=7.9GB (8GB approx)
[2018.04.14-14.12.21:892][  0]LogMemory: Platform Memory Stats for Windows
[2018.04.14-14.12.21:892][  0]LogMemory: Process Physical Memory: 281.72 MB used, 281.72 MB peak
[2018.04.14-14.12.21:892][  0]LogMemory: Process Virtual Memory: 276.93 MB used, 276.93 MB peak
[2018.04.14-14.12.21:892][  0]LogMemory: Physical Memory: 3533.97 MB used,  4552.15 MB free, 8086.12 MB total
[2018.04.14-14.12.21:892][  0]LogMemory: Virtual Memory: 696.99 MB used,  4552.15 MB free, 134217728.00 MB total
[2018.04.14-14.12.22:421][  0]LogInit: Using OS detected language (en-GB).
[2018.04.14-14.12.22:421][  0]LogInit: Using OS detected locale (en-GB).
[2018.04.14-14.12.22:433][  0]LogTextLocalizationManager: No specific localization for 'en-GB' exists, so the 'en' localization will be used.
[2018.04.14-14.12.24:672][  0]LogD3D11RHI: D3D11 adapters:
[2018.04.14-14.12.24:706][  0]LogD3D11RHI:    0. 'Intel(R) HD Graphics 620' (Feature Level 11_0)
[2018.04.14-14.12.24:707][  0]LogD3D11RHI:       128/0/4043 MB DedicatedVideo/DedicatedSystem/SharedSystem, Outputs:1, VendorId:0x8086
[2018.04.14-14.12.24:716][  0]LogD3D11RHI:    1. 'Microsoft Basic Render Driver' (Feature Level 11_0)
[2018.04.14-14.12.24:716][  0]LogD3D11RHI:       0/0/4043 MB DedicatedVideo/DedicatedSystem/SharedSystem, Outputs:0, VendorId:0x1414
[2018.04.14-14.12.24:716][  0]LogD3D11RHI: Chosen D3D11 Adapter: 0
[2018.04.14-14.12.24:736][  0]LogD3D11RHI: Creating new Direct3DDevice
[2018.04.14-14.12.24:736][  0]LogD3D11RHI:     GPU DeviceId: 0x5916 (for the marketing name, search the web for "GPU Device Id")
[2018.04.14-14.12.24:736][  0]LogWindows: EnumDisplayDevices:
[2018.04.14-14.12.24:737][  0]LogWindows:    0. 'Intel(R) HD Graphics 620' (P:1 D:1)
[2018.04.14-14.12.24:737][  0]LogWindows:    1. 'Intel(R) HD Graphics 620' (P:0 D:0)
[2018.04.14-14.12.24:738][  0]LogWindows:    2. 'Intel(R) HD Graphics 620' (P:0 D:0)
[2018.04.14-14.12.24:738][  0]LogWindows: DebugString: GetVideoDriverDetailsInvalid PrimaryIsNotTheChoosenAdapter GetVideoDriverDetailsInvalid PrimaryIsNotTheChoosenAdapter GetVideoDriverDetailsInvalid PrimaryIsNotTheChoosenAdapter FoundDriverCount:0 
[2018.04.14-14.12.24:738][  0]LogD3D11RHI:     Adapter Name: Intel(R) HD Graphics 620
[2018.04.14-14.12.24:738][  0]LogD3D11RHI:   Driver Version: Unknown (internal:Unknown, unified:Unknown)
[2018.04.14-14.12.24:739][  0]LogD3D11RHI:      Driver Date: Unknown
[2018.04.14-14.12.24:739][  0]LogRHI: Texture pool is 1361 MB (70% of 1945 MB)
[2018.04.14-14.12.24:764][  0]LogD3D11RHI: Async texture creation enabled
[2018.04.14-14.12.24:782][  0]LogD3D11RHI: GPU Timing Frequency: 12.000000 (Debug: 2 0)
[2018.04.14-14.12.24:786][  0]LogShaderCompilers: Guid format shader working directory is 18 characters bigger than the processId version (../../../../Projects/TDEMO-/Intermediate/Shaders/WorkingDirectory/6096/).
[2018.04.14-14.12.24:787][  0]LogShaderCompilers: Cleaned the shader compiler working directory 'C:/Users/Gary/AppData/Local/Temp/UnrealShaderWorkingDir/912CD6DA47B00E48A954048929F38314/'.
[2018.04.14-14.12.24:787][  0]LogShaderCompilers: Display: Using Local Shader Compiler.
[2018.04.14-14.12.27:871][  0]LogTemp: Display: Loaded TP AllDesktopTargetPlatform
[2018.04.14-14.12.28:014][  0]LogTemp: Display: Loaded TP MacClientTargetPlatform
[2018.04.14-14.12.28:158][  0]LogTemp: Display: Loaded TP MacNoEditorTargetPlatform
[2018.04.14-14.12.28:299][  0]LogTemp: Display: Loaded TP MacServerTargetPlatform
[2018.04.14-14.12.28:446][  0]LogTemp: Display: Loaded TP MacTargetPlatform
[2018.04.14-14.12.28:581][  0]LogTemp: Display: Loaded TP WindowsClientTargetPlatform
[2018.04.14-14.12.28:732][  0]LogTemp: Display: Loaded TP WindowsNoEditorTargetPlatform
[2018.04.14-14.12.28:873][  0]LogTemp: Display: Loaded TP WindowsServerTargetPlatform
[2018.04.14-14.12.29:000][  0]LogTemp: Display: Loaded TP WindowsTargetPlatform
[2018.04.14-14.12.29:137][  0]LogTemp: Display: Loaded TP AndroidTargetPlatform
[2018.04.14-14.12.29:279][  0]LogTemp: Display: Loaded TP Android_ASTCTargetPlatform
[2018.04.14-14.12.29:421][  0]LogTemp: Display: Loaded TP Android_ATCTargetPlatform
[2018.04.14-14.12.29:562][  0]LogTemp: Display: Loaded TP Android_DXTTargetPlatform
[2018.04.14-14.12.29:700][  0]LogTemp: Display: Loaded TP Android_ETC1TargetPlatform
[2018.04.14-14.12.29:849][  0]LogTemp: Display: Loaded TP Android_ETC2TargetPlatform
[2018.04.14-14.12.30:112][  0]LogTemp: Display: Loaded TP Android_MultiTargetPlatform
[2018.04.14-14.12.30:112][  0]LogTemp: Display: Loaded TP Android_PVRTCTargetPlatform
[2018.04.14-14.12.30:217][  0]LogTemp: Display: Loaded TP HTML5TargetPlatform
[2018.04.14-14.12.30:429][  0]LogTemp: Display: Loaded TP IOSTargetPlatform
[2018.04.14-14.12.30:514][  0]LogTemp: Display: Loaded TP TVOSTargetPlatform
[2018.04.14-14.12.30:652][  0]LogTemp: Display: Loaded TP LinuxClientTargetPlatform
[2018.04.14-14.12.30:796][  0]LogTemp: Display: Loaded TP LinuxNoEditorTargetPlatform
[2018.04.14-14.12.30:927][  0]LogTemp: Display: Loaded TP LinuxServerTargetPlatform
[2018.04.14-14.12.31:083][  0]LogTemp: Display: Loaded TP LinuxTargetPlatform
[2018.04.14-14.12.31:083][  0]LogTargetPlatformManager: Display: Building Assets For Windows
[2018.04.14-14.12.32:358][  0]LogDerivedDataCache: Display: Max Cache Size: 512 MB
[2018.04.14-14.12.32:628][  0]LogDerivedDataCache: Loaded boot cache 0.27s 93MB C:/Users/Gary/AppData/Local/UnrealEngine/4.17/DerivedDataCache/Boot.ddc.
[2018.04.14-14.12.32:628][  0]LogDerivedDataCache: Display: Loaded Boot cache: C:/Users/Gary/AppData/Local/UnrealEngine/4.17/DerivedDataCache/Boot.ddc
[2018.04.14-14.12.32:628][  0]LogDerivedDataCache: FDerivedDataBackendGraph:  Pak pak cache file ../../../../Projects/TDEMO-/DerivedDataCache/DDC.ddp not found, will not use a pak cache.
[2018.04.14-14.12.32:628][  0]LogDerivedDataCache: Unable to find inner node Pak for hierarchical cache Hierarchy.
[2018.04.14-14.12.32:628][  0]LogDerivedDataCache: FDerivedDataBackendGraph:  CompressedPak pak cache file ../../../../Projects/TDEMO-/DerivedDataCache/Compressed.ddp not found, will not use a pak cache.
[2018.04.14-14.12.32:628][  0]LogDerivedDataCache: Unable to find inner node CompressedPak for hierarchical cache Hierarchy.
[2018.04.14-14.12.32:678][  0]LogDerivedDataCache: Display: Pak cache opened for reading ../../../Engine/DerivedDataCache/Compressed.ddp.
[2018.04.14-14.12.32:693][  0]LogDerivedDataCache: Using Local data cache path C:/Users/Gary/AppData/Local/UnrealEngine/Common/DerivedDataCache: Writable
[2018.04.14-14.12.32:724][  0]LogMaterial: Verifying Global Shaders for PCD3D_SM5
[2018.04.14-14.12.32:725][  0]LogSlate: Using Freetype 2.6.0
[2018.04.14-14.12.32:726][  0]LogSlate: SlateFontCache - WITH_FREETYPE: 1, WITH_HARFBUZZ: 1
[2018.04.14-14.12.32:726][  0]LogSlate: SlateFontCache - WITH_FREETYPE: 1, WITH_HARFBUZZ: 1
[2018.04.14-14.12.33:518][  0]LogAssetRegistry: FAssetRegistry took 0.0367 seconds to start up
[2018.04.14-14.12.33:966][  0]LogInit: Selected Device Profile: [Windows]
[2018.04.14-14.12.34:485][  0]LogContentStreaming: Texture pool size is 0.00 MB
[2018.04.14-14.12.35:597][  0]LogSimplygon: Simplygon DLL not present - disabling.
[2018.04.14-14.12.35:741][  0]LogMeshReduction: Using SimplygonSwarm for distributed automatic mesh merging
[2018.04.14-14.12.35:742][  0]LogMeshReduction: Using QuadricMeshReduction for automatic static mesh reduction
[2018.04.14-14.12.35:742][  0]LogMeshReduction: No automatic skeletal mesh reduction module available
[2018.04.14-14.12.35:742][  0]LogMeshReduction: No automatic mesh merging module available
[2018.04.14-14.12.35:742][  0]LogMeshMerging: No automatic mesh merging module available
[2018.04.14-14.12.37:052][  0]LogNetVersion: AntsGame , NetCL: 3573198, EngineNetVer: 2, GameNetVer: 0 (Checksum: 3821802436)
[2018.04.14-14.12.37:849][  0]LogPackageLocalizationCache: Processed 5 localized package path(s) for 2 prioritized culture(s) in 0.139810 seconds
[2018.04.14-14.12.37:875][  0]LogUObjectArray: 35825 objects as part of root set at end of initial load.
[2018.04.14-14.12.37:875][  0]LogUObjectAllocator: 7529112 out of 0 bytes used by permanent object pool.
[2018.04.14-14.12.37:875][  0]LogUObjectArray: CloseDisregardForGC: 0/0 objects in disregard for GC pool
[2018.04.14-14.12.38:093][  0]LogInit: WinSock: version 1.1 (2.2), MaxSocks=32767, MaxUdp=65467
[2018.04.14-14.12.47:752][  0]LogTcpMessaging: Initializing TcpMessaging bridge
[2018.04.14-14.12.47:843][  0]LogUdpMessaging: Initializing bridge on interface 0.0.0.0:0 to multicast group 230.0.0.1:6666.
[2018.04.14-14.12.49:744][  0]LogMaterial: Uniform references updated for custom material expression Custom.
[2018.04.14-14.12.50:901][  0]SourceControl: Source control is disabled
[2018.04.14-14.12.50:901][  0]SourceControl: Source control is disabled
[2018.04.14-14.12.51:055][  0]SourceControl: Source control is disabled
[2018.04.14-14.12.51:190][  0]SourceControl: Source control is disabled
[2018.04.14-14.12.52:843][  0]LogAndroidPermission: UAndroidPermissionCallbackProxy::GetInstance
[2018.04.14-14.12.53:526][  0]LogOcInput: OculusInput pre-init called
[2018.04.14-14.12.54:245][  0]LogEngine: Initializing Engine...
[2018.04.14-14.12.54:251][  0]LogHMD: Failed to initialize OpenVR with code 110
[2018.04.14-14.12.54:883][  0]LogStats: UGameplayTagsManager::ConstructGameplayTagTree: Construct from data asset -  0.000 s
[2018.04.14-14.12.54:884][  0]LogStats: UGameplayTagsManager::ConstructGameplayTagTree: GameplayTagTreeChangedEvent.Broadcast -  0.000 s
[2018.04.14-14.12.55:249][  0]LogAIModule: Creating AISystem for world Untitled
[2018.04.14-14.12.55:349][  0]LogInit: XAudio2 using 'Speakers (Realtek High Definition Audio)' : 2 channels at 48 kHz using 32 bits per sample (channel mask 0x3)
[2018.04.14-14.12.55:415][  0]LogInit: FAudioDevice initialized.
[2018.04.14-14.12.55:609][  0]LogDerivedDataCache: Saved boot cache 0.19s 93MB C:/Users/Gary/AppData/Local/UnrealEngine/4.17/DerivedDataCache/Boot.ddc.
[2018.04.14-14.12.55:637][  0]LogInit: Texture streaming: Enabled
[2018.04.14-14.12.55:931][  0]LogEngineSessionManager: EngineSessionManager initialized
[2018.04.14-14.12.56:564][  0]LogInit: Transaction tracking system initialized
[2018.04.14-14.12.57:521][  0]BlueprintLog: New page: Editor Load
[2018.04.14-14.12.59:976][  0]LocalizationService: Localization service is disabled
[2018.04.14-14.13.01:505][  0]LogLinker: Warning: Can't find file '/Game/FlyingBP/FlyingOverview'
[2018.04.14-14.13.01:506][  0]LogLinker: Warning: Can't find file '/Game/FlyingBP/FlyingOverview'
[2018.04.14-14.13.01:506][  0]LogUObjectGlobals: Warning: Failed to find object 'Class /Game/FlyingBP/FlyingOverview.FlyingOverview_C'
[2018.04.14-14.13.01:985][  0]LogConsoleResponse: Display: 
[2018.04.14-14.13.02:748][  0]LogCook: Display: Max memory allowance for cook 16384mb min free memory 0mb
[2018.04.14-14.13.02:749][  0]LogCook: Display: Mobile HDR setting 1
[2018.04.14-14.13.02:749][  0]LogGameplayTags: Display: UGameplayTagsManager::DoneAddingNativeTags. DelegateIsBound: 0
[2018.04.14-14.13.03:778][  0]LogFileCache: Scanning file cache for directory 'D:/Game Dev/Epic Games/Projects/TDEMO-/Content/' took 0.02s
[2018.04.14-14.13.05:771][  0]SourceControl: Source control is disabled
[2018.04.14-14.13.05:771][  0]Cmd: MAP LOAD FILE="../../../../Projects/TDEMO-/Content/Levels/PicnicLevel.umap" TEMPLATE=0 SHOWPROGRESS=1 FEATURELEVEL=3
[2018.04.14-14.13.05:772][  0]LightingResults: New page: Lighting Build
[2018.04.14-14.13.05:890][  0]MapCheck: New page: Map Check
[2018.04.14-14.13.05:890][  0]LightingResults: New page: Lighting Build
[2018.04.14-14.13.06:130][  0]LogBlueprint: Warning: [Turret] 'Charge Bar' variable not found. Base class was probably changed.
[2018.04.14-14.13.06:131][  0]LogBlueprint: Warning: [Turret] 'Charge Bar' variable not found. Base class was probably changed.
[2018.04.14-14.13.06:131][  0]LogBlueprint: Warning: [Turret] 'Charge Bar 2' variable not found. Base class was probably changed.
[2018.04.14-14.13.06:131][  0]LogBlueprint: Warning: [Turret] 'Charge Bar 2' variable not found. Base class was probably changed.
[2018.04.14-14.13.06:653][  0]LogBlueprint: Warning: [Turret2] 'Charge Bar' variable not found. Base class was probably changed.
[2018.04.14-14.13.06:653][  0]LogBlueprint: Warning: [Turret2] 'Charge Bar' variable not found. Base class was probably changed.
[2018.04.14-14.13.06:653][  0]LogBlueprint: Warning: [Turret2] 'Charge Bar 2' variable not found. Base class was probably changed.
[2018.04.14-14.13.06:654][  0]LogBlueprint: Warning: [Turret2] 'Charge Bar 2' variable not found. Base class was probably changed.
[2018.04.14-14.13.08:593][  0]LogAIModule: Creating AISystem for world PicnicLevel
[2018.04.14-14.13.08:774][  0]LogEditorServer: Finished looking for orphan Actors (0.000 secs)
[2018.04.14-14.13.08:853][  0]Cmd: MAP CHECKDEP NOCLEARLOG
[2018.04.14-14.13.09:113][  0]MapCheck: Map check complete: 0 Error(s), 0 Warning(s), took 260.155ms to complete.
[2018.04.14-14.13.09:114][  0]LogFileHelpers: Loading map 'PicnicLevel' took 3.343
[2018.04.14-14.13.09:240][  0]LogWindowsTextInputMethodSystem: Display: IME system now deactivated.
[2018.04.14-14.13.09:241][  0]LogWindowsTextInputMethodSystem: Display: IME system now deactivated.
[2018.04.14-14.13.09:554][  0]LogCollectionManager: Loaded 0 collections in 0.005733 seconds
[2018.04.14-14.13.09:742][  0]LogFileCache: Scanning file cache for directory 'D:/Game Dev/Epic Games/Projects/TDEMO-/Saved/Collections/' took 0.01s
[2018.04.14-14.13.09:742][  0]LogFileCache: Scanning file cache for directory 'D:/Game Dev/Epic Games/Projects/TDEMO-/Content/Developers/Gary/Collections/' took 0.01s
[2018.04.14-14.13.09:742][  0]LogFileCache: Scanning file cache for directory 'D:/Game Dev/Epic Games/Projects/TDEMO-/Content/Collections/' took 0.01s
[2018.04.14-14.13.09:742][  0]LogCollectionManager: Rebuilt the GUID cache for 0 collections in 0.000001 seconds
[2018.04.14-14.13.09:772][  0]LogContentBrowser: Native class hierarchy populated in 0.0301 seconds. Added 2386 classes and 500 folders.
[2018.04.14-14.13.09:979][  0]LogContentBrowser: Native class hierarchy updated for 'WidgetCarousel' in 0.0021 seconds. Added 0 classes and 0 folders.
[2018.04.14-14.13.10:136][  0]LogContentBrowser: Native class hierarchy updated for 'AddContentDialog' in 0.0022 seconds. Added 0 classes and 0 folders.
[2018.04.14-14.13.10:269][  0]LogContentBrowser: Native class hierarchy updated for 'SceneOutliner' in 0.0020 seconds. Added 1 classes and 2 folders.
[2018.04.14-14.13.10:622][  0]LogContentBrowser: Native class hierarchy updated for 'WorldBrowser' in 0.0023 seconds. Added 2 classes and 3 folders.
[2018.04.14-14.13.10:692][  0]LogSlate: Took 0.000947 seconds to synchronously load lazily loaded font '../../../Engine/Content/Slate/Fonts/Roboto-Regular.ttf' (155K)
[2018.04.14-14.13.10:709][  0]LogSlate: Took 0.000903 seconds to synchronously load lazily loaded font '../../../Engine/Content/Slate/Fonts/Roboto-Bold.ttf' (160K)
[2018.04.14-14.13.10:726][  0]LogSlate: Took 0.000645 seconds to synchronously load lazily loaded font '../../../Engine/Content/Editor/Slate/Fonts/FontAwesome.ttf' (139K)
[2018.04.14-14.13.11:128][  0]LogRenderer: Reallocating scene render targets to support 1008x472 Format 10 NumSamples 1 (Frame:1).
[2018.04.14-14.13.14:418][  0]LogSlate: Took 0.000618 seconds to synchronously load lazily loaded font '../../../Engine/Content/Slate/Fonts/Roboto-Light.ttf' (159K)
[2018.04.14-14.13.14:777][  0]LogContentBrowser: Native class hierarchy updated for 'HierarchicalLODOutliner' in 0.0018 seconds. Added 1 classes and 2 folders.
[2018.04.14-14.13.14:777][  0]LogLoad: (Engine Initialization) Total time: 58.94 seconds
[2018.04.14-14.13.14:777][  0]LogLoad: (Engine Initialization) Total Blueprint compile time: 0.00 seconds
[2018.04.14-14.13.14:778][  0]LogExternalProfiler: No external profilers were discovered.  External profiling features will not be available.
[2018.04.14-14.13.14:852][  0]LogContentStreaming: Texture pool size now 1000 MB
[2018.04.14-14.13.14:892][  1]LogFileCache: Retrieving MD5 hashes for directory 'D:/Game Dev/Epic Games/Projects/TDEMO-/Content/' took 0.07s
[2018.04.14-14.13.17:556][  5]LogSlate: Took 0.001322 seconds to synchronously load lazily loaded font '../../../Engine/Content/Slate/Fonts/Roboto-Light.ttf' (159K)
[2018.04.14-14.13.18:340][  7]LogAssetRegistry: Asset discovery search completed in 44.8461 seconds
[2018.04.14-14.13.18:350][  7]LogCollectionManager: Rebuilt the object cache for 0 collections in 0.000003 seconds (found 0 objects)
[2018.04.14-14.13.18:350][  7]LogCollectionManager: Fixed up redirectors for 0 collections in 0.000255 seconds (updated 0 objects)
[2018.04.14-14.13.29:946][154]LogSlate: Took 0.001183 seconds to synchronously load lazily loaded font '../../../Engine/Content/Slate/Fonts/Roboto-Light.ttf' (159K)
[2018.04.14-14.13.30:539][154]LogAIModule: Creating AISystem for world FirstLevel
[2018.04.14-14.13.30:628][154]Cmd: MAP LOAD FILE="../../../../Projects/TDEMO-/Content/Levels/FirstLevel.umap" TEMPLATE=0 SHOWPROGRESS=1 FEATURELEVEL=3
[2018.04.14-14.13.30:628][154]LightingResults: New page: Lighting Build
[2018.04.14-14.13.30:631][154]LoadErrors: New page: Loading map: FirstLevel.umap
[2018.04.14-14.13.30:644][154]MapCheck: New page: Map Check
[2018.04.14-14.13.30:644][154]LightingResults: New page: Lighting Build
[2018.04.14-14.13.30:960][154]LogEditorServer: Finished looking for orphan Actors (0.000 secs)
[2018.04.14-14.13.31:317][154]Cmd: MAP CHECKDEP NOCLEARLOG
[2018.04.14-14.13.31:536][154]MapCheck: Map check complete: 0 Error(s), 0 Warning(s), took 218.669ms to complete.
[2018.04.14-14.13.31:538][154]LogSlate: Took 0.000516 seconds to synchronously load lazily loaded font '../../../Engine/Content/Slate/Fonts/Roboto-Regular.ttf' (155K)
[2018.04.14-14.13.31:560][154]LogFileHelpers: Loading map 'FirstLevel' took 0.935
[2018.04.14-14.13.40:016][250]LogContentBrowser: Native class hierarchy updated for 'BlueprintGraph' in 0.0043 seconds. Added 113 classes and 0 folders.
[2018.04.14-14.13.42:706][250]LogSlate: Took 0.000756 seconds to synchronously load lazily loaded font '../../../Engine/Content/Editor/Slate/Fonts/Roboto-BoldCondensed.ttf' (158K)
[2018.04.14-14.13.45:335][284]LogSlate: Took 0.000802 seconds to synchronously load lazily loaded font '../../../Engine/Content/Editor/Slate/Fonts/Roboto-Italic.ttf' (157K)
[2018.04.14-14.14.01:295][486]BlueprintLog: New page: Compile Grubbins
[2018.04.14-14.14.04:253][509]LogTemp: Repeating last play command: New Editor Window (PIE)
[2018.04.14-14.14.04:494][509]LogBlueprintUserMessages: Early PlayInEditor Detection: Level '/Game/Levels/FirstLevel.FirstLevel:PersistentLevel' has LevelScriptBlueprint '/Game/Levels/FirstLevel.FirstLevel:PersistentLevel.FirstLevel' with GeneratedClass '/Game/Levels/FirstLevel.FirstLevel_C' with ClassGeneratedBy '/Game/Levels/FirstLevel.FirstLevel:PersistentLevel.FirstLevel'
[2018.04.14-14.14.04:495][509]LogPlayLevel: PlayLevel: No blueprints needed recompiling
[2018.04.14-14.14.04:497][509]PIE: New page: PIE session: FirstLevel (14 Apr 2018 16:14:04)
[2018.04.14-14.14.04:500][509]LogPlayLevel: Creating play world package: /Game/Levels/UEDPIE_0_FirstLevel
[2018.04.14-14.14.04:512][509]LogPlayLevel: PIE: StaticDuplicateObject took: (0.011683s)
[2018.04.14-14.14.04:516][509]LogAIModule: Creating AISystem for world FirstLevel
[2018.04.14-14.14.04:517][509]LogPlayLevel: PIE: World Init took: (0.004211s)
[2018.04.14-14.14.04:518][509]LogPlayLevel: PIE: Created PIE world by copying editor world from /Game/Levels/FirstLevel.FirstLevel to /Game/Levels/UEDPIE_0_FirstLevel.FirstLevel (0.017428s)
[2018.04.14-14.14.04:627][509]LogInit: XAudio2 using 'Speakers (Realtek High Definition Audio)' : 2 channels at 48 kHz using 32 bits per sample (channel mask 0x3)
[2018.04.14-14.14.04:678][509]LogInit: FAudioDevice initialized.
[2018.04.14-14.14.04:848][509]LogLoad: Game class is 'AntsGamemode_C'
[2018.04.14-14.14.04:860][509]LogWorld: Bringing World /Game/Levels/UEDPIE_0_FirstLevel.FirstLevel up for play (max tick rate 60) at 2018.04.14-15.14.04
[2018.04.14-14.14.04:863][509]LogWorld: Bringing up level for play took: 0.009098
[2018.04.14-14.14.05:115][509]LogContentBrowser: Native class hierarchy updated for 'MovieSceneCapture' in 0.0032 seconds. Added 11 classes and 0 folders.
[2018.04.14-14.14.05:157][509]PIE: Play in editor start time for /Game/Levels/UEDPIE_0_FirstLevel 0.833
[2018.04.14-14.14.05:159][509]LogBlueprintUserMessages: Late PlayInEditor Detection: Level '/Game/Levels/FirstLevel.FirstLevel:PersistentLevel' has LevelScriptBlueprint '/Game/Levels/FirstLevel.FirstLevel:PersistentLevel.FirstLevel' with GeneratedClass '/Game/Levels/FirstLevel.FirstLevel_C' with ClassGeneratedBy '/Game/Levels/FirstLevel.FirstLevel:PersistentLevel.FirstLevel'
[2018.04.14-14.14.05:335][509]LogRenderer: Reallocating scene render targets to support 1292x756 Format 10 NumSamples 1 (Frame:1).
[2018.04.14-14.14.09:570][511]LogD3D11RHI: Error: Direct3DDevice->CreateQuery(&Desc,Query.GetInitReference()) failed 
 at D:\Build\++UE4+Release-4.17+Compile\Sync\Engine\Source\Runtime\Windows\D3D11RHI\Private\D3D11Query.cpp:36 
 with error DXGI_ERROR_DEVICE_REMOVED DXGI_ERROR_DEVICE_HUNG
[2018.04.14-14.14.09:590][511]LogWindows: Windows GetLastError: The operation completed successfully. (0)
[2018.04.14-14.14.13:397][511]LogWindows: Windows GetLastError: The operation completed successfully. (0)
[2018.04.14-14.14.13:397][511]LogWindows: Error: === Critical error: ===
[2018.04.14-14.14.13:397][511]LogWindows: Error: 
[2018.04.14-14.14.13:397][511]LogWindows: Error: Fatal error: [File:D:\Build\++UE4+Release-4.17+Compile\Sync\Engine\Source\Runtime\RenderCore\Private\RenderingThread.cpp] [Line: 811] 
[2018.04.14-14.14.13:397][511]LogWindows: Error: Rendering thread exception:
[2018.04.14-14.14.13:397][511]LogWindows: Error: Fatal error: [File:D:\Build\++UE4+Release-4.17+Compile\Sync\Engine\Source\Runtime\Windows\D3D11RHI\Private\D3D11Util.cpp] [Line: 182] 
[2018.04.14-14.14.13:397][511]LogWindows: Error: Unreal Engine is exiting due to D3D device being lost. (Error: 0x887A0006 - 'HUNG')
[2018.04.14-14.14.13:397][511]LogWindows: Error: 
[2018.04.14-14.14.13:397][511]LogWindows: Error: 
[2018.04.14-14.14.13:398][511]LogWindows: Error: KERNELBASE.dll!0x000000000E854008
[2018.04.14-14.14.13:398][511]LogWindows: Error: UE4Editor-Core.dll!0x00000000C62F1CE4
[2018.04.14-14.14.13:398][511]LogWindows: Error: UE4Editor-Core.dll!0x00000000C60DAD5B
[2018.04.14-14.14.13:398][511]LogWindows: Error: UE4Editor-Core.dll!0x00000000C6070179
[2018.04.14-14.14.13:398][511]LogWindows: Error: UE4Editor-D3D11RHI.dll!0x00000000BAA456FF
[2018.04.14-14.14.13:398][511]LogWindows: Error: UE4Editor-D3D11RHI.dll!0x00000000BAA495B0
[2018.04.14-14.14.13:398][511]LogWindows: Error: UE4Editor-D3D11RHI.dll!0x00000000BAA2F6D0
[2018.04.14-14.14.13:398][511]LogWindows: Error: UE4Editor-RHI.dll!0x00000000EB77FD7E
[2018.04.14-14.14.13:398][511]LogWindows: Error: UE4Editor-Renderer.dll!0x00000000BE083A13
[2018.04.14-14.14.13:398][511]LogWindows: Error: UE4Editor-Renderer.dll!0x00000000BE1F85DE
[2018.04.14-14.14.13:398][511]LogWindows: Error: UE4Editor-Renderer.dll!0x00000000BDC656B0
[2018.04.14-14.14.13:398][511]LogWindows: Error: UE4Editor-Renderer.dll!0x00000000BE181B95
[2018.04.14-14.14.13:398][511]LogWindows: Error: UE4Editor-Renderer.dll!0x00000000BE160E06
[2018.04.14-14.14.13:398][511]LogWindows: Error: UE4Editor-Core.dll!0x00000000C5F424F5
[2018.04.14-14.14.13:398][511]LogWindows: Error: UE4Editor-Core.dll!0x00000000C5F42ADA
[2018.04.14-14.14.13:398][511]LogWindows: Error: UE4Editor-RenderCore.dll!0x00000000F2A41FB1
[2018.04.14-14.14.13:399][511]LogWindows: Error: UE4Editor-RenderCore.dll!0x00000000F2A43076
[2018.04.14-14.14.13:399][511]LogWindows: Error: UE4Editor-Core.dll!0x00000000C62F0EA8
[2018.04.14-14.14.13:399][511]LogWindows: Error: UE4Editor-Core.dll!0x00000000C62E70AC
[2018.04.14-14.14.13:399][511]LogWindows: Error: KERNEL32.DLL!0x000000000F831FE4
[2018.04.14-14.14.13:399][511]LogWindows: Error: ntdll.dll!0x000000001164EFC1
[2018.04.14-14.14.13:399][511]LogWindows: Error: ntdll.dll!0x000000001164EFC1
[2018.04.14-14.14.13:399][511]LogWindows: Error: 
[2018.04.14-14.14.13:399][511]LogWindows: Error: 
[2018.04.14-14.14.13:399][511]LogWindows: Error: 
[2018.04.14-14.14.13:399][511]LogWindows: Error: 
[2018.04.14-14.14.13:436][511]LogExit: Executing StaticShutdownAfterError
[2018.04.14-14.14.13:448][511]LogWindows: FPlatformMisc::RequestExit(1)
[2018.04.14-14.14.13:448][511]Log file closed, 04/14/18 15:14:13
