Log file open, 04/14/18 14:33:30
LogWindows: Failed to load 'aqProf.dll' (GetLastError=126)
LogWindows: File 'aqProf.dll' does not exist
LogWindows: Failed to load 'VSPerf140.dll' (GetLastError=126)
LogWindows: File 'VSPerf140.dll' does not exist
LogWindows: Failed to load 'VtuneApi.dll' (GetLastError=126)
LogWindows: File 'VtuneApi.dll' does not exist
LogWindows: Failed to load 'VtuneApi32e.dll' (GetLastError=126)
LogWindows: File 'VtuneApi32e.dll' does not exist
LogInit: Display: Running engine for game: AntsGame
LogPlatformFile: Not using cached read wrapper
LogInit: Display: RandInit(-968420464) SRandInit(-968420464).
LogTaskGraph: Started task graph with 5 named threads and 8 total threads with 3 sets of task threads.
LogStats: Stats thread started at 0.354115
LogD3D11RHI: Aftermath initialized
LogPluginManager: Mounting plugin Paper2D
LogPluginManager: Mounting plugin LightPropagationVolume
LogPluginManager: Mounting plugin CodeLiteSourceCodeAccess
LogPluginManager: Mounting plugin GitSourceControl
LogPluginManager: Mounting plugin KDevelopSourceCodeAccess
LogPluginManager: Mounting plugin NullSourceCodeAccess
LogPluginManager: Mounting plugin PerforceSourceControl
LogPluginManager: Mounting plugin SubversionSourceControl
LogPluginManager: Mounting plugin UObjectPlugin
LogPluginManager: Mounting plugin VisualStudioSourceCodeAccess
LogPluginManager: Mounting plugin XCodeSourceCodeAccess
LogPluginManager: Mounting plugin AssetManagerEditor
LogPluginManager: Mounting plugin AudioCapture
LogPluginManager: Mounting plugin FacialAnimation
LogPluginManager: Mounting plugin GameplayTagsEditor
LogPluginManager: Mounting plugin MobileLauncherProfileWizard
LogPluginManager: Mounting plugin PluginBrowser
LogPluginManager: Mounting plugin SpeedTreeImporter
LogPluginManager: Mounting plugin AlembicImporter
LogPluginManager: Mounting plugin CharacterAI
LogPluginManager: Mounting plugin HTML5Networking
LogPluginManager: Mounting plugin AndroidMedia
LogPluginManager: Mounting plugin AvfMedia
LogPluginManager: Mounting plugin MediaPlayerEditor
LogPluginManager: Mounting plugin WmfMedia
LogPluginManager: Mounting plugin TcpMessaging
LogPluginManager: Mounting plugin UdpMessaging
LogPluginManager: Mounting plugin LevelSequenceEditor
LogPluginManager: Mounting plugin MatineeToLevelSequence
LogPluginManager: Mounting plugin OnlineSubsystemGooglePlay
LogPluginManager: Mounting plugin OnlineSubsystemIOS
LogPluginManager: Mounting plugin OnlineSubsystem
LogPluginManager: Mounting plugin OnlineSubsystemNull
LogPluginManager: Mounting plugin OnlineSubsystemUtils
LogPluginManager: Mounting plugin AndroidDeviceProfileSelector
LogPluginManager: Mounting plugin AndroidMoviePlayer
LogPluginManager: Mounting plugin AndroidPermission
LogPluginManager: Mounting plugin AppleMoviePlayer
LogPluginManager: Mounting plugin ArchVisCharacter
LogPluginManager: Mounting plugin CableComponent
LogPluginManager: Mounting plugin CustomMeshComponent
LogPluginManager: Mounting plugin ExampleDeviceProfileSelector
LogPluginManager: Mounting plugin GoogleCloudMessaging
LogPluginManager: Mounting plugin ImmediatePhysics
LogPluginManager: Mounting plugin IOSDeviceProfileSelector
LogPluginManager: Mounting plugin LinuxDeviceProfileSelector
LogPluginManager: Mounting plugin LocationServicesBPLibrary
LogPluginManager: Mounting plugin MobilePatchingUtils
LogPluginManager: Mounting plugin OculusVR
LogPluginManager: Mounting plugin PhysXVehicles
LogPluginManager: Mounting plugin ProceduralMeshComponent
LogPluginManager: Mounting plugin RuntimePhysXCooking
LogPluginManager: Mounting plugin SteamVR
LogPluginManager: Mounting plugin WindowsMoviePlayer
LogInit: Using libcurl 7.47.1
LogInit:  - built for x86_64-pc-win32
LogInit:  - supports SSL with OpenSSL/1.0.2g
LogInit:  - supports HTTP deflate (compression) using libz 1.2.8
LogInit:  - other features:
LogInit:      CURL_VERSION_SSL
LogInit:      CURL_VERSION_LIBZ
LogInit:      CURL_VERSION_IPV6
LogInit:      CURL_VERSION_ASYNCHDNS
LogInit:      CURL_VERSION_LARGEFILE
LogInit:      CURL_VERSION_IDN
LogInit:  CurlRequestOptions (configurable via config and command line):
LogInit:  - bVerifyPeer = false  - Libcurl will NOT verify peer certificate
LogInit:  - bUseHttpProxy = false  - Libcurl will NOT use HTTP proxy
LogInit:  - bDontReuseConnections = false  - Libcurl will reuse connections
LogInit:  - CertBundlePath = nullptr  - Libcurl will use whatever was configured at build time.
LogInit: Build: ++UE4+Release-4.17-CL-3658906
LogInit: Engine Version: 4.17.2-3658906+++UE4+Release-4.17
LogInit: Compatible Engine Version: 4.17.0-3573198+++UE4+Release-4.17
LogInit: Net CL: 3573198
LogDevObjectVersion: Number of dev versions registered: 16
LogDevObjectVersion:   Dev-Blueprints (B0D832E4-1F89-4F0D-ACCF-7EB736FD4AA2): 10
LogDevObjectVersion:   Dev-Build (E1C64328-A22C-4D53-A36C-8E866417BD8C): 0
LogDevObjectVersion:   Dev-Core (375EC13C-06E4-48FB-B500-84F0262A717E): 2
LogDevObjectVersion:   Dev-Editor (E4B068ED-F494-42E9-A231-DA0B2E46BB41): 20
LogDevObjectVersion:   Dev-Framework (CFFC743F-43B0-4480-9391-14DF171D2073): 28
LogDevObjectVersion:   Dev-Mobile (B02B49B5-BB20-44E9-A304-32B752E40360): 0
LogDevObjectVersion:   Dev-Networking (A4E4105C-59A1-49B5-A7C5-40C4547EDFEE): 0
LogDevObjectVersion:   Dev-Online (39C831C9-5AE6-47DC-9A44-9C173E1C8E7C): 0
LogDevObjectVersion:   Dev-Physics (78F01B33-EBEA-4F98-B9B4-84EACCB95AA2): 0
LogDevObjectVersion:   Dev-Platform (6631380F-2D4D-43E0-8009-CF276956A95A): 0
LogDevObjectVersion:   Dev-Rendering (12F88B9F-8875-4AFC-A67C-D90C383ABD29): 19
LogDevObjectVersion:   Dev-Sequencer (7B5AE74C-D270-4C10-A958-57980B212A5A): 4
LogDevObjectVersion:   Dev-VR (D7296918-1DD6-4BDD-9DE2-64A83CC13884): 0
LogDevObjectVersion:   Dev-LoadTimes (C2A15278-BFE7-4AFE-6C17-90FF531DF755): 1
LogDevObjectVersion:   Private-Geometry (6EACA3D4-40EC-4CC1-B786-8BED09428FC5): 1
LogDevObjectVersion:   Dev-AnimPhys (29E575DD-E0A3-4627-9D10-D276232CDCEA): 7
LogInit: Compiled (64-bit): Sep 22 2017 13:47:16
LogInit: Compiled with Visual C++: 19.00.24215.01
LogInit: Build Configuration: Development
LogInit: Branch Name: ++UE4+Release-4.17
LogInit: Command line: -EpicPortal 
LogInit: Base directory: D:/Game Dev/Epic Games/UE_4.17/Engine/Binaries/Win64/
LogInit: Installed Engine Build: 1
LogInit: Presizing for max 8388607 objects, including 0 objects not considered by GC, pre-allocating 0 bytes for permanent pool.
LogInit: Object subsystem initialized
[2018.04.14-13.33.33:490][  0]LogInit: Selected Device Profile: [Windows]
[2018.04.14-13.33.33:490][  0]LogInit: Applying CVar settings loaded from the selected device profile: [Windows]
[2018.04.14-13.33.33:620][  0]LogInit: Computer: LAPTOP-CLI7GUMK
[2018.04.14-13.33.33:620][  0]LogInit: User: Gary
[2018.04.14-13.33.33:620][  0]LogInit: CPU Page size=4096, Cores=2
[2018.04.14-13.33.33:620][  0]LogInit: High frequency timer resolution =2.835939 MHz
[2018.04.14-13.33.33:621][  0]LogMemory: Memory total: Physical=7.9GB (8GB approx)
[2018.04.14-13.33.33:621][  0]LogMemory: Platform Memory Stats for Windows
[2018.04.14-13.33.33:621][  0]LogMemory: Process Physical Memory: 281.43 MB used, 281.43 MB peak
[2018.04.14-13.33.33:621][  0]LogMemory: Process Virtual Memory: 276.92 MB used, 276.92 MB peak
[2018.04.14-13.33.33:621][  0]LogMemory: Physical Memory: 4558.18 MB used,  3527.94 MB free, 8086.12 MB total
[2018.04.14-13.33.33:621][  0]LogMemory: Virtual Memory: 696.99 MB used,  3527.94 MB free, 134217728.00 MB total
[2018.04.14-13.33.34:351][  0]LogInit: Using OS detected language (en-GB).
[2018.04.14-13.33.34:351][  0]LogInit: Using OS detected locale (en-GB).
[2018.04.14-13.33.34:371][  0]LogTextLocalizationManager: No specific localization for 'en-GB' exists, so the 'en' localization will be used.
[2018.04.14-13.33.37:211][  0]LogD3D11RHI: D3D11 adapters:
[2018.04.14-13.33.37:243][  0]LogD3D11RHI:    0. 'Intel(R) HD Graphics 620' (Feature Level 11_0)
[2018.04.14-13.33.37:243][  0]LogD3D11RHI:       128/0/4043 MB DedicatedVideo/DedicatedSystem/SharedSystem, Outputs:1, VendorId:0x8086
[2018.04.14-13.33.37:251][  0]LogD3D11RHI:    1. 'Microsoft Basic Render Driver' (Feature Level 11_0)
[2018.04.14-13.33.37:251][  0]LogD3D11RHI:       0/0/4043 MB DedicatedVideo/DedicatedSystem/SharedSystem, Outputs:0, VendorId:0x1414
[2018.04.14-13.33.37:251][  0]LogD3D11RHI: Chosen D3D11 Adapter: 0
[2018.04.14-13.33.37:275][  0]LogD3D11RHI: Creating new Direct3DDevice
[2018.04.14-13.33.37:275][  0]LogD3D11RHI:     GPU DeviceId: 0x5916 (for the marketing name, search the web for "GPU Device Id")
[2018.04.14-13.33.37:275][  0]LogWindows: EnumDisplayDevices:
[2018.04.14-13.33.37:276][  0]LogWindows:    0. 'Intel(R) HD Graphics 620' (P:1 D:1)
[2018.04.14-13.33.37:277][  0]LogWindows:    1. 'Intel(R) HD Graphics 620' (P:0 D:0)
[2018.04.14-13.33.37:277][  0]LogWindows:    2. 'Intel(R) HD Graphics 620' (P:0 D:0)
[2018.04.14-13.33.37:278][  0]LogWindows: DebugString: GetVideoDriverDetailsInvalid PrimaryIsNotTheChoosenAdapter GetVideoDriverDetailsInvalid PrimaryIsNotTheChoosenAdapter GetVideoDriverDetailsInvalid PrimaryIsNotTheChoosenAdapter FoundDriverCount:0 
[2018.04.14-13.33.37:278][  0]LogD3D11RHI:     Adapter Name: Intel(R) HD Graphics 620
[2018.04.14-13.33.37:278][  0]LogD3D11RHI:   Driver Version: Unknown (internal:Unknown, unified:Unknown)
[2018.04.14-13.33.37:278][  0]LogD3D11RHI:      Driver Date: Unknown
[2018.04.14-13.33.37:278][  0]LogRHI: Texture pool is 1361 MB (70% of 1945 MB)
[2018.04.14-13.33.37:302][  0]LogD3D11RHI: Async texture creation enabled
[2018.04.14-13.33.37:322][  0]LogD3D11RHI: GPU Timing Frequency: 12.000000 (Debug: 2 0)
[2018.04.14-13.33.37:327][  0]LogShaderCompilers: Guid format shader working directory is 18 characters bigger than the processId version (../../../../Projects/TDEMO-/Intermediate/Shaders/WorkingDirectory/9284/).
[2018.04.14-13.33.37:327][  0]LogShaderCompilers: Cleaned the shader compiler working directory 'C:/Users/Gary/AppData/Local/Temp/UnrealShaderWorkingDir/458E68754B28C71CAE50D0A506E7425A/'.
[2018.04.14-13.33.37:327][  0]LogShaderCompilers: Display: Using Local Shader Compiler.
[2018.04.14-13.33.40:458][  0]LogTemp: Display: Loaded TP AllDesktopTargetPlatform
[2018.04.14-13.33.40:597][  0]LogTemp: Display: Loaded TP MacClientTargetPlatform
[2018.04.14-13.33.40:733][  0]LogTemp: Display: Loaded TP MacNoEditorTargetPlatform
[2018.04.14-13.33.40:874][  0]LogTemp: Display: Loaded TP MacServerTargetPlatform
[2018.04.14-13.33.41:012][  0]LogTemp: Display: Loaded TP MacTargetPlatform
[2018.04.14-13.33.41:141][  0]LogTemp: Display: Loaded TP WindowsClientTargetPlatform
[2018.04.14-13.33.41:273][  0]LogTemp: Display: Loaded TP WindowsNoEditorTargetPlatform
[2018.04.14-13.33.41:399][  0]LogTemp: Display: Loaded TP WindowsServerTargetPlatform
[2018.04.14-13.33.41:521][  0]LogTemp: Display: Loaded TP WindowsTargetPlatform
[2018.04.14-13.33.41:643][  0]LogTemp: Display: Loaded TP AndroidTargetPlatform
[2018.04.14-13.33.41:831][  0]LogTemp: Display: Loaded TP Android_ASTCTargetPlatform
[2018.04.14-13.33.42:050][  0]LogTemp: Display: Loaded TP Android_ATCTargetPlatform
[2018.04.14-13.33.42:286][  0]LogTemp: Display: Loaded TP Android_DXTTargetPlatform
[2018.04.14-13.33.42:556][  0]LogTemp: Display: Loaded TP Android_ETC1TargetPlatform
[2018.04.14-13.33.42:786][  0]LogTemp: Display: Loaded TP Android_ETC2TargetPlatform
[2018.04.14-13.33.43:219][  0]LogTemp: Display: Loaded TP Android_MultiTargetPlatform
[2018.04.14-13.33.43:219][  0]LogTemp: Display: Loaded TP Android_PVRTCTargetPlatform
[2018.04.14-13.33.43:384][  0]LogTemp: Display: Loaded TP HTML5TargetPlatform
[2018.04.14-13.33.43:717][  0]LogTemp: Display: Loaded TP IOSTargetPlatform
[2018.04.14-13.33.43:859][  0]LogTemp: Display: Loaded TP TVOSTargetPlatform
[2018.04.14-13.33.44:073][  0]LogTemp: Display: Loaded TP LinuxClientTargetPlatform
[2018.04.14-13.33.44:286][  0]LogTemp: Display: Loaded TP LinuxNoEditorTargetPlatform
[2018.04.14-13.33.44:538][  0]LogTemp: Display: Loaded TP LinuxServerTargetPlatform
[2018.04.14-13.33.44:758][  0]LogTemp: Display: Loaded TP LinuxTargetPlatform
[2018.04.14-13.33.44:758][  0]LogTargetPlatformManager: Display: Building Assets For Windows
[2018.04.14-13.33.46:818][  0]LogDerivedDataCache: Display: Max Cache Size: 512 MB
[2018.04.14-13.33.47:191][  0]LogDerivedDataCache: Loaded boot cache 0.37s 93MB C:/Users/Gary/AppData/Local/UnrealEngine/4.17/DerivedDataCache/Boot.ddc.
[2018.04.14-13.33.47:192][  0]LogDerivedDataCache: Display: Loaded Boot cache: C:/Users/Gary/AppData/Local/UnrealEngine/4.17/DerivedDataCache/Boot.ddc
[2018.04.14-13.33.47:192][  0]LogDerivedDataCache: FDerivedDataBackendGraph:  Pak pak cache file ../../../../Projects/TDEMO-/DerivedDataCache/DDC.ddp not found, will not use a pak cache.
[2018.04.14-13.33.47:192][  0]LogDerivedDataCache: Unable to find inner node Pak for hierarchical cache Hierarchy.
[2018.04.14-13.33.47:192][  0]LogDerivedDataCache: FDerivedDataBackendGraph:  CompressedPak pak cache file ../../../../Projects/TDEMO-/DerivedDataCache/Compressed.ddp not found, will not use a pak cache.
[2018.04.14-13.33.47:193][  0]LogDerivedDataCache: Unable to find inner node CompressedPak for hierarchical cache Hierarchy.
[2018.04.14-13.33.47:262][  0]LogDerivedDataCache: Display: Pak cache opened for reading ../../../Engine/DerivedDataCache/Compressed.ddp.
[2018.04.14-13.33.47:278][  0]LogDerivedDataCache: Using Local data cache path C:/Users/Gary/AppData/Local/UnrealEngine/Common/DerivedDataCache: Writable
[2018.04.14-13.33.47:328][  0]LogMaterial: Verifying Global Shaders for PCD3D_SM5
[2018.04.14-13.33.47:329][  0]LogSlate: Using Freetype 2.6.0
[2018.04.14-13.33.47:333][  0]LogSlate: SlateFontCache - WITH_FREETYPE: 1, WITH_HARFBUZZ: 1
[2018.04.14-13.33.47:333][  0]LogSlate: SlateFontCache - WITH_FREETYPE: 1, WITH_HARFBUZZ: 1
[2018.04.14-13.33.48:515][  0]LogAssetRegistry: FAssetRegistry took 0.0422 seconds to start up
[2018.04.14-13.33.49:184][  0]LogInit: Selected Device Profile: [Windows]
[2018.04.14-13.33.49:800][  0]LogContentStreaming: Texture pool size is 0.00 MB
[2018.04.14-13.33.50:942][  0]LogSimplygon: Simplygon DLL not present - disabling.
[2018.04.14-13.33.51:106][  0]LogMeshReduction: Using SimplygonSwarm for distributed automatic mesh merging
[2018.04.14-13.33.51:106][  0]LogMeshReduction: Using QuadricMeshReduction for automatic static mesh reduction
[2018.04.14-13.33.51:106][  0]LogMeshReduction: No automatic skeletal mesh reduction module available
[2018.04.14-13.33.51:106][  0]LogMeshReduction: No automatic mesh merging module available
[2018.04.14-13.33.51:106][  0]LogMeshMerging: No automatic mesh merging module available
[2018.04.14-13.33.52:479][  0]LogNetVersion: AntsGame , NetCL: 3573198, EngineNetVer: 2, GameNetVer: 0 (Checksum: 3821802436)
[2018.04.14-13.33.53:395][  0]LogPackageLocalizationCache: Processed 5 localized package path(s) for 2 prioritized culture(s) in 0.263356 seconds
[2018.04.14-13.33.53:417][  0]LogUObjectArray: 35825 objects as part of root set at end of initial load.
[2018.04.14-13.33.53:417][  0]LogUObjectAllocator: 7529104 out of 0 bytes used by permanent object pool.
[2018.04.14-13.33.53:417][  0]LogUObjectArray: CloseDisregardForGC: 0/0 objects in disregard for GC pool
[2018.04.14-13.33.53:677][  0]LogInit: WinSock: version 1.1 (2.2), MaxSocks=32767, MaxUdp=65467
[2018.04.14-13.34.03:268][  0]LogTcpMessaging: Initializing TcpMessaging bridge
[2018.04.14-13.34.03:383][  0]LogUdpMessaging: Initializing bridge on interface 0.0.0.0:0 to multicast group 230.0.0.1:6666.
[2018.04.14-13.34.05:611][  0]LogMaterial: Uniform references updated for custom material expression Custom.
[2018.04.14-13.34.07:112][  0]SourceControl: Source control is disabled
[2018.04.14-13.34.07:113][  0]SourceControl: Source control is disabled
[2018.04.14-13.34.07:287][  0]SourceControl: Source control is disabled
[2018.04.14-13.34.07:476][  0]SourceControl: Source control is disabled
[2018.04.14-13.34.09:604][  0]LogAndroidPermission: UAndroidPermissionCallbackProxy::GetInstance
[2018.04.14-13.34.10:482][  0]LogOcInput: OculusInput pre-init called
[2018.04.14-13.34.11:383][  0]LogEngine: Initializing Engine...
[2018.04.14-13.34.11:389][  0]LogHMD: Failed to initialize OpenVR with code 110
[2018.04.14-13.34.12:168][  0]LogStats: UGameplayTagsManager::ConstructGameplayTagTree: Construct from data asset -  0.000 s
[2018.04.14-13.34.12:168][  0]LogStats: UGameplayTagsManager::ConstructGameplayTagTree: GameplayTagTreeChangedEvent.Broadcast -  0.000 s
[2018.04.14-13.34.12:656][  0]LogAIModule: Creating AISystem for world Untitled
[2018.04.14-13.34.12:704][  0]LogInit: XAudio2 using 'Speakers (Realtek High Definition Audio)' : 2 channels at 48 kHz using 32 bits per sample (channel mask 0x3)
[2018.04.14-13.34.12:784][  0]LogInit: FAudioDevice initialized.
[2018.04.14-13.34.13:020][  0]LogDerivedDataCache: Saved boot cache 0.23s 93MB C:/Users/Gary/AppData/Local/UnrealEngine/4.17/DerivedDataCache/Boot.ddc.
[2018.04.14-13.34.13:050][  0]LogInit: Texture streaming: Enabled
[2018.04.14-13.34.13:435][  0]LogEngineSessionManager: EngineSessionManager initialized
[2018.04.14-13.34.14:247][  0]LogInit: Transaction tracking system initialized
[2018.04.14-13.34.15:468][  0]BlueprintLog: New page: Editor Load
[2018.04.14-13.34.18:620][  0]LocalizationService: Localization service is disabled
[2018.04.14-13.34.20:543][  0]LogLinker: Warning: Can't find file '/Game/FlyingBP/FlyingOverview'
[2018.04.14-13.34.20:544][  0]LogLinker: Warning: Can't find file '/Game/FlyingBP/FlyingOverview'
[2018.04.14-13.34.20:544][  0]LogUObjectGlobals: Warning: Failed to find object 'Class /Game/FlyingBP/FlyingOverview.FlyingOverview_C'
[2018.04.14-13.34.21:248][  0]LogConsoleResponse: Display: 
[2018.04.14-13.34.22:024][  0]LogCook: Display: Max memory allowance for cook 16384mb min free memory 0mb
[2018.04.14-13.34.22:024][  0]LogCook: Display: Mobile HDR setting 1
[2018.04.14-13.34.22:024][  0]LogGameplayTags: Display: UGameplayTagsManager::DoneAddingNativeTags. DelegateIsBound: 0
[2018.04.14-13.34.22:648][  0]LogFileCache: Scanning file cache for directory 'D:/Game Dev/Epic Games/Projects/TDEMO-/Content/' took 0.02s
[2018.04.14-13.34.25:977][  0]SourceControl: Source control is disabled
[2018.04.14-13.34.25:977][  0]Cmd: MAP LOAD FILE="../../../../Projects/TDEMO-/Content/Levels/PicnicLevel.umap" TEMPLATE=0 SHOWPROGRESS=1 FEATURELEVEL=3
[2018.04.14-13.34.26:026][  0]LightingResults: New page: Lighting Build
[2018.04.14-13.34.26:173][  0]MapCheck: New page: Map Check
[2018.04.14-13.34.26:173][  0]LightingResults: New page: Lighting Build
[2018.04.14-13.34.26:622][  0]LogBlueprint: Warning: [Turret] 'Charge Bar' variable not found. Base class was probably changed.
[2018.04.14-13.34.26:623][  0]LogBlueprint: Warning: [Turret] 'Charge Bar' variable not found. Base class was probably changed.
[2018.04.14-13.34.26:624][  0]LogBlueprint: Warning: [Turret] 'Charge Bar 2' variable not found. Base class was probably changed.
[2018.04.14-13.34.26:624][  0]LogBlueprint: Warning: [Turret] 'Charge Bar 2' variable not found. Base class was probably changed.
[2018.04.14-13.34.27:504][  0]LogBlueprint: Warning: [Turret2] 'Charge Bar' variable not found. Base class was probably changed.
[2018.04.14-13.34.27:505][  0]LogBlueprint: Warning: [Turret2] 'Charge Bar' variable not found. Base class was probably changed.
[2018.04.14-13.34.27:505][  0]LogBlueprint: Warning: [Turret2] 'Charge Bar 2' variable not found. Base class was probably changed.
[2018.04.14-13.34.27:506][  0]LogBlueprint: Warning: [Turret2] 'Charge Bar 2' variable not found. Base class was probably changed.
[2018.04.14-13.34.30:933][  0]LogAIModule: Creating AISystem for world PicnicLevel
[2018.04.14-13.34.31:289][  0]LogEditorServer: Finished looking for orphan Actors (0.000 secs)
[2018.04.14-13.34.31:397][  0]Cmd: MAP CHECKDEP NOCLEARLOG
[2018.04.14-13.34.31:758][  0]MapCheck: Map check complete: 0 Error(s), 0 Warning(s), took 360.488ms to complete.
[2018.04.14-13.34.31:759][  0]LogFileHelpers: Loading map 'PicnicLevel' took 5.782
[2018.04.14-13.34.31:900][  0]LogWindowsTextInputMethodSystem: Display: IME system now deactivated.
[2018.04.14-13.34.31:901][  0]LogWindowsTextInputMethodSystem: Display: IME system now deactivated.
[2018.04.14-13.34.32:546][  0]LogCollectionManager: Loaded 0 collections in 0.006801 seconds
[2018.04.14-13.34.32:826][  0]LogFileCache: Scanning file cache for directory 'D:/Game Dev/Epic Games/Projects/TDEMO-/Saved/Collections/' took 0.01s
[2018.04.14-13.34.32:826][  0]LogFileCache: Scanning file cache for directory 'D:/Game Dev/Epic Games/Projects/TDEMO-/Content/Developers/Gary/Collections/' took 0.01s
[2018.04.14-13.34.32:826][  0]LogFileCache: Scanning file cache for directory 'D:/Game Dev/Epic Games/Projects/TDEMO-/Content/Collections/' took 0.01s
[2018.04.14-13.34.32:827][  0]LogCollectionManager: Rebuilt the GUID cache for 0 collections in 0.000001 seconds
[2018.04.14-13.34.32:882][  0]LogContentBrowser: Native class hierarchy populated in 0.0373 seconds. Added 2386 classes and 500 folders.
[2018.04.14-13.34.33:180][  0]LogContentBrowser: Native class hierarchy updated for 'WidgetCarousel' in 0.0023 seconds. Added 0 classes and 0 folders.
[2018.04.14-13.34.34:724][  0]LogContentBrowser: Native class hierarchy updated for 'AddContentDialog' in 0.0035 seconds. Added 0 classes and 0 folders.
[2018.04.14-13.34.34:992][  0]LogContentBrowser: Native class hierarchy updated for 'SceneOutliner' in 0.0032 seconds. Added 1 classes and 2 folders.
[2018.04.14-13.34.35:608][  0]LogContentBrowser: Native class hierarchy updated for 'WorldBrowser' in 0.0028 seconds. Added 2 classes and 3 folders.
[2018.04.14-13.34.35:769][  0]LogSlate: Took 0.001251 seconds to synchronously load lazily loaded font '../../../Engine/Content/Slate/Fonts/Roboto-Regular.ttf' (155K)
[2018.04.14-13.34.35:790][  0]LogSlate: Took 0.001037 seconds to synchronously load lazily loaded font '../../../Engine/Content/Slate/Fonts/Roboto-Bold.ttf' (160K)
[2018.04.14-13.34.35:825][  0]LogSlate: Took 0.006686 seconds to synchronously load lazily loaded font '../../../Engine/Content/Editor/Slate/Fonts/FontAwesome.ttf' (139K)
[2018.04.14-13.34.36:458][  0]LogRenderer: Reallocating scene render targets to support 1008x472 Format 10 NumSamples 1 (Frame:1).
[2018.04.14-13.34.41:204][  0]LogSlate: Took 0.049963 seconds to synchronously load lazily loaded font '../../../Engine/Content/Slate/Fonts/Roboto-Light.ttf' (159K)
[2018.04.14-13.34.41:639][  0]LogContentBrowser: Native class hierarchy updated for 'HierarchicalLODOutliner' in 0.0022 seconds. Added 1 classes and 2 folders.
[2018.04.14-13.34.41:640][  0]LogLoad: (Engine Initialization) Total time: 76.42 seconds
[2018.04.14-13.34.41:640][  0]LogLoad: (Engine Initialization) Total Blueprint compile time: 0.00 seconds
[2018.04.14-13.34.41:640][  0]LogExternalProfiler: No external profilers were discovered.  External profiling features will not be available.
[2018.04.14-13.34.41:770][  0]LogContentStreaming: Texture pool size now 1000 MB
[2018.04.14-13.34.41:855][  1]LogFileCache: Retrieving MD5 hashes for directory 'D:/Game Dev/Epic Games/Projects/TDEMO-/Content/' took 0.17s
[2018.04.14-13.34.44:958][  5]LogSlate: Took 0.000952 seconds to synchronously load lazily loaded font '../../../Engine/Content/Slate/Fonts/Roboto-Light.ttf' (159K)
[2018.04.14-13.34.45:350][  7]LogAssetRegistry: Asset discovery search completed in 56.8598 seconds
[2018.04.14-13.34.45:358][  7]LogCollectionManager: Rebuilt the object cache for 0 collections in 0.000001 seconds (found 0 objects)
[2018.04.14-13.34.45:358][  7]LogCollectionManager: Fixed up redirectors for 0 collections in 0.000470 seconds (updated 0 objects)
[2018.04.14-13.34.56:793][ 94]LogSlate: Took 0.000882 seconds to synchronously load lazily loaded font '../../../Engine/Content/Slate/Fonts/Roboto-Light.ttf' (159K)
[2018.04.14-13.34.57:842][ 94]LogSlate: Took 0.000743 seconds to synchronously load lazily loaded font '../../../Engine/Content/Slate/Fonts/Roboto-Regular.ttf' (155K)
[2018.04.14-13.34.58:877][ 94]LogContentBrowser: Native class hierarchy updated for 'BlueprintGraph' in 0.0034 seconds. Added 113 classes and 0 folders.
[2018.04.14-13.35.02:209][ 94]LogSlate: Took 0.021128 seconds to synchronously load lazily loaded font '../../../Engine/Content/Editor/Slate/Fonts/Roboto-BoldCondensed.ttf' (158K)
[2018.04.14-13.35.11:229][151]LogSlate: Took 0.054077 seconds to synchronously load lazily loaded font '../../../Engine/Content/Editor/Slate/Fonts/Roboto-Italic.ttf' (157K)
[2018.04.14-13.35.23:884][293]BlueprintLog: New page: Compile Grubbins
[2018.04.14-13.35.32:865][380]Cmd: OBJ SAVEPACKAGE PACKAGE="/Game/Blueprints/Grubbins" FILE="../../../../Projects/TDEMO-/Content/Blueprints/Grubbins.uasset" SILENT=true
[2018.04.14-13.35.34:552][380]LogSavePackage: Save=741.23ms
[2018.04.14-13.35.34:552][380]LogSavePackage: Moving '../../../../Projects/TDEMO-/Saved/GrubbinsC8994A83447A2D131BA31DA74C7F65E5.tmp' to '../../../../Projects/TDEMO-/Content/Blueprints/Grubbins.uasset'
[2018.04.14-13.35.34:584][380]LogSavePackage: Display: Finished SavePackage ../../../../Projects/TDEMO-/Content/Blueprints/Grubbins.uasset
[2018.04.14-13.35.43:533][469]LogAIModule: Creating AISystem for world FirstLevel
[2018.04.14-13.35.43:773][469]Cmd: MAP LOAD FILE="../../../../Projects/TDEMO-/Content/Levels/FirstLevel.umap" TEMPLATE=0 SHOWPROGRESS=1 FEATURELEVEL=3
[2018.04.14-13.35.43:776][469]LightingResults: New page: Lighting Build
[2018.04.14-13.35.43:780][469]LoadErrors: New page: Loading map: FirstLevel.umap
[2018.04.14-13.35.43:811][469]MapCheck: New page: Map Check
[2018.04.14-13.35.43:811][469]LightingResults: New page: Lighting Build
[2018.04.14-13.35.44:242][469]LogEditorServer: Finished looking for orphan Actors (0.000 secs)
[2018.04.14-13.35.44:646][469]Cmd: MAP CHECKDEP NOCLEARLOG
[2018.04.14-13.35.44:958][469]MapCheck: Map check complete: 0 Error(s), 0 Warning(s), took 312.028ms to complete.
[2018.04.14-13.35.44:961][469]LogFileHelpers: Loading map 'FirstLevel' took 1.192
[2018.04.14-13.35.56:594][628]LogTemp: Repeating last play command: New Editor Window (PIE)
[2018.04.14-13.35.57:143][628]LogBlueprintUserMessages: Early PlayInEditor Detection: Level '/Game/Levels/FirstLevel.FirstLevel:PersistentLevel' has LevelScriptBlueprint '/Game/Levels/FirstLevel.FirstLevel:PersistentLevel.FirstLevel' with GeneratedClass '/Game/Levels/FirstLevel.FirstLevel_C' with ClassGeneratedBy '/Game/Levels/FirstLevel.FirstLevel:PersistentLevel.FirstLevel'
[2018.04.14-13.35.57:143][628]LogPlayLevel: PlayLevel: No blueprints needed recompiling
[2018.04.14-13.35.57:154][628]PIE: New page: PIE session: FirstLevel (14 Apr 2018 15:35:57)
[2018.04.14-13.35.57:159][628]LogPlayLevel: Creating play world package: /Game/Levels/UEDPIE_0_FirstLevel
[2018.04.14-13.35.57:178][628]LogPlayLevel: PIE: StaticDuplicateObject took: (0.018626s)
[2018.04.14-13.35.57:181][628]LogAIModule: Creating AISystem for world FirstLevel
[2018.04.14-13.35.57:183][628]LogPlayLevel: PIE: World Init took: (0.004979s)
[2018.04.14-13.35.57:184][628]LogPlayLevel: PIE: Created PIE world by copying editor world from /Game/Levels/FirstLevel.FirstLevel to /Game/Levels/UEDPIE_0_FirstLevel.FirstLevel (0.025416s)
[2018.04.14-13.35.57:336][628]LogInit: XAudio2 using 'Speakers (Realtek High Definition Audio)' : 2 channels at 48 kHz using 32 bits per sample (channel mask 0x3)
[2018.04.14-13.35.57:546][628]LogInit: FAudioDevice initialized.
[2018.04.14-13.35.57:716][628]LogLoad: Game class is 'AntsGamemode_C'
[2018.04.14-13.35.57:776][628]LogWorld: Bringing World /Game/Levels/UEDPIE_0_FirstLevel.FirstLevel up for play (max tick rate 60) at 2018.04.14-14.35.57
[2018.04.14-13.35.57:778][628]LogWorld: Bringing up level for play took: 0.008611
[2018.04.14-13.35.58:035][628]LogContentBrowser: Native class hierarchy updated for 'MovieSceneCapture' in 0.0035 seconds. Added 11 classes and 0 folders.
[2018.04.14-13.35.58:055][628]PIE: Play in editor start time for /Game/Levels/UEDPIE_0_FirstLevel 1.732
[2018.04.14-13.35.58:057][628]LogBlueprintUserMessages: Late PlayInEditor Detection: Level '/Game/Levels/FirstLevel.FirstLevel:PersistentLevel' has LevelScriptBlueprint '/Game/Levels/FirstLevel.FirstLevel:PersistentLevel.FirstLevel' with GeneratedClass '/Game/Levels/FirstLevel.FirstLevel_C' with ClassGeneratedBy '/Game/Levels/FirstLevel.FirstLevel:PersistentLevel.FirstLevel'
[2018.04.14-13.35.58:092][628]LogBlueprintUserMessages: [Grubbins_254] right
[2018.04.14-13.35.58:217][628]LogRenderer: Reallocating scene render targets to support 1292x756 Format 10 NumSamples 1 (Frame:1).
[2018.04.14-13.35.59:206][629]LogBlueprintUserMessages: [Grubbins_254] right
[2018.04.14-13.35.59:510][630]LogBlueprintUserMessages: [Grubbins_254] right
[2018.04.14-13.35.59:548][631]LogBlueprintUserMessages: [Grubbins_254] right
[2018.04.14-13.35.59:888][632]LogBlueprintUserMessages: [Grubbins_254] right
[2018.04.14-13.35.59:925][633]LogBlueprintUserMessages: [Grubbins_254] right
[2018.04.14-13.35.59:977][634]LogBlueprintUserMessages: [Grubbins_254] right
[2018.04.14-13.36.00:066][635]LogBlueprintUserMessages: [Grubbins_254] right
[2018.04.14-13.36.00:167][636]LogBlueprintUserMessages: [Grubbins_254] right
[2018.04.14-13.36.00:271][637]LogBlueprintUserMessages: [Grubbins_254] right
[2018.04.14-13.36.00:361][638]LogBlueprintUserMessages: [Grubbins_254] right
[2018.04.14-13.36.00:452][639]LogBlueprintUserMessages: [Grubbins_254] right
[2018.04.14-13.36.00:553][640]LogBlueprintUserMessages: [Grubbins_254] right
[2018.04.14-13.36.00:642][641]LogBlueprintUserMessages: [Grubbins_254] right
[2018.04.14-13.36.00:732][642]LogBlueprintUserMessages: [Grubbins_254] right
[2018.04.14-13.36.00:834][643]LogBlueprintUserMessages: [Grubbins_254] right
[2018.04.14-13.36.00:924][644]LogBlueprintUserMessages: [Grubbins_254] right
[2018.04.14-13.36.01:014][645]LogBlueprintUserMessages: [Grubbins_254] right
[2018.04.14-13.36.01:117][646]LogBlueprintUserMessages: [Grubbins_254] right
[2018.04.14-13.36.01:207][647]LogBlueprintUserMessages: [Grubbins_254] right
[2018.04.14-13.36.01:308][648]LogBlueprintUserMessages: [Grubbins_254] right
[2018.04.14-13.36.01:399][649]LogBlueprintUserMessages: [Grubbins_254] right
[2018.04.14-13.36.01:499][650]LogBlueprintUserMessages: [Grubbins_254] right
[2018.04.14-13.36.01:596][651]LogBlueprintUserMessages: [Grubbins_254] right
[2018.04.14-13.36.01:684][652]LogBlueprintUserMessages: [Grubbins_254] right
[2018.04.14-13.36.01:775][653]LogBlueprintUserMessages: [Grubbins_254] right
[2018.04.14-13.36.01:876][654]LogBlueprintUserMessages: [Grubbins_254] right
[2018.04.14-13.36.01:966][655]LogBlueprintUserMessages: [Grubbins_254] right
[2018.04.14-13.36.02:121][656]Set new viewmode: Wireframe
[2018.04.14-13.36.02:148][656]LogBlueprintUserMessages: [Grubbins_254] right
[2018.04.14-13.36.02:190][657]LogBlueprintUserMessages: [Grubbins_254] right
[2018.04.14-13.36.02:314][658]LogBlueprintUserMessages: [Grubbins_254] right
[2018.04.14-13.36.02:366][659]LogBlueprintUserMessages: [Grubbins_254] right
[2018.04.14-13.36.02:421][660]LogBlueprintUserMessages: [Grubbins_254] right
[2018.04.14-13.36.02:462][661]LogBlueprintUserMessages: [Grubbins_254] right
[2018.04.14-13.36.02:508][662]LogBlueprintUserMessages: [Grubbins_254] right
[2018.04.14-13.36.02:550][663]LogBlueprintUserMessages: [Grubbins_254] right
[2018.04.14-13.36.02:591][664]LogBlueprintUserMessages: [Grubbins_254] right
[2018.04.14-13.36.02:638][665]LogBlueprintUserMessages: [Grubbins_254] right
[2018.04.14-13.36.02:678][666]LogBlueprintUserMessages: [Grubbins_254] right
[2018.04.14-13.36.02:721][667]LogBlueprintUserMessages: [Grubbins_254] right
[2018.04.14-13.36.02:768][668]LogBlueprintUserMessages: [Grubbins_254] right
[2018.04.14-13.36.02:807][669]LogBlueprintUserMessages: [Grubbins_254] right
[2018.04.14-13.36.02:846][670]LogBlueprintUserMessages: [Grubbins_254] right
[2018.04.14-13.36.02:887][671]LogBlueprintUserMessages: [Grubbins_254] right
[2018.04.14-13.36.02:932][672]LogBlueprintUserMessages: [Grubbins_254] right
[2018.04.14-13.36.02:976][673]LogBlueprintUserMessages: [Grubbins_254] right
[2018.04.14-13.36.03:048][674]LogBlueprintUserMessages: [Grubbins_254] right
[2018.04.14-13.36.03:093][675]LogBlueprintUserMessages: [Grubbins_254] right
[2018.04.14-13.36.03:143][676]LogBlueprintUserMessages: [Grubbins_254] right
[2018.04.14-13.36.03:194][677]LogBlueprintUserMessages: [Grubbins_254] right
[2018.04.14-13.36.03:246][678]LogBlueprintUserMessages: [Grubbins_254] left
[2018.04.14-13.36.03:302][679]LogBlueprintUserMessages: [Grubbins_254] right
[2018.04.14-13.36.03:345][680]LogBlueprintUserMessages: [Grubbins_254] left
[2018.04.14-13.36.03:388][681]LogBlueprintUserMessages: [Grubbins_254] left
[2018.04.14-13.36.03:429][682]LogBlueprintUserMessages: [Grubbins_254] left
[2018.04.14-13.36.03:466][683]LogBlueprintUserMessages: [Grubbins_254] left
[2018.04.14-13.36.03:497][684]LogBlueprintUserMessages: [Grubbins_254] left
[2018.04.14-13.36.03:527][685]Set new viewmode: Wireframe
[2018.04.14-13.36.03:530][685]LogBlueprintUserMessages: [Grubbins_254] left
[2018.04.14-13.36.03:563][686]LogBlueprintUserMessages: [Grubbins_254] left
[2018.04.14-13.36.03:594][687]LogBlueprintUserMessages: [Grubbins_254] left
[2018.04.14-13.36.03:626][688]LogBlueprintUserMessages: [Grubbins_254] left
[2018.04.14-13.36.03:662][689]LogBlueprintUserMessages: [Grubbins_254] left
[2018.04.14-13.36.03:695][690]LogBlueprintUserMessages: [Grubbins_254] left
[2018.04.14-13.36.03:726][691]LogBlueprintUserMessages: [Grubbins_254] left
[2018.04.14-13.36.03:764][692]LogBlueprintUserMessages: [Grubbins_254] left
[2018.04.14-13.36.03:795][693]LogBlueprintUserMessages: [Grubbins_254] left
[2018.04.14-13.36.03:824][694]LogBlueprintUserMessages: [Grubbins_254] left
[2018.04.14-13.36.03:855][695]LogBlueprintUserMessages: [Grubbins_254] left
[2018.04.14-13.36.03:885][696]LogBlueprintUserMessages: [Grubbins_254] left
[2018.04.14-13.36.03:916][697]LogBlueprintUserMessages: [Grubbins_254] left
[2018.04.14-13.36.03:948][698]LogBlueprintUserMessages: [Grubbins_254] left
[2018.04.14-13.36.03:983][699]LogBlueprintUserMessages: [Grubbins_254] left
[2018.04.14-13.36.04:018][700]LogBlueprintUserMessages: [Grubbins_254] left
[2018.04.14-13.36.04:047][701]LogBlueprintUserMessages: [Grubbins_254] left
[2018.04.14-13.36.04:052][701]LogBlueprintUserMessages: Early EndPlayMap Detection: Level '/Game/Levels/FirstLevel.FirstLevel:PersistentLevel' has LevelScriptBlueprint '/Game/Levels/FirstLevel.FirstLevel:PersistentLevel.FirstLevel' with GeneratedClass '/Game/Levels/FirstLevel.FirstLevel_C' with ClassGeneratedBy '/Game/Levels/FirstLevel.FirstLevel:PersistentLevel.FirstLevel'
[2018.04.14-13.36.04:262][701]LogBlueprintUserMessages: Late EndPlayMap Detection: Level '/Game/Levels/FirstLevel.FirstLevel:PersistentLevel' has LevelScriptBlueprint '/Game/Levels/FirstLevel.FirstLevel:PersistentLevel.FirstLevel' with GeneratedClass '/Game/Levels/FirstLevel.FirstLevel_C' with ClassGeneratedBy '/Game/Levels/FirstLevel.FirstLevel:PersistentLevel.FirstLevel'
[2018.04.14-13.36.05:702][712]LogEditorViewport: Clicking on Actor (LMB): Grubbins_C (Grubbins)
[2018.04.14-13.36.26:194][892]Cmd: OBJ SAVEPACKAGE PACKAGE="/Game/Blueprints/Grubbins" FILE="../../../../Projects/TDEMO-/Content/Blueprints/Grubbins.uasset" SILENT=true
[2018.04.14-13.36.26:892][892]LogSavePackage: Save=659.15ms
[2018.04.14-13.36.26:892][892]LogSavePackage: Moving '../../../../Projects/TDEMO-/Saved/Grubbins9A297BAF455E6E4C2892C1B7226D8031.tmp' to '../../../../Projects/TDEMO-/Content/Blueprints/Grubbins.uasset'
[2018.04.14-13.36.26:906][892]LogSavePackage: Display: Finished SavePackage ../../../../Projects/TDEMO-/Content/Blueprints/Grubbins.uasset
[2018.04.14-13.36.29:470][923]LogTemp: Repeating last play command: New Editor Window (PIE)
[2018.04.14-13.36.29:747][923]LogBlueprintUserMessages: Early PlayInEditor Detection: Level '/Game/Levels/FirstLevel.FirstLevel:PersistentLevel' has LevelScriptBlueprint '/Game/Levels/FirstLevel.FirstLevel:PersistentLevel.FirstLevel' with GeneratedClass '/Game/Levels/FirstLevel.FirstLevel_C' with ClassGeneratedBy '/Game/Levels/FirstLevel.FirstLevel:PersistentLevel.FirstLevel'
[2018.04.14-13.36.29:747][923]LogPlayLevel: PlayLevel: No blueprints needed recompiling
[2018.04.14-13.36.29:748][923]PIE: New page: PIE session: FirstLevel (14 Apr 2018 15:36:29)
[2018.04.14-13.36.29:751][923]LogPlayLevel: Creating play world package: /Game/Levels/UEDPIE_0_FirstLevel
[2018.04.14-13.36.29:766][923]LogPlayLevel: PIE: StaticDuplicateObject took: (0.014281s)
[2018.04.14-13.36.29:770][923]LogAIModule: Creating AISystem for world FirstLevel
[2018.04.14-13.36.29:771][923]LogPlayLevel: PIE: World Init took: (0.004254s)
[2018.04.14-13.36.29:772][923]LogPlayLevel: PIE: Created PIE world by copying editor world from /Game/Levels/FirstLevel.FirstLevel to /Game/Levels/UEDPIE_0_FirstLevel.FirstLevel (0.020450s)
[2018.04.14-13.36.29:914][923]LogInit: XAudio2 using 'Speakers (Realtek High Definition Audio)' : 2 channels at 48 kHz using 32 bits per sample (channel mask 0x3)
[2018.04.14-13.36.29:983][923]LogInit: FAudioDevice initialized.
[2018.04.14-13.36.30:156][923]LogLoad: Game class is 'AntsGamemode_C'
[2018.04.14-13.36.30:165][923]LogWorld: Bringing World /Game/Levels/UEDPIE_0_FirstLevel.FirstLevel up for play (max tick rate 60) at 2018.04.14-14.36.30
[2018.04.14-13.36.30:166][923]LogWorld: Bringing up level for play took: 0.007315
[2018.04.14-13.36.30:209][923]PIE: Play in editor start time for /Game/Levels/UEDPIE_0_FirstLevel -0.115
[2018.04.14-13.36.30:210][923]LogBlueprintUserMessages: Late PlayInEditor Detection: Level '/Game/Levels/FirstLevel.FirstLevel:PersistentLevel' has LevelScriptBlueprint '/Game/Levels/FirstLevel.FirstLevel:PersistentLevel.FirstLevel' with GeneratedClass '/Game/Levels/FirstLevel.FirstLevel_C' with ClassGeneratedBy '/Game/Levels/FirstLevel.FirstLevel:PersistentLevel.FirstLevel'
[2018.04.14-13.36.30:245][923]LogBlueprintUserMessages: [Grubbins_254] right
[2018.04.14-13.36.30:417][924]LogBlueprintUserMessages: [Grubbins_254] right
[2018.04.14-13.36.30:527][925]LogBlueprintUserMessages: [Grubbins_254] right
[2018.04.14-13.36.30:572][926]LogBlueprintUserMessages: [Grubbins_254] right
[2018.04.14-13.36.30:675][927]LogBlueprintUserMessages: [Grubbins_254] right
[2018.04.14-13.36.30:769][928]LogBlueprintUserMessages: [Grubbins_254] right
[2018.04.14-13.36.30:862][929]LogBlueprintUserMessages: [Grubbins_254] right
[2018.04.14-13.36.30:956][930]LogBlueprintUserMessages: [Grubbins_254] right
[2018.04.14-13.36.31:054][931]LogBlueprintUserMessages: [Grubbins_254] right
[2018.04.14-13.36.31:145][932]LogBlueprintUserMessages: [Grubbins_254] right
[2018.04.14-13.36.31:247][933]LogBlueprintUserMessages: [Grubbins_254] right
[2018.04.14-13.36.31:345][934]LogBlueprintUserMessages: [Grubbins_254] right
[2018.04.14-13.36.31:436][935]LogBlueprintUserMessages: [Grubbins_254] right
[2018.04.14-13.36.31:539][936]LogBlueprintUserMessages: [Grubbins_254] right
[2018.04.14-13.36.31:636][937]LogBlueprintUserMessages: [Grubbins_254] right
[2018.04.14-13.36.31:726][938]LogBlueprintUserMessages: [Grubbins_254] right
[2018.04.14-13.36.31:817][939]LogBlueprintUserMessages: [Grubbins_254] right
[2018.04.14-13.36.31:918][940]LogBlueprintUserMessages: [Grubbins_254] right
[2018.04.14-13.36.32:008][941]LogBlueprintUserMessages: [Grubbins_254] right
[2018.04.14-13.36.32:100][942]LogBlueprintUserMessages: [Grubbins_254] right
[2018.04.14-13.36.32:201][943]LogBlueprintUserMessages: [Grubbins_254] right
[2018.04.14-13.36.32:297][944]LogBlueprintUserMessages: [Grubbins_254] right
[2018.04.14-13.36.32:395][945]LogBlueprintUserMessages: [Grubbins_254] right
[2018.04.14-13.36.32:487][946]LogBlueprintUserMessages: [Grubbins_254] right
[2018.04.14-13.36.32:587][947]LogBlueprintUserMessages: [Grubbins_254] right
[2018.04.14-13.36.32:678][948]LogBlueprintUserMessages: [Grubbins_254] right
[2018.04.14-13.36.32:779][949]LogBlueprintUserMessages: [Grubbins_254] right
[2018.04.14-13.36.32:870][950]LogBlueprintUserMessages: [Grubbins_254] right
[2018.04.14-13.36.32:971][951]LogBlueprintUserMessages: [Grubbins_254] right
[2018.04.14-13.36.33:063][952]LogBlueprintUserMessages: [Grubbins_254] right
[2018.04.14-13.36.33:152][953]LogBlueprintUserMessages: [Grubbins_254] right
[2018.04.14-13.36.33:255][954]LogBlueprintUserMessages: [Grubbins_254] right
[2018.04.14-13.36.33:355][955]LogBlueprintUserMessages: [Grubbins_254] right
[2018.04.14-13.36.33:446][956]LogBlueprintUserMessages: [Grubbins_254] right
[2018.04.14-13.36.33:546][957]LogBlueprintUserMessages: [Grubbins_254] right
[2018.04.14-13.36.33:637][958]LogBlueprintUserMessages: [Grubbins_254] right
[2018.04.14-13.36.33:739][959]LogBlueprintUserMessages: [Grubbins_254] right
[2018.04.14-13.36.33:829][960]LogBlueprintUserMessages: [Grubbins_254] right
[2018.04.14-13.36.33:930][961]LogBlueprintUserMessages: [Grubbins_254] right
[2018.04.14-13.36.34:023][962]LogBlueprintUserMessages: [Grubbins_254] right
[2018.04.14-13.36.34:123][963]LogBlueprintUserMessages: [Grubbins_254] right
[2018.04.14-13.36.34:217][964]LogBlueprintUserMessages: [Grubbins_254] right
[2018.04.14-13.36.34:305][965]LogBlueprintUserMessages: [Grubbins_254] right
[2018.04.14-13.36.34:406][966]LogBlueprintUserMessages: [Grubbins_254] right
[2018.04.14-13.36.34:496][967]LogBlueprintUserMessages: [Grubbins_254] left
[2018.04.14-13.36.34:588][968]LogBlueprintUserMessages: [Grubbins_254] left
[2018.04.14-13.36.34:688][969]LogBlueprintUserMessages: [Grubbins_254] left
[2018.04.14-13.36.34:792][970]LogBlueprintUserMessages: [Grubbins_254] left
[2018.04.14-13.36.34:879][971]LogBlueprintUserMessages: [Grubbins_254] left
[2018.04.14-13.36.34:971][972]LogBlueprintUserMessages: [Grubbins_254] left
[2018.04.14-13.36.35:072][973]LogBlueprintUserMessages: [Grubbins_254] left
[2018.04.14-13.36.35:174][974]LogBlueprintUserMessages: [Grubbins_254] left
[2018.04.14-13.36.35:263][975]LogBlueprintUserMessages: [Grubbins_254] left
[2018.04.14-13.36.35:355][976]LogBlueprintUserMessages: [Grubbins_254] left
[2018.04.14-13.36.35:450][977]LogBlueprintUserMessages: [Grubbins_254] left
[2018.04.14-13.36.35:546][978]LogBlueprintUserMessages: [Grubbins_254] left
[2018.04.14-13.36.35:637][979]LogBlueprintUserMessages: [Grubbins_254] left
[2018.04.14-13.36.35:737][980]LogBlueprintUserMessages: [Grubbins_254] left
[2018.04.14-13.36.35:835][981]LogBlueprintUserMessages: [Grubbins_254] left
[2018.04.14-13.36.35:931][982]LogBlueprintUserMessages: [Grubbins_254] left
[2018.04.14-13.36.36:022][983]LogBlueprintUserMessages: [Grubbins_254] left
[2018.04.14-13.36.36:123][984]LogBlueprintUserMessages: [Grubbins_254] left
[2018.04.14-13.36.36:225][985]LogBlueprintUserMessages: [Grubbins_254] left
[2018.04.14-13.36.36:315][986]LogBlueprintUserMessages: [Grubbins_254] left
[2018.04.14-13.36.36:405][987]LogBlueprintUserMessages: [Grubbins_254] left
[2018.04.14-13.36.36:507][988]LogBlueprintUserMessages: [Grubbins_254] left
[2018.04.14-13.36.36:608][989]LogBlueprintUserMessages: [Grubbins_254] left
[2018.04.14-13.36.36:698][990]LogBlueprintUserMessages: [Grubbins_254] left
[2018.04.14-13.36.36:790][991]LogBlueprintUserMessages: [Grubbins_254] left
[2018.04.14-13.36.36:891][992]LogBlueprintUserMessages: [Grubbins_254] left
[2018.04.14-13.36.36:982][993]LogBlueprintUserMessages: [Grubbins_254] left
[2018.04.14-13.36.37:072][994]LogBlueprintUserMessages: [Grubbins_254] left
[2018.04.14-13.36.37:174][995]LogBlueprintUserMessages: [Grubbins_254] left
[2018.04.14-13.36.37:278][996]LogBlueprintUserMessages: [Grubbins_254] left
[2018.04.14-13.36.37:366][997]LogBlueprintUserMessages: [Grubbins_254] left
[2018.04.14-13.36.37:458][998]LogBlueprintUserMessages: [Grubbins_254] left
[2018.04.14-13.36.37:560][999]LogBlueprintUserMessages: [Grubbins_254] left
[2018.04.14-13.36.37:650][  0]LogBlueprintUserMessages: [Grubbins_254] left
[2018.04.14-13.36.37:741][  1]LogBlueprintUserMessages: [Grubbins_254] left
[2018.04.14-13.36.37:842][  2]LogBlueprintUserMessages: [Grubbins_254] left
[2018.04.14-13.36.37:932][  3]LogBlueprintUserMessages: [Grubbins_254] left
[2018.04.14-13.36.38:022][  4]LogBlueprintUserMessages: [Grubbins_254] left
[2018.04.14-13.36.38:124][  5]LogBlueprintUserMessages: [Grubbins_254] left
[2018.04.14-13.36.38:216][  6]LogBlueprintUserMessages: [Grubbins_254] left
[2018.04.14-13.36.38:306][  7]LogBlueprintUserMessages: [Grubbins_254] left
[2018.04.14-13.36.38:406][  8]LogBlueprintUserMessages: [Grubbins_254] left
[2018.04.14-13.36.38:504][  9]LogBlueprintUserMessages: [Grubbins_254] left
[2018.04.14-13.36.38:600][ 10]LogBlueprintUserMessages: [Grubbins_254] left
[2018.04.14-13.36.38:691][ 11]LogBlueprintUserMessages: [Grubbins_254] left
[2018.04.14-13.36.38:793][ 12]LogBlueprintUserMessages: [Grubbins_254] left
[2018.04.14-13.36.38:884][ 13]LogBlueprintUserMessages: [Grubbins_254] left
[2018.04.14-13.36.38:974][ 14]LogBlueprintUserMessages: [Grubbins_254] left
[2018.04.14-13.36.39:075][ 15]LogBlueprintUserMessages: [Grubbins_254] left
[2018.04.14-13.36.39:176][ 16]LogBlueprintUserMessages: [Grubbins_254] left
[2018.04.14-13.36.39:267][ 17]LogBlueprintUserMessages: [Grubbins_254] right
[2018.04.14-13.36.39:358][ 18]LogBlueprintUserMessages: [Grubbins_254] right
[2018.04.14-13.36.39:460][ 19]LogBlueprintUserMessages: [Grubbins_254] right
[2018.04.14-13.36.39:562][ 20]LogBlueprintUserMessages: [Grubbins_254] right
[2018.04.14-13.36.39:655][ 21]LogBlueprintUserMessages: [Grubbins_254] right
[2018.04.14-13.36.39:746][ 22]LogBlueprintUserMessages: [Grubbins_254] right
[2018.04.14-13.36.39:850][ 23]LogBlueprintUserMessages: [Grubbins_254] right
[2018.04.14-13.36.39:940][ 24]LogBlueprintUserMessages: [Grubbins_254] right
[2018.04.14-13.36.40:042][ 25]LogBlueprintUserMessages: [Grubbins_254] right
[2018.04.14-13.36.40:136][ 26]LogBlueprintUserMessages: [Grubbins_254] right
[2018.04.14-13.36.40:227][ 27]LogBlueprintUserMessages: [Grubbins_254] right
[2018.04.14-13.36.40:326][ 28]LogBlueprintUserMessages: [Grubbins_254] right
[2018.04.14-13.36.40:418][ 29]LogBlueprintUserMessages: [Grubbins_254] right
[2018.04.14-13.36.40:506][ 30]LogBlueprintUserMessages: [Grubbins_254] right
[2018.04.14-13.36.40:607][ 31]LogBlueprintUserMessages: [Grubbins_254] right
[2018.04.14-13.36.40:698][ 32]LogBlueprintUserMessages: [Grubbins_254] right
[2018.04.14-13.36.40:801][ 33]LogBlueprintUserMessages: [Grubbins_254] right
[2018.04.14-13.36.40:891][ 34]LogBlueprintUserMessages: [Grubbins_254] right
[2018.04.14-13.36.40:993][ 35]LogBlueprintUserMessages: [Grubbins_254] right
[2018.04.14-13.36.41:094][ 36]LogBlueprintUserMessages: [Grubbins_254] right
[2018.04.14-13.36.41:185][ 37]LogBlueprintUserMessages: [Grubbins_254] right
[2018.04.14-13.36.41:286][ 38]LogBlueprintUserMessages: [Grubbins_254] right
[2018.04.14-13.36.41:377][ 39]LogBlueprintUserMessages: [Grubbins_254] right
[2018.04.14-13.36.41:477][ 40]LogBlueprintUserMessages: [Grubbins_254] right
[2018.04.14-13.36.41:579][ 41]LogBlueprintUserMessages: [Grubbins_254] right
[2018.04.14-13.36.41:670][ 42]LogBlueprintUserMessages: [Grubbins_254] right
[2018.04.14-13.36.41:773][ 43]LogBlueprintUserMessages: [Grubbins_254] right
[2018.04.14-13.36.41:863][ 44]LogBlueprintUserMessages: [Grubbins_254] right
[2018.04.14-13.36.41:964][ 45]LogBlueprintUserMessages: [Grubbins_254] right
[2018.04.14-13.36.41:969][ 45]LogBlueprintUserMessages: Early EndPlayMap Detection: Level '/Game/Levels/FirstLevel.FirstLevel:PersistentLevel' has LevelScriptBlueprint '/Game/Levels/FirstLevel.FirstLevel:PersistentLevel.FirstLevel' with GeneratedClass '/Game/Levels/FirstLevel.FirstLevel_C' with ClassGeneratedBy '/Game/Levels/FirstLevel.FirstLevel:PersistentLevel.FirstLevel'
[2018.04.14-13.36.42:604][ 45]LogBlueprintUserMessages: Late EndPlayMap Detection: Level '/Game/Levels/FirstLevel.FirstLevel:PersistentLevel' has LevelScriptBlueprint '/Game/Levels/FirstLevel.FirstLevel:PersistentLevel.FirstLevel' with GeneratedClass '/Game/Levels/FirstLevel.FirstLevel_C' with ClassGeneratedBy '/Game/Levels/FirstLevel.FirstLevel:PersistentLevel.FirstLevel'
[2018.04.14-13.37.03:081][196]BlueprintLog: New page: Compile Grubbins
[2018.04.14-13.37.16:720][332]Cmd: OBJ SAVEPACKAGE PACKAGE="/Game/Blueprints/Grubbins" FILE="../../../../Projects/TDEMO-/Content/Blueprints/Grubbins.uasset" SILENT=true
[2018.04.14-13.37.17:486][332]LogSavePackage: Save=687.95ms
[2018.04.14-13.37.17:486][332]LogSavePackage: Moving '../../../../Projects/TDEMO-/Saved/Grubbins0D0097CB4F4BBD7D1A7A009F3E9154A0.tmp' to '../../../../Projects/TDEMO-/Content/Blueprints/Grubbins.uasset'
[2018.04.14-13.37.17:501][332]LogSavePackage: Display: Finished SavePackage ../../../../Projects/TDEMO-/Content/Blueprints/Grubbins.uasset
[2018.04.14-13.38.00:315][827]Cmd: OBJ SAVEPACKAGE PACKAGE="/Game/Levels/FirstLevel" FILE="../../../../Projects/TDEMO-/Content/Levels/FirstLevel.umap" SILENT=true AUTOSAVING=false KEEPDIRTY=false
[2018.04.14-13.38.00:980][827]LogSavePackage: Save=449.41ms
[2018.04.14-13.38.00:981][827]LogSavePackage: Moving '../../../../Projects/TDEMO-/Saved/FirstLevelD9AAFA4045AEAD780A953EA89F18C25F.tmp' to '../../../../Projects/TDEMO-/Content/Levels/FirstLevel.umap'
[2018.04.14-13.38.00:995][827]LogSavePackage: Display: Finished SavePackage ../../../../Projects/TDEMO-/Content/Levels/FirstLevel.umap
[2018.04.14-13.38.01:396][827]Cmd: OBJ SAVEPACKAGE PACKAGE="/Game/Levels/FirstLevel_BuiltData" FILE="../../../../Projects/TDEMO-/Content/Levels/FirstLevel_BuiltData.uasset" SILENT=true
[2018.04.14-13.38.01:658][827]LogSavePackage: Save=191.42ms
[2018.04.14-13.38.01:658][827]LogSavePackage: Moving '../../../../Projects/TDEMO-/Saved/FirstLevel_BuiltData2B804FAC44627DF928873EB655A2F38E.tmp' to '../../../../Projects/TDEMO-/Content/Levels/FirstLevel_BuiltData.uasset'
[2018.04.14-13.38.01:680][827]LogSavePackage: Display: Finished SavePackage ../../../../Projects/TDEMO-/Content/Levels/FirstLevel_BuiltData.uasset
[2018.04.14-13.38.19:366][  3]LogSlate: Took 0.001057 seconds to synchronously load lazily loaded font '../../../Engine/Content/Editor/Slate/Fonts/Roboto-BoldCondensedItalic.ttf' (160K)
[2018.04.14-13.38.27:012][103]BlueprintLog: New page: Compile Spawner
[2018.04.14-13.39.39:320][ 63]LogSlate: Warning: Prevented a slow task dialog from being summoned while a context menu was open
[2018.04.14-13.40.14:410][484]BlueprintLog: New page: Compile Spawner
[2018.04.14-13.40.14:491][484]LogBlueprint: Error: [Compiler Spawner] The current value of the ' Spawn Transform ' pin is invalid: 'Spawn Transform' must have an input wired into it ("by ref" params expect a valid input to operate on).
[2018.04.14-13.40.14:493][484]LogBlueprint: Error: [Compiler Spawner] The current value of the ' Spawn Transform ' pin is invalid: 'Spawn Transform' must have an input wired into it ("by ref" params expect a valid input to operate on).
[2018.04.14-13.40.15:154][484]LogBlueprint: Warning: [Compiler Spawner] [0409.94] Compile of Spawner failed. 2 Fatal Issue(s) 0 Warning(s) [in 744 ms] (/Game/Blueprints/Spawner.Spawner)
[2018.04.14-13.40.22:092][562]BlueprintLog: New page: Compile Spawner
[2018.04.14-13.40.25:060][588]Cmd: OBJ SAVEPACKAGE PACKAGE="/Game/Blueprints/Spawner" FILE="../../../../Projects/TDEMO-/Content/Blueprints/Spawner.uasset" SILENT=true
[2018.04.14-13.40.25:206][588]LogSavePackage: Save=137.39ms
[2018.04.14-13.40.25:206][588]LogSavePackage: Moving '../../../../Projects/TDEMO-/Saved/Spawner43302CE14043ADBA46EF11BAA8FFCF2F.tmp' to '../../../../Projects/TDEMO-/Content/Blueprints/Spawner.uasset'
[2018.04.14-13.40.25:227][588]LogSavePackage: Display: Finished SavePackage ../../../../Projects/TDEMO-/Content/Blueprints/Spawner.uasset
[2018.04.14-13.40.50:263][874]Cmd: OBJ SAVEPACKAGE PACKAGE="/Game/Levels/FirstLevel" FILE="../../../../Projects/TDEMO-/Content/Levels/FirstLevel.umap" SILENT=true AUTOSAVING=false KEEPDIRTY=false
[2018.04.14-13.40.50:996][874]LogSavePackage: Save=467.50ms
[2018.04.14-13.40.50:996][874]LogSavePackage: Moving '../../../../Projects/TDEMO-/Saved/FirstLevelF614EC2741A2FFC306AD33A3C6B1E3CC.tmp' to '../../../../Projects/TDEMO-/Content/Levels/FirstLevel.umap'
[2018.04.14-13.40.51:005][874]LogSavePackage: Display: Finished SavePackage ../../../../Projects/TDEMO-/Content/Levels/FirstLevel.umap
[2018.04.14-13.40.51:437][874]Cmd: OBJ SAVEPACKAGE PACKAGE="/Game/Levels/FirstLevel_BuiltData" FILE="../../../../Projects/TDEMO-/Content/Levels/FirstLevel_BuiltData.uasset" SILENT=true
[2018.04.14-13.40.51:640][874]LogSavePackage: Save=139.76ms
[2018.04.14-13.40.51:640][874]LogSavePackage: Moving '../../../../Projects/TDEMO-/Saved/FirstLevel_BuiltData5D35F9E64A1685F2931E2C9417F36D54.tmp' to '../../../../Projects/TDEMO-/Content/Levels/FirstLevel_BuiltData.uasset'
[2018.04.14-13.40.51:644][874]LogSavePackage: Display: Finished SavePackage ../../../../Projects/TDEMO-/Content/Levels/FirstLevel_BuiltData.uasset
[2018.04.14-13.41.01:084][982]LogEditorViewport: Clicking on Actor (LMB): Grubbins_C (Grubbins)
[2018.04.14-13.41.10:337][ 98]LogEditorViewport: Clicking on Actor (LMB): Grubbins_C (Grubbins)
[2018.04.14-13.41.12:347][119]LogEditorViewport: Clicking on Actor (LMB): Spawner_C (Spawner)
[2018.04.14-13.41.17:008][176]LogEditorViewport: Clicking on Actor (LMB): Grubbins_C (Grubbins)
[2018.04.14-13.41.25:731][281]LogEditorActor: Deleted Actor: Grubbins_C
[2018.04.14-13.41.25:857][281]LogEditorActor: Deleted 1 Actors (0.127 secs)
[2018.04.14-13.41.28:945][323]Cmd: OBJ SAVEPACKAGE PACKAGE="/Game/Levels/FirstLevel" FILE="../../../../Projects/TDEMO-/Content/Levels/FirstLevel.umap" SILENT=true AUTOSAVING=false KEEPDIRTY=false
[2018.04.14-13.41.29:448][323]LogSavePackage: Save=356.43ms
[2018.04.14-13.41.29:450][323]LogSavePackage: Moving '../../../../Projects/TDEMO-/Saved/FirstLevel379C213F4EFC0A9C547BF2A0AF438452.tmp' to '../../../../Projects/TDEMO-/Content/Levels/FirstLevel.umap'
[2018.04.14-13.41.29:465][323]LogSavePackage: Display: Finished SavePackage ../../../../Projects/TDEMO-/Content/Levels/FirstLevel.umap
[2018.04.14-13.41.29:844][323]Cmd: OBJ SAVEPACKAGE PACKAGE="/Game/Levels/FirstLevel_BuiltData" FILE="../../../../Projects/TDEMO-/Content/Levels/FirstLevel_BuiltData.uasset" SILENT=true
[2018.04.14-13.41.30:035][323]LogSavePackage: Save=130.56ms
[2018.04.14-13.41.30:038][323]LogSavePackage: Moving '../../../../Projects/TDEMO-/Saved/FirstLevel_BuiltData618A6A004BDEECC7BA9699815284BB7C.tmp' to '../../../../Projects/TDEMO-/Content/Levels/FirstLevel_BuiltData.uasset'
[2018.04.14-13.41.30:042][323]LogSavePackage: Display: Finished SavePackage ../../../../Projects/TDEMO-/Content/Levels/FirstLevel_BuiltData.uasset
[2018.04.14-13.41.35:674][385]LogTemp: Repeating last play command: New Editor Window (PIE)
[2018.04.14-13.41.35:963][385]LogBlueprintUserMessages: Early PlayInEditor Detection: Level '/Game/Levels/FirstLevel.FirstLevel:PersistentLevel' has LevelScriptBlueprint '/Game/Levels/FirstLevel.FirstLevel:PersistentLevel.FirstLevel' with GeneratedClass '/Game/Levels/FirstLevel.FirstLevel_C' with ClassGeneratedBy '/Game/Levels/FirstLevel.FirstLevel:PersistentLevel.FirstLevel'
[2018.04.14-13.41.35:963][385]LogPlayLevel: PlayLevel: No blueprints needed recompiling
[2018.04.14-13.41.35:964][385]PIE: New page: PIE session: FirstLevel (14 Apr 2018 15:41:35)
[2018.04.14-13.41.35:968][385]LogPlayLevel: Creating play world package: /Game/Levels/UEDPIE_0_FirstLevel
[2018.04.14-13.41.35:987][385]LogPlayLevel: PIE: StaticDuplicateObject took: (0.018956s)
[2018.04.14-13.41.35:992][385]LogAIModule: Creating AISystem for world FirstLevel
[2018.04.14-13.41.35:993][385]LogPlayLevel: PIE: World Init took: (0.005735s)
[2018.04.14-13.41.35:994][385]LogPlayLevel: PIE: Created PIE world by copying editor world from /Game/Levels/FirstLevel.FirstLevel to /Game/Levels/UEDPIE_0_FirstLevel.FirstLevel (0.026415s)
[2018.04.14-13.41.36:143][385]LogInit: XAudio2 using 'Speakers (Realtek High Definition Audio)' : 2 channels at 48 kHz using 32 bits per sample (channel mask 0x3)
[2018.04.14-13.41.36:216][385]LogInit: FAudioDevice initialized.
[2018.04.14-13.41.36:395][385]LogLoad: Game class is 'AntsGamemode_C'
[2018.04.14-13.41.36:407][385]LogWorld: Bringing World /Game/Levels/UEDPIE_0_FirstLevel.FirstLevel up for play (max tick rate 60) at 2018.04.14-14.41.36
[2018.04.14-13.41.36:409][385]LogWorld: Bringing up level for play took: 0.011232
