Log file open, 01/26/18 18:54:02
LogWindows: Failed to load 'aqProf.dll' (GetLastError=126)
LogWindows: File 'aqProf.dll' does not exist
LogWindows: Failed to load 'VSPerf140.dll' (GetLastError=126)
LogWindows: File 'VSPerf140.dll' does not exist
LogWindows: Failed to load 'VtuneApi.dll' (GetLastError=126)
LogWindows: File 'VtuneApi.dll' does not exist
LogWindows: Failed to load 'VtuneApi32e.dll' (GetLastError=126)
LogWindows: File 'VtuneApi32e.dll' does not exist
LogInit: Display: Running engine for game: AntsGame
LogPlatformFile: Not using cached read wrapper
LogInit: Display: RandInit(1722374571) SRandInit(1722374571).
LogTaskGraph: Started task graph with 5 named threads and 8 total threads with 3 sets of task threads.
LogStats: Stats thread started at 0.467567
LogD3D11RHI: Aftermath initialized
LogPluginManager: Mounting plugin Paper2D
LogPluginManager: Mounting plugin LightPropagationVolume
LogPluginManager: Mounting plugin CodeLiteSourceCodeAccess
LogPluginManager: Mounting plugin GitSourceControl
LogPluginManager: Mounting plugin KDevelopSourceCodeAccess
LogPluginManager: Mounting plugin NullSourceCodeAccess
LogPluginManager: Mounting plugin PerforceSourceControl
LogPluginManager: Mounting plugin SubversionSourceControl
LogPluginManager: Mounting plugin UObjectPlugin
LogPluginManager: Mounting plugin VisualStudioSourceCodeAccess
LogPluginManager: Mounting plugin XCodeSourceCodeAccess
LogPluginManager: Mounting plugin AssetManagerEditor
LogPluginManager: Mounting plugin AudioCapture
LogPluginManager: Mounting plugin FacialAnimation
LogPluginManager: Mounting plugin GameplayTagsEditor
LogPluginManager: Mounting plugin MobileLauncherProfileWizard
LogPluginManager: Mounting plugin PluginBrowser
LogPluginManager: Mounting plugin SpeedTreeImporter
LogPluginManager: Mounting plugin AlembicImporter
LogPluginManager: Mounting plugin CharacterAI
LogPluginManager: Mounting plugin HTML5Networking
LogPluginManager: Mounting plugin AndroidMedia
LogPluginManager: Mounting plugin AvfMedia
LogPluginManager: Mounting plugin MediaPlayerEditor
LogPluginManager: Mounting plugin WmfMedia
LogPluginManager: Mounting plugin TcpMessaging
LogPluginManager: Mounting plugin UdpMessaging
LogPluginManager: Mounting plugin LevelSequenceEditor
LogPluginManager: Mounting plugin MatineeToLevelSequence
LogPluginManager: Mounting plugin OnlineSubsystemGooglePlay
LogPluginManager: Mounting plugin OnlineSubsystemIOS
LogPluginManager: Mounting plugin OnlineSubsystem
LogPluginManager: Mounting plugin OnlineSubsystemNull
LogPluginManager: Mounting plugin OnlineSubsystemUtils
LogPluginManager: Mounting plugin AndroidDeviceProfileSelector
LogPluginManager: Mounting plugin AndroidMoviePlayer
LogPluginManager: Mounting plugin AndroidPermission
LogPluginManager: Mounting plugin AppleMoviePlayer
LogPluginManager: Mounting plugin ArchVisCharacter
LogPluginManager: Mounting plugin CableComponent
LogPluginManager: Mounting plugin CustomMeshComponent
LogPluginManager: Mounting plugin ExampleDeviceProfileSelector
LogPluginManager: Mounting plugin GoogleCloudMessaging
LogPluginManager: Mounting plugin ImmediatePhysics
LogPluginManager: Mounting plugin IOSDeviceProfileSelector
LogPluginManager: Mounting plugin LinuxDeviceProfileSelector
LogPluginManager: Mounting plugin LocationServicesBPLibrary
LogPluginManager: Mounting plugin MobilePatchingUtils
LogPluginManager: Mounting plugin OculusVR
LogPluginManager: Mounting plugin PhysXVehicles
LogPluginManager: Mounting plugin ProceduralMeshComponent
LogPluginManager: Mounting plugin RuntimePhysXCooking
LogPluginManager: Mounting plugin SteamVR
LogPluginManager: Mounting plugin WindowsMoviePlayer
LogInit: Using libcurl 7.47.1
LogInit:  - built for x86_64-pc-win32
LogInit:  - supports SSL with OpenSSL/1.0.2g
LogInit:  - supports HTTP deflate (compression) using libz 1.2.8
LogInit:  - other features:
LogInit:      CURL_VERSION_SSL
LogInit:      CURL_VERSION_LIBZ
LogInit:      CURL_VERSION_IPV6
LogInit:      CURL_VERSION_ASYNCHDNS
LogInit:      CURL_VERSION_LARGEFILE
LogInit:      CURL_VERSION_IDN
LogInit:  CurlRequestOptions (configurable via config and command line):
LogInit:  - bVerifyPeer = false  - Libcurl will NOT verify peer certificate
LogInit:  - bUseHttpProxy = false  - Libcurl will NOT use HTTP proxy
LogInit:  - bDontReuseConnections = false  - Libcurl will reuse connections
LogInit:  - CertBundlePath = nullptr  - Libcurl will use whatever was configured at build time.
LogInit: Build: ++UE4+Release-4.17-CL-3658906
LogInit: Engine Version: 4.17.2-3658906+++UE4+Release-4.17
LogInit: Compatible Engine Version: 4.17.0-3573198+++UE4+Release-4.17
LogInit: Net CL: 3573198
LogDevObjectVersion: Number of dev versions registered: 16
LogDevObjectVersion:   Dev-Blueprints (B0D832E4-1F89-4F0D-ACCF-7EB736FD4AA2): 10
LogDevObjectVersion:   Dev-Build (E1C64328-A22C-4D53-A36C-8E866417BD8C): 0
LogDevObjectVersion:   Dev-Core (375EC13C-06E4-48FB-B500-84F0262A717E): 2
LogDevObjectVersion:   Dev-Editor (E4B068ED-F494-42E9-A231-DA0B2E46BB41): 20
LogDevObjectVersion:   Dev-Framework (CFFC743F-43B0-4480-9391-14DF171D2073): 28
LogDevObjectVersion:   Dev-Mobile (B02B49B5-BB20-44E9-A304-32B752E40360): 0
LogDevObjectVersion:   Dev-Networking (A4E4105C-59A1-49B5-A7C5-40C4547EDFEE): 0
LogDevObjectVersion:   Dev-Online (39C831C9-5AE6-47DC-9A44-9C173E1C8E7C): 0
LogDevObjectVersion:   Dev-Physics (78F01B33-EBEA-4F98-B9B4-84EACCB95AA2): 0
LogDevObjectVersion:   Dev-Platform (6631380F-2D4D-43E0-8009-CF276956A95A): 0
LogDevObjectVersion:   Dev-Rendering (12F88B9F-8875-4AFC-A67C-D90C383ABD29): 19
LogDevObjectVersion:   Dev-Sequencer (7B5AE74C-D270-4C10-A958-57980B212A5A): 4
LogDevObjectVersion:   Dev-VR (D7296918-1DD6-4BDD-9DE2-64A83CC13884): 0
LogDevObjectVersion:   Dev-LoadTimes (C2A15278-BFE7-4AFE-6C17-90FF531DF755): 1
LogDevObjectVersion:   Private-Geometry (6EACA3D4-40EC-4CC1-B786-8BED09428FC5): 1
LogDevObjectVersion:   Dev-AnimPhys (29E575DD-E0A3-4627-9D10-D276232CDCEA): 7
LogInit: Compiled (64-bit): Sep 22 2017 13:47:16
LogInit: Compiled with Visual C++: 19.00.24215.01
LogInit: Build Configuration: Development
LogInit: Branch Name: ++UE4+Release-4.17
LogInit: Command line: -EpicPortal 
LogInit: Base directory: D:/Game Dev/Epic Games/UE_4.17/Engine/Binaries/Win64/
LogInit: Installed Engine Build: 1
LogInit: Presizing for max 8388607 objects, including 0 objects not considered by GC, pre-allocating 0 bytes for permanent pool.
LogInit: Object subsystem initialized
[2018.01.26-18.54.06:469][  0]LogInit: Selected Device Profile: [Windows]
[2018.01.26-18.54.06:469][  0]LogInit: Applying CVar settings loaded from the selected device profile: [Windows]
[2018.01.26-18.54.06:573][  0]LogInit: Computer: LAPTOP-CLI7GUMK
[2018.01.26-18.54.06:573][  0]LogInit: User: Gary
[2018.01.26-18.54.06:573][  0]LogInit: CPU Page size=4096, Cores=2
[2018.01.26-18.54.06:574][  0]LogInit: High frequency timer resolution =2.835935 MHz
[2018.01.26-18.54.06:574][  0]LogMemory: Memory total: Physical=7.9GB (8GB approx)
[2018.01.26-18.54.06:574][  0]LogMemory: Platform Memory Stats for Windows
[2018.01.26-18.54.06:575][  0]LogMemory: Process Physical Memory: 278.79 MB used, 278.79 MB peak
[2018.01.26-18.54.06:575][  0]LogMemory: Process Virtual Memory: 277.03 MB used, 277.03 MB peak
[2018.01.26-18.54.06:575][  0]LogMemory: Physical Memory: 3607.91 MB used,  4478.21 MB free, 8086.12 MB total
[2018.01.26-18.54.06:575][  0]LogMemory: Virtual Memory: 658.22 MB used,  4478.21 MB free, 134217728.00 MB total
[2018.01.26-18.54.07:158][  0]LogInit: Using OS detected language (en-GB).
[2018.01.26-18.54.07:158][  0]LogInit: Using OS detected locale (en-GB).
[2018.01.26-18.54.07:172][  0]LogTextLocalizationManager: No specific localization for 'en-GB' exists, so the 'en' localization will be used.
[2018.01.26-18.54.09:917][  0]LogD3D11RHI: D3D11 adapters:
[2018.01.26-18.54.09:957][  0]LogD3D11RHI:    0. 'Intel(R) HD Graphics 620' (Feature Level 11_0)
[2018.01.26-18.54.09:957][  0]LogD3D11RHI:       128/0/4043 MB DedicatedVideo/DedicatedSystem/SharedSystem, Outputs:1, VendorId:0x8086
[2018.01.26-18.54.09:962][  0]LogD3D11RHI:    1. 'Microsoft Basic Render Driver' (Feature Level 11_0)
[2018.01.26-18.54.09:962][  0]LogD3D11RHI:       0/0/4043 MB DedicatedVideo/DedicatedSystem/SharedSystem, Outputs:0, VendorId:0x1414
[2018.01.26-18.54.09:962][  0]LogD3D11RHI: Chosen D3D11 Adapter: 0
[2018.01.26-18.54.09:984][  0]LogD3D11RHI: Creating new Direct3DDevice
[2018.01.26-18.54.09:985][  0]LogD3D11RHI:     GPU DeviceId: 0x5916 (for the marketing name, search the web for "GPU Device Id")
[2018.01.26-18.54.09:985][  0]LogWindows: EnumDisplayDevices:
[2018.01.26-18.54.09:985][  0]LogWindows:    0. 'Intel(R) HD Graphics 620' (P:1 D:1)
[2018.01.26-18.54.09:986][  0]LogWindows:    1. 'Intel(R) HD Graphics 620' (P:0 D:0)
[2018.01.26-18.54.09:986][  0]LogWindows:    2. 'Intel(R) HD Graphics 620' (P:0 D:0)
[2018.01.26-18.54.09:987][  0]LogWindows: DebugString: FoundDriverCount:3 
[2018.01.26-18.54.09:987][  0]LogD3D11RHI:     Adapter Name: Intel(R) HD Graphics 620
[2018.01.26-18.54.09:987][  0]LogD3D11RHI:   Driver Version: 22.20.16.4836 (internal:22.20.16.4836, unified:22.20.16.4836)
[2018.01.26-18.54.09:987][  0]LogD3D11RHI:      Driver Date: 10-17-2017
[2018.01.26-18.54.09:987][  0]LogRHI: Texture pool is 1361 MB (70% of 1945 MB)
[2018.01.26-18.54.10:014][  0]LogD3D11RHI: Async texture creation enabled
[2018.01.26-18.54.10:033][  0]LogD3D11RHI: GPU Timing Frequency: 12.000000 (Debug: 2 0)
[2018.01.26-18.54.10:037][  0]LogShaderCompilers: Guid format shader working directory is 16 characters bigger than the processId version (../../../../Projects/AntsGame/Intermediate/Shaders/WorkingDirectory/6356/).
[2018.01.26-18.54.10:037][  0]LogShaderCompilers: Cleaned the shader compiler working directory 'C:/Users/Gary/AppData/Local/Temp/UnrealShaderWorkingDir/E7728F414B012467C643C08084420974/'.
[2018.01.26-18.54.10:038][  0]LogShaderCompilers: Display: Using Local Shader Compiler.
[2018.01.26-18.54.13:926][  0]LogTemp: Display: Loaded TP AllDesktopTargetPlatform
[2018.01.26-18.54.14:106][  0]LogTemp: Display: Loaded TP MacClientTargetPlatform
[2018.01.26-18.54.14:311][  0]LogTemp: Display: Loaded TP MacNoEditorTargetPlatform
[2018.01.26-18.54.14:686][  0]LogTemp: Display: Loaded TP MacServerTargetPlatform
[2018.01.26-18.54.15:067][  0]LogTemp: Display: Loaded TP MacTargetPlatform
[2018.01.26-18.54.15:296][  0]LogTemp: Display: Loaded TP WindowsClientTargetPlatform
[2018.01.26-18.54.15:516][  0]LogTemp: Display: Loaded TP WindowsNoEditorTargetPlatform
[2018.01.26-18.54.15:730][  0]LogTemp: Display: Loaded TP WindowsServerTargetPlatform
[2018.01.26-18.54.15:904][  0]LogTemp: Display: Loaded TP WindowsTargetPlatform
[2018.01.26-18.54.16:129][  0]LogTemp: Display: Loaded TP AndroidTargetPlatform
[2018.01.26-18.54.16:348][  0]LogTemp: Display: Loaded TP Android_ASTCTargetPlatform
[2018.01.26-18.54.16:597][  0]LogTemp: Display: Loaded TP Android_ATCTargetPlatform
[2018.01.26-18.54.16:875][  0]LogTemp: Display: Loaded TP Android_DXTTargetPlatform
[2018.01.26-18.54.17:074][  0]LogTemp: Display: Loaded TP Android_ETC1TargetPlatform
[2018.01.26-18.54.17:263][  0]LogTemp: Display: Loaded TP Android_ETC2TargetPlatform
[2018.01.26-18.54.17:626][  0]LogTemp: Display: Loaded TP Android_MultiTargetPlatform
[2018.01.26-18.54.17:626][  0]LogTemp: Display: Loaded TP Android_PVRTCTargetPlatform
[2018.01.26-18.54.17:783][  0]LogTemp: Display: Loaded TP HTML5TargetPlatform
[2018.01.26-18.54.18:074][  0]LogTemp: Display: Loaded TP IOSTargetPlatform
[2018.01.26-18.54.18:229][  0]LogTemp: Display: Loaded TP TVOSTargetPlatform
[2018.01.26-18.54.18:493][  0]LogTemp: Display: Loaded TP LinuxClientTargetPlatform
[2018.01.26-18.54.18:762][  0]LogTemp: Display: Loaded TP LinuxNoEditorTargetPlatform
[2018.01.26-18.54.18:947][  0]LogTemp: Display: Loaded TP LinuxServerTargetPlatform
[2018.01.26-18.54.19:127][  0]LogTemp: Display: Loaded TP LinuxTargetPlatform
[2018.01.26-18.54.19:127][  0]LogTargetPlatformManager: Display: Building Assets For Windows
[2018.01.26-18.54.21:406][  0]LogDerivedDataCache: Display: Max Cache Size: 512 MB
[2018.01.26-18.54.21:791][  0]LogDerivedDataCache: Loaded boot cache 0.38s 93MB C:/Users/Gary/AppData/Local/UnrealEngine/4.17/DerivedDataCache/Boot.ddc.
[2018.01.26-18.54.21:791][  0]LogDerivedDataCache: Display: Loaded Boot cache: C:/Users/Gary/AppData/Local/UnrealEngine/4.17/DerivedDataCache/Boot.ddc
[2018.01.26-18.54.21:792][  0]LogDerivedDataCache: FDerivedDataBackendGraph:  Pak pak cache file ../../../../Projects/AntsGame/DerivedDataCache/DDC.ddp not found, will not use a pak cache.
[2018.01.26-18.54.21:792][  0]LogDerivedDataCache: Unable to find inner node Pak for hierarchical cache Hierarchy.
[2018.01.26-18.54.21:792][  0]LogDerivedDataCache: FDerivedDataBackendGraph:  CompressedPak pak cache file ../../../../Projects/AntsGame/DerivedDataCache/Compressed.ddp not found, will not use a pak cache.
[2018.01.26-18.54.21:792][  0]LogDerivedDataCache: Unable to find inner node CompressedPak for hierarchical cache Hierarchy.
[2018.01.26-18.54.21:857][  0]LogDerivedDataCache: Display: Pak cache opened for reading ../../../Engine/DerivedDataCache/Compressed.ddp.
[2018.01.26-18.54.21:873][  0]LogDerivedDataCache: Using Local data cache path C:/Users/Gary/AppData/Local/UnrealEngine/Common/DerivedDataCache: Writable
[2018.01.26-18.54.21:915][  0]LogMaterial: Verifying Global Shaders for PCD3D_SM5
[2018.01.26-18.54.21:916][  0]LogSlate: Using Freetype 2.6.0
[2018.01.26-18.54.21:917][  0]LogSlate: SlateFontCache - WITH_FREETYPE: 1, WITH_HARFBUZZ: 1
[2018.01.26-18.54.21:918][  0]LogSlate: SlateFontCache - WITH_FREETYPE: 1, WITH_HARFBUZZ: 1
[2018.01.26-18.54.23:086][  0]LogAssetRegistry: FAssetRegistry took 0.0496 seconds to start up
[2018.01.26-18.54.23:829][  0]LogInit: Selected Device Profile: [Windows]
[2018.01.26-18.54.24:607][  0]LogContentStreaming: Texture pool size is 0.00 MB
[2018.01.26-18.54.25:934][  0]LogSimplygon: Simplygon DLL not present - disabling.
[2018.01.26-18.54.26:079][  0]LogMeshReduction: Using SimplygonSwarm for distributed automatic mesh merging
[2018.01.26-18.54.26:079][  0]LogMeshReduction: Using QuadricMeshReduction for automatic static mesh reduction
[2018.01.26-18.54.26:079][  0]LogMeshReduction: No automatic skeletal mesh reduction module available
[2018.01.26-18.54.26:079][  0]LogMeshReduction: No automatic mesh merging module available
[2018.01.26-18.54.26:079][  0]LogMeshMerging: No automatic mesh merging module available
[2018.01.26-18.54.27:673][  0]LogNetVersion: AntsGame , NetCL: 3573198, EngineNetVer: 2, GameNetVer: 0 (Checksum: 3821802436)
[2018.01.26-18.54.28:906][  0]LogPackageLocalizationCache: Processed 5 localized package path(s) for 2 prioritized culture(s) in 0.404186 seconds
[2018.01.26-18.54.28:941][  0]LogUObjectArray: 35825 objects as part of root set at end of initial load.
[2018.01.26-18.54.28:941][  0]LogUObjectAllocator: 7529104 out of 0 bytes used by permanent object pool.
[2018.01.26-18.54.28:941][  0]LogUObjectArray: CloseDisregardForGC: 0/0 objects in disregard for GC pool
[2018.01.26-18.54.29:403][  0]LogInit: WinSock: version 1.1 (2.2), MaxSocks=32767, MaxUdp=65467
[2018.01.26-18.54.40:985][  0]LogTcpMessaging: Initializing TcpMessaging bridge
[2018.01.26-18.54.41:097][  0]LogUdpMessaging: Initializing bridge on interface 0.0.0.0:0 to multicast group 230.0.0.1:6666.
[2018.01.26-18.54.44:048][  0]LogMaterial: Uniform references updated for custom material expression Custom.
[2018.01.26-18.54.46:554][  0]SourceControl: Source control is disabled
[2018.01.26-18.54.46:555][  0]SourceControl: Source control is disabled
[2018.01.26-18.54.46:859][  0]SourceControl: Source control is disabled
[2018.01.26-18.54.47:207][  0]SourceControl: Source control is disabled
[2018.01.26-18.54.51:558][  0]LogAndroidPermission: UAndroidPermissionCallbackProxy::GetInstance
[2018.01.26-18.54.53:121][  0]LogOcInput: OculusInput pre-init called
[2018.01.26-18.54.54:610][  0]LogEngine: Initializing Engine...
[2018.01.26-18.54.54:623][  0]LogHMD: Failed to initialize OpenVR with code 110
[2018.01.26-18.54.56:121][  0]LogStats: UGameplayTagsManager::ConstructGameplayTagTree: Construct from data asset -  0.000 s
[2018.01.26-18.54.56:122][  0]LogStats: UGameplayTagsManager::ConstructGameplayTagTree: GameplayTagTreeChangedEvent.Broadcast -  0.000 s
[2018.01.26-18.54.56:813][  0]LogAIModule: Creating AISystem for world Untitled
[2018.01.26-18.54.56:896][  0]LogInit: XAudio2 using 'Speakers (Realtek High Definition Audio)' : 2 channels at 48 kHz using 32 bits per sample (channel mask 0x3)
[2018.01.26-18.54.57:006][  0]LogInit: FAudioDevice initialized.
[2018.01.26-18.54.57:287][  0]LogDerivedDataCache: Saved boot cache 0.28s 93MB C:/Users/Gary/AppData/Local/UnrealEngine/4.17/DerivedDataCache/Boot.ddc.
[2018.01.26-18.54.57:330][  0]LogInit: Texture streaming: Enabled
[2018.01.26-18.54.57:896][  0]LogEngineSessionManager: EngineSessionManager initialized
[2018.01.26-18.54.59:036][  0]LogInit: Transaction tracking system initialized
[2018.01.26-18.55.00:406][  0]BlueprintLog: New page: Editor Load
[2018.01.26-18.55.03:868][  0]LocalizationService: Localization service is disabled
[2018.01.26-18.55.06:538][  0]LogConsoleResponse: Display: 
[2018.01.26-18.55.07:618][  0]LogCook: Display: Max memory allowance for cook 16384mb min free memory 0mb
[2018.01.26-18.55.07:619][  0]LogCook: Display: Mobile HDR setting 1
[2018.01.26-18.55.07:619][  0]LogGameplayTags: Display: UGameplayTagsManager::DoneAddingNativeTags. DelegateIsBound: 0
[2018.01.26-18.55.08:254][  0]LogFileCache: Scanning file cache for directory 'D:/Game Dev/Epic Games/Projects/AntsGame/Content/' took 0.02s
[2018.01.26-18.55.11:858][  0]SourceControl: Source control is disabled
[2018.01.26-18.55.11:859][  0]Cmd: MAP LOAD FILE="../../../../Projects/AntsGame/Content/Levels/PicnicLevel.umap" TEMPLATE=0 SHOWPROGRESS=1 FEATURELEVEL=3
[2018.01.26-18.55.12:161][  0]LightingResults: New page: Lighting Build
[2018.01.26-18.55.12:321][  0]MapCheck: New page: Map Check
[2018.01.26-18.55.12:321][  0]LightingResults: New page: Lighting Build
[2018.01.26-18.55.18:317][  0]LogAIModule: Creating AISystem for world PicnicLevel
[2018.01.26-18.55.18:920][  0]LogEditorServer: Finished looking for orphan Actors (0.001 secs)
[2018.01.26-18.55.19:032][  0]Cmd: MAP CHECKDEP NOCLEARLOG
[2018.01.26-18.55.19:288][  0]MapCheck: Map check complete: 0 Error(s), 0 Warning(s), took 255.691ms to complete.
[2018.01.26-18.55.19:289][  0]LogFileHelpers: Loading map 'PicnicLevel' took 7.430
[2018.01.26-18.55.21:267][  0]LogCollectionManager: Loaded 0 collections in 0.011678 seconds
[2018.01.26-18.55.21:857][  0]LogFileCache: Scanning file cache for directory 'D:/Game Dev/Epic Games/Projects/AntsGame/Saved/Collections/' took 0.01s
[2018.01.26-18.55.21:857][  0]LogFileCache: Scanning file cache for directory 'D:/Game Dev/Epic Games/Projects/AntsGame/Content/Developers/Gary/Collections/' took 0.01s
[2018.01.26-18.55.21:857][  0]LogFileCache: Scanning file cache for directory 'D:/Game Dev/Epic Games/Projects/AntsGame/Content/Collections/' took 0.01s
[2018.01.26-18.55.21:858][  0]LogCollectionManager: Rebuilt the GUID cache for 0 collections in 0.000001 seconds
[2018.01.26-18.55.21:944][  0]LogContentBrowser: Native class hierarchy populated in 0.0717 seconds. Added 2386 classes and 500 folders.
[2018.01.26-18.55.22:362][  0]LogContentBrowser: Native class hierarchy updated for 'WidgetCarousel' in 0.0036 seconds. Added 0 classes and 0 folders.
[2018.01.26-18.55.24:710][  0]LogContentBrowser: Native class hierarchy updated for 'AddContentDialog' in 0.0063 seconds. Added 0 classes and 0 folders.
[2018.01.26-18.55.25:063][  0]LogContentBrowser: Native class hierarchy updated for 'SceneOutliner' in 0.0051 seconds. Added 1 classes and 2 folders.
[2018.01.26-18.55.27:384][  0]LogSlate: Took 0.004462 seconds to synchronously load lazily loaded font '../../../Engine/Content/Slate/Fonts/Roboto-Regular.ttf' (155K)
[2018.01.26-18.55.27:440][  0]LogSlate: Took 0.001878 seconds to synchronously load lazily loaded font '../../../Engine/Content/Slate/Fonts/Roboto-Bold.ttf' (160K)
[2018.01.26-18.55.27:576][  0]LogSlate: Took 0.017834 seconds to synchronously load lazily loaded font '../../../Engine/Content/Editor/Slate/Fonts/FontAwesome.ttf' (139K)
[2018.01.26-18.55.29:001][  0]LogRenderer: Reallocating scene render targets to support 1008x472 Format 10 NumSamples 1 (Frame:1).
[2018.01.26-18.55.35:779][  0]LogSlate: Took 0.013327 seconds to synchronously load lazily loaded font '../../../Engine/Content/Slate/Fonts/Roboto-Light.ttf' (159K)
[2018.01.26-18.55.36:884][  0]LogContentBrowser: Native class hierarchy updated for 'HierarchicalLODOutliner' in 0.0036 seconds. Added 1 classes and 2 folders.
[2018.01.26-18.55.36:885][  0]LogLoad: (Engine Initialization) Total time: 100.19 seconds
[2018.01.26-18.55.36:885][  0]LogLoad: (Engine Initialization) Total Blueprint compile time: 0.00 seconds
[2018.01.26-18.55.36:887][  0]LogExternalProfiler: No external profilers were discovered.  External profiling features will not be available.
[2018.01.26-18.55.37:357][  0]LogContentStreaming: Texture pool size now 1000 MB
[2018.01.26-18.55.39:830][  7]LogAssetRegistry: Asset discovery search completed in 76.7680 seconds
[2018.01.26-18.55.39:841][  7]LogCollectionManager: Rebuilt the object cache for 0 collections in 0.000002 seconds (found 0 objects)
[2018.01.26-18.55.39:841][  7]LogCollectionManager: Fixed up redirectors for 0 collections in 0.000223 seconds (updated 0 objects)
[2018.01.26-18.59.23:521][673]LogD3D11RHI: Timed out while waiting for GPU to catch up. (0.5 s)
[2018.01.26-19.02.45:861][279]LogD3D11RHI: Timed out while waiting for GPU to catch up. (0.5 s)
[2018.01.26-19.05.49:808][823]LogD3D11RHI: Timed out while waiting for GPU to catch up. (0.5 s)
[2018.01.26-19.06.05:890][869]LogD3D11RHI: Timed out while waiting for GPU to catch up. (0.5 s)
[2018.01.26-19.06.07:088][870]LogD3D11RHI: Timed out while waiting for GPU to catch up. (0.5 s)
[2018.01.26-19.06.16:198][896]LogD3D11RHI: Timed out while waiting for GPU to catch up. (0.5 s)
[2018.01.26-19.06.16:727][897]LogD3D11RHI: Timed out while waiting for GPU to catch up. (0.5 s)
[2018.01.26-19.06.17:249][898]LogD3D11RHI: Timed out while waiting for GPU to catch up. (0.5 s)
[2018.01.26-19.06.49:821][994]LogD3D11RHI: Timed out while waiting for GPU to catch up. (0.5 s)
[2018.01.26-19.06.50:408][995]LogD3D11RHI: Timed out while waiting for GPU to catch up. (0.5 s)
[2018.01.26-19.06.54:563][  7]LogD3D11RHI: Timed out while waiting for GPU to catch up. (0.5 s)
[2018.01.26-19.06.55:085][  8]LogD3D11RHI: Timed out while waiting for GPU to catch up. (0.5 s)
[2018.01.26-19.06.55:910][  9]LogD3D11RHI: Timed out while waiting for GPU to catch up. (0.5 s)
[2018.01.26-19.06.59:840][ 21]LogD3D11RHI: Timed out while waiting for GPU to catch up. (0.5 s)
[2018.01.26-19.07.01:340][ 25]LogD3D11RHI: Timed out while waiting for GPU to catch up. (0.5 s)
[2018.01.26-19.07.03:065][ 28]LogD3D11RHI: Timed out while waiting for GPU to catch up. (0.5 s)
[2018.01.26-19.07.06:979][ 40]LogD3D11RHI: Timed out while waiting for GPU to catch up. (0.5 s)
[2018.01.26-19.07.14:399][ 62]LogD3D11RHI: Timed out while waiting for GPU to catch up. (0.5 s)
[2018.01.26-19.07.15:843][ 63]LogD3D11RHI: Timed out while waiting for GPU to catch up. (0.5 s)
[2018.01.26-19.07.19:775][ 75]LogD3D11RHI: Timed out while waiting for GPU to catch up. (0.5 s)
[2018.01.26-19.07.24:792][ 90]LogD3D11RHI: Timed out while waiting for GPU to catch up. (0.5 s)
[2018.01.26-19.07.30:231][105]LogD3D11RHI: Timed out while waiting for GPU to catch up. (0.5 s)
[2018.01.26-19.07.31:057][107]LogD3D11RHI: Timed out while waiting for GPU to catch up. (0.5 s)
[2018.01.26-19.07.32:012][109]LogD3D11RHI: Timed out while waiting for GPU to catch up. (0.5 s)
[2018.01.26-19.07.32:539][110]LogD3D11RHI: Timed out while waiting for GPU to catch up. (0.5 s)
[2018.01.26-19.07.34:802][117]LogD3D11RHI: Timed out while waiting for GPU to catch up. (0.5 s)
[2018.01.26-19.07.35:379][118]LogD3D11RHI: Timed out while waiting for GPU to catch up. (0.5 s)
[2018.01.26-19.07.35:884][119]LogD3D11RHI: Timed out while waiting for GPU to catch up. (0.5 s)
[2018.01.26-19.07.37:816][121]LogD3D11RHI: Timed out while waiting for GPU to catch up. (0.5 s)
[2018.01.26-19.07.40:797][130]LogD3D11RHI: Timed out while waiting for GPU to catch up. (0.5 s)
[2018.01.26-19.07.41:311][131]LogD3D11RHI: Timed out while waiting for GPU to catch up. (0.5 s)
[2018.01.26-19.07.43:869][132]LogD3D11RHI: Timed out while waiting for GPU to catch up. (0.5 s)
[2018.01.26-19.07.44:837][135]LogD3D11RHI: Timed out while waiting for GPU to catch up. (0.5 s)
[2018.01.26-19.07.46:149][136]LogD3D11RHI: Timed out while waiting for GPU to catch up. (0.5 s)
[2018.01.26-19.07.49:774][143]LogD3D11RHI: Timed out while waiting for GPU to catch up. (0.5 s)
[2018.01.26-19.07.50:289][144]LogD3D11RHI: Timed out while waiting for GPU to catch up. (0.5 s)
[2018.01.26-19.07.50:807][145]LogD3D11RHI: Timed out while waiting for GPU to catch up. (0.5 s)
[2018.01.26-19.07.51:645][146]LogD3D11RHI: Timed out while waiting for GPU to catch up. (0.5 s)
[2018.01.26-19.07.54:598][155]LogD3D11RHI: Timed out while waiting for GPU to catch up. (0.5 s)
[2018.01.26-19.07.55:109][156]LogD3D11RHI: Timed out while waiting for GPU to catch up. (0.5 s)
[2018.01.26-19.07.56:352][157]LogD3D11RHI: Timed out while waiting for GPU to catch up. (0.5 s)
[2018.01.26-19.07.57:364][159]LogD3D11RHI: Timed out while waiting for GPU to catch up. (0.5 s)
[2018.01.26-19.07.58:313][162]LogD3D11RHI: Timed out while waiting for GPU to catch up. (0.5 s)
[2018.01.26-19.07.58:823][163]LogD3D11RHI: Timed out while waiting for GPU to catch up. (0.5 s)
[2018.01.26-19.07.59:955][163]LogD3D11RHI: Timed out while waiting for GPU to catch up. (0.5 s)
[2018.01.26-19.08.02:535][164]LogD3D11RHI: Timed out while waiting for GPU to catch up. (0.5 s)
[2018.01.26-19.08.06:224][175]LogD3D11RHI: Timed out while waiting for GPU to catch up. (0.5 s)
[2018.01.26-19.08.09:960][186]LogD3D11RHI: Timed out while waiting for GPU to catch up. (0.5 s)
[2018.01.26-19.08.10:503][187]LogD3D11RHI: Timed out while waiting for GPU to catch up. (0.5 s)
[2018.01.26-19.08.12:429][190]LogD3D11RHI: Timed out while waiting for GPU to catch up. (0.5 s)
[2018.01.26-19.08.20:056][213]LogD3D11RHI: Timed out while waiting for GPU to catch up. (0.5 s)
[2018.01.26-19.08.20:572][214]LogD3D11RHI: Timed out while waiting for GPU to catch up. (0.5 s)
[2018.01.26-19.08.22:362][215]LogD3D11RHI: Timed out while waiting for GPU to catch up. (0.5 s)
[2018.01.26-19.08.24:957][223]LogD3D11RHI: Timed out while waiting for GPU to catch up. (0.5 s)
[2018.01.26-19.08.26:193][224]LogD3D11RHI: Timed out while waiting for GPU to catch up. (0.5 s)
[2018.01.26-19.08.30:048][232]LogD3D11RHI: Timed out while waiting for GPU to catch up. (0.5 s)
[2018.01.26-19.08.30:557][233]LogD3D11RHI: Timed out while waiting for GPU to catch up. (0.5 s)
[2018.01.26-19.08.31:070][234]LogD3D11RHI: Timed out while waiting for GPU to catch up. (0.5 s)
[2018.01.26-19.08.59:862][320]LogD3D11RHI: Timed out while waiting for GPU to catch up. (0.5 s)
[2018.01.26-19.09.00:772][321]LogD3D11RHI: Timed out while waiting for GPU to catch up. (0.5 s)
[2018.01.26-19.09.05:049][334]LogD3D11RHI: Timed out while waiting for GPU to catch up. (0.5 s)
[2018.01.26-19.09.05:588][335]LogD3D11RHI: Timed out while waiting for GPU to catch up. (0.5 s)
[2018.01.26-19.09.11:303][352]LogD3D11RHI: Timed out while waiting for GPU to catch up. (0.5 s)
[2018.01.26-19.09.11:819][353]LogD3D11RHI: Timed out while waiting for GPU to catch up. (0.5 s)
[2018.01.26-19.09.17:862][370]LogD3D11RHI: Timed out while waiting for GPU to catch up. (0.5 s)
[2018.01.26-19.09.18:381][371]LogD3D11RHI: Timed out while waiting for GPU to catch up. (0.5 s)
[2018.01.26-19.09.44:176][448]LogD3D11RHI: Timed out while waiting for GPU to catch up. (0.5 s)
[2018.01.26-19.09.46:273][454]LogD3D11RHI: Timed out while waiting for GPU to catch up. (0.5 s)
[2018.01.26-19.09.46:812][455]LogD3D11RHI: Timed out while waiting for GPU to catch up. (0.5 s)
[2018.01.26-19.09.50:173][463]LogD3D11RHI: Timed out while waiting for GPU to catch up. (0.5 s)
[2018.01.26-19.10.04:121][504]LogD3D11RHI: Timed out while waiting for GPU to catch up. (0.5 s)
[2018.01.26-19.10.04:639][505]LogD3D11RHI: Timed out while waiting for GPU to catch up. (0.5 s)
[2018.01.26-19.10.11:515][523]LogD3D11RHI: Timed out while waiting for GPU to catch up. (0.5 s)
[2018.01.26-19.10.20:133][549]LogD3D11RHI: Timed out while waiting for GPU to catch up. (0.5 s)
[2018.01.26-19.10.20:653][550]LogD3D11RHI: Timed out while waiting for GPU to catch up. (0.5 s)
[2018.01.26-19.10.34:942][592]LogD3D11RHI: Timed out while waiting for GPU to catch up. (0.5 s)
[2018.01.26-19.10.36:847][593]LogD3D11RHI: Timed out while waiting for GPU to catch up. (0.5 s)
[2018.01.26-19.10.40:731][601]LogD3D11RHI: Timed out while waiting for GPU to catch up. (0.5 s)
[2018.01.26-19.10.41:249][602]LogD3D11RHI: Timed out while waiting for GPU to catch up. (0.5 s)
[2018.01.26-19.10.41:774][603]LogD3D11RHI: Timed out while waiting for GPU to catch up. (0.5 s)
[2018.01.26-19.11.35:055][763]LogD3D11RHI: Timed out while waiting for GPU to catch up. (0.5 s)
[2018.01.26-19.11.45:621][793]LogD3D11RHI: Timed out while waiting for GPU to catch up. (0.5 s)
[2018.01.26-19.11.50:201][807]LogD3D11RHI: Timed out while waiting for GPU to catch up. (0.5 s)
[2018.01.26-19.11.51:295][810]LogD3D11RHI: Timed out while waiting for GPU to catch up. (0.5 s)
[2018.01.26-19.11.51:804][811]LogD3D11RHI: Timed out while waiting for GPU to catch up. (0.5 s)
[2018.01.26-19.11.55:166][821]LogD3D11RHI: Timed out while waiting for GPU to catch up. (0.5 s)
[2018.01.26-19.15.52:865][737]Cmd: QUIT_EDITOR
[2018.01.26-19.15.53:000][737]LogWindowsTextInputMethodSystem: Display: IME system now deactivated.
[2018.01.26-19.15.53:000][737]LogWindowsTextInputMethodSystem: Display: IME system now deactivated.
[2018.01.26-19.15.53:088][737]LogExit: Preparing to exit.
[2018.01.26-19.15.53:937][737]LogDirectoryWatcher: A directory notification for 'D:/Game Dev/Epic Games/Projects/AntsGame/Content/' was aborted.
[2018.01.26-19.15.54:129][737]LogExit: Editor shut down
[2018.01.26-19.15.54:179][737]LogExit: Transaction tracking system shut down
[2018.01.26-19.15.54:663][737]LogDirectoryWatcher: A directory notification for '../../../Engine/Content/' was aborted.
[2018.01.26-19.15.54:663][737]LogDirectoryWatcher: A directory notification for '../../../../Projects/AntsGame/Content/' was aborted.
[2018.01.26-19.15.54:664][737]LogDirectoryWatcher: A directory notification for '../../../Engine/Plugins/2D/Paper2D/Content/' was aborted.
[2018.01.26-19.15.54:665][737]LogDirectoryWatcher: A directory notification for '../../../Engine/Plugins/Runtime/Oculus/OculusVR/Content/' was aborted.
[2018.01.26-19.15.54:666][737]LogDirectoryWatcher: A directory notification for '../../../Engine/Plugins/Runtime/Steam/SteamVR/Content/' was aborted.
[2018.01.26-19.15.55:025][737]LogExit: Object subsystem successfully closed.
[2018.01.26-19.15.55:075][737]LogD3D11RHI: Shutdown
[2018.01.26-19.15.55:076][737]LogD3D11RHI: CleanupD3DDevice
[2018.01.26-19.15.55:895][737]LogD3D11RHI: ~FD3D11DynamicRHI
[2018.01.26-19.15.55:957][737]LogModuleManager: Shutting down and abandoning module HierarchicalLODOutliner (530)
[2018.01.26-19.15.55:958][737]LogModuleManager: Shutting down and abandoning module SceneOutliner (528)
[2018.01.26-19.15.56:006][737]LogModuleManager: Shutting down and abandoning module AddContentDialog (526)
[2018.01.26-19.15.56:014][737]LogDirectoryWatcher: A directory notification for 'D:/Game Dev/Epic Games/UE_4.17/FeaturePacks/' was aborted.
[2018.01.26-19.15.56:023][737]LogModuleManager: Shutting down and abandoning module WidgetCarousel (525)
[2018.01.26-19.15.56:023][737]LogModuleManager: Shutting down and abandoning module EditorWidgets (522)
[2018.01.26-19.15.56:023][737]LogModuleManager: Shutting down and abandoning module CollectionManager (520)
[2018.01.26-19.15.56:024][737]LogDirectoryWatcher: A directory notification for 'D:/Game Dev/Epic Games/Projects/AntsGame/Content/Collections/' was aborted.
[2018.01.26-19.15.56:024][737]LogDirectoryWatcher: A directory notification for 'D:/Game Dev/Epic Games/Projects/AntsGame/Content/Developers/Gary/Collections/' was aborted.
[2018.01.26-19.15.56:024][737]LogDirectoryWatcher: A directory notification for 'D:/Game Dev/Epic Games/Projects/AntsGame/Saved/Collections/' was aborted.
[2018.01.26-19.15.56:025][737]LogModuleManager: Shutting down and abandoning module StatsViewer (518)
[2018.01.26-19.15.56:025][737]LogModuleManager: Shutting down and abandoning module FoliageEdit (516)
[2018.01.26-19.15.56:025][737]LogModuleManager: Shutting down and abandoning module LandscapeEditor (514)
[2018.01.26-19.15.56:026][737]LogModuleManager: Shutting down and abandoning module MeshPaintMode (512)
[2018.01.26-19.15.56:026][737]LogModuleManager: Shutting down and abandoning module SceneDepthPickerMode (510)
[2018.01.26-19.15.56:026][737]LogModuleManager: Shutting down and abandoning module ActorPickerMode (508)
[2018.01.26-19.15.56:026][737]LogModuleManager: Shutting down and abandoning module GeometryMode (506)
[2018.01.26-19.15.56:026][737]LogModuleManager: Shutting down and abandoning module TextureAlignMode (504)
[2018.01.26-19.15.56:027][737]LogModuleManager: Shutting down and abandoning module BspMode (502)
[2018.01.26-19.15.56:027][737]LogModuleManager: Shutting down and abandoning module PIEPreviewDeviceProfileSelector (500)
[2018.01.26-19.15.56:027][737]LogModuleManager: Shutting down and abandoning module HardwareSurvey (498)
[2018.01.26-19.15.56:027][737]LogModuleManager: Shutting down and abandoning module SequenceRecorderSections (496)
[2018.01.26-19.15.56:027][737]LogModuleManager: Shutting down and abandoning module AutomationWorker (494)
[2018.01.26-19.15.56:027][737]LogModuleManager: Shutting down and abandoning module MatineeToLevelSequence (492)
[2018.01.26-19.15.56:028][737]LogModuleManager: Shutting down and abandoning module LevelSequenceEditor (490)
[2018.01.26-19.15.56:028][737]LogModuleManager: Shutting down and abandoning module PlacementMode (489)
[2018.01.26-19.15.56:029][737]LogModuleManager: Shutting down and abandoning module WmfMediaFactory (486)
[2018.01.26-19.15.56:029][737]LogModuleManager: Shutting down and abandoning module WmfMediaEditor (484)
[2018.01.26-19.15.56:029][737]LogModuleManager: Shutting down and abandoning module AvfMediaFactory (482)
[2018.01.26-19.15.56:029][737]LogModuleManager: Shutting down and abandoning module AvfMediaEditor (480)
[2018.01.26-19.15.56:029][737]LogModuleManager: Shutting down and abandoning module AndroidMediaFactory (478)
[2018.01.26-19.15.56:029][737]LogModuleManager: Shutting down and abandoning module Media (477)
[2018.01.26-19.15.56:029][737]LogModuleManager: Shutting down and abandoning module AndroidMediaEditor (474)
[2018.01.26-19.15.56:029][737]LogModuleManager: Shutting down and abandoning module CharacterAI (472)
[2018.01.26-19.15.56:029][737]LogModuleManager: Shutting down and abandoning module AudioCapture (470)
[2018.01.26-19.15.56:029][737]LogModuleManager: Shutting down and abandoning module SequenceRecorder (469)
[2018.01.26-19.15.56:029][737]LogModuleManager: Shutting down and abandoning module SmartSnapping (466)
[2018.01.26-19.15.56:029][737]LogModuleManager: Shutting down and abandoning module SessionServices (464)
[2018.01.26-19.15.56:030][737]LogModuleManager: Shutting down and abandoning module ViewportSnapping (462)
[2018.01.26-19.15.56:030][737]LogModuleManager: Shutting down and abandoning module ViewportInteraction (460)
[2018.01.26-19.15.56:030][737]LogModuleManager: Shutting down and abandoning module ClothPainter (458)
[2018.01.26-19.15.56:030][737]LogModuleManager: Shutting down and abandoning module LogVisualizer (456)
[2018.01.26-19.15.56:030][737]LogModuleManager: Shutting down and abandoning module IntroTutorials (454)
[2018.01.26-19.15.56:031][737]LogModuleManager: Shutting down and abandoning module GameProjectGeneration (453)
[2018.01.26-19.15.56:031][737]LogModuleManager: Shutting down and abandoning module IOSPlatformEditor (450)
[2018.01.26-19.15.56:031][737]LogModuleManager: Shutting down and abandoning module HTML5PlatformEditor (448)
[2018.01.26-19.15.56:031][737]LogModuleManager: Shutting down and abandoning module AndroidPlatformEditor (446)
[2018.01.26-19.15.56:032][737]LogModuleManager: Shutting down and abandoning module AndroidDeviceDetection (445)
[2018.01.26-19.15.56:713][737]LogModuleManager: Shutting down and abandoning module WindowsPlatformEditor (442)
[2018.01.26-19.15.56:713][737]LogModuleManager: Shutting down and abandoning module IOSRuntimeSettings (440)
[2018.01.26-19.15.56:713][737]LogModuleManager: Shutting down and abandoning module AndroidRuntimeSettings (438)
[2018.01.26-19.15.56:713][737]LogModuleManager: Shutting down and abandoning module InputBindingEditor (436)
[2018.01.26-19.15.56:713][737]LogModuleManager: Shutting down and abandoning module MergeActors (434)
[2018.01.26-19.15.56:713][737]LogModuleManager: Shutting down and abandoning module SizeMap (432)
[2018.01.26-19.15.56:713][737]LogModuleManager: Shutting down and abandoning module TreeMap (430)
[2018.01.26-19.15.56:714][737]LogModuleManager: Shutting down and abandoning module ReferenceViewer (428)
[2018.01.26-19.15.56:714][737]LogModuleManager: Shutting down and abandoning module LocalizationDashboard (426)
[2018.01.26-19.15.56:714][737]LogModuleManager: Shutting down and abandoning module LocalizationService (425)
[2018.01.26-19.15.56:714][737]LogModuleManager: Shutting down and abandoning module HardwareTargeting (422)
[2018.01.26-19.15.56:714][737]LogModuleManager: Shutting down and abandoning module DeviceProfileEditor (420)
[2018.01.26-19.15.56:714][737]LogModuleManager: Shutting down and abandoning module UndoHistory (418)
[2018.01.26-19.15.56:714][737]LogModuleManager: Shutting down and abandoning module XmlParser (416)
[2018.01.26-19.15.56:715][737]LogModuleManager: Shutting down and abandoning module Blutility (414)
[2018.01.26-19.15.56:715][737]LogModuleManager: Shutting down and abandoning module ProjectSettingsViewer (412)
[2018.01.26-19.15.56:715][737]LogModuleManager: Shutting down and abandoning module ProjectTargetPlatformEditor (411)
[2018.01.26-19.15.56:716][737]LogModuleManager: Shutting down and abandoning module EditorSettingsViewer (408)
[2018.01.26-19.15.56:717][737]LogModuleManager: Shutting down and abandoning module SettingsEditor (406)
[2018.01.26-19.15.56:717][737]LogModuleManager: Shutting down and abandoning module ProjectLauncher (404)
[2018.01.26-19.15.56:718][737]LogModuleManager: Shutting down and abandoning module SessionFrontend (402)
[2018.01.26-19.15.56:718][737]LogModuleManager: Shutting down and abandoning module ProfilerClient (400)
[2018.01.26-19.15.56:719][737]LogModuleManager: Shutting down and abandoning module DeviceManager (398)
[2018.01.26-19.15.56:719][737]LogModuleManager: Shutting down and abandoning module TargetDeviceServices (397)
[2018.01.26-19.15.56:774][737]LogModuleManager: Shutting down and abandoning module AutomationController (394)
[2018.01.26-19.15.56:775][737]LogModuleManager: Shutting down and abandoning module AutomationWindow (392)
[2018.01.26-19.15.56:775][737]LogModuleManager: Shutting down and abandoning module Layers (390)
[2018.01.26-19.15.56:775][737]LogModuleManager: Shutting down and abandoning module ComponentVisualizers (388)
[2018.01.26-19.15.56:776][737]LogModuleManager: Shutting down and abandoning module DetailCustomizations (386)
[2018.01.26-19.15.56:776][737]LogModuleManager: Shutting down and abandoning module PackagesDialog (384)
[2018.01.26-19.15.56:776][737]LogModuleManager: Shutting down and abandoning module Persona (382)
[2018.01.26-19.15.56:776][737]LogModuleManager: Shutting down and abandoning module AdvancedPreviewScene (381)
[2018.01.26-19.15.56:777][737]LogModuleManager: Shutting down and abandoning module AnimGraph (379)
[2018.01.26-19.15.56:777][737]LogModuleManager: Shutting down and abandoning module Kismet (376)
[2018.01.26-19.15.56:781][737]LogModuleManager: Shutting down and abandoning module ClassViewer (374)
[2018.01.26-19.15.56:782][737]LogModuleManager: Shutting down and abandoning module Toolbox (372)
[2018.01.26-19.15.56:782][737]LogModuleManager: Shutting down and abandoning module ModuleUI (370)
[2018.01.26-19.15.56:782][737]LogModuleManager: Shutting down and abandoning module MovieSceneTools (368)
[2018.01.26-19.15.56:782][737]LogModuleManager: Shutting down and abandoning module OutputLog (366)
[2018.01.26-19.15.56:782][737]LogModuleManager: Shutting down and abandoning module GammaUI (364)
[2018.01.26-19.15.56:782][737]LogModuleManager: Shutting down and abandoning module Documentation (362)
[2018.01.26-19.15.56:783][737]LogModuleManager: Shutting down and abandoning module MovieSceneTracks (360)
[2018.01.26-19.15.56:783][737]LogModuleManager: Shutting down and abandoning module MovieScene (358)
[2018.01.26-19.15.56:783][737]LogModuleManager: Shutting down and abandoning module Niagara (356)
[2018.01.26-19.15.56:783][737]LogModuleManager: Shutting down and abandoning module NiagaraEditor (355)
[2018.01.26-19.15.56:783][737]LogModuleManager: Shutting down and abandoning module StreamingPauseRendering (352)
[2018.01.26-19.15.56:783][737]LogModuleManager: Shutting down and abandoning module LauncherPlatform (350)
[2018.01.26-19.15.56:783][737]LogModuleManager: Shutting down and abandoning module AnalyticsET (348)
[2018.01.26-19.15.56:784][737]LogModuleManager: Shutting down and abandoning module PortalServices (346)
[2018.01.26-19.15.56:784][737]LogModuleManager: Shutting down and abandoning module PortalRpc (344)
[2018.01.26-19.15.56:784][737]LogModuleManager: Shutting down and abandoning module MessagingRpc (342)
[2018.01.26-19.15.56:784][737]LogModuleManager: Shutting down and abandoning module AIModule (340)
[2018.01.26-19.15.56:784][737]LogModuleManager: Shutting down and abandoning module GameplayDebugger (339)
[2018.01.26-19.15.56:784][737]LogModuleManager: Shutting down and abandoning module AITestSuite (337)
[2018.01.26-19.15.56:785][737]LogModuleManager: Shutting down and abandoning module ProfilerService (334)
[2018.01.26-19.15.57:009][737]LogModuleManager: Shutting down and abandoning module TaskGraph (332)
[2018.01.26-19.15.57:009][737]LogModuleManager: Shutting down and abandoning module SteamVRController (330)
[2018.01.26-19.15.57:010][737]LogModuleManager: Shutting down and abandoning module ProceduralMeshComponentEditor (328)
[2018.01.26-19.15.57:010][737]LogModuleManager: Shutting down and abandoning module ProceduralMeshComponent (326)
[2018.01.26-19.15.57:010][737]LogModuleManager: Shutting down and abandoning module OculusInput (324)
[2018.01.26-19.15.57:010][737]LogModuleManager: Shutting down and abandoning module MobilePatchingUtils (322)
[2018.01.26-19.15.57:010][737]LogModuleManager: Shutting down and abandoning module CustomMeshComponent (320)
[2018.01.26-19.15.57:010][737]LogModuleManager: Shutting down and abandoning module CableComponent (318)
[2018.01.26-19.15.57:011][737]LogModuleManager: Shutting down and abandoning module ArchVisCharacter (316)
[2018.01.26-19.15.57:011][737]LogModuleManager: Shutting down and abandoning module AndroidPermission (314)
[2018.01.26-19.15.57:011][737]LogModuleManager: Shutting down and abandoning module MediaPlayerEditor (310)
[2018.01.26-19.15.57:012][737]LogModuleManager: Shutting down and abandoning module HTML5Networking (308)
[2018.01.26-19.15.57:012][737]LogModuleManager: Shutting down and abandoning module AlembicImporter (306)
[2018.01.26-19.15.57:012][737]LogModuleManager: Shutting down and abandoning module AlembicLibrary (305)
[2018.01.26-19.15.57:012][737]LogModuleManager: Shutting down and abandoning module GeometryCache (304)
[2018.01.26-19.15.57:013][737]LogModuleManager: Shutting down and abandoning module GeometryCacheEd (303)
[2018.01.26-19.15.57:013][737]LogModuleManager: Shutting down and abandoning module SpeedTreeImporter (298)
[2018.01.26-19.15.57:013][737]LogModuleManager: Shutting down and abandoning module PluginBrowser (296)
[2018.01.26-19.15.57:013][737]LogModuleManager: Shutting down and abandoning module MobileLauncherProfileWizard (294)
[2018.01.26-19.15.57:014][737]LogModuleManager: Shutting down and abandoning module VisualStudioSourceCodeAccess (292)
[2018.01.26-19.15.57:015][737]LogModuleManager: Shutting down and abandoning module DesktopPlatform (291)
[2018.01.26-19.15.57:015][737]LogModuleManager: Shutting down and abandoning module UObjectPlugin (288)
[2018.01.26-19.15.57:015][737]LogModuleManager: Shutting down and abandoning module SubversionSourceControl (286)
[2018.01.26-19.15.57:015][737]LogModuleManager: Shutting down and abandoning module PerforceSourceControl (284)
[2018.01.26-19.15.57:016][737]LogModuleManager: Shutting down and abandoning module GitSourceControl (282)
[2018.01.26-19.15.57:016][737]LogModuleManager: Shutting down and abandoning module SourceControl (281)
[2018.01.26-19.15.57:016][737]LogModuleManager: Shutting down and abandoning module LightPropagationVolumeEditor (278)
[2018.01.26-19.15.57:016][737]LogModuleManager: Shutting down and abandoning module PaperTiledImporter (276)
[2018.01.26-19.15.57:017][737]LogModuleManager: Shutting down and abandoning module PaperSpriteSheetImporter (274)
[2018.01.26-19.15.57:017][737]LogModuleManager: Shutting down and abandoning module Paper2DEditor (272)
[2018.01.26-19.15.57:017][737]LogModuleManager: Shutting down and abandoning module MeshPaint (271)
[2018.01.26-19.15.57:017][737]LogModuleManager: Shutting down and abandoning module LevelEditor (269)
[2018.01.26-19.15.57:023][737]LogModuleManager: Shutting down and abandoning module PixelInspectorModule (268)
[2018.01.26-19.15.57:023][737]LogModuleManager: Shutting down and abandoning module MainFrame (266)
[2018.01.26-19.15.57:023][737]LogModuleManager: Shutting down and abandoning module HotReload (265)
[2018.01.26-19.15.57:073][737]LogModuleManager: Shutting down and abandoning module RuntimePhysXCooking (260)
[2018.01.26-19.15.57:074][737]LogModuleManager: Shutting down and abandoning module PhysXVehiclesEditor (258)
[2018.01.26-19.15.57:074][737]LogModuleManager: Shutting down and abandoning module PhysXVehicles (256)
[2018.01.26-19.15.57:074][737]LogModuleManager: Shutting down and abandoning module OculusEditor (254)
[2018.01.26-19.15.57:075][737]LogModuleManager: Shutting down and abandoning module LocationServicesBPLibrary (252)
[2018.01.26-19.15.57:075][737]LogModuleManager: Shutting down and abandoning module ImmediatePhysicsEditor (250)
[2018.01.26-19.15.57:075][737]LogModuleManager: Shutting down and abandoning module ImmediatePhysics (248)
[2018.01.26-19.15.57:075][737]LogModuleManager: Shutting down and abandoning module UdpMessaging (246)
[2018.01.26-19.15.57:176][737]LogModuleManager: Shutting down and abandoning module TcpMessaging (244)
[2018.01.26-19.15.57:277][737]LogModuleManager: Shutting down and abandoning module GameplayTagsEditor (242)
[2018.01.26-19.15.57:278][737]LogModuleManager: Shutting down and abandoning module FacialAnimationEditor (240)
[2018.01.26-19.15.57:278][737]LogModuleManager: Shutting down and abandoning module FacialAnimation (238)
[2018.01.26-19.15.57:278][737]LogModuleManager: Shutting down and abandoning module AssetManagerEditor (236)
[2018.01.26-19.15.57:279][737]LogModuleManager: Shutting down and abandoning module GraphEditor (235)
[2018.01.26-19.15.57:279][737]LogModuleManager: Shutting down and abandoning module ContentBrowser (233)
[2018.01.26-19.15.57:287][737]LogModuleManager: Shutting down and abandoning module LightPropagationVolumeRuntime (230)
[2018.01.26-19.15.57:287][737]LogModuleManager: Shutting down and abandoning module Paper2D (228)
[2018.01.26-19.15.57:288][737]LogModuleManager: Shutting down and abandoning module WindowsMoviePlayer (226)
[2018.01.26-19.15.57:288][737]LogModuleManager: Shutting down and abandoning module WmfMedia (224)
[2018.01.26-19.15.57:290][737]LogModuleManager: Shutting down and abandoning module PacketHandler (222)
[2018.01.26-19.15.57:290][737]LogModuleManager: Shutting down and abandoning module ClothingSystemEditor (220)
[2018.01.26-19.15.57:290][737]LogModuleManager: Shutting down and abandoning module ClothingSystemRuntime (218)
[2018.01.26-19.15.57:291][737]LogModuleManager: Shutting down and abandoning module Overlay (216)
[2018.01.26-19.15.57:291][737]LogModuleManager: Shutting down and abandoning module OverlayEditor (215)
[2018.01.26-19.15.57:291][737]LogModuleManager: Shutting down and abandoning module MediaAssets (212)
[2018.01.26-19.15.57:292][737]LogModuleManager: Shutting down and abandoning module VREditor (210)
[2018.01.26-19.15.57:292][737]LogModuleManager: Shutting down and abandoning module StringTableEditor (208)
[2018.01.26-19.15.57:292][737]LogModuleManager: Shutting down and abandoning module GameplayTasksEditor (206)
[2018.01.26-19.15.57:292][737]LogModuleManager: Shutting down and abandoning module BehaviorTreeEditor (204)
[2018.01.26-19.15.57:293][737]LogModuleManager: Shutting down and abandoning module FunctionalTesting (202)
[2018.01.26-19.15.57:293][737]LogModuleManager: Shutting down and abandoning module CollisionAnalyzer (200)
[2018.01.26-19.15.57:294][737]LogModuleManager: Shutting down and abandoning module WorkspaceMenuStructure (199)
[2018.01.26-19.15.57:294][737]LogModuleManager: Shutting down and abandoning module UMG (196)
[2018.01.26-19.15.57:295][737]LogModuleManager: Shutting down and abandoning module UMGEditor (195)
[2018.01.26-19.15.57:295][737]LogModuleManager: Shutting down and abandoning module Sequencer (194)
[2018.01.26-19.15.57:295][737]LogModuleManager: Shutting down and abandoning module MessageLog (191)
[2018.01.26-19.15.57:296][737]LogModuleManager: Shutting down and abandoning module SlateReflector (186)
[2018.01.26-19.15.57:296][737]LogModuleManager: Shutting down and abandoning module Slate (184)
[2018.01.26-19.15.57:296][737]LogModuleManager: Shutting down and abandoning module EditorStyle (182)
[2018.01.26-19.15.57:316][737]LogModuleManager: Shutting down and abandoning module MRMesh (180)
[2018.01.26-19.15.57:317][737]LogModuleManager: Shutting down and abandoning module SourceCodeAccess (178)
[2018.01.26-19.15.57:317][737]LogModuleManager: Shutting down and abandoning module HeadMountedDisplay (176)
[2018.01.26-19.15.57:317][737]LogModuleManager: Shutting down and abandoning module XAudio2 (174)
[2018.01.26-19.15.57:317][737]LogModuleManager: Shutting down and abandoning module Networking (172)
[2018.01.26-19.15.57:318][737]LogModuleManager: Shutting down and abandoning module Core (168)
[2018.01.26-19.15.57:319][737]LogModuleManager: Shutting down and abandoning module KismetCompiler (164)
[2018.01.26-19.15.57:319][737]LogModuleManager: Shutting down and abandoning module LevelSequence (162)
[2018.01.26-19.15.57:319][737]LogModuleManager: Shutting down and abandoning module MeshUtilities (160)
[2018.01.26-19.15.57:319][737]LogModuleManager: Shutting down and abandoning module MeshMergeUtilities (159)
[2018.01.26-19.15.57:319][737]LogModuleManager: Shutting down and abandoning module MeshReductionInterface (158)
[2018.01.26-19.15.57:319][737]LogModuleManager: Shutting down and abandoning module SimplygonSwarm (157)
[2018.01.26-19.15.57:319][737]LogModuleManager: Shutting down and abandoning module SimplygonMeshReduction (155)
[2018.01.26-19.15.57:319][737]LogModuleManager: Shutting down and abandoning module QuadricMeshReduction (153)
[2018.01.26-19.15.57:320][737]LogModuleManager: Shutting down and abandoning module MaterialBaking (149)
[2018.01.26-19.15.57:320][737]LogModuleManager: Shutting down and abandoning module DirectoryWatcher (146)
[2018.01.26-19.15.57:324][737]LogModuleManager: Shutting down and abandoning module DerivedDataCache (144)
[2018.01.26-19.15.57:357][737]LogDerivedDataCache: Shutdown
[2018.01.26-19.15.57:357][737]LogModuleManager: Shutting down and abandoning module TargetPlatform (142)
[2018.01.26-19.15.57:357][737]LogModuleManager: Shutting down and abandoning module VulkanShaderFormat (141)
[2018.01.26-19.15.57:357][737]LogModuleManager: Shutting down and abandoning module ShaderFormatVectorVM (139)
[2018.01.26-19.15.57:357][737]LogModuleManager: Shutting down and abandoning module ShaderFormatOpenGL (137)
[2018.01.26-19.15.57:357][737]LogModuleManager: Shutting down and abandoning module ShaderFormatD3D (135)
[2018.01.26-19.15.57:358][737]LogModuleManager: Shutting down and abandoning module MetalShaderFormat (133)
[2018.01.26-19.15.57:358][737]LogModuleManager: Shutting down and abandoning module TextureFormatUncompressed (131)
[2018.01.26-19.15.57:358][737]LogModuleManager: Shutting down and abandoning module TextureFormatPVR (129)
[2018.01.26-19.15.57:358][737]LogModuleManager: Shutting down and abandoning module TextureFormatDXT (127)
[2018.01.26-19.15.57:358][737]LogModuleManager: Shutting down and abandoning module TextureFormatIntelISPCTexComp (125)
[2018.01.26-19.15.57:359][737]LogModuleManager: Shutting down and abandoning module TextureFormatASTC (123)
[2018.01.26-19.15.57:359][737]LogModuleManager: Shutting down and abandoning module ImageWrapper (122)
[2018.01.26-19.15.57:359][737]LogModuleManager: Shutting down and abandoning module TextureFormatAndroid (119)
[2018.01.26-19.15.57:359][737]LogModuleManager: Shutting down and abandoning module AudioFormatOpus (117)
[2018.01.26-19.15.57:359][737]LogModuleManager: Shutting down and abandoning module AudioFormatOgg (115)
[2018.01.26-19.15.57:359][737]LogModuleManager: Shutting down and abandoning module AudioFormatADPCM (113)
[2018.01.26-19.15.57:359][737]LogModuleManager: Shutting down and abandoning module LinuxTargetPlatform (111)
[2018.01.26-19.15.57:359][737]LogModuleManager: Shutting down and abandoning module LinuxServerTargetPlatform (109)
[2018.01.26-19.15.57:359][737]LogModuleManager: Shutting down and abandoning module LinuxNoEditorTargetPlatform (107)
[2018.01.26-19.15.57:359][737]LogModuleManager: Shutting down and abandoning module LinuxClientTargetPlatform (105)
[2018.01.26-19.15.57:360][737]LogModuleManager: Shutting down and abandoning module TVOSTargetPlatform (103)
[2018.01.26-19.15.57:360][737]LogModuleManager: Shutting down and abandoning module Messaging (101)
[2018.01.26-19.15.57:360][737]LogModuleManager: Shutting down and abandoning module IOSTargetPlatform (99)
[2018.01.26-19.15.57:360][737]LogModuleManager: Shutting down and abandoning module HTML5TargetPlatform (97)
[2018.01.26-19.15.57:360][737]LogModuleManager: Shutting down and abandoning module Android_PVRTCTargetPlatform (95)
[2018.01.26-19.15.57:360][737]LogModuleManager: Shutting down and abandoning module Android_MultiTargetPlatform (93)
[2018.01.26-19.15.57:360][737]LogModuleManager: Shutting down and abandoning module Android_ETC2TargetPlatform (91)
[2018.01.26-19.15.57:361][737]LogModuleManager: Shutting down and abandoning module Android_ETC1TargetPlatform (89)
[2018.01.26-19.15.57:361][737]LogModuleManager: Shutting down and abandoning module Android_DXTTargetPlatform (87)
[2018.01.26-19.15.57:361][737]LogModuleManager: Shutting down and abandoning module Android_ATCTargetPlatform (85)
[2018.01.26-19.15.57:361][737]LogModuleManager: Shutting down and abandoning module Android_ASTCTargetPlatform (83)
[2018.01.26-19.15.57:361][737]LogModuleManager: Shutting down and abandoning module AndroidTargetPlatform (81)
[2018.01.26-19.15.57:361][737]LogModuleManager: Shutting down and abandoning module WindowsTargetPlatform (79)
[2018.01.26-19.15.57:362][737]LogModuleManager: Shutting down and abandoning module WindowsServerTargetPlatform (77)
[2018.01.26-19.15.57:362][737]LogModuleManager: Shutting down and abandoning module WindowsNoEditorTargetPlatform (75)
[2018.01.26-19.15.57:362][737]LogModuleManager: Shutting down and abandoning module WindowsClientTargetPlatform (73)
[2018.01.26-19.15.57:362][737]LogModuleManager: Shutting down and abandoning module MacTargetPlatform (71)
[2018.01.26-19.15.57:362][737]LogModuleManager: Shutting down and abandoning module MacServerTargetPlatform (69)
[2018.01.26-19.15.57:362][737]LogModuleManager: Shutting down and abandoning module MacNoEditorTargetPlatform (67)
[2018.01.26-19.15.57:362][737]LogModuleManager: Shutting down and abandoning module MacClientTargetPlatform (65)
[2018.01.26-19.15.57:362][737]LogModuleManager: Shutting down and abandoning module AllDesktopTargetPlatform (63)
[2018.01.26-19.15.57:362][737]LogModuleManager: Shutting down and abandoning module InputCore (60)
[2018.01.26-19.15.57:363][737]LogModuleManager: Shutting down and abandoning module Settings (58)
[2018.01.26-19.15.57:364][737]LogModuleManager: Shutting down and abandoning module PhysXCooking (56)
[2018.01.26-19.15.57:364][737]LogModuleManager: Shutting down and abandoning module SteamVR (54)
[2018.01.26-19.15.57:364][737]LogModuleManager: Shutting down and abandoning module OculusHMD (52)
[2018.01.26-19.15.57:364][737]LogModuleManager: Shutting down and abandoning module ExampleDeviceProfileSelector (50)
[2018.01.26-19.15.57:366][737]LogModuleManager: Shutting down and abandoning module OnlineBlueprintSupport (48)
[2018.01.26-19.15.57:366][737]LogModuleManager: Shutting down and abandoning module OnlineSubsystem (44)
[2018.01.26-19.15.57:366][737]LogOnline: Display: Unloading online subsystem: NULL
[2018.01.26-19.15.57:367][737]LogModuleManager: Shutting down and abandoning module XMPP (43)
[2018.01.26-19.15.57:372][737]LogModuleManager: Shutting down and abandoning module HTTP (41)
[2018.01.26-19.15.57:372][737]LogHttp: Display: Http module shutting down, but needs to wait on 1 outstanding Http requests:
[2018.01.26-19.15.57:373][737]LogHttp: Display: 	verb=[POST] url=[https://datarouter.ol.epicgames.com/datarouter/api/v1/public/data?SessionID=%7BA705F438-4B87-5C56-0C58-56885380479B%7D&AppID=UEEditor.Rocket.Release&AppVersion=4.17.2-3658906%2B%2B%2BUE4%2BRelease-4.17&UserID=8310b7f844940d5f8d1c80a09722da98%7Cd99c23929b9c4683916438a68043639f%7C625fbe65-b002-4b2e-9128-058dcbb6f404&AppEnvironment=datacollector-binary&UploadType=eteventstream] status=Processing
[2018.01.26-19.15.57:392][737]LogModuleManager: Shutting down and abandoning module SSL (40)
[2018.01.26-19.15.57:406][737]LogModuleManager: Shutting down and abandoning module AnimationModifiers (36)
[2018.01.26-19.15.57:406][737]LogModuleManager: Shutting down and abandoning module PropertyEditor (35)
[2018.01.26-19.15.57:406][737]LogModuleManager: Shutting down and abandoning module AudioEditor (32)
[2018.01.26-19.15.57:407][737]LogModuleManager: Shutting down and abandoning module TextureCompressor (30)
[2018.01.26-19.15.57:407][737]LogModuleManager: Shutting down and abandoning module ShaderCore (28)
[2018.01.26-19.15.57:407][737]LogModuleManager: Shutting down and abandoning module Landscape (26)
[2018.01.26-19.15.57:408][737]LogModuleManager: Shutting down and abandoning module SlateRHIRenderer (24)
[2018.01.26-19.15.57:411][737]LogModuleManager: Shutting down and abandoning module OpenGLDrv (22)
[2018.01.26-19.15.57:411][737]LogModuleManager: Shutting down and abandoning module D3D11RHI (20)
[2018.01.26-19.15.57:412][737]LogModuleManager: Shutting down and abandoning module AnimGraphRuntime (18)
[2018.01.26-19.15.57:412][737]LogModuleManager: Shutting down and abandoning module Renderer (16)
[2018.01.26-19.15.57:412][737]LogModuleManager: Shutting down and abandoning module Engine (14)
[2018.01.26-19.15.57:412][737]LogModuleManager: Shutting down and abandoning module CoreUObject (12)
[2018.01.26-19.15.57:412][737]LogModuleManager: Shutting down and abandoning module NetworkFile (10)
[2018.01.26-19.15.57:412][737]LogModuleManager: Shutting down and abandoning module CookedIterativeFile (8)
[2018.01.26-19.15.57:412][737]LogModuleManager: Shutting down and abandoning module StreamingFile (6)
[2018.01.26-19.15.57:413][737]LogModuleManager: Shutting down and abandoning module SandboxFile (4)
[2018.01.26-19.15.57:413][737]LogModuleManager: Shutting down and abandoning module PakFile (2)
[2018.01.26-19.15.57:425][737]LogExit: Exiting.
[2018.01.26-19.15.57:648][737]Log file closed, 01/26/18 19:15:57
