Log file open, 02/01/18 15:00:12
LogWindows: Failed to load 'aqProf.dll' (GetLastError=126)
LogWindows: File 'aqProf.dll' does not exist
LogWindows: Failed to load 'VSPerf140.dll' (GetLastError=126)
LogWindows: File 'VSPerf140.dll' does not exist
LogWindows: Failed to load 'VtuneApi.dll' (GetLastError=126)
LogWindows: File 'VtuneApi.dll' does not exist
LogWindows: Failed to load 'VtuneApi32e.dll' (GetLastError=126)
LogWindows: File 'VtuneApi32e.dll' does not exist
LogInit: Display: Running engine for game: AntsGame
LogPlatformFile: Not using cached read wrapper
LogInit: Display: RandInit(772483589) SRandInit(772483589).
LogTaskGraph: Started task graph with 5 named threads and 8 total threads with 3 sets of task threads.
LogStats: Stats thread started at 0.561596
LogD3D11RHI: Aftermath initialized
LogPluginManager: Mounting plugin Paper2D
LogPluginManager: Mounting plugin LightPropagationVolume
LogPluginManager: Mounting plugin CodeLiteSourceCodeAccess
LogPluginManager: Mounting plugin GitSourceControl
LogPluginManager: Mounting plugin KDevelopSourceCodeAccess
LogPluginManager: Mounting plugin NullSourceCodeAccess
LogPluginManager: Mounting plugin PerforceSourceControl
LogPluginManager: Mounting plugin SubversionSourceControl
LogPluginManager: Mounting plugin UObjectPlugin
LogPluginManager: Mounting plugin VisualStudioSourceCodeAccess
LogPluginManager: Mounting plugin XCodeSourceCodeAccess
LogPluginManager: Mounting plugin AssetManagerEditor
LogPluginManager: Mounting plugin AudioCapture
LogPluginManager: Mounting plugin FacialAnimation
LogPluginManager: Mounting plugin GameplayTagsEditor
LogPluginManager: Mounting plugin MobileLauncherProfileWizard
LogPluginManager: Mounting plugin PluginBrowser
LogPluginManager: Mounting plugin SpeedTreeImporter
LogPluginManager: Mounting plugin AlembicImporter
LogPluginManager: Mounting plugin CharacterAI
LogPluginManager: Mounting plugin HTML5Networking
LogPluginManager: Mounting plugin AndroidMedia
LogPluginManager: Mounting plugin AvfMedia
LogPluginManager: Mounting plugin MediaPlayerEditor
LogPluginManager: Mounting plugin WmfMedia
LogPluginManager: Mounting plugin TcpMessaging
LogPluginManager: Mounting plugin UdpMessaging
LogPluginManager: Mounting plugin LevelSequenceEditor
LogPluginManager: Mounting plugin MatineeToLevelSequence
LogPluginManager: Mounting plugin OnlineSubsystemGooglePlay
LogPluginManager: Mounting plugin OnlineSubsystemIOS
LogPluginManager: Mounting plugin OnlineSubsystem
LogPluginManager: Mounting plugin OnlineSubsystemNull
LogPluginManager: Mounting plugin OnlineSubsystemUtils
LogPluginManager: Mounting plugin AndroidDeviceProfileSelector
LogPluginManager: Mounting plugin AndroidMoviePlayer
LogPluginManager: Mounting plugin AndroidPermission
LogPluginManager: Mounting plugin AppleMoviePlayer
LogPluginManager: Mounting plugin ArchVisCharacter
LogPluginManager: Mounting plugin CableComponent
LogPluginManager: Mounting plugin CustomMeshComponent
LogPluginManager: Mounting plugin ExampleDeviceProfileSelector
LogPluginManager: Mounting plugin GoogleCloudMessaging
LogPluginManager: Mounting plugin ImmediatePhysics
LogPluginManager: Mounting plugin IOSDeviceProfileSelector
LogPluginManager: Mounting plugin LinuxDeviceProfileSelector
LogPluginManager: Mounting plugin LocationServicesBPLibrary
LogPluginManager: Mounting plugin MobilePatchingUtils
LogPluginManager: Mounting plugin OculusVR
LogPluginManager: Mounting plugin PhysXVehicles
LogPluginManager: Mounting plugin ProceduralMeshComponent
LogPluginManager: Mounting plugin RuntimePhysXCooking
LogPluginManager: Mounting plugin SteamVR
LogPluginManager: Mounting plugin WindowsMoviePlayer
LogInit: Using libcurl 7.47.1
LogInit:  - built for x86_64-pc-win32
LogInit:  - supports SSL with OpenSSL/1.0.2g
LogInit:  - supports HTTP deflate (compression) using libz 1.2.8
LogInit:  - other features:
LogInit:      CURL_VERSION_SSL
LogInit:      CURL_VERSION_LIBZ
LogInit:      CURL_VERSION_IPV6
LogInit:      CURL_VERSION_ASYNCHDNS
LogInit:      CURL_VERSION_LARGEFILE
LogInit:      CURL_VERSION_IDN
LogInit:  CurlRequestOptions (configurable via config and command line):
LogInit:  - bVerifyPeer = false  - Libcurl will NOT verify peer certificate
LogInit:  - bUseHttpProxy = false  - Libcurl will NOT use HTTP proxy
LogInit:  - bDontReuseConnections = false  - Libcurl will reuse connections
LogInit:  - CertBundlePath = nullptr  - Libcurl will use whatever was configured at build time.
LogInit: Build: ++UE4+Release-4.17-CL-3658906
LogInit: Engine Version: 4.17.2-3658906+++UE4+Release-4.17
LogInit: Compatible Engine Version: 4.17.0-3573198+++UE4+Release-4.17
LogInit: Net CL: 3573198
LogDevObjectVersion: Number of dev versions registered: 16
LogDevObjectVersion:   Dev-Blueprints (B0D832E4-1F89-4F0D-ACCF-7EB736FD4AA2): 10
LogDevObjectVersion:   Dev-Build (E1C64328-A22C-4D53-A36C-8E866417BD8C): 0
LogDevObjectVersion:   Dev-Core (375EC13C-06E4-48FB-B500-84F0262A717E): 2
LogDevObjectVersion:   Dev-Editor (E4B068ED-F494-42E9-A231-DA0B2E46BB41): 20
LogDevObjectVersion:   Dev-Framework (CFFC743F-43B0-4480-9391-14DF171D2073): 28
LogDevObjectVersion:   Dev-Mobile (B02B49B5-BB20-44E9-A304-32B752E40360): 0
LogDevObjectVersion:   Dev-Networking (A4E4105C-59A1-49B5-A7C5-40C4547EDFEE): 0
LogDevObjectVersion:   Dev-Online (39C831C9-5AE6-47DC-9A44-9C173E1C8E7C): 0
LogDevObjectVersion:   Dev-Physics (78F01B33-EBEA-4F98-B9B4-84EACCB95AA2): 0
LogDevObjectVersion:   Dev-Platform (6631380F-2D4D-43E0-8009-CF276956A95A): 0
LogDevObjectVersion:   Dev-Rendering (12F88B9F-8875-4AFC-A67C-D90C383ABD29): 19
LogDevObjectVersion:   Dev-Sequencer (7B5AE74C-D270-4C10-A958-57980B212A5A): 4
LogDevObjectVersion:   Dev-VR (D7296918-1DD6-4BDD-9DE2-64A83CC13884): 0
LogDevObjectVersion:   Dev-LoadTimes (C2A15278-BFE7-4AFE-6C17-90FF531DF755): 1
LogDevObjectVersion:   Private-Geometry (6EACA3D4-40EC-4CC1-B786-8BED09428FC5): 1
LogDevObjectVersion:   Dev-AnimPhys (29E575DD-E0A3-4627-9D10-D276232CDCEA): 7
LogInit: Compiled (64-bit): Sep 22 2017 13:47:16
LogInit: Compiled with Visual C++: 19.00.24215.01
LogInit: Build Configuration: Development
LogInit: Branch Name: ++UE4+Release-4.17
LogInit: Command line: -EpicPortal 
LogInit: Base directory: D:/Game Dev/Epic Games/UE_4.17/Engine/Binaries/Win64/
LogInit: Installed Engine Build: 1
LogInit: Presizing for max 8388607 objects, including 0 objects not considered by GC, pre-allocating 0 bytes for permanent pool.
LogInit: Object subsystem initialized
[2018.02.01-15.00.15:418][  0]LogInit: Selected Device Profile: [Windows]
[2018.02.01-15.00.15:419][  0]LogInit: Applying CVar settings loaded from the selected device profile: [Windows]
[2018.02.01-15.00.15:508][  0]LogInit: Computer: LAPTOP-CLI7GUMK
[2018.02.01-15.00.15:508][  0]LogInit: User: Gary
[2018.02.01-15.00.15:508][  0]LogInit: CPU Page size=4096, Cores=2
[2018.02.01-15.00.15:508][  0]LogInit: High frequency timer resolution =2.835935 MHz
[2018.02.01-15.00.15:510][  0]LogMemory: Memory total: Physical=7.9GB (8GB approx)
[2018.02.01-15.00.15:510][  0]LogMemory: Platform Memory Stats for Windows
[2018.02.01-15.00.15:510][  0]LogMemory: Process Physical Memory: 279.69 MB used, 279.69 MB peak
[2018.02.01-15.00.15:511][  0]LogMemory: Process Virtual Memory: 277.30 MB used, 277.30 MB peak
[2018.02.01-15.00.15:511][  0]LogMemory: Physical Memory: 4130.34 MB used,  3955.77 MB free, 8086.12 MB total
[2018.02.01-15.00.15:511][  0]LogMemory: Virtual Memory: 691.55 MB used,  3955.77 MB free, 134217728.00 MB total
[2018.02.01-15.00.16:554][  0]LogInit: Using OS detected language (en-GB).
[2018.02.01-15.00.16:554][  0]LogInit: Using OS detected locale (en-GB).
[2018.02.01-15.00.16:583][  0]LogTextLocalizationManager: No specific localization for 'en-GB' exists, so the 'en' localization will be used.
[2018.02.01-15.00.21:153][  0]LogD3D11RHI: D3D11 adapters:
[2018.02.01-15.00.21:202][  0]LogD3D11RHI:    0. 'Intel(R) HD Graphics 620' (Feature Level 11_0)
[2018.02.01-15.00.21:202][  0]LogD3D11RHI:       128/0/4043 MB DedicatedVideo/DedicatedSystem/SharedSystem, Outputs:1, VendorId:0x8086
[2018.02.01-15.00.21:214][  0]LogD3D11RHI:    1. 'Microsoft Basic Render Driver' (Feature Level 11_0)
[2018.02.01-15.00.21:214][  0]LogD3D11RHI:       0/0/4043 MB DedicatedVideo/DedicatedSystem/SharedSystem, Outputs:0, VendorId:0x1414
[2018.02.01-15.00.21:214][  0]LogD3D11RHI: Chosen D3D11 Adapter: 0
[2018.02.01-15.00.21:241][  0]LogD3D11RHI: Creating new Direct3DDevice
[2018.02.01-15.00.21:241][  0]LogD3D11RHI:     GPU DeviceId: 0x5916 (for the marketing name, search the web for "GPU Device Id")
[2018.02.01-15.00.21:241][  0]LogWindows: EnumDisplayDevices:
[2018.02.01-15.00.21:242][  0]LogWindows:    0. 'Intel(R) HD Graphics 620' (P:1 D:1)
[2018.02.01-15.00.21:243][  0]LogWindows:    1. 'Intel(R) HD Graphics 620' (P:0 D:0)
[2018.02.01-15.00.21:244][  0]LogWindows:    2. 'Intel(R) HD Graphics 620' (P:0 D:0)
[2018.02.01-15.00.21:245][  0]LogWindows: DebugString: GetVideoDriverDetailsInvalid PrimaryIsNotTheChoosenAdapter GetVideoDriverDetailsInvalid PrimaryIsNotTheChoosenAdapter GetVideoDriverDetailsInvalid PrimaryIsNotTheChoosenAdapter FoundDriverCount:0 
[2018.02.01-15.00.21:245][  0]LogD3D11RHI:     Adapter Name: Intel(R) HD Graphics 620
[2018.02.01-15.00.21:245][  0]LogD3D11RHI:   Driver Version: Unknown (internal:Unknown, unified:Unknown)
[2018.02.01-15.00.21:245][  0]LogD3D11RHI:      Driver Date: Unknown
[2018.02.01-15.00.21:245][  0]LogRHI: Texture pool is 1361 MB (70% of 1945 MB)
[2018.02.01-15.00.21:284][  0]LogD3D11RHI: Async texture creation enabled
[2018.02.01-15.00.21:323][  0]LogD3D11RHI: GPU Timing Frequency: 12.000000 (Debug: 2 0)
[2018.02.01-15.00.21:331][  0]LogShaderCompilers: Guid format shader working directory is 17 characters bigger than the processId version (../../../../Projects/TDEMO-/Intermediate/Shaders/WorkingDirectory/12660/).
[2018.02.01-15.00.21:332][  0]LogShaderCompilers: Cleaned the shader compiler working directory 'C:/Users/Gary/AppData/Local/Temp/UnrealShaderWorkingDir/5210442048014CADEA0AD5A50958B421/'.
[2018.02.01-15.00.21:332][  0]LogShaderCompilers: Display: Using Local Shader Compiler.
[2018.02.01-15.00.27:737][  0]LogTemp: Display: Loaded TP AllDesktopTargetPlatform
[2018.02.01-15.00.28:098][  0]LogTemp: Display: Loaded TP MacClientTargetPlatform
[2018.02.01-15.00.28:502][  0]LogTemp: Display: Loaded TP MacNoEditorTargetPlatform
[2018.02.01-15.00.28:908][  0]LogTemp: Display: Loaded TP MacServerTargetPlatform
[2018.02.01-15.00.29:260][  0]LogTemp: Display: Loaded TP MacTargetPlatform
[2018.02.01-15.00.29:640][  0]LogTemp: Display: Loaded TP WindowsClientTargetPlatform
[2018.02.01-15.00.29:999][  0]LogTemp: Display: Loaded TP WindowsNoEditorTargetPlatform
[2018.02.01-15.00.30:339][  0]LogTemp: Display: Loaded TP WindowsServerTargetPlatform
[2018.02.01-15.00.30:654][  0]LogTemp: Display: Loaded TP WindowsTargetPlatform
[2018.02.01-15.00.30:999][  0]LogTemp: Display: Loaded TP AndroidTargetPlatform
[2018.02.01-15.00.31:356][  0]LogTemp: Display: Loaded TP Android_ASTCTargetPlatform
[2018.02.01-15.00.31:719][  0]LogTemp: Display: Loaded TP Android_ATCTargetPlatform
[2018.02.01-15.00.32:098][  0]LogTemp: Display: Loaded TP Android_DXTTargetPlatform
[2018.02.01-15.00.32:503][  0]LogTemp: Display: Loaded TP Android_ETC1TargetPlatform
[2018.02.01-15.00.32:854][  0]LogTemp: Display: Loaded TP Android_ETC2TargetPlatform
[2018.02.01-15.00.33:623][  0]LogTemp: Display: Loaded TP Android_MultiTargetPlatform
[2018.02.01-15.00.33:624][  0]LogTemp: Display: Loaded TP Android_PVRTCTargetPlatform
[2018.02.01-15.00.33:902][  0]LogTemp: Display: Loaded TP HTML5TargetPlatform
[2018.02.01-15.00.34:414][  0]LogTemp: Display: Loaded TP IOSTargetPlatform
[2018.02.01-15.00.34:631][  0]LogTemp: Display: Loaded TP TVOSTargetPlatform
[2018.02.01-15.00.34:987][  0]LogTemp: Display: Loaded TP LinuxClientTargetPlatform
[2018.02.01-15.00.35:348][  0]LogTemp: Display: Loaded TP LinuxNoEditorTargetPlatform
[2018.02.01-15.00.35:693][  0]LogTemp: Display: Loaded TP LinuxServerTargetPlatform
[2018.02.01-15.00.36:020][  0]LogTemp: Display: Loaded TP LinuxTargetPlatform
[2018.02.01-15.00.36:020][  0]LogTargetPlatformManager: Display: Building Assets For Windows
[2018.02.01-15.00.39:518][  0]LogDerivedDataCache: Display: Max Cache Size: 512 MB
[2018.02.01-15.00.40:034][  0]LogDerivedDataCache: Loaded boot cache 0.51s 93MB C:/Users/Gary/AppData/Local/UnrealEngine/4.17/DerivedDataCache/Boot.ddc.
[2018.02.01-15.00.40:035][  0]LogDerivedDataCache: Display: Loaded Boot cache: C:/Users/Gary/AppData/Local/UnrealEngine/4.17/DerivedDataCache/Boot.ddc
[2018.02.01-15.00.40:037][  0]LogDerivedDataCache: FDerivedDataBackendGraph:  Pak pak cache file ../../../../Projects/TDEMO-/DerivedDataCache/DDC.ddp not found, will not use a pak cache.
[2018.02.01-15.00.40:037][  0]LogDerivedDataCache: Unable to find inner node Pak for hierarchical cache Hierarchy.
[2018.02.01-15.00.40:037][  0]LogDerivedDataCache: FDerivedDataBackendGraph:  CompressedPak pak cache file ../../../../Projects/TDEMO-/DerivedDataCache/Compressed.ddp not found, will not use a pak cache.
[2018.02.01-15.00.40:037][  0]LogDerivedDataCache: Unable to find inner node CompressedPak for hierarchical cache Hierarchy.
[2018.02.01-15.00.40:147][  0]LogDerivedDataCache: Display: Pak cache opened for reading ../../../Engine/DerivedDataCache/Compressed.ddp.
[2018.02.01-15.00.40:167][  0]LogDerivedDataCache: Using Local data cache path C:/Users/Gary/AppData/Local/UnrealEngine/Common/DerivedDataCache: Writable
[2018.02.01-15.00.40:242][  0]LogMaterial: Verifying Global Shaders for PCD3D_SM5
[2018.02.01-15.00.40:244][  0]LogSlate: Using Freetype 2.6.0
[2018.02.01-15.00.40:249][  0]LogSlate: SlateFontCache - WITH_FREETYPE: 1, WITH_HARFBUZZ: 1
[2018.02.01-15.00.40:249][  0]LogSlate: SlateFontCache - WITH_FREETYPE: 1, WITH_HARFBUZZ: 1
[2018.02.01-15.00.42:212][  0]LogAssetRegistry: FAssetRegistry took 0.0712 seconds to start up
[2018.02.01-15.00.43:142][  0]LogInit: Selected Device Profile: [Windows]
[2018.02.01-15.00.44:100][  0]LogContentStreaming: Texture pool size is 0.00 MB
[2018.02.01-15.00.46:256][  0]LogSimplygon: Simplygon DLL not present - disabling.
[2018.02.01-15.00.46:462][  0]LogMeshReduction: Using SimplygonSwarm for distributed automatic mesh merging
[2018.02.01-15.00.46:462][  0]LogMeshReduction: Using QuadricMeshReduction for automatic static mesh reduction
[2018.02.01-15.00.46:462][  0]LogMeshReduction: No automatic skeletal mesh reduction module available
[2018.02.01-15.00.46:462][  0]LogMeshReduction: No automatic mesh merging module available
[2018.02.01-15.00.46:462][  0]LogMeshMerging: No automatic mesh merging module available
[2018.02.01-15.00.47:911][  0]LogNetVersion: AntsGame , NetCL: 3573198, EngineNetVer: 2, GameNetVer: 0 (Checksum: 3821802436)
[2018.02.01-15.00.48:637][  0]LogPackageLocalizationCache: Processed 5 localized package path(s) for 2 prioritized culture(s) in 0.151998 seconds
[2018.02.01-15.00.48:654][  0]LogUObjectArray: 35825 objects as part of root set at end of initial load.
[2018.02.01-15.00.48:654][  0]LogUObjectAllocator: 7529104 out of 0 bytes used by permanent object pool.
[2018.02.01-15.00.48:654][  0]LogUObjectArray: CloseDisregardForGC: 0/0 objects in disregard for GC pool
[2018.02.01-15.00.48:853][  0]LogInit: WinSock: version 1.1 (2.2), MaxSocks=32767, MaxUdp=65467
[2018.02.01-15.00.58:206][  0]LogTcpMessaging: Initializing TcpMessaging bridge
[2018.02.01-15.00.58:435][  0]LogUdpMessaging: Initializing bridge on interface 0.0.0.0:0 to multicast group 230.0.0.1:6666.
[2018.02.01-15.01.02:858][  0]LogMaterial: Uniform references updated for custom material expression Custom.
[2018.02.01-15.01.05:952][  0]SourceControl: Source control is disabled
[2018.02.01-15.01.05:953][  0]SourceControl: Source control is disabled
[2018.02.01-15.01.06:306][  0]SourceControl: Source control is disabled
[2018.02.01-15.01.06:678][  0]SourceControl: Source control is disabled
[2018.02.01-15.01.11:325][  0]LogAndroidPermission: UAndroidPermissionCallbackProxy::GetInstance
[2018.02.01-15.01.12:971][  0]LogOcInput: OculusInput pre-init called
[2018.02.01-15.01.14:090][  0]LogEngine: Initializing Engine...
[2018.02.01-15.01.14:096][  0]LogHMD: Failed to initialize OpenVR with code 110
[2018.02.01-15.01.14:855][  0]LogStats: UGameplayTagsManager::ConstructGameplayTagTree: Construct from data asset -  0.000 s
[2018.02.01-15.01.14:855][  0]LogStats: UGameplayTagsManager::ConstructGameplayTagTree: GameplayTagTreeChangedEvent.Broadcast -  0.000 s
[2018.02.01-15.01.15:400][  0]LogAIModule: Creating AISystem for world Untitled
[2018.02.01-15.01.15:431][  0]LogInit: XAudio2 using 'Speakers (Realtek High Definition Audio)' : 2 channels at 48 kHz using 32 bits per sample (channel mask 0x3)
[2018.02.01-15.01.15:483][  0]LogInit: FAudioDevice initialized.
[2018.02.01-15.01.15:654][  0]LogDerivedDataCache: Saved boot cache 0.17s 93MB C:/Users/Gary/AppData/Local/UnrealEngine/4.17/DerivedDataCache/Boot.ddc.
[2018.02.01-15.01.15:672][  0]LogInit: Texture streaming: Enabled
[2018.02.01-15.01.16:040][  0]LogEngineSessionManager: EngineSessionManager initialized
[2018.02.01-15.01.17:720][  0]LogInit: Transaction tracking system initialized
[2018.02.01-15.01.20:106][  0]BlueprintLog: New page: Editor Load
[2018.02.01-15.01.26:026][  0]LocalizationService: Localization service is disabled
[2018.02.01-15.01.31:466][  0]LogConsoleResponse: Display: 
[2018.02.01-15.01.32:479][  0]LogCook: Display: Max memory allowance for cook 16384mb min free memory 0mb
[2018.02.01-15.01.32:479][  0]LogCook: Display: Mobile HDR setting 1
[2018.02.01-15.01.32:480][  0]LogGameplayTags: Display: UGameplayTagsManager::DoneAddingNativeTags. DelegateIsBound: 0
[2018.02.01-15.01.32:507][  0]LogFileCache: Scanning file cache for directory 'D:/Game Dev/Epic Games/Projects/TDEMO-/Content/' took 0.02s
[2018.02.01-15.01.39:645][  0]SourceControl: Source control is disabled
[2018.02.01-15.01.39:646][  0]Cmd: MAP LOAD FILE="../../../../Projects/TDEMO-/Content/Levels/PicnicLevel.umap" TEMPLATE=0 SHOWPROGRESS=1 FEATURELEVEL=3
[2018.02.01-15.01.39:648][  0]LightingResults: New page: Lighting Build
[2018.02.01-15.01.39:946][  0]MapCheck: New page: Map Check
[2018.02.01-15.01.39:946][  0]LightingResults: New page: Lighting Build
[2018.02.01-15.01.44:201][  0]LogAIModule: Creating AISystem for world PicnicLevel
[2018.02.01-15.01.44:490][  0]LogEditorServer: Finished looking for orphan Actors (0.001 secs)
[2018.02.01-15.01.44:628][  0]Cmd: MAP CHECKDEP NOCLEARLOG
[2018.02.01-15.01.45:044][  0]MapCheck: Map check complete: 0 Error(s), 0 Warning(s), took 415.438ms to complete.
[2018.02.01-15.01.45:045][  0]LogFileHelpers: Loading map 'PicnicLevel' took 5.400
[2018.02.01-15.01.45:220][  0]LogWindowsTextInputMethodSystem: Display: IME system now deactivated.
[2018.02.01-15.01.45:222][  0]LogWindowsTextInputMethodSystem: Display: IME system now deactivated.
[2018.02.01-15.01.45:783][  0]LogCollectionManager: Loaded 0 collections in 0.010159 seconds
[2018.02.01-15.01.46:099][  0]LogFileCache: Scanning file cache for directory 'D:/Game Dev/Epic Games/Projects/TDEMO-/Saved/Collections/' took 0.01s
[2018.02.01-15.01.46:100][  0]LogFileCache: Scanning file cache for directory 'D:/Game Dev/Epic Games/Projects/TDEMO-/Content/Developers/Gary/Collections/' took 0.01s
[2018.02.01-15.01.46:100][  0]LogFileCache: Scanning file cache for directory 'D:/Game Dev/Epic Games/Projects/TDEMO-/Content/Collections/' took 0.01s
[2018.02.01-15.01.46:100][  0]LogCollectionManager: Rebuilt the GUID cache for 0 collections in 0.000002 seconds
[2018.02.01-15.01.46:157][  0]LogContentBrowser: Native class hierarchy populated in 0.0558 seconds. Added 2386 classes and 500 folders.
[2018.02.01-15.01.46:606][  0]LogContentBrowser: Native class hierarchy updated for 'WidgetCarousel' in 0.0050 seconds. Added 0 classes and 0 folders.
[2018.02.01-15.01.47:011][  0]LogContentBrowser: Native class hierarchy updated for 'AddContentDialog' in 0.0041 seconds. Added 0 classes and 0 folders.
[2018.02.01-15.01.47:355][  0]LogContentBrowser: Native class hierarchy updated for 'SceneOutliner' in 0.0057 seconds. Added 1 classes and 2 folders.
[2018.02.01-15.01.47:928][  0]LogSlate: Took 0.004407 seconds to synchronously load lazily loaded font '../../../Engine/Content/Slate/Fonts/Roboto-Regular.ttf' (155K)
[2018.02.01-15.01.47:964][  0]LogSlate: Took 0.002496 seconds to synchronously load lazily loaded font '../../../Engine/Content/Slate/Fonts/Roboto-Bold.ttf' (160K)
[2018.02.01-15.01.48:006][  0]LogSlate: Took 0.001090 seconds to synchronously load lazily loaded font '../../../Engine/Content/Editor/Slate/Fonts/FontAwesome.ttf' (139K)
[2018.02.01-15.01.48:655][  0]LogRenderer: Reallocating scene render targets to support 1008x472 Format 10 NumSamples 1 (Frame:1).
[2018.02.01-15.01.53:305][  0]LogSlate: Took 0.000582 seconds to synchronously load lazily loaded font '../../../Engine/Content/Slate/Fonts/Roboto-Light.ttf' (159K)
[2018.02.01-15.01.53:665][  0]LogContentBrowser: Native class hierarchy updated for 'HierarchicalLODOutliner' in 0.0020 seconds. Added 1 classes and 2 folders.
[2018.02.01-15.01.53:666][  0]LogLoad: (Engine Initialization) Total time: 106.87 seconds
[2018.02.01-15.01.53:666][  0]LogLoad: (Engine Initialization) Total Blueprint compile time: 0.00 seconds
[2018.02.01-15.01.53:667][  0]LogExternalProfiler: No external profilers were discovered.  External profiling features will not be available.
[2018.02.01-15.01.53:726][  0]LogContentStreaming: Texture pool size now 1000 MB
[2018.02.01-15.01.53:800][  1]LogFileCache: Retrieving MD5 hashes for directory 'D:/Game Dev/Epic Games/Projects/TDEMO-/Content/' took 0.10s
[2018.02.01-15.01.55:146][  8]LogAssetRegistry: Asset discovery search completed in 72.9589 seconds
[2018.02.01-15.01.55:154][  8]LogCollectionManager: Rebuilt the object cache for 0 collections in 0.000001 seconds (found 0 objects)
[2018.02.01-15.01.55:154][  8]LogCollectionManager: Fixed up redirectors for 0 collections in 0.000210 seconds (updated 0 objects)
[2018.02.01-15.01.56:822][ 31]LogSlate: Took 0.001278 seconds to synchronously load lazily loaded font '../../../Engine/Content/Slate/Fonts/Roboto-Light.ttf' (159K)
[2018.02.01-15.02.07:701][204]AssetReimport: New page: Outstanding source content changes 15:02:07
[2018.02.01-15.02.07:834][205]LogFactory: FactoryCreateFile: StaticMesh with FbxFactory (0 0 D:/Game Dev/Epic Games/Projects/TDEMO-/Content/Assets/Table/Picnic Table .fbx)
[2018.02.01-15.02.08:096][205]LogFbx: ItemName: GlobalSettings, ItemCount : 1
[2018.02.01-15.02.08:097][205]LogFbx: ItemName: AnimationStack, ItemCount : 1
[2018.02.01-15.02.08:097][205]LogFbx: ItemName: AnimationLayer, ItemCount : 1
[2018.02.01-15.02.08:097][205]LogFbx: ItemName: NodeAttribute, ItemCount : 14
[2018.02.01-15.02.08:097][205]LogFbx: ItemName: Model, ItemCount : 15
[2018.02.01-15.02.08:097][205]LogFbx: ItemName: Geometry, ItemCount : 1
[2018.02.01-15.02.08:097][205]LogFbx: ItemName: Material, ItemCount : 1
[2018.02.01-15.02.08:140][205]LogFbx: Loading FBX Scene from D:/Game Dev/Epic Games/Projects/TDEMO-/Content/Assets/Table/Picnic Table .fbx
[2018.02.01-15.02.08:242][205]LogFbx: FBX Scene Loaded Succesfully
[2018.02.01-15.02.13:807][205]LogFbx: Loading FBX Scene from D:/Game Dev/Epic Games/Projects/TDEMO-/Content/Assets/Table/Picnic Table .fbx
[2018.02.01-15.02.13:852][205]LogFbx: FBX Scene Loaded Succesfully
[2018.02.01-15.02.13:892][205]LogLinker: Can't find file '/Game/Assets/Table/lambert1'
[2018.02.01-15.02.13:907][205]LogLinker: Can't find file '/Game/Assets/Table/lambert1'
[2018.02.01-15.02.14:077][205]LogMaterial: Missing cached shader map for material lambert1, compiling. 
[2018.02.01-15.02.14:592][205]LogStaticMesh: Building static mesh Picnic_Table_...
[2018.02.01-15.02.14:713][205]LogStaticMesh: Built static mesh [0.12s] /Game/Assets/Table/Picnic_Table_.Picnic_Table_
[2018.02.01-15.02.15:316][206]LogFactory: FactoryCreateFile: StaticMesh with FbxFactory (0 0 D:/Game Dev/Epic Games/Projects/TDEMO-/Content/Assets/Table/picnic table seperate.fbx)
[2018.02.01-15.02.15:335][206]LogFbx: ItemName: GlobalSettings, ItemCount : 1
[2018.02.01-15.02.15:335][206]LogFbx: ItemName: AnimationStack, ItemCount : 1
[2018.02.01-15.02.15:335][206]LogFbx: ItemName: AnimationLayer, ItemCount : 1
[2018.02.01-15.02.15:335][206]LogFbx: ItemName: NodeAttribute, ItemCount : 16
[2018.02.01-15.02.15:336][206]LogFbx: ItemName: Model, ItemCount : 23
[2018.02.01-15.02.15:336][206]LogFbx: ItemName: Geometry, ItemCount : 7
[2018.02.01-15.02.15:336][206]LogFbx: ItemName: Material, ItemCount : 1
[2018.02.01-15.02.15:382][206]LogFbx: Loading FBX Scene from D:/Game Dev/Epic Games/Projects/TDEMO-/Content/Assets/Table/picnic table seperate.fbx
[2018.02.01-15.02.15:456][206]LogFbx: FBX Scene Loaded Succesfully
[2018.02.01-15.02.18:630][206]LogFbx: Loading FBX Scene from D:/Game Dev/Epic Games/Projects/TDEMO-/Content/Assets/Table/picnic table seperate.fbx
[2018.02.01-15.02.18:673][206]LogFbx: FBX Scene Loaded Succesfully
[2018.02.01-15.02.18:685][206]LogStaticMesh: Building static mesh picnic_table_seperate_polySurface1...
[2018.02.01-15.02.18:687][206]LogStaticMesh: Built static mesh [0.00s] /Game/Assets/Table/picnic_table_seperate_polySurface1.picnic_table_seperate_polySurface1
[2018.02.01-15.02.18:730][206]LogStaticMesh: Building static mesh picnic_table_seperate_polySurface2...
[2018.02.01-15.02.18:732][206]LogStaticMesh: Built static mesh [0.00s] /Game/Assets/Table/picnic_table_seperate_polySurface2.picnic_table_seperate_polySurface2
[2018.02.01-15.02.18:762][206]LogStaticMesh: Building static mesh picnic_table_seperate_polySurface3...
[2018.02.01-15.02.18:764][206]LogStaticMesh: Built static mesh [0.00s] /Game/Assets/Table/picnic_table_seperate_polySurface3.picnic_table_seperate_polySurface3
[2018.02.01-15.02.18:784][206]LogStaticMesh: Building static mesh picnic_table_seperate_polySurface4...
[2018.02.01-15.02.18:786][206]LogStaticMesh: Built static mesh [0.00s] /Game/Assets/Table/picnic_table_seperate_polySurface4.picnic_table_seperate_polySurface4
[2018.02.01-15.02.18:818][206]LogStaticMesh: Building static mesh picnic_table_seperate_polySurface5...
[2018.02.01-15.02.18:820][206]LogStaticMesh: Built static mesh [0.00s] /Game/Assets/Table/picnic_table_seperate_polySurface5.picnic_table_seperate_polySurface5
[2018.02.01-15.02.18:840][206]LogStaticMesh: Building static mesh picnic_table_seperate_polySurface6...
[2018.02.01-15.02.18:842][206]LogStaticMesh: Built static mesh [0.00s] /Game/Assets/Table/picnic_table_seperate_polySurface6.picnic_table_seperate_polySurface6
[2018.02.01-15.02.18:861][206]LogStaticMesh: Building static mesh picnic_table_seperate_polySurface7...
[2018.02.01-15.02.18:864][206]LogStaticMesh: Built static mesh [0.00s] /Game/Assets/Table/picnic_table_seperate_polySurface7.picnic_table_seperate_polySurface7
[2018.02.01-15.02.18:944][207]LogFactory: FactoryCreateFile: StaticMesh with FbxFactory (0 0 D:/Game Dev/Epic Games/Projects/TDEMO-/Content/Assets/Table/Ptable.fbx)
[2018.02.01-15.02.18:956][207]LogFbx: ItemName: GlobalSettings, ItemCount : 1
[2018.02.01-15.02.18:956][207]LogFbx: ItemName: AnimationStack, ItemCount : 1
[2018.02.01-15.02.18:956][207]LogFbx: ItemName: AnimationLayer, ItemCount : 1
[2018.02.01-15.02.18:957][207]LogFbx: ItemName: Model, ItemCount : 8
[2018.02.01-15.02.18:957][207]LogFbx: ItemName: NodeAttribute, ItemCount : 1
[2018.02.01-15.02.18:957][207]LogFbx: ItemName: Geometry, ItemCount : 2
[2018.02.01-15.02.18:957][207]LogFbx: ItemName: Material, ItemCount : 2
[2018.02.01-15.02.18:974][207]LogFbx: Loading FBX Scene from D:/Game Dev/Epic Games/Projects/TDEMO-/Content/Assets/Table/Ptable.fbx
[2018.02.01-15.02.19:013][207]LogFbx: FBX Scene Loaded Succesfully
[2018.02.01-15.02.20:960][207]LogFbx: Loading FBX Scene from D:/Game Dev/Epic Games/Projects/TDEMO-/Content/Assets/Table/Ptable.fbx
[2018.02.01-15.02.20:987][207]LogFbx: FBX Scene Loaded Succesfully
[2018.02.01-15.02.20:989][207]LogLinker: Can't find file '/Game/Assets/Table/DefaultMaterial'
[2018.02.01-15.02.20:989][207]LogLinker: Can't find file '/Game/Assets/Table/DefaultMaterial'
[2018.02.01-15.02.21:003][207]LogMaterial: Missing cached shader map for material DefaultMaterial, compiling. 
[2018.02.01-15.02.21:073][207]LogStaticMesh: Building static mesh Ptable_Floor...
[2018.02.01-15.02.21:083][207]LogStaticMesh: Built static mesh [0.01s] /Game/Assets/Table/Ptable_Floor.Ptable_Floor
[2018.02.01-15.02.21:099][207]LogStaticMesh: Building static mesh Ptable_Picnic_Table__78...
[2018.02.01-15.02.21:113][207]LogStaticMesh: Built static mesh [0.02s] /Game/Assets/Table/Ptable_Picnic_Table__78.Ptable_Picnic_Table__78
[2018.02.01-15.02.22:332][208]Cmd: OBJ SAVEPACKAGE PACKAGE="/Game/Assets/Table/Picnic_Table_" FILE="../../../../Projects/TDEMO-/Content/Assets/Table/Picnic_Table_.uasset" SILENT=true
[2018.02.01-15.02.22:460][208]LogSavePackage: Save=98.69ms
[2018.02.01-15.02.22:460][208]LogSavePackage: Moving '../../../../Projects/TDEMO-/Saved/Picnic_Table_D6D3EDB841BA805E5EBB919BAFFF9F20.tmp' to '../../../../Projects/TDEMO-/Content/Assets/Table/Picnic_Table_.uasset'
[2018.02.01-15.02.22:468][208]LogSavePackage: Display: Finished SavePackage ../../../../Projects/TDEMO-/Content/Assets/Table/Picnic_Table_.uasset
[2018.02.01-15.02.22:469][208]Cmd: OBJ SAVEPACKAGE PACKAGE="/Game/Assets/Table/picnic_table_seperate" FILE="../../../../Projects/TDEMO-/Content/Assets/Table/picnic_table_seperate.uasset" SILENT=true
[2018.02.01-15.02.22:479][208]LogSavePackage: Save=4.31ms
[2018.02.01-15.02.22:479][208]LogSavePackage: Moving '../../../../Projects/TDEMO-/Saved/picnic_table_seperate6AADD65D47D7C6B9B04AF2B22F3BCEAD.tmp' to '../../../../Projects/TDEMO-/Content/Assets/Table/picnic_table_seperate.uasset'
[2018.02.01-15.02.22:480][208]LogSavePackage: Display: Finished SavePackage ../../../../Projects/TDEMO-/Content/Assets/Table/picnic_table_seperate.uasset
[2018.02.01-15.02.22:482][208]Cmd: OBJ SAVEPACKAGE PACKAGE="/Game/Assets/Table/Ptable" FILE="../../../../Projects/TDEMO-/Content/Assets/Table/Ptable.uasset" SILENT=true
[2018.02.01-15.02.22:490][208]LogSavePackage: Save=4.71ms
[2018.02.01-15.02.22:490][208]LogSavePackage: Moving '../../../../Projects/TDEMO-/Saved/Ptable51B847854EE8EA729682788D87E87D9F.tmp' to '../../../../Projects/TDEMO-/Content/Assets/Table/Ptable.uasset'
[2018.02.01-15.02.22:493][208]LogSavePackage: Display: Finished SavePackage ../../../../Projects/TDEMO-/Content/Assets/Table/Ptable.uasset
[2018.02.01-15.02.25:499][240]AssetReimport: Importing new asset /Game/Assets/Table/Picnic_Table_.
[2018.02.01-15.02.25:499][240]AssetReimport: Importing new asset /Game/Assets/Table/picnic_table_seperate.
[2018.02.01-15.02.25:500][240]AssetReimport: Importing new asset /Game/Assets/Table/Ptable.
[2018.02.01-15.02.48:057][453]LogActorFactory: Actor Factory created Picnic_Table_
[2018.02.01-15.02.50:854][489]LogActorFactory: Actor Factory created Picnic_Table_
[2018.02.01-15.02.57:362][555]LogSlate: Took 0.016925 seconds to synchronously load lazily loaded font '../../../Engine/Content/Editor/Slate/Fonts/Roboto-Italic.ttf' (157K)
[2018.02.01-15.03.14:176][703]LogRenderer: Reallocating scene render targets to support 1272x804 Format 10 NumSamples 1 (Frame:1).
[2018.02.01-15.04.15:002][253]LogEditorViewport: Clicking on Actor (LMB): 1_AdvJump_C (1_AdvJump6)
[2018.02.01-15.04.19:959][305]LogEditorViewport: Clicking on Actor (LMB): StaticMeshActor (Picnic_Table_)
[2018.02.01-15.04.40:104][536]LogEditorViewport: Clicking on Actor (LMB): 1_AdvJump_C (1_AdvJump5)
[2018.02.01-15.05.00:703][770]LogEditorViewport: Clicking on Actor (LMB): 1_AdvJump_C (1_AdvJump5)
[2018.02.01-15.05.23:953][ 38]LogTemp: Repeating last play command: Selected Viewport
[2018.02.01-15.05.24:603][ 38]LogBlueprintUserMessages: Early PlayInEditor Detection: Level '/Game/Levels/PicnicLevel.PicnicLevel:PersistentLevel' has LevelScriptBlueprint '/Game/Levels/PicnicLevel.PicnicLevel:PersistentLevel.PicnicLevel' with GeneratedClass '/Game/Levels/PicnicLevel.PicnicLevel_C' with ClassGeneratedBy '/Game/Levels/PicnicLevel.PicnicLevel:PersistentLevel.PicnicLevel'
[2018.02.01-15.05.24:603][ 38]LogPlayLevel: PlayLevel: No blueprints needed recompiling
[2018.02.01-15.05.24:605][ 38]PIE: New page: PIE session: PicnicLevel (1 Feb 2018 15:05:24)
[2018.02.01-15.05.24:609][ 38]LogPlayLevel: Creating play world package: /Game/Levels/UEDPIE_0_PicnicLevel
[2018.02.01-15.05.24:666][ 38]LogPlayLevel: PIE: StaticDuplicateObject took: (0.055928s)
[2018.02.01-15.05.24:669][ 38]LogAIModule: Creating AISystem for world PicnicLevel
[2018.02.01-15.05.24:670][ 38]LogPlayLevel: PIE: World Init took: (0.004564s)
[2018.02.01-15.05.24:671][ 38]LogPlayLevel: PIE: Created PIE world by copying editor world from /Game/Levels/PicnicLevel.PicnicLevel to /Game/Levels/UEDPIE_0_PicnicLevel.PicnicLevel (0.062275s)
[2018.02.01-15.05.24:792][ 38]LogInit: XAudio2 using 'Speakers (Realtek High Definition Audio)' : 2 channels at 48 kHz using 32 bits per sample (channel mask 0x3)
[2018.02.01-15.05.24:876][ 38]LogInit: FAudioDevice initialized.
[2018.02.01-15.05.24:966][ 38]LogLoad: Game class is 'AntsGamemode_C'
[2018.02.01-15.05.25:043][ 38]LogWorld: Bringing World /Game/Levels/UEDPIE_0_PicnicLevel.PicnicLevel up for play (max tick rate 0) at 2018.02.01-15.05.25
[2018.02.01-15.05.25:051][ 38]LogWorld: Bringing up level for play took: 0.078547
[2018.02.01-15.05.25:318][ 38]LogContentBrowser: Native class hierarchy updated for 'MovieSceneCapture' in 0.0036 seconds. Added 11 classes and 0 folders.
[2018.02.01-15.05.25:323][ 38]PIE: Play in editor start time for /Game/Levels/UEDPIE_0_PicnicLevel -0.216
[2018.02.01-15.05.25:324][ 38]LogBlueprintUserMessages: Late PlayInEditor Detection: Level '/Game/Levels/PicnicLevel.PicnicLevel:PersistentLevel' has LevelScriptBlueprint '/Game/Levels/PicnicLevel.PicnicLevel:PersistentLevel.PicnicLevel' with GeneratedClass '/Game/Levels/PicnicLevel.PicnicLevel_C' with ClassGeneratedBy '/Game/Levels/PicnicLevel.PicnicLevel:PersistentLevel.PicnicLevel'
[2018.02.01-15.05.46:964][451]LogBlueprintUserMessages: Early EndPlayMap Detection: Level '/Game/Levels/PicnicLevel.PicnicLevel:PersistentLevel' has LevelScriptBlueprint '/Game/Levels/PicnicLevel.PicnicLevel:PersistentLevel.PicnicLevel' with GeneratedClass '/Game/Levels/PicnicLevel.PicnicLevel_C' with ClassGeneratedBy '/Game/Levels/PicnicLevel.PicnicLevel:PersistentLevel.PicnicLevel'
[2018.02.01-15.05.47:342][451]LogBlueprintUserMessages: Late EndPlayMap Detection: Level '/Game/Levels/PicnicLevel.PicnicLevel:PersistentLevel' has LevelScriptBlueprint '/Game/Levels/PicnicLevel.PicnicLevel:PersistentLevel.PicnicLevel' with GeneratedClass '/Game/Levels/PicnicLevel.PicnicLevel_C' with ClassGeneratedBy '/Game/Levels/PicnicLevel.PicnicLevel:PersistentLevel.PicnicLevel'
[2018.02.01-15.05.49:145][457]LogEditorViewport: Clicking on Actor (LMB): BP_Sky_Sphere_C (Sky Sphere)
[2018.02.01-15.05.54:953][519]LogEditorViewport: Clicking on Actor (LMB): StaticMeshActor (Picnic_Table_)
[2018.02.01-15.06.29:337][690]Cmd: OBJ SAVEPACKAGE PACKAGE="/Game/Assets/Table/Picnic_Table_" FILE="../../../../Projects/TDEMO-/Content/Assets/Table/Picnic_Table_.uasset" SILENT=true
[2018.02.01-15.06.29:449][690]LogSavePackage: Save=72.76ms
[2018.02.01-15.06.29:449][690]LogSavePackage: Moving '../../../../Projects/TDEMO-/Saved/Picnic_Table_C4ED0288480F8276C4D31481C3B812EF.tmp' to '../../../../Projects/TDEMO-/Content/Assets/Table/Picnic_Table_.uasset'
[2018.02.01-15.06.29:469][690]LogSavePackage: Display: Finished SavePackage ../../../../Projects/TDEMO-/Content/Assets/Table/Picnic_Table_.uasset
[2018.02.01-15.06.32:572][709]LogTemp: Repeating last play command: Selected Viewport
[2018.02.01-15.06.32:858][709]LogBlueprintUserMessages: Early PlayInEditor Detection: Level '/Game/Levels/PicnicLevel.PicnicLevel:PersistentLevel' has LevelScriptBlueprint '/Game/Levels/PicnicLevel.PicnicLevel:PersistentLevel.PicnicLevel' with GeneratedClass '/Game/Levels/PicnicLevel.PicnicLevel_C' with ClassGeneratedBy '/Game/Levels/PicnicLevel.PicnicLevel:PersistentLevel.PicnicLevel'
[2018.02.01-15.06.32:858][709]LogPlayLevel: PlayLevel: No blueprints needed recompiling
[2018.02.01-15.06.32:859][709]PIE: New page: PIE session: PicnicLevel (1 Feb 2018 15:06:32)
[2018.02.01-15.06.32:863][709]LogPlayLevel: Creating play world package: /Game/Levels/UEDPIE_0_PicnicLevel
[2018.02.01-15.06.32:936][709]LogPlayLevel: PIE: StaticDuplicateObject took: (0.072103s)
[2018.02.01-15.06.32:938][709]LogAIModule: Creating AISystem for world PicnicLevel
[2018.02.01-15.06.32:939][709]LogPlayLevel: PIE: World Init took: (0.003286s)
[2018.02.01-15.06.32:940][709]LogPlayLevel: PIE: Created PIE world by copying editor world from /Game/Levels/PicnicLevel.PicnicLevel to /Game/Levels/UEDPIE_0_PicnicLevel.PicnicLevel (0.076775s)
[2018.02.01-15.06.33:039][709]LogInit: XAudio2 using 'Speakers (Realtek High Definition Audio)' : 2 channels at 48 kHz using 32 bits per sample (channel mask 0x3)
[2018.02.01-15.06.33:102][709]LogInit: FAudioDevice initialized.
[2018.02.01-15.06.33:229][709]LogLoad: Game class is 'AntsGamemode_C'
[2018.02.01-15.06.33:302][709]LogWorld: Bringing World /Game/Levels/UEDPIE_0_PicnicLevel.PicnicLevel up for play (max tick rate 0) at 2018.02.01-15.06.33
[2018.02.01-15.06.33:309][709]LogWorld: Bringing up level for play took: 0.076986
[2018.02.01-15.06.33:316][709]PIE: Play in editor start time for /Game/Levels/UEDPIE_0_PicnicLevel -0.222
[2018.02.01-15.06.33:319][709]LogBlueprintUserMessages: Late PlayInEditor Detection: Level '/Game/Levels/PicnicLevel.PicnicLevel:PersistentLevel' has LevelScriptBlueprint '/Game/Levels/PicnicLevel.PicnicLevel:PersistentLevel.PicnicLevel' with GeneratedClass '/Game/Levels/PicnicLevel.PicnicLevel_C' with ClassGeneratedBy '/Game/Levels/PicnicLevel.PicnicLevel:PersistentLevel.PicnicLevel'
[2018.02.01-15.07.01:607][247]LogBlueprintUserMessages: Early EndPlayMap Detection: Level '/Game/Levels/PicnicLevel.PicnicLevel:PersistentLevel' has LevelScriptBlueprint '/Game/Levels/PicnicLevel.PicnicLevel:PersistentLevel.PicnicLevel' with GeneratedClass '/Game/Levels/PicnicLevel.PicnicLevel_C' with ClassGeneratedBy '/Game/Levels/PicnicLevel.PicnicLevel:PersistentLevel.PicnicLevel'
[2018.02.01-15.07.01:855][247]LogBlueprintUserMessages: Late EndPlayMap Detection: Level '/Game/Levels/PicnicLevel.PicnicLevel:PersistentLevel' has LevelScriptBlueprint '/Game/Levels/PicnicLevel.PicnicLevel:PersistentLevel.PicnicLevel' with GeneratedClass '/Game/Levels/PicnicLevel.PicnicLevel_C' with ClassGeneratedBy '/Game/Levels/PicnicLevel.PicnicLevel:PersistentLevel.PicnicLevel'
[2018.02.01-15.07.20:649][341]Cmd: OBJ SAVEPACKAGE PACKAGE="/Game/Levels/PicnicLevel" FILE="../../../../Projects/TDEMO-/Content/Levels/PicnicLevel.umap" SILENT=true AUTOSAVING=false KEEPDIRTY=false
[2018.02.01-15.07.24:335][341]LogSavePackage: Save=3543.04ms
[2018.02.01-15.07.24:335][341]LogSavePackage: Moving '../../../../Projects/TDEMO-/Saved/PicnicLevel424DF79E4856814AB81F5295C7985977.tmp' to '../../../../Projects/TDEMO-/Content/Levels/PicnicLevel.umap'
[2018.02.01-15.07.24:346][341]LogSavePackage: Display: Finished SavePackage ../../../../Projects/TDEMO-/Content/Levels/PicnicLevel.umap
[2018.02.01-15.07.24:623][341]Cmd: OBJ SAVEPACKAGE PACKAGE="/Game/Levels/PicnicLevel_BuiltData" FILE="../../../../Projects/TDEMO-/Content/Levels/PicnicLevel_BuiltData.uasset" SILENT=true
[2018.02.01-15.07.24:766][341]LogSavePackage: Save=115.90ms
[2018.02.01-15.07.24:766][341]LogSavePackage: Moving '../../../../Projects/TDEMO-/Saved/PicnicLevel_BuiltData92B1CBC745F1AF80952F46BCEBF24532.tmp' to '../../../../Projects/TDEMO-/Content/Levels/PicnicLevel_BuiltData.uasset'
[2018.02.01-15.07.24:769][341]LogSavePackage: Display: Finished SavePackage ../../../../Projects/TDEMO-/Content/Levels/PicnicLevel_BuiltData.uasset
[2018.02.01-15.07.47:482][440]Cmd: OBJ SAVEPACKAGE PACKAGE="/Game/Assets/Table/DefaultMaterial" FILE="../../../../Projects/TDEMO-/Content/Assets/Table/DefaultMaterial.uasset" SILENT=true
[2018.02.01-15.07.47:631][440]LogSavePackage: Save=139.38ms
[2018.02.01-15.07.47:632][440]LogSavePackage: Moving '../../../../Projects/TDEMO-/Saved/DefaultMaterialADEBAA07487294F3E0ACA386FE3D207C.tmp' to '../../../../Projects/TDEMO-/Content/Assets/Table/DefaultMaterial.uasset'
[2018.02.01-15.07.47:657][440]LogSavePackage: Display: Finished SavePackage ../../../../Projects/TDEMO-/Content/Assets/Table/DefaultMaterial.uasset
[2018.02.01-15.07.47:807][440]Cmd: OBJ SAVEPACKAGE PACKAGE="/Game/Assets/Table/lambert1" FILE="../../../../Projects/TDEMO-/Content/Assets/Table/lambert1.uasset" SILENT=true
[2018.02.01-15.07.47:899][440]LogSavePackage: Save=83.66ms
[2018.02.01-15.07.47:899][440]LogSavePackage: Moving '../../../../Projects/TDEMO-/Saved/lambert104E528B1417F6A2DC8D11487BECA3124.tmp' to '../../../../Projects/TDEMO-/Content/Assets/Table/lambert1.uasset'
[2018.02.01-15.07.47:933][440]LogSavePackage: Display: Finished SavePackage ../../../../Projects/TDEMO-/Content/Assets/Table/lambert1.uasset
[2018.02.01-15.07.48:075][440]Cmd: OBJ SAVEPACKAGE PACKAGE="/Game/Assets/Table/picnic_table_seperate_polySurface1" FILE="../../../../Projects/TDEMO-/Content/Assets/Table/picnic_table_seperate_polySurface1.uasset" SILENT=true
[2018.02.01-15.07.48:176][440]LogSavePackage: Save=92.75ms
[2018.02.01-15.07.48:176][440]LogSavePackage: Moving '../../../../Projects/TDEMO-/Saved/picnic_table_seperate_polySurface1133866E0414C4A46F65A6282602406C5.tmp' to '../../../../Projects/TDEMO-/Content/Assets/Table/picnic_table_seperate_polySurface1.uasset'
[2018.02.01-15.07.48:192][440]LogSavePackage: Display: Finished SavePackage ../../../../Projects/TDEMO-/Content/Assets/Table/picnic_table_seperate_polySurface1.uasset
[2018.02.01-15.07.48:349][440]Cmd: OBJ SAVEPACKAGE PACKAGE="/Game/Assets/Table/picnic_table_seperate_polySurface2" FILE="../../../../Projects/TDEMO-/Content/Assets/Table/picnic_table_seperate_polySurface2.uasset" SILENT=true
[2018.02.01-15.07.48:439][440]LogSavePackage: Save=82.82ms
[2018.02.01-15.07.48:439][440]LogSavePackage: Moving '../../../../Projects/TDEMO-/Saved/picnic_table_seperate_polySurface2276A1B924E04E80F5652D0927518C4B7.tmp' to '../../../../Projects/TDEMO-/Content/Assets/Table/picnic_table_seperate_polySurface2.uasset'
[2018.02.01-15.07.48:451][440]LogSavePackage: Display: Finished SavePackage ../../../../Projects/TDEMO-/Content/Assets/Table/picnic_table_seperate_polySurface2.uasset
[2018.02.01-15.07.48:608][440]Cmd: OBJ SAVEPACKAGE PACKAGE="/Game/Assets/Table/picnic_table_seperate_polySurface3" FILE="../../../../Projects/TDEMO-/Content/Assets/Table/picnic_table_seperate_polySurface3.uasset" SILENT=true
[2018.02.01-15.07.48:712][440]LogSavePackage: Save=96.19ms
[2018.02.01-15.07.48:713][440]LogSavePackage: Moving '../../../../Projects/TDEMO-/Saved/picnic_table_seperate_polySurface34AADC596489ECC827D8AE1A08F88FA74.tmp' to '../../../../Projects/TDEMO-/Content/Assets/Table/picnic_table_seperate_polySurface3.uasset'
[2018.02.01-15.07.48:731][440]LogSavePackage: Display: Finished SavePackage ../../../../Projects/TDEMO-/Content/Assets/Table/picnic_table_seperate_polySurface3.uasset
[2018.02.01-15.07.48:896][440]Cmd: OBJ SAVEPACKAGE PACKAGE="/Game/Assets/Table/picnic_table_seperate_polySurface4" FILE="../../../../Projects/TDEMO-/Content/Assets/Table/picnic_table_seperate_polySurface4.uasset" SILENT=true
[2018.02.01-15.07.48:986][440]LogSavePackage: Save=79.29ms
[2018.02.01-15.07.48:986][440]LogSavePackage: Moving '../../../../Projects/TDEMO-/Saved/picnic_table_seperate_polySurface44F82A42D47A87CE2E844FF8906570912.tmp' to '../../../../Projects/TDEMO-/Content/Assets/Table/picnic_table_seperate_polySurface4.uasset'
[2018.02.01-15.07.49:004][440]LogSavePackage: Display: Finished SavePackage ../../../../Projects/TDEMO-/Content/Assets/Table/picnic_table_seperate_polySurface4.uasset
[2018.02.01-15.07.49:161][440]Cmd: OBJ SAVEPACKAGE PACKAGE="/Game/Assets/Table/picnic_table_seperate_polySurface5" FILE="../../../../Projects/TDEMO-/Content/Assets/Table/picnic_table_seperate_polySurface5.uasset" SILENT=true
[2018.02.01-15.07.49:259][440]LogSavePackage: Save=88.59ms
[2018.02.01-15.07.49:259][440]LogSavePackage: Moving '../../../../Projects/TDEMO-/Saved/picnic_table_seperate_polySurface598CD320146EE2B2B62726BA3FDC20387.tmp' to '../../../../Projects/TDEMO-/Content/Assets/Table/picnic_table_seperate_polySurface5.uasset'
[2018.02.01-15.07.49:278][440]LogSavePackage: Display: Finished SavePackage ../../../../Projects/TDEMO-/Content/Assets/Table/picnic_table_seperate_polySurface5.uasset
[2018.02.01-15.07.49:429][440]Cmd: OBJ SAVEPACKAGE PACKAGE="/Game/Assets/Table/picnic_table_seperate_polySurface6" FILE="../../../../Projects/TDEMO-/Content/Assets/Table/picnic_table_seperate_polySurface6.uasset" SILENT=true
[2018.02.01-15.07.49:516][440]LogSavePackage: Save=78.62ms
[2018.02.01-15.07.49:517][440]LogSavePackage: Moving '../../../../Projects/TDEMO-/Saved/picnic_table_seperate_polySurface6487F549D400D3C69CBF25DA7619E1F85.tmp' to '../../../../Projects/TDEMO-/Content/Assets/Table/picnic_table_seperate_polySurface6.uasset'
[2018.02.01-15.07.49:528][440]LogSavePackage: Display: Finished SavePackage ../../../../Projects/TDEMO-/Content/Assets/Table/picnic_table_seperate_polySurface6.uasset
[2018.02.01-15.07.49:699][440]Cmd: OBJ SAVEPACKAGE PACKAGE="/Game/Assets/Table/picnic_table_seperate_polySurface7" FILE="../../../../Projects/TDEMO-/Content/Assets/Table/picnic_table_seperate_polySurface7.uasset" SILENT=true
[2018.02.01-15.07.49:800][440]LogSavePackage: Save=90.50ms
[2018.02.01-15.07.49:800][440]LogSavePackage: Moving '../../../../Projects/TDEMO-/Saved/picnic_table_seperate_polySurface77EC9036945472015FEEE75A0BAF521CC.tmp' to '../../../../Projects/TDEMO-/Content/Assets/Table/picnic_table_seperate_polySurface7.uasset'
[2018.02.01-15.07.49:817][440]LogSavePackage: Display: Finished SavePackage ../../../../Projects/TDEMO-/Content/Assets/Table/picnic_table_seperate_polySurface7.uasset
[2018.02.01-15.07.49:985][440]Cmd: OBJ SAVEPACKAGE PACKAGE="/Game/Assets/Table/Ptable_Floor" FILE="../../../../Projects/TDEMO-/Content/Assets/Table/Ptable_Floor.uasset" SILENT=true
[2018.02.01-15.07.50:081][440]LogSavePackage: Save=88.18ms
[2018.02.01-15.07.50:081][440]LogSavePackage: Moving '../../../../Projects/TDEMO-/Saved/Ptable_Floor3767A671496685177381FC822D2BF2D2.tmp' to '../../../../Projects/TDEMO-/Content/Assets/Table/Ptable_Floor.uasset'
[2018.02.01-15.07.50:093][440]LogSavePackage: Display: Finished SavePackage ../../../../Projects/TDEMO-/Content/Assets/Table/Ptable_Floor.uasset
[2018.02.01-15.07.50:278][440]Cmd: OBJ SAVEPACKAGE PACKAGE="/Game/Assets/Table/Ptable_Picnic_Table__78" FILE="../../../../Projects/TDEMO-/Content/Assets/Table/Ptable_Picnic_Table__78.uasset" SILENT=true
[2018.02.01-15.07.50:386][440]LogSavePackage: Save=99.44ms
[2018.02.01-15.07.50:386][440]LogSavePackage: Moving '../../../../Projects/TDEMO-/Saved/Ptable_Picnic_Table__789D5592254AC9A0D2D4473580B17F974D.tmp' to '../../../../Projects/TDEMO-/Content/Assets/Table/Ptable_Picnic_Table__78.uasset'
[2018.02.01-15.07.50:400][440]LogSavePackage: Display: Finished SavePackage ../../../../Projects/TDEMO-/Content/Assets/Table/Ptable_Picnic_Table__78.uasset
[2018.02.01-15.07.51:526][440]LogWindowsTextInputMethodSystem: Display: IME system now deactivated.
[2018.02.01-15.07.51:526][440]LogWindowsTextInputMethodSystem: Display: IME system now deactivated.
[2018.02.01-15.07.52:169][441]Cmd: QUIT_EDITOR
[2018.02.01-15.07.53:047][441]LogExit: Preparing to exit.
[2018.02.01-15.07.53:469][441]LogDirectoryWatcher: A directory notification for 'D:/Game Dev/Epic Games/Projects/TDEMO-/Content/' was aborted.
[2018.02.01-15.07.53:480][441]PIE: UWidget::RemoveFromParent() called on 'None.PicnicLevel:None' which has no UMG parent (if it was added directly to a native Slate widget via TakeWidget() then it must be removed explicitly rather than via RemoveFromParent())
[2018.02.01-15.07.53:481][441]PIE: UWidget::RemoveFromParent() called on 'None.PicnicLevel:None' which has no UMG parent (if it was added directly to a native Slate widget via TakeWidget() then it must be removed explicitly rather than via RemoveFromParent())
[2018.02.01-15.07.53:482][441]PIE: UWidget::RemoveFromParent() called on 'None.PicnicLevel:None' which has no UMG parent (if it was added directly to a native Slate widget via TakeWidget() then it must be removed explicitly rather than via RemoveFromParent())
[2018.02.01-15.07.53:637][441]LogExit: Editor shut down
[2018.02.01-15.07.53:676][441]LogExit: Transaction tracking system shut down
[2018.02.01-15.07.54:091][441]LogDirectoryWatcher: A directory notification for '../../../Engine/Content/' was aborted.
[2018.02.01-15.07.54:092][441]LogDirectoryWatcher: A directory notification for '../../../../Projects/TDEMO-/Content/' was aborted.
[2018.02.01-15.07.54:092][441]LogDirectoryWatcher: A directory notification for '../../../Engine/Plugins/2D/Paper2D/Content/' was aborted.
[2018.02.01-15.07.54:092][441]LogDirectoryWatcher: A directory notification for '../../../Engine/Plugins/Runtime/Oculus/OculusVR/Content/' was aborted.
[2018.02.01-15.07.54:092][441]LogDirectoryWatcher: A directory notification for '../../../Engine/Plugins/Runtime/Steam/SteamVR/Content/' was aborted.
[2018.02.01-15.07.54:357][441]LogExit: Object subsystem successfully closed.
[2018.02.01-15.07.54:411][441]LogD3D11RHI: Shutdown
[2018.02.01-15.07.54:412][441]LogD3D11RHI: CleanupD3DDevice
[2018.02.01-15.07.54:537][441]LogD3D11RHI: ~FD3D11DynamicRHI
[2018.02.01-15.07.57:276][441]LogModuleManager: Shutting down and abandoning module MovieSceneCapture (534)
[2018.02.01-15.07.57:276][441]LogModuleManager: Shutting down and abandoning module StaticMeshEditor (532)
[2018.02.01-15.07.57:276][441]LogModuleManager: Shutting down and abandoning module HierarchicalLODOutliner (530)
[2018.02.01-15.07.57:276][441]LogModuleManager: Shutting down and abandoning module SceneOutliner (528)
[2018.02.01-15.07.57:276][441]LogModuleManager: Shutting down and abandoning module AddContentDialog (526)
[2018.02.01-15.07.57:276][441]LogDirectoryWatcher: A directory notification for 'D:/Game Dev/Epic Games/UE_4.17/FeaturePacks/' was aborted.
[2018.02.01-15.07.57:279][441]LogModuleManager: Shutting down and abandoning module WidgetCarousel (525)
[2018.02.01-15.07.57:279][441]LogModuleManager: Shutting down and abandoning module EditorWidgets (522)
[2018.02.01-15.07.57:279][441]LogModuleManager: Shutting down and abandoning module CollectionManager (520)
[2018.02.01-15.07.57:279][441]LogDirectoryWatcher: A directory notification for 'D:/Game Dev/Epic Games/Projects/TDEMO-/Content/Collections/' was aborted.
[2018.02.01-15.07.57:279][441]LogDirectoryWatcher: A directory notification for 'D:/Game Dev/Epic Games/Projects/TDEMO-/Content/Developers/Gary/Collections/' was aborted.
[2018.02.01-15.07.57:279][441]LogDirectoryWatcher: A directory notification for 'D:/Game Dev/Epic Games/Projects/TDEMO-/Saved/Collections/' was aborted.
[2018.02.01-15.07.57:280][441]LogModuleManager: Shutting down and abandoning module StatsViewer (518)
[2018.02.01-15.07.57:280][441]LogModuleManager: Shutting down and abandoning module FoliageEdit (516)
[2018.02.01-15.07.57:280][441]LogModuleManager: Shutting down and abandoning module LandscapeEditor (514)
[2018.02.01-15.07.57:280][441]LogModuleManager: Shutting down and abandoning module MeshPaintMode (512)
[2018.02.01-15.07.57:280][441]LogModuleManager: Shutting down and abandoning module SceneDepthPickerMode (510)
[2018.02.01-15.07.57:280][441]LogModuleManager: Shutting down and abandoning module ActorPickerMode (508)
[2018.02.01-15.07.57:280][441]LogModuleManager: Shutting down and abandoning module GeometryMode (506)
[2018.02.01-15.07.57:280][441]LogModuleManager: Shutting down and abandoning module TextureAlignMode (504)
[2018.02.01-15.07.57:280][441]LogModuleManager: Shutting down and abandoning module BspMode (502)
[2018.02.01-15.07.57:280][441]LogModuleManager: Shutting down and abandoning module PIEPreviewDeviceProfileSelector (500)
[2018.02.01-15.07.57:280][441]LogModuleManager: Shutting down and abandoning module HardwareSurvey (498)
[2018.02.01-15.07.57:280][441]LogModuleManager: Shutting down and abandoning module SequenceRecorderSections (496)
[2018.02.01-15.07.57:281][441]LogModuleManager: Shutting down and abandoning module AutomationWorker (494)
[2018.02.01-15.07.57:281][441]LogModuleManager: Shutting down and abandoning module MatineeToLevelSequence (492)
[2018.02.01-15.07.57:281][441]LogModuleManager: Shutting down and abandoning module LevelSequenceEditor (490)
[2018.02.01-15.07.57:281][441]LogModuleManager: Shutting down and abandoning module PlacementMode (489)
[2018.02.01-15.07.57:281][441]LogModuleManager: Shutting down and abandoning module WmfMediaFactory (486)
[2018.02.01-15.07.57:281][441]LogModuleManager: Shutting down and abandoning module WmfMediaEditor (484)
[2018.02.01-15.07.57:281][441]LogModuleManager: Shutting down and abandoning module AvfMediaFactory (482)
[2018.02.01-15.07.57:281][441]LogModuleManager: Shutting down and abandoning module AvfMediaEditor (480)
[2018.02.01-15.07.57:281][441]LogModuleManager: Shutting down and abandoning module AndroidMediaFactory (478)
[2018.02.01-15.07.57:281][441]LogModuleManager: Shutting down and abandoning module Media (477)
[2018.02.01-15.07.57:281][441]LogModuleManager: Shutting down and abandoning module AndroidMediaEditor (474)
[2018.02.01-15.07.57:281][441]LogModuleManager: Shutting down and abandoning module CharacterAI (472)
[2018.02.01-15.07.57:281][441]LogModuleManager: Shutting down and abandoning module AudioCapture (470)
[2018.02.01-15.07.57:281][441]LogModuleManager: Shutting down and abandoning module SequenceRecorder (469)
[2018.02.01-15.07.57:281][441]LogModuleManager: Shutting down and abandoning module SmartSnapping (466)
[2018.02.01-15.07.57:281][441]LogModuleManager: Shutting down and abandoning module SessionServices (464)
[2018.02.01-15.07.57:281][441]LogModuleManager: Shutting down and abandoning module ViewportSnapping (462)
[2018.02.01-15.07.57:281][441]LogModuleManager: Shutting down and abandoning module ViewportInteraction (460)
[2018.02.01-15.07.57:282][441]LogModuleManager: Shutting down and abandoning module ClothPainter (458)
[2018.02.01-15.07.57:282][441]LogModuleManager: Shutting down and abandoning module LogVisualizer (456)
[2018.02.01-15.07.57:282][441]LogModuleManager: Shutting down and abandoning module IntroTutorials (454)
[2018.02.01-15.07.57:282][441]LogModuleManager: Shutting down and abandoning module GameProjectGeneration (453)
[2018.02.01-15.07.57:282][441]LogModuleManager: Shutting down and abandoning module IOSPlatformEditor (450)
[2018.02.01-15.07.57:282][441]LogModuleManager: Shutting down and abandoning module HTML5PlatformEditor (448)
[2018.02.01-15.07.57:282][441]LogModuleManager: Shutting down and abandoning module AndroidPlatformEditor (446)
[2018.02.01-15.07.57:282][441]LogModuleManager: Shutting down and abandoning module AndroidDeviceDetection (445)
[2018.02.01-15.07.58:072][441]LogModuleManager: Shutting down and abandoning module WindowsPlatformEditor (442)
[2018.02.01-15.07.58:072][441]LogModuleManager: Shutting down and abandoning module IOSRuntimeSettings (440)
[2018.02.01-15.07.58:072][441]LogModuleManager: Shutting down and abandoning module AndroidRuntimeSettings (438)
[2018.02.01-15.07.58:072][441]LogModuleManager: Shutting down and abandoning module InputBindingEditor (436)
[2018.02.01-15.07.58:073][441]LogModuleManager: Shutting down and abandoning module MergeActors (434)
[2018.02.01-15.07.58:073][441]LogModuleManager: Shutting down and abandoning module SizeMap (432)
[2018.02.01-15.07.58:073][441]LogModuleManager: Shutting down and abandoning module TreeMap (430)
[2018.02.01-15.07.58:073][441]LogModuleManager: Shutting down and abandoning module ReferenceViewer (428)
[2018.02.01-15.07.58:073][441]LogModuleManager: Shutting down and abandoning module LocalizationDashboard (426)
[2018.02.01-15.07.58:073][441]LogModuleManager: Shutting down and abandoning module LocalizationService (425)
[2018.02.01-15.07.58:073][441]LogModuleManager: Shutting down and abandoning module HardwareTargeting (422)
[2018.02.01-15.07.58:073][441]LogModuleManager: Shutting down and abandoning module DeviceProfileEditor (420)
[2018.02.01-15.07.58:073][441]LogModuleManager: Shutting down and abandoning module UndoHistory (418)
[2018.02.01-15.07.58:074][441]LogModuleManager: Shutting down and abandoning module XmlParser (416)
[2018.02.01-15.07.58:074][441]LogModuleManager: Shutting down and abandoning module Blutility (414)
[2018.02.01-15.07.58:074][441]LogModuleManager: Shutting down and abandoning module ProjectSettingsViewer (412)
[2018.02.01-15.07.58:074][441]LogModuleManager: Shutting down and abandoning module ProjectTargetPlatformEditor (411)
[2018.02.01-15.07.58:075][441]LogModuleManager: Shutting down and abandoning module EditorSettingsViewer (408)
[2018.02.01-15.07.58:075][441]LogModuleManager: Shutting down and abandoning module SettingsEditor (406)
[2018.02.01-15.07.58:075][441]LogModuleManager: Shutting down and abandoning module ProjectLauncher (404)
[2018.02.01-15.07.58:075][441]LogModuleManager: Shutting down and abandoning module SessionFrontend (402)
[2018.02.01-15.07.58:075][441]LogModuleManager: Shutting down and abandoning module ProfilerClient (400)
[2018.02.01-15.07.58:075][441]LogModuleManager: Shutting down and abandoning module DeviceManager (398)
[2018.02.01-15.07.58:075][441]LogModuleManager: Shutting down and abandoning module TargetDeviceServices (397)
[2018.02.01-15.07.58:128][441]LogModuleManager: Shutting down and abandoning module AutomationController (394)
[2018.02.01-15.07.58:128][441]LogModuleManager: Shutting down and abandoning module AutomationWindow (392)
[2018.02.01-15.07.58:128][441]LogModuleManager: Shutting down and abandoning module Layers (390)
[2018.02.01-15.07.58:128][441]LogModuleManager: Shutting down and abandoning module ComponentVisualizers (388)
[2018.02.01-15.07.58:128][441]LogModuleManager: Shutting down and abandoning module DetailCustomizations (386)
[2018.02.01-15.07.58:129][441]LogModuleManager: Shutting down and abandoning module PackagesDialog (384)
[2018.02.01-15.07.58:129][441]LogModuleManager: Shutting down and abandoning module Persona (382)
[2018.02.01-15.07.58:129][441]LogModuleManager: Shutting down and abandoning module AdvancedPreviewScene (381)
[2018.02.01-15.07.58:130][441]LogModuleManager: Shutting down and abandoning module AnimGraph (379)
[2018.02.01-15.07.58:130][441]LogModuleManager: Shutting down and abandoning module Kismet (376)
[2018.02.01-15.07.58:133][441]LogModuleManager: Shutting down and abandoning module ClassViewer (374)
[2018.02.01-15.07.58:133][441]LogModuleManager: Shutting down and abandoning module Toolbox (372)
[2018.02.01-15.07.58:133][441]LogModuleManager: Shutting down and abandoning module ModuleUI (370)
[2018.02.01-15.07.58:133][441]LogModuleManager: Shutting down and abandoning module MovieSceneTools (368)
[2018.02.01-15.07.58:133][441]LogModuleManager: Shutting down and abandoning module OutputLog (366)
[2018.02.01-15.07.58:134][441]LogModuleManager: Shutting down and abandoning module GammaUI (364)
[2018.02.01-15.07.58:134][441]LogModuleManager: Shutting down and abandoning module Documentation (362)
[2018.02.01-15.07.58:134][441]LogModuleManager: Shutting down and abandoning module MovieSceneTracks (360)
[2018.02.01-15.07.58:134][441]LogModuleManager: Shutting down and abandoning module MovieScene (358)
[2018.02.01-15.07.58:134][441]LogModuleManager: Shutting down and abandoning module Niagara (356)
[2018.02.01-15.07.58:134][441]LogModuleManager: Shutting down and abandoning module NiagaraEditor (355)
[2018.02.01-15.07.58:134][441]LogModuleManager: Shutting down and abandoning module StreamingPauseRendering (352)
[2018.02.01-15.07.58:134][441]LogModuleManager: Shutting down and abandoning module LauncherPlatform (350)
[2018.02.01-15.07.58:135][441]LogModuleManager: Shutting down and abandoning module AnalyticsET (348)
[2018.02.01-15.07.58:135][441]LogModuleManager: Shutting down and abandoning module PortalServices (346)
[2018.02.01-15.07.58:135][441]LogModuleManager: Shutting down and abandoning module PortalRpc (344)
[2018.02.01-15.07.58:135][441]LogModuleManager: Shutting down and abandoning module MessagingRpc (342)
[2018.02.01-15.07.58:135][441]LogModuleManager: Shutting down and abandoning module AIModule (340)
[2018.02.01-15.07.58:135][441]LogModuleManager: Shutting down and abandoning module GameplayDebugger (339)
[2018.02.01-15.07.58:135][441]LogModuleManager: Shutting down and abandoning module AITestSuite (337)
[2018.02.01-15.07.58:135][441]LogModuleManager: Shutting down and abandoning module ProfilerService (334)
[2018.02.01-15.07.58:256][441]LogModuleManager: Shutting down and abandoning module TaskGraph (332)
[2018.02.01-15.07.58:256][441]LogModuleManager: Shutting down and abandoning module SteamVRController (330)
[2018.02.01-15.07.58:256][441]LogModuleManager: Shutting down and abandoning module ProceduralMeshComponentEditor (328)
[2018.02.01-15.07.58:256][441]LogModuleManager: Shutting down and abandoning module ProceduralMeshComponent (326)
[2018.02.01-15.07.58:256][441]LogModuleManager: Shutting down and abandoning module OculusInput (324)
[2018.02.01-15.07.58:256][441]LogModuleManager: Shutting down and abandoning module MobilePatchingUtils (322)
[2018.02.01-15.07.58:257][441]LogModuleManager: Shutting down and abandoning module CustomMeshComponent (320)
[2018.02.01-15.07.58:257][441]LogModuleManager: Shutting down and abandoning module CableComponent (318)
[2018.02.01-15.07.58:257][441]LogModuleManager: Shutting down and abandoning module ArchVisCharacter (316)
[2018.02.01-15.07.58:257][441]LogModuleManager: Shutting down and abandoning module AndroidPermission (314)
[2018.02.01-15.07.58:257][441]LogModuleManager: Shutting down and abandoning module MediaPlayerEditor (310)
[2018.02.01-15.07.58:258][441]LogModuleManager: Shutting down and abandoning module HTML5Networking (308)
[2018.02.01-15.07.58:258][441]LogModuleManager: Shutting down and abandoning module AlembicImporter (306)
[2018.02.01-15.07.58:258][441]LogModuleManager: Shutting down and abandoning module AlembicLibrary (305)
[2018.02.01-15.07.58:258][441]LogModuleManager: Shutting down and abandoning module GeometryCache (304)
[2018.02.01-15.07.58:258][441]LogModuleManager: Shutting down and abandoning module GeometryCacheEd (303)
[2018.02.01-15.07.58:259][441]LogModuleManager: Shutting down and abandoning module SpeedTreeImporter (298)
[2018.02.01-15.07.58:260][441]LogModuleManager: Shutting down and abandoning module PluginBrowser (296)
[2018.02.01-15.07.58:260][441]LogModuleManager: Shutting down and abandoning module MobileLauncherProfileWizard (294)
[2018.02.01-15.07.58:260][441]LogModuleManager: Shutting down and abandoning module VisualStudioSourceCodeAccess (292)
[2018.02.01-15.07.58:260][441]LogModuleManager: Shutting down and abandoning module DesktopPlatform (291)
[2018.02.01-15.07.58:261][441]LogModuleManager: Shutting down and abandoning module UObjectPlugin (288)
[2018.02.01-15.07.58:261][441]LogModuleManager: Shutting down and abandoning module SubversionSourceControl (286)
[2018.02.01-15.07.58:261][441]LogModuleManager: Shutting down and abandoning module PerforceSourceControl (284)
[2018.02.01-15.07.58:261][441]LogModuleManager: Shutting down and abandoning module GitSourceControl (282)
[2018.02.01-15.07.58:261][441]LogModuleManager: Shutting down and abandoning module SourceControl (281)
[2018.02.01-15.07.58:262][441]LogModuleManager: Shutting down and abandoning module LightPropagationVolumeEditor (278)
[2018.02.01-15.07.58:262][441]LogModuleManager: Shutting down and abandoning module PaperTiledImporter (276)
[2018.02.01-15.07.58:262][441]LogModuleManager: Shutting down and abandoning module PaperSpriteSheetImporter (274)
[2018.02.01-15.07.58:262][441]LogModuleManager: Shutting down and abandoning module Paper2DEditor (272)
[2018.02.01-15.07.58:263][441]LogModuleManager: Shutting down and abandoning module MeshPaint (271)
[2018.02.01-15.07.58:263][441]LogModuleManager: Shutting down and abandoning module LevelEditor (269)
[2018.02.01-15.07.58:267][441]LogModuleManager: Shutting down and abandoning module PixelInspectorModule (268)
[2018.02.01-15.07.58:268][441]LogModuleManager: Shutting down and abandoning module MainFrame (266)
[2018.02.01-15.07.58:268][441]LogModuleManager: Shutting down and abandoning module HotReload (265)
[2018.02.01-15.07.58:270][441]LogModuleManager: Shutting down and abandoning module RuntimePhysXCooking (260)
[2018.02.01-15.07.58:270][441]LogModuleManager: Shutting down and abandoning module PhysXVehiclesEditor (258)
[2018.02.01-15.07.58:270][441]LogModuleManager: Shutting down and abandoning module PhysXVehicles (256)
[2018.02.01-15.07.58:271][441]LogModuleManager: Shutting down and abandoning module OculusEditor (254)
[2018.02.01-15.07.58:271][441]LogModuleManager: Shutting down and abandoning module LocationServicesBPLibrary (252)
[2018.02.01-15.07.58:271][441]LogModuleManager: Shutting down and abandoning module ImmediatePhysicsEditor (250)
[2018.02.01-15.07.58:271][441]LogModuleManager: Shutting down and abandoning module ImmediatePhysics (248)
[2018.02.01-15.07.58:271][441]LogModuleManager: Shutting down and abandoning module UdpMessaging (246)
[2018.02.01-15.07.58:372][441]LogModuleManager: Shutting down and abandoning module TcpMessaging (244)
[2018.02.01-15.07.58:473][441]LogModuleManager: Shutting down and abandoning module GameplayTagsEditor (242)
[2018.02.01-15.07.58:473][441]LogModuleManager: Shutting down and abandoning module FacialAnimationEditor (240)
[2018.02.01-15.07.58:473][441]LogModuleManager: Shutting down and abandoning module FacialAnimation (238)
[2018.02.01-15.07.58:473][441]LogModuleManager: Shutting down and abandoning module AssetManagerEditor (236)
[2018.02.01-15.07.58:474][441]LogModuleManager: Shutting down and abandoning module GraphEditor (235)
[2018.02.01-15.07.58:474][441]LogModuleManager: Shutting down and abandoning module ContentBrowser (233)
[2018.02.01-15.07.58:478][441]LogModuleManager: Shutting down and abandoning module LightPropagationVolumeRuntime (230)
[2018.02.01-15.07.58:478][441]LogModuleManager: Shutting down and abandoning module Paper2D (228)
[2018.02.01-15.07.58:478][441]LogModuleManager: Shutting down and abandoning module WindowsMoviePlayer (226)
[2018.02.01-15.07.58:478][441]LogModuleManager: Shutting down and abandoning module WmfMedia (224)
[2018.02.01-15.07.58:486][441]LogModuleManager: Shutting down and abandoning module PacketHandler (222)
[2018.02.01-15.07.58:486][441]LogModuleManager: Shutting down and abandoning module ClothingSystemEditor (220)
[2018.02.01-15.07.58:486][441]LogModuleManager: Shutting down and abandoning module ClothingSystemRuntime (218)
[2018.02.01-15.07.58:486][441]LogModuleManager: Shutting down and abandoning module Overlay (216)
[2018.02.01-15.07.58:487][441]LogModuleManager: Shutting down and abandoning module OverlayEditor (215)
[2018.02.01-15.07.58:487][441]LogModuleManager: Shutting down and abandoning module MediaAssets (212)
[2018.02.01-15.07.58:487][441]LogModuleManager: Shutting down and abandoning module VREditor (210)
[2018.02.01-15.07.58:487][441]LogModuleManager: Shutting down and abandoning module StringTableEditor (208)
[2018.02.01-15.07.58:487][441]LogModuleManager: Shutting down and abandoning module GameplayTasksEditor (206)
[2018.02.01-15.07.58:487][441]LogModuleManager: Shutting down and abandoning module BehaviorTreeEditor (204)
[2018.02.01-15.07.58:487][441]LogModuleManager: Shutting down and abandoning module FunctionalTesting (202)
[2018.02.01-15.07.58:487][441]LogModuleManager: Shutting down and abandoning module CollisionAnalyzer (200)
[2018.02.01-15.07.58:487][441]LogModuleManager: Shutting down and abandoning module WorkspaceMenuStructure (199)
[2018.02.01-15.07.58:488][441]LogModuleManager: Shutting down and abandoning module UMG (196)
[2018.02.01-15.07.58:488][441]LogModuleManager: Shutting down and abandoning module UMGEditor (195)
[2018.02.01-15.07.58:488][441]LogModuleManager: Shutting down and abandoning module Sequencer (194)
[2018.02.01-15.07.58:488][441]LogModuleManager: Shutting down and abandoning module MessageLog (191)
[2018.02.01-15.07.58:488][441]LogModuleManager: Shutting down and abandoning module SlateReflector (186)
[2018.02.01-15.07.58:488][441]LogModuleManager: Shutting down and abandoning module Slate (184)
[2018.02.01-15.07.58:488][441]LogModuleManager: Shutting down and abandoning module EditorStyle (182)
[2018.02.01-15.07.58:496][441]LogModuleManager: Shutting down and abandoning module MRMesh (180)
[2018.02.01-15.07.58:496][441]LogModuleManager: Shutting down and abandoning module SourceCodeAccess (178)
[2018.02.01-15.07.58:497][441]LogModuleManager: Shutting down and abandoning module HeadMountedDisplay (176)
[2018.02.01-15.07.58:498][441]LogModuleManager: Shutting down and abandoning module XAudio2 (174)
[2018.02.01-15.07.58:498][441]LogModuleManager: Shutting down and abandoning module Networking (172)
[2018.02.01-15.07.58:498][441]LogModuleManager: Shutting down and abandoning module Core (168)
[2018.02.01-15.07.58:498][441]LogModuleManager: Shutting down and abandoning module KismetCompiler (164)
[2018.02.01-15.07.58:498][441]LogModuleManager: Shutting down and abandoning module LevelSequence (162)
[2018.02.01-15.07.58:498][441]LogModuleManager: Shutting down and abandoning module MeshUtilities (160)
[2018.02.01-15.07.58:498][441]LogModuleManager: Shutting down and abandoning module MeshMergeUtilities (159)
[2018.02.01-15.07.58:499][441]LogModuleManager: Shutting down and abandoning module MeshReductionInterface (158)
[2018.02.01-15.07.58:499][441]LogModuleManager: Shutting down and abandoning module SimplygonSwarm (157)
[2018.02.01-15.07.58:499][441]LogModuleManager: Shutting down and abandoning module SimplygonMeshReduction (155)
[2018.02.01-15.07.58:499][441]LogModuleManager: Shutting down and abandoning module QuadricMeshReduction (153)
[2018.02.01-15.07.58:499][441]LogModuleManager: Shutting down and abandoning module MaterialBaking (149)
[2018.02.01-15.07.58:499][441]LogModuleManager: Shutting down and abandoning module DirectoryWatcher (146)
[2018.02.01-15.07.58:505][441]LogModuleManager: Shutting down and abandoning module DerivedDataCache (144)
[2018.02.01-15.07.58:514][441]LogDerivedDataCache: Shutdown
[2018.02.01-15.07.58:514][441]LogModuleManager: Shutting down and abandoning module TargetPlatform (142)
[2018.02.01-15.07.58:514][441]LogModuleManager: Shutting down and abandoning module VulkanShaderFormat (141)
[2018.02.01-15.07.58:514][441]LogModuleManager: Shutting down and abandoning module ShaderFormatVectorVM (139)
[2018.02.01-15.07.58:515][441]LogModuleManager: Shutting down and abandoning module ShaderFormatOpenGL (137)
[2018.02.01-15.07.58:515][441]LogModuleManager: Shutting down and abandoning module ShaderFormatD3D (135)
[2018.02.01-15.07.58:515][441]LogModuleManager: Shutting down and abandoning module MetalShaderFormat (133)
[2018.02.01-15.07.58:515][441]LogModuleManager: Shutting down and abandoning module TextureFormatUncompressed (131)
[2018.02.01-15.07.58:515][441]LogModuleManager: Shutting down and abandoning module TextureFormatPVR (129)
[2018.02.01-15.07.58:515][441]LogModuleManager: Shutting down and abandoning module TextureFormatDXT (127)
[2018.02.01-15.07.58:516][441]LogModuleManager: Shutting down and abandoning module TextureFormatIntelISPCTexComp (125)
[2018.02.01-15.07.58:516][441]LogModuleManager: Shutting down and abandoning module TextureFormatASTC (123)
[2018.02.01-15.07.58:516][441]LogModuleManager: Shutting down and abandoning module ImageWrapper (122)
[2018.02.01-15.07.58:516][441]LogModuleManager: Shutting down and abandoning module TextureFormatAndroid (119)
[2018.02.01-15.07.58:516][441]LogModuleManager: Shutting down and abandoning module AudioFormatOpus (117)
[2018.02.01-15.07.58:517][441]LogModuleManager: Shutting down and abandoning module AudioFormatOgg (115)
[2018.02.01-15.07.58:517][441]LogModuleManager: Shutting down and abandoning module AudioFormatADPCM (113)
[2018.02.01-15.07.58:517][441]LogModuleManager: Shutting down and abandoning module LinuxTargetPlatform (111)
[2018.02.01-15.07.58:517][441]LogModuleManager: Shutting down and abandoning module LinuxServerTargetPlatform (109)
[2018.02.01-15.07.58:517][441]LogModuleManager: Shutting down and abandoning module LinuxNoEditorTargetPlatform (107)
[2018.02.01-15.07.58:518][441]LogModuleManager: Shutting down and abandoning module LinuxClientTargetPlatform (105)
[2018.02.01-15.07.58:518][441]LogModuleManager: Shutting down and abandoning module TVOSTargetPlatform (103)
[2018.02.01-15.07.58:518][441]LogModuleManager: Shutting down and abandoning module Messaging (101)
[2018.02.01-15.07.58:518][441]LogModuleManager: Shutting down and abandoning module IOSTargetPlatform (99)
[2018.02.01-15.07.58:518][441]LogModuleManager: Shutting down and abandoning module HTML5TargetPlatform (97)
[2018.02.01-15.07.58:518][441]LogModuleManager: Shutting down and abandoning module Android_PVRTCTargetPlatform (95)
[2018.02.01-15.07.58:519][441]LogModuleManager: Shutting down and abandoning module Android_MultiTargetPlatform (93)
[2018.02.01-15.07.58:519][441]LogModuleManager: Shutting down and abandoning module Android_ETC2TargetPlatform (91)
[2018.02.01-15.07.58:519][441]LogModuleManager: Shutting down and abandoning module Android_ETC1TargetPlatform (89)
[2018.02.01-15.07.58:519][441]LogModuleManager: Shutting down and abandoning module Android_DXTTargetPlatform (87)
[2018.02.01-15.07.58:519][441]LogModuleManager: Shutting down and abandoning module Android_ATCTargetPlatform (85)
[2018.02.01-15.07.58:519][441]LogModuleManager: Shutting down and abandoning module Android_ASTCTargetPlatform (83)
[2018.02.01-15.07.58:520][441]LogModuleManager: Shutting down and abandoning module AndroidTargetPlatform (81)
[2018.02.01-15.07.58:520][441]LogModuleManager: Shutting down and abandoning module WindowsTargetPlatform (79)
[2018.02.01-15.07.58:520][441]LogModuleManager: Shutting down and abandoning module WindowsServerTargetPlatform (77)
[2018.02.01-15.07.58:520][441]LogModuleManager: Shutting down and abandoning module WindowsNoEditorTargetPlatform (75)
[2018.02.01-15.07.58:520][441]LogModuleManager: Shutting down and abandoning module WindowsClientTargetPlatform (73)
[2018.02.01-15.07.58:520][441]LogModuleManager: Shutting down and abandoning module MacTargetPlatform (71)
[2018.02.01-15.07.58:520][441]LogModuleManager: Shutting down and abandoning module MacServerTargetPlatform (69)
[2018.02.01-15.07.58:521][441]LogModuleManager: Shutting down and abandoning module MacNoEditorTargetPlatform (67)
[2018.02.01-15.07.58:521][441]LogModuleManager: Shutting down and abandoning module MacClientTargetPlatform (65)
[2018.02.01-15.07.58:521][441]LogModuleManager: Shutting down and abandoning module AllDesktopTargetPlatform (63)
[2018.02.01-15.07.58:521][441]LogModuleManager: Shutting down and abandoning module InputCore (60)
[2018.02.01-15.07.58:521][441]LogModuleManager: Shutting down and abandoning module Settings (58)
[2018.02.01-15.07.58:521][441]LogModuleManager: Shutting down and abandoning module PhysXCooking (56)
[2018.02.01-15.07.58:521][441]LogModuleManager: Shutting down and abandoning module SteamVR (54)
[2018.02.01-15.07.58:521][441]LogModuleManager: Shutting down and abandoning module OculusHMD (52)
[2018.02.01-15.07.58:522][441]LogModuleManager: Shutting down and abandoning module ExampleDeviceProfileSelector (50)
[2018.02.01-15.07.58:522][441]LogModuleManager: Shutting down and abandoning module OnlineBlueprintSupport (48)
[2018.02.01-15.07.58:522][441]LogModuleManager: Shutting down and abandoning module OnlineSubsystem (44)
[2018.02.01-15.07.58:522][441]LogOnline: Display: Unloading online subsystem: NULL
[2018.02.01-15.07.58:522][441]LogModuleManager: Shutting down and abandoning module XMPP (43)
[2018.02.01-15.07.58:523][441]LogModuleManager: Shutting down and abandoning module HTTP (41)
[2018.02.01-15.07.58:523][441]LogHttp: Display: Http module shutting down, but needs to wait on 1 outstanding Http requests:
[2018.02.01-15.07.58:523][441]LogHttp: Display: 	verb=[POST] url=[https://datarouter.ol.epicgames.com/datarouter/api/v1/public/data?SessionID=%7B48A7971A-4C17-E26D-CEF2-E69E110DBB60%7D&AppID=UEEditor.Rocket.Release&AppVersion=4.17.2-3658906%2B%2B%2BUE4%2BRelease-4.17&UserID=8310b7f844940d5f8d1c80a09722da98%7Cd99c23929b9c4683916438a68043639f%7C625fbe65-b002-4b2e-9128-058dcbb6f404&AppEnvironment=datacollector-binary&UploadType=eteventstream] status=Processing
[2018.02.01-15.07.58:545][441]LogModuleManager: Shutting down and abandoning module SSL (40)
[2018.02.01-15.07.58:551][441]LogModuleManager: Shutting down and abandoning module AnimationModifiers (36)
[2018.02.01-15.07.58:551][441]LogModuleManager: Shutting down and abandoning module PropertyEditor (35)
[2018.02.01-15.07.58:552][441]LogModuleManager: Shutting down and abandoning module AudioEditor (32)
[2018.02.01-15.07.58:552][441]LogModuleManager: Shutting down and abandoning module TextureCompressor (30)
[2018.02.01-15.07.58:552][441]LogModuleManager: Shutting down and abandoning module ShaderCore (28)
[2018.02.01-15.07.58:553][441]LogModuleManager: Shutting down and abandoning module Landscape (26)
[2018.02.01-15.07.58:553][441]LogModuleManager: Shutting down and abandoning module SlateRHIRenderer (24)
[2018.02.01-15.07.58:556][441]LogModuleManager: Shutting down and abandoning module OpenGLDrv (22)
[2018.02.01-15.07.58:556][441]LogModuleManager: Shutting down and abandoning module D3D11RHI (20)
[2018.02.01-15.07.58:556][441]LogModuleManager: Shutting down and abandoning module AnimGraphRuntime (18)
[2018.02.01-15.07.58:557][441]LogModuleManager: Shutting down and abandoning module Renderer (16)
[2018.02.01-15.07.58:557][441]LogModuleManager: Shutting down and abandoning module Engine (14)
[2018.02.01-15.07.58:557][441]LogModuleManager: Shutting down and abandoning module CoreUObject (12)
[2018.02.01-15.07.58:557][441]LogModuleManager: Shutting down and abandoning module NetworkFile (10)
[2018.02.01-15.07.58:558][441]LogModuleManager: Shutting down and abandoning module CookedIterativeFile (8)
[2018.02.01-15.07.58:558][441]LogModuleManager: Shutting down and abandoning module StreamingFile (6)
[2018.02.01-15.07.58:558][441]LogModuleManager: Shutting down and abandoning module SandboxFile (4)
[2018.02.01-15.07.58:558][441]LogModuleManager: Shutting down and abandoning module PakFile (2)
[2018.02.01-15.07.58:567][441]LogExit: Exiting.
[2018.02.01-15.07.58:707][441]Log file closed, 02/01/18 15:07:58
