Log file open, 04/15/18 19:59:24
LogWindows: Failed to load 'aqProf.dll' (GetLastError=126)
LogWindows: File 'aqProf.dll' does not exist
LogWindows: Failed to load 'VSPerf140.dll' (GetLastError=126)
LogWindows: File 'VSPerf140.dll' does not exist
LogWindows: Failed to load 'VtuneApi.dll' (GetLastError=126)
LogWindows: File 'VtuneApi.dll' does not exist
LogWindows: Failed to load 'VtuneApi32e.dll' (GetLastError=126)
LogWindows: File 'VtuneApi32e.dll' does not exist
LogInit: Display: Running engine for game: AntsGame
LogPlatformFile: Not using cached read wrapper
LogInit: Display: RandInit(-1539780948) SRandInit(-1539780948).
LogTaskGraph: Started task graph with 5 named threads and 14 total threads with 3 sets of task threads.
LogStats: Stats thread started at 5.906174
LogD3D11RHI: Aftermath initialized
LogPluginManager: Mounting plugin Paper2D
LogPluginManager: Mounting plugin LightPropagationVolume
LogPluginManager: Mounting plugin CodeLiteSourceCodeAccess
LogPluginManager: Mounting plugin GitSourceControl
LogPluginManager: Mounting plugin KDevelopSourceCodeAccess
LogPluginManager: Mounting plugin NullSourceCodeAccess
LogPluginManager: Mounting plugin PerforceSourceControl
LogPluginManager: Mounting plugin SubversionSourceControl
LogPluginManager: Mounting plugin UObjectPlugin
LogPluginManager: Mounting plugin VisualStudioSourceCodeAccess
LogPluginManager: Mounting plugin XCodeSourceCodeAccess
LogPluginManager: Mounting plugin AssetManagerEditor
LogPluginManager: Mounting plugin AudioCapture
LogPluginManager: Mounting plugin FacialAnimation
LogPluginManager: Mounting plugin GameplayTagsEditor
LogPluginManager: Mounting plugin MobileLauncherProfileWizard
LogPluginManager: Mounting plugin PluginBrowser
LogPluginManager: Mounting plugin SpeedTreeImporter
LogPluginManager: Mounting plugin AlembicImporter
LogPluginManager: Mounting plugin CharacterAI
LogPluginManager: Mounting plugin HTML5Networking
LogPluginManager: Mounting plugin AndroidMedia
LogPluginManager: Mounting plugin AvfMedia
LogPluginManager: Mounting plugin MediaPlayerEditor
LogPluginManager: Mounting plugin WmfMedia
LogPluginManager: Mounting plugin TcpMessaging
LogPluginManager: Mounting plugin UdpMessaging
LogPluginManager: Mounting plugin LevelSequenceEditor
LogPluginManager: Mounting plugin MatineeToLevelSequence
LogPluginManager: Mounting plugin OnlineSubsystemGooglePlay
LogPluginManager: Mounting plugin OnlineSubsystemIOS
LogPluginManager: Mounting plugin OnlineSubsystem
LogPluginManager: Mounting plugin OnlineSubsystemNull
LogPluginManager: Mounting plugin OnlineSubsystemUtils
LogPluginManager: Mounting plugin AndroidDeviceProfileSelector
LogPluginManager: Mounting plugin AndroidMoviePlayer
LogPluginManager: Mounting plugin AndroidPermission
LogPluginManager: Mounting plugin AppleMoviePlayer
LogPluginManager: Mounting plugin ArchVisCharacter
LogPluginManager: Mounting plugin CableComponent
LogPluginManager: Mounting plugin CustomMeshComponent
LogPluginManager: Mounting plugin ExampleDeviceProfileSelector
LogPluginManager: Mounting plugin GoogleCloudMessaging
LogPluginManager: Mounting plugin ImmediatePhysics
LogPluginManager: Mounting plugin IOSDeviceProfileSelector
LogPluginManager: Mounting plugin LinuxDeviceProfileSelector
LogPluginManager: Mounting plugin LocationServicesBPLibrary
LogPluginManager: Mounting plugin MobilePatchingUtils
LogPluginManager: Mounting plugin OculusVR
LogPluginManager: Mounting plugin PhysXVehicles
LogPluginManager: Mounting plugin ProceduralMeshComponent
LogPluginManager: Mounting plugin RuntimePhysXCooking
LogPluginManager: Mounting plugin SteamVR
LogPluginManager: Mounting plugin WindowsMoviePlayer
LogInit: Using libcurl 7.47.1
LogInit:  - built for x86_64-pc-win32
LogInit:  - supports SSL with OpenSSL/1.0.2g
LogInit:  - supports HTTP deflate (compression) using libz 1.2.8
LogInit:  - other features:
LogInit:      CURL_VERSION_SSL
LogInit:      CURL_VERSION_LIBZ
LogInit:      CURL_VERSION_IPV6
LogInit:      CURL_VERSION_ASYNCHDNS
LogInit:      CURL_VERSION_LARGEFILE
LogInit:      CURL_VERSION_IDN
LogInit:  CurlRequestOptions (configurable via config and command line):
LogInit:  - bVerifyPeer = false  - Libcurl will NOT verify peer certificate
LogInit:  - bUseHttpProxy = false  - Libcurl will NOT use HTTP proxy
LogInit:  - bDontReuseConnections = false  - Libcurl will reuse connections
LogInit:  - CertBundlePath = nullptr  - Libcurl will use whatever was configured at build time.
LogInit: Build: ++UE4+Release-4.17-CL-3658906
LogInit: Engine Version: 4.17.2-3658906+++UE4+Release-4.17
LogInit: Compatible Engine Version: 4.17.0-3573198+++UE4+Release-4.17
LogInit: Net CL: 3573198
LogDevObjectVersion: Number of dev versions registered: 16
LogDevObjectVersion:   Dev-Blueprints (B0D832E4-1F89-4F0D-ACCF-7EB736FD4AA2): 10
LogDevObjectVersion:   Dev-Build (E1C64328-A22C-4D53-A36C-8E866417BD8C): 0
LogDevObjectVersion:   Dev-Core (375EC13C-06E4-48FB-B500-84F0262A717E): 2
LogDevObjectVersion:   Dev-Editor (E4B068ED-F494-42E9-A231-DA0B2E46BB41): 20
LogDevObjectVersion:   Dev-Framework (CFFC743F-43B0-4480-9391-14DF171D2073): 28
LogDevObjectVersion:   Dev-Mobile (B02B49B5-BB20-44E9-A304-32B752E40360): 0
LogDevObjectVersion:   Dev-Networking (A4E4105C-59A1-49B5-A7C5-40C4547EDFEE): 0
LogDevObjectVersion:   Dev-Online (39C831C9-5AE6-47DC-9A44-9C173E1C8E7C): 0
LogDevObjectVersion:   Dev-Physics (78F01B33-EBEA-4F98-B9B4-84EACCB95AA2): 0
LogDevObjectVersion:   Dev-Platform (6631380F-2D4D-43E0-8009-CF276956A95A): 0
LogDevObjectVersion:   Dev-Rendering (12F88B9F-8875-4AFC-A67C-D90C383ABD29): 19
LogDevObjectVersion:   Dev-Sequencer (7B5AE74C-D270-4C10-A958-57980B212A5A): 4
LogDevObjectVersion:   Dev-VR (D7296918-1DD6-4BDD-9DE2-64A83CC13884): 0
LogDevObjectVersion:   Dev-LoadTimes (C2A15278-BFE7-4AFE-6C17-90FF531DF755): 1
LogDevObjectVersion:   Private-Geometry (6EACA3D4-40EC-4CC1-B786-8BED09428FC5): 1
LogDevObjectVersion:   Dev-AnimPhys (29E575DD-E0A3-4627-9D10-D276232CDCEA): 7
LogInit: Compiled (64-bit): Sep 22 2017 13:47:16
LogInit: Compiled with Visual C++: 19.00.24215.01
LogInit: Build Configuration: Development
LogInit: Branch Name: ++UE4+Release-4.17
LogInit: Command line:  
LogInit: Base directory: D:/EpicGames/Unreal Engine/UE_4.17/Engine/Binaries/Win64/
LogInit: Installed Engine Build: 1
LogInit: Presizing for max 8388607 objects, including 0 objects not considered by GC, pre-allocating 0 bytes for permanent pool.
LogInit: Object subsystem initialized
[2018.04.15-18.59.26:392][  0]LogInit: Selected Device Profile: [Windows]
[2018.04.15-18.59.26:392][  0]LogInit: Applying CVar settings loaded from the selected device profile: [Windows]
[2018.04.15-18.59.26:533][  0]LogInit: Computer: MSI
[2018.04.15-18.59.26:533][  0]LogInit: User: DannyStanley
[2018.04.15-18.59.26:533][  0]LogInit: CPU Page size=4096, Cores=4
[2018.04.15-18.59.26:533][  0]LogInit: High frequency timer resolution =2.742190 MHz
[2018.04.15-18.59.26:535][  0]LogMemory: Memory total: Physical=15.9GB (16GB approx)
[2018.04.15-18.59.26:535][  0]LogMemory: Platform Memory Stats for Windows
[2018.04.15-18.59.26:535][  0]LogMemory: Process Physical Memory: 282.43 MB used, 282.43 MB peak
[2018.04.15-18.59.26:535][  0]LogMemory: Process Virtual Memory: 278.41 MB used, 278.41 MB peak
[2018.04.15-18.59.26:535][  0]LogMemory: Physical Memory: 8379.56 MB used,  7889.59 MB free, 16269.15 MB total
[2018.04.15-18.59.26:535][  0]LogMemory: Virtual Memory: 711.56 MB used,  7889.59 MB free, 134217728.00 MB total
[2018.04.15-18.59.28:591][  0]LogInit: Using OS detected language (en-US).
[2018.04.15-18.59.28:591][  0]LogInit: Using OS detected locale (en-GB).
[2018.04.15-18.59.28:830][  0]LogTextLocalizationManager: No specific localization for 'en-US' exists, so the 'en' localization will be used.
[2018.04.15-18.59.31:497][  0]LogD3D11RHI: D3D11 adapters:
[2018.04.15-18.59.31:559][  0]LogD3D11RHI:    0. 'NVIDIA GeForce GTX 1060' (Feature Level 11_0)
[2018.04.15-18.59.31:559][  0]LogD3D11RHI:       2987/0/8134 MB DedicatedVideo/DedicatedSystem/SharedSystem, Outputs:1, VendorId:0x10de
[2018.04.15-18.59.31:572][  0]LogD3D11RHI:    1. 'Intel(R) HD Graphics 630' (Feature Level 11_0)
[2018.04.15-18.59.31:572][  0]LogD3D11RHI:       128/0/8134 MB DedicatedVideo/DedicatedSystem/SharedSystem, Outputs:0, VendorId:0x8086
[2018.04.15-18.59.31:574][  0]LogD3D11RHI:    2. 'Microsoft Basic Render Driver' (Feature Level 11_0)
[2018.04.15-18.59.31:574][  0]LogD3D11RHI:       0/0/8134 MB DedicatedVideo/DedicatedSystem/SharedSystem, Outputs:0, VendorId:0x1414
[2018.04.15-18.59.31:574][  0]LogD3D11RHI: Chosen D3D11 Adapter: 0
[2018.04.15-18.59.31:590][  0]LogD3D11RHI: Creating new Direct3DDevice
[2018.04.15-18.59.31:590][  0]LogD3D11RHI:     GPU DeviceId: 0x1c20 (for the marketing name, search the web for "GPU Device Id")
[2018.04.15-18.59.31:590][  0]LogWindows: EnumDisplayDevices:
[2018.04.15-18.59.31:590][  0]LogWindows:    0. 'Intel(R) HD Graphics 630' (P:1 D:1)
[2018.04.15-18.59.31:591][  0]LogWindows:    1. 'Intel(R) HD Graphics 630' (P:0 D:0)
[2018.04.15-18.59.31:591][  0]LogWindows:    2. 'Intel(R) HD Graphics 630' (P:0 D:0)
[2018.04.15-18.59.31:591][  0]LogWindows:    3. 'NVIDIA GeForce GTX 1060' (P:0 D:0)
[2018.04.15-18.59.31:591][  0]LogWindows:    4. 'NVIDIA GeForce GTX 1060' (P:0 D:0)
[2018.04.15-18.59.31:591][  0]LogWindows:    5. 'NVIDIA GeForce GTX 1060' (P:0 D:0)
[2018.04.15-18.59.31:591][  0]LogWindows:    6. 'NVIDIA GeForce GTX 1060' (P:0 D:0)
[2018.04.15-18.59.31:592][  0]LogWindows: DebugString: GetVideoDriverDetailsInvalid PrimaryIsNotTheChoosenAdapter GetVideoDriverDetailsInvalid PrimaryIsNotTheChoosenAdapter GetVideoDriverDetailsInvalid PrimaryIsNotTheChoosenAdapter GetVideoDriverDetailsInvalid PrimaryIsNotTheChoosenAdapter GetVideoDriverDetailsInvalid PrimaryIsNotTheChoosenAdapter GetVideoDriverDetailsInvalid PrimaryIsNotTheChoosenAdapter GetVideoDriverDetailsInvalid PrimaryIsNotTheChoosenAdapter FoundDriverCount:0 
[2018.04.15-18.59.31:592][  0]LogD3D11RHI:     Adapter Name: NVIDIA GeForce GTX 1060
[2018.04.15-18.59.31:592][  0]LogD3D11RHI:   Driver Version: Unknown (internal:Unknown, unified:Unknown)
[2018.04.15-18.59.31:592][  0]LogD3D11RHI:      Driver Date: Unknown
[2018.04.15-18.59.31:592][  0]LogRHI: Texture pool is 1361 MB (70% of 1945 MB)
[2018.04.15-18.59.31:649][  0]LogD3D11RHI: Async texture creation enabled
[2018.04.15-18.59.32:033][  0]LogD3D11RHI: GPU Timing Frequency: 1000.000000 (Debug: 2 2)
[2018.04.15-18.59.32:128][  0]LogShaderCompilers: Guid format shader working directory is 7 characters bigger than the processId version (../../../../../../Unreal Engine Project/TDEMO-/Intermediate/Shaders/WorkingDirectory/35188/).
[2018.04.15-18.59.32:129][  0]LogShaderCompilers: Cleaned the shader compiler working directory 'C:/Users/Danny Stanley/AppData/Local/Temp/UnrealShaderWorkingDir/135C52A6466ADE4DBE273CADDE37BD6F/'.
[2018.04.15-18.59.32:133][  0]LogShaderCompilers: Display: Using Local Shader Compiler.
[2018.04.15-18.59.35:643][  0]LogTemp: Display: Loaded TP AllDesktopTargetPlatform
[2018.04.15-18.59.35:693][  0]LogTemp: Display: Loaded TP MacClientTargetPlatform
[2018.04.15-18.59.35:743][  0]LogTemp: Display: Loaded TP MacNoEditorTargetPlatform
[2018.04.15-18.59.35:793][  0]LogTemp: Display: Loaded TP MacServerTargetPlatform
[2018.04.15-18.59.35:888][  0]LogTemp: Display: Loaded TP MacTargetPlatform
[2018.04.15-18.59.35:943][  0]LogTemp: Display: Loaded TP WindowsClientTargetPlatform
[2018.04.15-18.59.36:002][  0]LogTemp: Display: Loaded TP WindowsNoEditorTargetPlatform
[2018.04.15-18.59.36:054][  0]LogTemp: Display: Loaded TP WindowsServerTargetPlatform
[2018.04.15-18.59.36:104][  0]LogTemp: Display: Loaded TP WindowsTargetPlatform
[2018.04.15-18.59.36:174][  0]LogTemp: Display: Loaded TP AndroidTargetPlatform
[2018.04.15-18.59.36:224][  0]LogTemp: Display: Loaded TP Android_ASTCTargetPlatform
[2018.04.15-18.59.36:283][  0]LogTemp: Display: Loaded TP Android_ATCTargetPlatform
[2018.04.15-18.59.36:361][  0]LogTemp: Display: Loaded TP Android_DXTTargetPlatform
[2018.04.15-18.59.36:421][  0]LogTemp: Display: Loaded TP Android_ETC1TargetPlatform
[2018.04.15-18.59.36:480][  0]LogTemp: Display: Loaded TP Android_ETC2TargetPlatform
[2018.04.15-18.59.36:589][  0]LogTemp: Display: Loaded TP Android_MultiTargetPlatform
[2018.04.15-18.59.36:589][  0]LogTemp: Display: Loaded TP Android_PVRTCTargetPlatform
[2018.04.15-18.59.36:621][  0]LogTemp: Display: Loaded TP HTML5TargetPlatform
[2018.04.15-18.59.36:793][  0]LogTemp: Display: Loaded TP IOSTargetPlatform
[2018.04.15-18.59.36:822][  0]LogTemp: Display: Loaded TP TVOSTargetPlatform
[2018.04.15-18.59.36:871][  0]LogTemp: Display: Loaded TP LinuxClientTargetPlatform
[2018.04.15-18.59.36:919][  0]LogTemp: Display: Loaded TP LinuxNoEditorTargetPlatform
[2018.04.15-18.59.36:968][  0]LogTemp: Display: Loaded TP LinuxServerTargetPlatform
[2018.04.15-18.59.37:036][  0]LogTemp: Display: Loaded TP LinuxTargetPlatform
[2018.04.15-18.59.37:036][  0]LogTargetPlatformManager: Display: Building Assets For Windows
[2018.04.15-18.59.38:419][  0]LogDerivedDataCache: Display: Max Cache Size: 512 MB
[2018.04.15-18.59.38:901][  0]LogDerivedDataCache: Loaded boot cache 0.48s 93MB C:/Users/Danny Stanley/AppData/Local/UnrealEngine/4.17/DerivedDataCache/Boot.ddc.
[2018.04.15-18.59.38:901][  0]LogDerivedDataCache: Display: Loaded Boot cache: C:/Users/Danny Stanley/AppData/Local/UnrealEngine/4.17/DerivedDataCache/Boot.ddc
[2018.04.15-18.59.38:901][  0]LogDerivedDataCache: FDerivedDataBackendGraph:  Pak pak cache file ../../../../../../Unreal Engine Project/TDEMO-/DerivedDataCache/DDC.ddp not found, will not use a pak cache.
[2018.04.15-18.59.38:901][  0]LogDerivedDataCache: Unable to find inner node Pak for hierarchical cache Hierarchy.
[2018.04.15-18.59.38:901][  0]LogDerivedDataCache: FDerivedDataBackendGraph:  CompressedPak pak cache file ../../../../../../Unreal Engine Project/TDEMO-/DerivedDataCache/Compressed.ddp not found, will not use a pak cache.
[2018.04.15-18.59.38:901][  0]LogDerivedDataCache: Unable to find inner node CompressedPak for hierarchical cache Hierarchy.
[2018.04.15-18.59.38:962][  0]LogDerivedDataCache: Display: Pak cache opened for reading ../../../Engine/DerivedDataCache/Compressed.ddp.
[2018.04.15-18.59.38:976][  0]LogDerivedDataCache: Using Local data cache path C:/Users/Danny Stanley/AppData/Local/UnrealEngine/Common/DerivedDataCache: Writable
[2018.04.15-18.59.39:193][  0]LogMaterial: Verifying Global Shaders for PCD3D_SM5
[2018.04.15-18.59.39:279][  0]LogSlate: Using Freetype 2.6.0
[2018.04.15-18.59.39:409][  0]LogSlate: SlateFontCache - WITH_FREETYPE: 1, WITH_HARFBUZZ: 1
[2018.04.15-18.59.39:409][  0]LogSlate: SlateFontCache - WITH_FREETYPE: 1, WITH_HARFBUZZ: 1
[2018.04.15-18.59.47:755][  0]LogAssetRegistry: FAssetRegistry took 0.0654 seconds to start up
[2018.04.15-18.59.49:533][  0]LogInit: Selected Device Profile: [Windows]
[2018.04.15-18.59.53:742][  0]LogContentStreaming: Texture pool size is 0.00 MB
[2018.04.15-18.59.55:397][  0]LogSimplygon: Simplygon DLL not present - disabling.
[2018.04.15-18.59.55:461][  0]LogMeshReduction: Using SimplygonSwarm for distributed automatic mesh merging
[2018.04.15-18.59.55:462][  0]LogMeshReduction: Using QuadricMeshReduction for automatic static mesh reduction
[2018.04.15-18.59.55:462][  0]LogMeshReduction: No automatic skeletal mesh reduction module available
[2018.04.15-18.59.55:462][  0]LogMeshReduction: No automatic mesh merging module available
[2018.04.15-18.59.55:462][  0]LogMeshMerging: No automatic mesh merging module available
[2018.04.15-19.00.00:875][  0]LogNetVersion: AntsGame , NetCL: 3573198, EngineNetVer: 2, GameNetVer: 0 (Checksum: 3821802436)
[2018.04.15-19.00.03:439][  0]LogPackageLocalizationCache: Processed 5 localized package path(s) for 2 prioritized culture(s) in 0.179404 seconds
[2018.04.15-19.00.03:497][  0]LogUObjectArray: 35825 objects as part of root set at end of initial load.
[2018.04.15-19.00.03:497][  0]LogUObjectAllocator: 7529104 out of 0 bytes used by permanent object pool.
[2018.04.15-19.00.03:498][  0]LogUObjectArray: CloseDisregardForGC: 0/0 objects in disregard for GC pool
[2018.04.15-19.00.03:574][  0]LogInit: WinSock: version 1.1 (2.2), MaxSocks=32767, MaxUdp=65467
[2018.04.15-19.00.28:165][  0]LogTcpMessaging: Initializing TcpMessaging bridge
[2018.04.15-19.00.28:239][  0]LogUdpMessaging: Initializing bridge on interface 0.0.0.0:0 to multicast group 230.0.0.1:6666.
[2018.04.15-19.00.29:886][  0]LogMaterial: Uniform references updated for custom material expression Custom.
[2018.04.15-19.00.30:705][  0]SourceControl: Source control is disabled
[2018.04.15-19.00.30:706][  0]SourceControl: Source control is disabled
[2018.04.15-19.00.30:879][  0]SourceControl: Source control is disabled
[2018.04.15-19.00.30:977][  0]SourceControl: Source control is disabled
[2018.04.15-19.00.32:207][  0]LogAndroidPermission: UAndroidPermissionCallbackProxy::GetInstance
[2018.04.15-19.00.32:594][  0]LogOcInput: OculusInput pre-init called
[2018.04.15-19.00.33:573][  0]LogEngine: Initializing Engine...
[2018.04.15-19.00.33:637][  0]LogHMD: Failed to initialize OpenVR with code 110
[2018.04.15-19.00.34:099][  0]LogStats: UGameplayTagsManager::ConstructGameplayTagTree: Construct from data asset -  0.000 s
[2018.04.15-19.00.34:102][  0]LogStats: UGameplayTagsManager::ConstructGameplayTagTree: GameplayTagTreeChangedEvent.Broadcast -  0.001 s
[2018.04.15-19.00.34:927][  0]LogAIModule: Creating AISystem for world Untitled
[2018.04.15-19.00.35:234][  0]LogInit: XAudio2 using 'Speakers (Realtek High Definition Audio)' : 6 channels at 48 kHz using 32 bits per sample (channel mask 0x3f)
[2018.04.15-19.00.35:357][  0]LogInit: FAudioDevice initialized.
[2018.04.15-19.00.35:449][  0]LogDerivedDataCache: Saved boot cache 0.09s 93MB C:/Users/Danny Stanley/AppData/Local/UnrealEngine/4.17/DerivedDataCache/Boot.ddc.
[2018.04.15-19.00.35:464][  0]LogInit: Texture streaming: Enabled
[2018.04.15-19.00.35:766][  0]LogEngineSessionManager: EngineSessionManager initialized
[2018.04.15-19.00.36:626][  0]LogInit: Transaction tracking system initialized
[2018.04.15-19.00.37:211][  0]BlueprintLog: New page: Editor Load
[2018.04.15-19.00.39:525][  0]LocalizationService: Localization service is disabled
[2018.04.15-19.00.41:103][  0]LogConsoleResponse: Display: 
[2018.04.15-19.00.43:092][  0]LogFileCache: Scanning file cache for directory 'D:/Unreal Engine Project/TDEMO-/Content/' took 0.01s
[2018.04.15-19.00.43:092][  0]LogCook: Display: Max memory allowance for cook 16384mb min free memory 0mb
[2018.04.15-19.00.43:094][  0]LogCook: Display: Mobile HDR setting 1
[2018.04.15-19.00.43:157][  0]LogGameplayTags: Display: UGameplayTagsManager::DoneAddingNativeTags. DelegateIsBound: 0
[2018.04.15-19.00.46:196][  0]SourceControl: Source control is disabled
[2018.04.15-19.00.46:247][  0]Cmd: MAP LOAD FILE="../../../../../../Unreal Engine Project/TDEMO-/Content/Levels/PicnicLevel.umap" TEMPLATE=0 SHOWPROGRESS=1 FEATURELEVEL=3
[2018.04.15-19.00.46:272][  0]LightingResults: New page: Lighting Build
[2018.04.15-19.00.46:605][  0]MapCheck: New page: Map Check
[2018.04.15-19.00.46:605][  0]LightingResults: New page: Lighting Build
[2018.04.15-19.00.47:945][  0]LogBlueprint: Warning: [Turret] 'Charge Bar' variable not found. Base class was probably changed.
[2018.04.15-19.00.47:945][  0]LogBlueprint: Warning: [Turret] 'Charge Bar' variable not found. Base class was probably changed.
[2018.04.15-19.00.47:945][  0]LogBlueprint: Warning: [Turret] 'Charge Bar 2' variable not found. Base class was probably changed.
[2018.04.15-19.00.47:945][  0]LogBlueprint: Warning: [Turret] 'Charge Bar 2' variable not found. Base class was probably changed.
[2018.04.15-19.00.48:269][  0]LogBlueprint: Warning: [Turret2] 'Charge Bar' variable not found. Base class was probably changed.
[2018.04.15-19.00.48:269][  0]LogBlueprint: Warning: [Turret2] 'Charge Bar' variable not found. Base class was probably changed.
[2018.04.15-19.00.48:269][  0]LogBlueprint: Warning: [Turret2] 'Charge Bar 2' variable not found. Base class was probably changed.
[2018.04.15-19.00.48:269][  0]LogBlueprint: Warning: [Turret2] 'Charge Bar 2' variable not found. Base class was probably changed.
[2018.04.15-19.00.49:855][  0]LogAIModule: Creating AISystem for world PicnicLevel
[2018.04.15-19.00.50:889][  0]LogEditorServer: Finished looking for orphan Actors (0.000 secs)
[2018.04.15-19.00.51:047][  0]Cmd: MAP CHECKDEP NOCLEARLOG
[2018.04.15-19.00.51:109][  0]MapCheck: Map check complete: 0 Error(s), 0 Warning(s), took 61.977ms to complete.
[2018.04.15-19.00.51:110][  0]LogFileHelpers: Loading map 'PicnicLevel' took 4.890
[2018.04.15-19.00.53:568][  0]LogCollectionManager: Loaded 0 collections in 0.001490 seconds
[2018.04.15-19.00.53:790][  0]LogFileCache: Scanning file cache for directory 'D:/Unreal Engine Project/TDEMO-/Saved/Collections/' took 0.01s
[2018.04.15-19.00.53:790][  0]LogFileCache: Scanning file cache for directory 'D:/Unreal Engine Project/TDEMO-/Content/Developers/DannyStanley/Collections/' took 0.01s
[2018.04.15-19.00.53:790][  0]LogFileCache: Scanning file cache for directory 'D:/Unreal Engine Project/TDEMO-/Content/Collections/' took 0.01s
[2018.04.15-19.00.53:790][  0]LogCollectionManager: Rebuilt the GUID cache for 0 collections in 0.000000 seconds
[2018.04.15-19.00.53:818][  0]LogContentBrowser: Native class hierarchy populated in 0.0262 seconds. Added 2386 classes and 500 folders.
[2018.04.15-19.00.53:985][  0]LogContentBrowser: Native class hierarchy updated for 'WidgetCarousel' in 0.0006 seconds. Added 0 classes and 0 folders.
[2018.04.15-19.00.55:083][  0]LogContentBrowser: Native class hierarchy updated for 'AddContentDialog' in 0.0005 seconds. Added 0 classes and 0 folders.
[2018.04.15-19.00.55:210][  0]LogContentBrowser: Native class hierarchy updated for 'SceneOutliner' in 0.0006 seconds. Added 1 classes and 2 folders.
[2018.04.15-19.00.56:627][  0]LogSlate: Took 0.016345 seconds to synchronously load lazily loaded font '../../../Engine/Content/Slate/Fonts/Roboto-Regular.ttf' (155K)
[2018.04.15-19.00.56:643][  0]LogSlate: Took 0.011523 seconds to synchronously load lazily loaded font '../../../Engine/Content/Slate/Fonts/Roboto-Bold.ttf' (160K)
[2018.04.15-19.00.56:734][  0]LogSlate: Took 0.025361 seconds to synchronously load lazily loaded font '../../../Engine/Content/Editor/Slate/Fonts/FontAwesome.ttf' (139K)
[2018.04.15-19.00.57:242][  0]LogRenderer: Reallocating scene render targets to support 1208x576 Format 10 NumSamples 1 (Frame:1).
[2018.04.15-19.00.57:869][  0]LogSlate: Took 0.001787 seconds to synchronously load lazily loaded font '../../../Engine/Content/Slate/Fonts/Roboto-Light.ttf' (159K)
[2018.04.15-19.00.58:273][  0]LogContentBrowser: Native class hierarchy updated for 'HierarchicalLODOutliner' in 0.0006 seconds. Added 1 classes and 2 folders.
[2018.04.15-19.00.58:274][  0]LogLoad: (Engine Initialization) Total time: 108.38 seconds
[2018.04.15-19.00.58:274][  0]LogLoad: (Engine Initialization) Total Blueprint compile time: 0.00 seconds
[2018.04.15-19.00.58:290][  0]LogExternalProfiler: No external profilers were discovered.  External profiling features will not be available.
[2018.04.15-19.01.00:685][  0]LogContentStreaming: Texture pool size now 1000 MB
[2018.04.15-19.01.01:078][  1]LogFileCache: Retrieving MD5 hashes for directory 'D:/Unreal Engine Project/TDEMO-/Content/' took 0.72s
[2018.04.15-19.01.01:426][  2]LogAssetRegistry: Asset discovery search completed in 73.7064 seconds
[2018.04.15-19.01.01:431][  2]LogCollectionManager: Rebuilt the object cache for 0 collections in 0.000000 seconds (found 0 objects)
[2018.04.15-19.01.01:432][  2]LogCollectionManager: Fixed up redirectors for 0 collections in 0.002606 seconds (updated 0 objects)
[2018.04.15-19.01.01:496][  2]LogSlate: Took 0.000181 seconds to synchronously load lazily loaded font '../../../Engine/Content/Slate/Fonts/Roboto-Light.ttf' (159K)
[2018.04.15-19.01.35:811][371]LogSlate: Took 0.000356 seconds to synchronously load lazily loaded font '../../../Engine/Content/Slate/Fonts/Roboto-Light.ttf' (159K)
[2018.04.15-19.01.36:276][371]LogAIModule: Creating AISystem for world FirstLevel
[2018.04.15-19.01.36:386][371]Cmd: MAP LOAD FILE="../../../../../../Unreal Engine Project/TDEMO-/Content/Levels/FirstLevel.umap" TEMPLATE=0 SHOWPROGRESS=1 FEATURELEVEL=3
[2018.04.15-19.01.36:386][371]LightingResults: New page: Lighting Build
[2018.04.15-19.01.36:387][371]LoadErrors: New page: Loading map: FirstLevel.umap
[2018.04.15-19.01.36:470][371]MapCheck: New page: Map Check
[2018.04.15-19.01.36:471][371]LightingResults: New page: Lighting Build
[2018.04.15-19.01.36:758][371]LogEditorServer: Finished looking for orphan Actors (0.000 secs)
[2018.04.15-19.01.36:875][371]Cmd: MAP CHECKDEP NOCLEARLOG
[2018.04.15-19.01.36:931][371]MapCheck: Map check complete: 0 Error(s), 0 Warning(s), took 55.469ms to complete.
[2018.04.15-19.01.36:931][371]LogFileHelpers: Loading map 'FirstLevel' took 0.578
[2018.04.15-19.01.39:293][451]LogTemp: Repeating last play command: New Editor Window (PIE)
[2018.04.15-19.01.39:390][451]LogBlueprintUserMessages: Early PlayInEditor Detection: Level '/Game/Levels/FirstLevel.FirstLevel:PersistentLevel' has LevelScriptBlueprint '/Game/Levels/FirstLevel.FirstLevel:PersistentLevel.FirstLevel' with GeneratedClass '/Game/Levels/FirstLevel.FirstLevel_C' with ClassGeneratedBy '/Game/Levels/FirstLevel.FirstLevel:PersistentLevel.FirstLevel'
[2018.04.15-19.01.39:407][451]LogPlayLevel: PlayLevel: No blueprints needed recompiling
[2018.04.15-19.01.39:460][451]PIE: New page: PIE session: FirstLevel (15 Apr 2018 21:01:39)
[2018.04.15-19.01.39:476][451]LogPlayLevel: Creating play world package: /Game/Levels/UEDPIE_0_FirstLevel
[2018.04.15-19.01.39:548][451]LogPlayLevel: PIE: StaticDuplicateObject took: (0.071779s)
[2018.04.15-19.01.39:549][451]LogAIModule: Creating AISystem for world FirstLevel
[2018.04.15-19.01.39:549][451]LogPlayLevel: PIE: World Init took: (0.000605s)
[2018.04.15-19.01.39:571][451]LogPlayLevel: PIE: Created PIE world by copying editor world from /Game/Levels/FirstLevel.FirstLevel to /Game/Levels/UEDPIE_0_FirstLevel.FirstLevel (0.094907s)
[2018.04.15-19.01.39:651][451]LogInit: XAudio2 using 'Speakers (Realtek High Definition Audio)' : 6 channels at 48 kHz using 32 bits per sample (channel mask 0x3f)
[2018.04.15-19.01.39:720][451]LogInit: FAudioDevice initialized.
[2018.04.15-19.01.39:835][451]LogLoad: Game class is 'AntsGamemode_C'
[2018.04.15-19.01.40:022][451]LogWorld: Bringing World /Game/Levels/UEDPIE_0_FirstLevel.FirstLevel up for play (max tick rate 60) at 2018.04.15-20.01.40
[2018.04.15-19.01.40:090][451]LogWorld: Bringing up level for play took: 0.102381
[2018.04.15-19.01.40:233][451]LogContentBrowser: Native class hierarchy updated for 'MovieSceneCapture' in 0.0007 seconds. Added 11 classes and 0 folders.
[2018.04.15-19.01.40:345][451]LogPawn: Error: EnableInput can only be specified on a Pawn for its Controller
[2018.04.15-19.01.40:364][451]PIE: Play in editor start time for /Game/Levels/UEDPIE_0_FirstLevel 0.915
[2018.04.15-19.01.40:364][451]LogBlueprintUserMessages: Late PlayInEditor Detection: Level '/Game/Levels/FirstLevel.FirstLevel:PersistentLevel' has LevelScriptBlueprint '/Game/Levels/FirstLevel.FirstLevel:PersistentLevel.FirstLevel' with GeneratedClass '/Game/Levels/FirstLevel.FirstLevel_C' with ClassGeneratedBy '/Game/Levels/FirstLevel.FirstLevel:PersistentLevel.FirstLevel'
[2018.04.15-19.01.40:596][451]LogRenderer: Reallocating scene render targets to support 1292x756 Format 10 NumSamples 1 (Frame:1).
[2018.04.15-19.01.41:224][462]LogEditorViewport: Clicking on Actor (LMB): StaticMeshActor (Stage_1_level_Lofted_ground)
[2018.04.15-19.01.42:952][465]LogPawn: Error: EnableInput can only be specified on a Pawn for its Controller
[2018.04.15-19.01.44:955][566]LogPawn: Error: EnableInput can only be specified on a Pawn for its Controller
[2018.04.15-19.01.46:964][686]LogPawn: Error: EnableInput can only be specified on a Pawn for its Controller
[2018.04.15-19.01.48:964][806]LogPawn: Error: EnableInput can only be specified on a Pawn for its Controller
[2018.04.15-19.01.50:840][902]LogBlueprintUserMessages: Early EndPlayMap Detection: Level '/Game/Levels/FirstLevel.FirstLevel:PersistentLevel' has LevelScriptBlueprint '/Game/Levels/FirstLevel.FirstLevel:PersistentLevel.FirstLevel' with GeneratedClass '/Game/Levels/FirstLevel.FirstLevel_C' with ClassGeneratedBy '/Game/Levels/FirstLevel.FirstLevel:PersistentLevel.FirstLevel'
[2018.04.15-19.01.51:495][902]LogBlueprintUserMessages: Late EndPlayMap Detection: Level '/Game/Levels/FirstLevel.FirstLevel:PersistentLevel' has LevelScriptBlueprint '/Game/Levels/FirstLevel.FirstLevel:PersistentLevel.FirstLevel' with GeneratedClass '/Game/Levels/FirstLevel.FirstLevel_C' with ClassGeneratedBy '/Game/Levels/FirstLevel.FirstLevel:PersistentLevel.FirstLevel'
[2018.04.15-19.01.56:719][200]LogEditorViewport: Clicking on Actor (LMB): CameraActor (CameraActor)
[2018.04.15-19.01.57:437][208]LogEditorViewport: Clicking on Actor (LMB): CameraActor (CameraActor)
[2018.04.15-19.02.05:292][644]LogTemp: Repeating last play command: New Editor Window (PIE)
[2018.04.15-19.02.05:332][644]LogBlueprintUserMessages: Early PlayInEditor Detection: Level '/Game/Levels/FirstLevel.FirstLevel:PersistentLevel' has LevelScriptBlueprint '/Game/Levels/FirstLevel.FirstLevel:PersistentLevel.FirstLevel' with GeneratedClass '/Game/Levels/FirstLevel.FirstLevel_C' with ClassGeneratedBy '/Game/Levels/FirstLevel.FirstLevel:PersistentLevel.FirstLevel'
[2018.04.15-19.02.05:332][644]LogPlayLevel: PlayLevel: No blueprints needed recompiling
[2018.04.15-19.02.05:332][644]PIE: New page: PIE session: FirstLevel (15 Apr 2018 21:02:05)
[2018.04.15-19.02.05:333][644]LogPlayLevel: Creating play world package: /Game/Levels/UEDPIE_0_FirstLevel
[2018.04.15-19.02.05:335][644]LogPlayLevel: PIE: StaticDuplicateObject took: (0.002119s)
[2018.04.15-19.02.05:336][644]LogAIModule: Creating AISystem for world FirstLevel
[2018.04.15-19.02.05:337][644]LogPlayLevel: PIE: World Init took: (0.001225s)
[2018.04.15-19.02.05:337][644]LogPlayLevel: PIE: Created PIE world by copying editor world from /Game/Levels/FirstLevel.FirstLevel to /Game/Levels/UEDPIE_0_FirstLevel.FirstLevel (0.003596s)
[2018.04.15-19.02.05:546][644]LogInit: XAudio2 using 'Speakers (Realtek High Definition Audio)' : 6 channels at 48 kHz using 32 bits per sample (channel mask 0x3f)
[2018.04.15-19.02.05:610][644]LogInit: FAudioDevice initialized.
[2018.04.15-19.02.05:654][644]LogLoad: Game class is 'AntsGamemode_C'
[2018.04.15-19.02.05:655][644]LogWorld: Bringing World /Game/Levels/UEDPIE_0_FirstLevel.FirstLevel up for play (max tick rate 60) at 2018.04.15-20.02.05
[2018.04.15-19.02.05:656][644]LogWorld: Bringing up level for play took: 0.001800
[2018.04.15-19.02.05:657][644]LogPawn: Error: EnableInput can only be specified on a Pawn for its Controller
[2018.04.15-19.02.05:661][644]PIE: Play in editor start time for /Game/Levels/UEDPIE_0_FirstLevel 0.212
[2018.04.15-19.02.05:662][644]LogBlueprintUserMessages: Late PlayInEditor Detection: Level '/Game/Levels/FirstLevel.FirstLevel:PersistentLevel' has LevelScriptBlueprint '/Game/Levels/FirstLevel.FirstLevel:PersistentLevel.FirstLevel' with GeneratedClass '/Game/Levels/FirstLevel.FirstLevel_C' with ClassGeneratedBy '/Game/Levels/FirstLevel.FirstLevel:PersistentLevel.FirstLevel'
[2018.04.15-19.02.07:298][740]LogPawn: Error: EnableInput can only be specified on a Pawn for its Controller
[2018.04.15-19.02.09:315][855]LogPawn: Error: EnableInput can only be specified on a Pawn for its Controller
[2018.04.15-19.02.11:320][970]LogPawn: Error: EnableInput can only be specified on a Pawn for its Controller
[2018.04.15-19.02.13:320][ 90]LogPawn: Error: EnableInput can only be specified on a Pawn for its Controller
[2018.04.15-19.02.15:321][210]LogPawn: Error: EnableInput can only be specified on a Pawn for its Controller
[2018.04.15-19.02.17:321][330]LogPawn: Error: EnableInput can only be specified on a Pawn for its Controller
[2018.04.15-19.02.19:321][450]LogPawn: Error: EnableInput can only be specified on a Pawn for its Controller
[2018.04.15-19.02.20:268][501]LogScript: Warning: Attempted to access StaticMeshComponent0 via property StaticMeshComponent, but StaticMeshComponent0 is pending kill
	Dirt_C /Game/Levels/UEDPIE_0_FirstLevel.FirstLevel:PersistentLevel.Dirt
	Function /Game/Blueprints/Dirt.Dirt_C:ExecuteUbergraph_Dirt:010B
[2018.04.15-19.02.20:269][501]PIE: Error: Blueprint Runtime Error: Attempted to access StaticMeshComponent0 via property StaticMeshComponent, but StaticMeshComponent0 is pending kill from function: 'ExecuteUbergraph_Dirt' from node: Set Transform in graph: EventGraph in object: Dirt with description: Attempted to access StaticMeshComponent0 via property StaticMeshComponent, but StaticMeshComponent0 is pending kill
[2018.04.15-19.02.21:162][555]LogScript: Warning: FLatentActionManager::ProcessLatentActions: CallbackTarget is None.
[2018.04.15-19.02.21:330][565]LogPawn: Error: EnableInput can only be specified on a Pawn for its Controller
[2018.04.15-19.02.23:329][685]LogPawn: Error: EnableInput can only be specified on a Pawn for its Controller
[2018.04.15-19.02.45:814][ 34]LogScript: Warning: Attempted to access StaticMeshComponent0 via property StaticMeshComponent, but StaticMeshComponent0 is pending kill
	Dirt_3_C /Game/Levels/UEDPIE_0_FirstLevel.FirstLevel:PersistentLevel.Stage_1_level_Dig_dirt_3_Blueprint
	Function /Game/Blueprints/Dirt_3.Dirt_3_C:ExecuteUbergraph_Dirt_3:014B
[2018.04.15-19.02.45:815][ 34]PIE: Error: Blueprint Runtime Error: Attempted to access StaticMeshComponent0 via property StaticMeshComponent, but StaticMeshComponent0 is pending kill from function: 'ExecuteUbergraph_Dirt_3' from node: DestroyComponent in graph: EventGraph in object: Dirt_3 with description: Attempted to access StaticMeshComponent0 via property StaticMeshComponent, but StaticMeshComponent0 is pending kill
[2018.04.15-19.03.08:403][389]LogBlueprintUserMessages: Early EndPlayMap Detection: Level '/Game/Levels/FirstLevel.FirstLevel:PersistentLevel' has LevelScriptBlueprint '/Game/Levels/FirstLevel.FirstLevel:PersistentLevel.FirstLevel' with GeneratedClass '/Game/Levels/FirstLevel.FirstLevel_C' with ClassGeneratedBy '/Game/Levels/FirstLevel.FirstLevel:PersistentLevel.FirstLevel'
[2018.04.15-19.03.08:529][389]LogBlueprintUserMessages: Late EndPlayMap Detection: Level '/Game/Levels/FirstLevel.FirstLevel:PersistentLevel' has LevelScriptBlueprint '/Game/Levels/FirstLevel.FirstLevel:PersistentLevel.FirstLevel' with GeneratedClass '/Game/Levels/FirstLevel.FirstLevel_C' with ClassGeneratedBy '/Game/Levels/FirstLevel.FirstLevel:PersistentLevel.FirstLevel'
[2018.04.15-19.05.15:496][913]LogTemp: Repeating last play command: New Editor Window (PIE)
[2018.04.15-19.05.15:544][913]LogBlueprintUserMessages: Early PlayInEditor Detection: Level '/Game/Levels/FirstLevel.FirstLevel:PersistentLevel' has LevelScriptBlueprint '/Game/Levels/FirstLevel.FirstLevel:PersistentLevel.FirstLevel' with GeneratedClass '/Game/Levels/FirstLevel.FirstLevel_C' with ClassGeneratedBy '/Game/Levels/FirstLevel.FirstLevel:PersistentLevel.FirstLevel'
[2018.04.15-19.05.15:544][913]LogPlayLevel: PlayLevel: No blueprints needed recompiling
[2018.04.15-19.05.15:545][913]PIE: New page: PIE session: FirstLevel (15 Apr 2018 21:05:15)
[2018.04.15-19.05.15:546][913]LogPlayLevel: Creating play world package: /Game/Levels/UEDPIE_0_FirstLevel
[2018.04.15-19.05.15:550][913]LogPlayLevel: PIE: StaticDuplicateObject took: (0.004029s)
[2018.04.15-19.05.15:551][913]LogAIModule: Creating AISystem for world FirstLevel
[2018.04.15-19.05.15:551][913]LogPlayLevel: PIE: World Init took: (0.001065s)
[2018.04.15-19.05.15:551][913]LogPlayLevel: PIE: Created PIE world by copying editor world from /Game/Levels/FirstLevel.FirstLevel to /Game/Levels/UEDPIE_0_FirstLevel.FirstLevel (0.005468s)
[2018.04.15-19.05.15:662][913]LogInit: XAudio2 using 'Speakers (Realtek High Definition Audio)' : 6 channels at 48 kHz using 32 bits per sample (channel mask 0x3f)
[2018.04.15-19.05.15:742][913]LogInit: FAudioDevice initialized.
[2018.04.15-19.05.15:794][913]LogLoad: Game class is 'AntsGamemode_C'
[2018.04.15-19.05.15:797][913]LogWorld: Bringing World /Game/Levels/UEDPIE_0_FirstLevel.FirstLevel up for play (max tick rate 60) at 2018.04.15-20.05.15
[2018.04.15-19.05.15:798][913]LogWorld: Bringing up level for play took: 0.002762
[2018.04.15-19.05.15:799][913]LogPawn: Error: EnableInput can only be specified on a Pawn for its Controller
[2018.04.15-19.05.15:806][913]PIE: Play in editor start time for /Game/Levels/UEDPIE_0_FirstLevel 0.357
[2018.04.15-19.05.15:807][913]LogBlueprintUserMessages: Late PlayInEditor Detection: Level '/Game/Levels/FirstLevel.FirstLevel:PersistentLevel' has LevelScriptBlueprint '/Game/Levels/FirstLevel.FirstLevel:PersistentLevel.FirstLevel' with GeneratedClass '/Game/Levels/FirstLevel.FirstLevel_C' with ClassGeneratedBy '/Game/Levels/FirstLevel.FirstLevel:PersistentLevel.FirstLevel'
[2018.04.15-19.05.17:480][ 11]LogPawn: Error: EnableInput can only be specified on a Pawn for its Controller
[2018.04.15-19.05.17:663][ 22]LogScript: Warning: Attempted to access StaticMeshComponent0 via property StaticMeshComponent, but StaticMeshComponent0 is pending kill
	Dirt_C /Game/Levels/UEDPIE_0_FirstLevel.FirstLevel:PersistentLevel.Dirt
	Function /Game/Blueprints/Dirt.Dirt_C:ExecuteUbergraph_Dirt:010B
[2018.04.15-19.05.17:664][ 22]PIE: Error: Blueprint Runtime Error: Attempted to access StaticMeshComponent0 via property StaticMeshComponent, but StaticMeshComponent0 is pending kill from function: 'ExecuteUbergraph_Dirt' from node: Set Transform in graph: EventGraph in object: Dirt with description: Attempted to access StaticMeshComponent0 via property StaticMeshComponent, but StaticMeshComponent0 is pending kill
[2018.04.15-19.05.17:680][ 23]LogScript: Warning: Attempted to access StaticMeshComponent0 via property StaticMeshComponent, but StaticMeshComponent0 is pending kill
	Dirt_C /Game/Levels/UEDPIE_0_FirstLevel.FirstLevel:PersistentLevel.Dirt
	Function /Game/Blueprints/Dirt.Dirt_C:ExecuteUbergraph_Dirt:010B
[2018.04.15-19.05.17:680][ 23]PIE: Error: Blueprint Runtime Error: Attempted to access StaticMeshComponent0 via property StaticMeshComponent, but StaticMeshComponent0 is pending kill from function: 'ExecuteUbergraph_Dirt' from node: Set Transform in graph: EventGraph in object: Dirt with description: Attempted to access StaticMeshComponent0 via property StaticMeshComponent, but StaticMeshComponent0 is pending kill
[2018.04.15-19.05.17:697][ 24]LogScript: Warning: Attempted to access StaticMeshComponent0 via property StaticMeshComponent, but StaticMeshComponent0 is pending kill
	Dirt_C /Game/Levels/UEDPIE_0_FirstLevel.FirstLevel:PersistentLevel.Dirt
	Function /Game/Blueprints/Dirt.Dirt_C:ExecuteUbergraph_Dirt:010B
[2018.04.15-19.05.17:697][ 24]PIE: Error: Blueprint Runtime Error: Attempted to access StaticMeshComponent0 via property StaticMeshComponent, but StaticMeshComponent0 is pending kill from function: 'ExecuteUbergraph_Dirt' from node: Set Transform in graph: EventGraph in object: Dirt with description: Attempted to access StaticMeshComponent0 via property StaticMeshComponent, but StaticMeshComponent0 is pending kill
[2018.04.15-19.05.18:647][ 81]LogScript: Warning: FLatentActionManager::ProcessLatentActions: CallbackTarget is None.
[2018.04.15-19.05.19:484][131]LogPawn: Error: EnableInput can only be specified on a Pawn for its Controller
[2018.04.15-19.05.21:483][251]LogPawn: Error: EnableInput can only be specified on a Pawn for its Controller
[2018.04.15-19.05.23:483][371]LogPawn: Error: EnableInput can only be specified on a Pawn for its Controller
[2018.04.15-19.05.25:482][491]LogPawn: Error: EnableInput can only be specified on a Pawn for its Controller
[2018.04.15-19.05.27:482][611]LogPawn: Error: EnableInput can only be specified on a Pawn for its Controller
[2018.04.15-19.05.29:483][674]LogPawn: Error: EnableInput can only be specified on a Pawn for its Controller
[2018.04.15-19.05.30:484][734]LogBlueprintUserMessages: Early EndPlayMap Detection: Level '/Game/Levels/FirstLevel.FirstLevel:PersistentLevel' has LevelScriptBlueprint '/Game/Levels/FirstLevel.FirstLevel:PersistentLevel.FirstLevel' with GeneratedClass '/Game/Levels/FirstLevel.FirstLevel_C' with ClassGeneratedBy '/Game/Levels/FirstLevel.FirstLevel:PersistentLevel.FirstLevel'
[2018.04.15-19.05.30:611][734]LogBlueprintUserMessages: Late EndPlayMap Detection: Level '/Game/Levels/FirstLevel.FirstLevel:PersistentLevel' has LevelScriptBlueprint '/Game/Levels/FirstLevel.FirstLevel:PersistentLevel.FirstLevel' with GeneratedClass '/Game/Levels/FirstLevel.FirstLevel_C' with ClassGeneratedBy '/Game/Levels/FirstLevel.FirstLevel:PersistentLevel.FirstLevel'
[2018.04.15-19.05.39:179][219]MapCheck: New page: Map Check
[2018.04.15-19.05.39:249][219]Cmd: MAP REBUILD ALLVISIBLE
[2018.04.15-19.05.39:260][219]LogEditorServer: Rebuildmap Clear paths rebuilt
[2018.04.15-19.05.39:562][219]LogMaterial: Missing cached shader map for material FDebugViewModeMaterialProxy WorldGridMaterial, compiling. Is special engine material.
[2018.04.15-19.05.39:681][219]LogMaterial: Missing cached shader map for material FDebugViewModeMaterialProxy DefaultMaterial, compiling. 
[2018.04.15-19.05.39:687][219]LogMaterial: Missing cached shader map for material FDebugViewModeMaterialProxy MaterialInstanceDynamic_2, compiling. 
[2018.04.15-19.05.39:694][219]LogMaterial: Missing cached shader map for material FDebugViewModeMaterialProxy MatineeCam_mat, compiling. 
[2018.04.15-19.05.39:701][219]LogMaterial: Missing cached shader map for material FDebugViewModeMaterialProxy lambert3, compiling. 
[2018.04.15-19.05.39:707][219]LogMaterial: Missing cached shader map for material FDebugViewModeMaterialProxy MaskedUnlitSpriteMaterial, compiling. 
[2018.04.15-19.05.41:250][219]TextureStreamingBuild: Display: Compiling optional shaders took 1.723 seconds.
[2018.04.15-19.05.41:335][219]LogLevel: Display: Export Material TexCoord Scales took 0.086 seconds.
[2018.04.15-19.05.41:405][219]TextureStreamingBuild: Display: Build Texture Streaming took 0.008 seconds.
[2018.04.15-19.05.41:435][219]LightingResults: New page: Lighting Build - 15 Apr 2018 21:05:41
[2018.04.15-19.05.41:590][219]LogSwarmInterface: [OpenConnection] Registering TCP channel ...
[2018.04.15-19.05.41:759][219]LogSwarmInterface: [OpenConnection] Connecting to agent ...
[2018.04.15-19.05.41:783][219]LogSwarmInterface: [TryOpenConnection] Testing the Agent
[2018.04.15-19.05.42:818][219]LogSwarmInterface: [TryOpenConnection] Opening Connection to Agent
[2018.04.15-19.05.42:818][219]LogSwarmInterface: [TryOpenConnection] Local Process ID is 35188
[2018.04.15-19.05.44:164][219]LogStaticLightingSystem: Warning: No importance volume found, so the scene bounding box was used.  You can optimize your scene's quality and lighting build times by adding importance volumes.
[2018.04.15-19.05.44:167][219]LogStaticLightingSystem: Running Lightmass w/ ImmediateImport mode ENABLED
[2018.04.15-19.05.44:167][219]LogStaticLightingSystem: Running Lightmass w/ ImmediateProcess mode ENABLED
[2018.04.15-19.05.44:167][219]LogStaticLightingSystem: Running Lightmass w/ Sorting mode ENABLED
[2018.04.15-19.05.44:167][219]LogStaticLightingSystem: Running Lightmass w/ Mapping paddings ENABLED
[2018.04.15-19.05.44:167][219]LogStaticLightingSystem: Running Lightmass w/ Mapping debug paddings DISABLED
[2018.04.15-19.05.44:354][219]Cmd: MAP CHECK DONTDISPLAYDIALOG
[2018.04.15-19.05.44:354][219]MapCheck: New page: FirstLevel - 15 Apr 2018 21:05:44
[2018.04.15-19.05.44:356][219]MapCheck: Error: WorldSettings_1 Maps need lighting rebuilt 
[2018.04.15-19.05.44:412][219]MapCheck: Map check complete: 1 Error(s), 0 Warning(s), took 58.092ms to complete.
[2018.04.15-19.05.44:435][219]LogEditorBuildUtils: Build time 0:05
[2018.04.15-19.05.48:238][280]LightingResults: Warning: Stage_1_level_Lofted_ground Object has overlapping UVs.
[2018.04.15-19.05.48:238][280]LightingResults: Stage_1_level_Lofted_ground Lightmap UV are overlapping by 26.7%. Please adjust content - Enable Error Coloring to visualize.
[2018.04.15-19.05.48:504][294]Job is a success!
[2018.04.15-19.05.48:997][295]LogTexture: Display: Building textures: HQ_Lightmap0_2 (AutoDXT, 64X64)
[2018.04.15-19.05.48:997][295]LogTexture: Display: Building textures: LQ_Lightmap_0_2 (DXT1, 64X64)
[2018.04.15-19.05.48:997][295]LogTexture: Display: Building textures: HQ_Lightmap0_1 (AutoDXT, 256X256)
[2018.04.15-19.05.48:997][295]LogTexture: Display: Building textures: LQ_Lightmap_0_1 (DXT1, 256X256)
[2018.04.15-19.05.48:997][295]LogTexture: Display: Building textures: ShadowMapTexture2D_1 (G8, 32X32)
[2018.04.15-19.05.48:997][295]LogTexture: Display: Building textures: ShadowMapTexture2D_0 (G8, 256X128)
[2018.04.15-19.05.49:043][295]Lightmass on MSI: 1.65 sec total, 123 ms importing, 22 ms setup, 380 ms photons, 880 ms processing, 0 ms extra exporting [5/5 mappings]. Threads: 5.99 sec total, 844 ms processing.
[2018.04.15-19.05.49:075][295]LogStaticLightingSystem: Illumination: 7.61 sec (87 ms encoding lightmaps, 20 ms encoding shadowmaps)
[2018.04.15-19.05.49:075][295]LogStaticLightingSystem: Lightmap texture memory:  0.1 MB (0.1 MB streaming, 0.0 MB non-streaming), 4 textures
[2018.04.15-19.05.49:075][295]LogStaticLightingSystem: Shadowmap texture memory: 0.0 MB (0.0 MB streaming, 0.0 MB non-streaming), 2 textures
[2018.04.15-19.05.49:214][295]DumpUnbuiltLightIteractions
[2018.04.15-19.05.49:214][295]Lights with unbuilt interactions: 0
[2018.04.15-19.05.49:214][295]
[2018.04.15-19.05.49:214][295]Primitives with unbuilt interactions: 0
[2018.04.15-19.05.49:241][296]Cmd: MAP CHECK NOTIFYRESULTS
[2018.04.15-19.05.49:241][296]MapCheck: New page: FirstLevel - 15 Apr 2018 21:05:49
[2018.04.15-19.05.49:306][296]MapCheck: Map check complete: 0 Error(s), 0 Warning(s), took 64.698ms to complete.
[2018.04.15-19.05.51:799][444]LogTemp: Repeating last play command: New Editor Window (PIE)
[2018.04.15-19.05.51:849][444]LogBlueprintUserMessages: Early PlayInEditor Detection: Level '/Game/Levels/FirstLevel.FirstLevel:PersistentLevel' has LevelScriptBlueprint '/Game/Levels/FirstLevel.FirstLevel:PersistentLevel.FirstLevel' with GeneratedClass '/Game/Levels/FirstLevel.FirstLevel_C' with ClassGeneratedBy '/Game/Levels/FirstLevel.FirstLevel:PersistentLevel.FirstLevel'
[2018.04.15-19.05.51:849][444]LogPlayLevel: PlayLevel: No blueprints needed recompiling
[2018.04.15-19.05.51:849][444]PIE: New page: PIE session: FirstLevel (15 Apr 2018 21:05:51)
[2018.04.15-19.05.51:850][444]LogPlayLevel: Creating play world package: /Game/Levels/UEDPIE_0_FirstLevel
[2018.04.15-19.05.51:853][444]LogPlayLevel: PIE: StaticDuplicateObject took: (0.002514s)
[2018.04.15-19.05.51:853][444]LogAIModule: Creating AISystem for world FirstLevel
[2018.04.15-19.05.51:853][444]LogPlayLevel: PIE: World Init took: (0.000794s)
[2018.04.15-19.05.51:854][444]LogPlayLevel: PIE: Created PIE world by copying editor world from /Game/Levels/FirstLevel.FirstLevel to /Game/Levels/UEDPIE_0_FirstLevel.FirstLevel (0.003789s)
[2018.04.15-19.05.51:960][444]LogInit: XAudio2 using 'Speakers (Realtek High Definition Audio)' : 6 channels at 48 kHz using 32 bits per sample (channel mask 0x3f)
[2018.04.15-19.05.52:034][444]LogInit: FAudioDevice initialized.
[2018.04.15-19.05.52:090][444]LogLoad: Game class is 'AntsGamemode_C'
[2018.04.15-19.05.52:092][444]LogWorld: Bringing World /Game/Levels/UEDPIE_0_FirstLevel.FirstLevel up for play (max tick rate 60) at 2018.04.15-20.05.52
[2018.04.15-19.05.52:093][444]LogWorld: Bringing up level for play took: 0.001979
[2018.04.15-19.05.52:094][444]LogPawn: Error: EnableInput can only be specified on a Pawn for its Controller
[2018.04.15-19.05.52:098][444]PIE: Play in editor start time for /Game/Levels/UEDPIE_0_FirstLevel 0.649
[2018.04.15-19.05.52:098][444]LogBlueprintUserMessages: Late PlayInEditor Detection: Level '/Game/Levels/FirstLevel.FirstLevel:PersistentLevel' has LevelScriptBlueprint '/Game/Levels/FirstLevel.FirstLevel:PersistentLevel.FirstLevel' with GeneratedClass '/Game/Levels/FirstLevel.FirstLevel_C' with ClassGeneratedBy '/Game/Levels/FirstLevel.FirstLevel:PersistentLevel.FirstLevel'
[2018.04.15-19.05.53:796][543]LogPawn: Error: EnableInput can only be specified on a Pawn for its Controller
[2018.04.15-19.05.54:100][561]LogScript: Warning: Attempted to access StaticMeshComponent0 via property StaticMeshComponent, but StaticMeshComponent0 is pending kill
	Dirt_C /Game/Levels/UEDPIE_0_FirstLevel.FirstLevel:PersistentLevel.Dirt
	Function /Game/Blueprints/Dirt.Dirt_C:ExecuteUbergraph_Dirt:010B
[2018.04.15-19.05.54:100][561]PIE: Error: Blueprint Runtime Error: Attempted to access StaticMeshComponent0 via property StaticMeshComponent, but StaticMeshComponent0 is pending kill from function: 'ExecuteUbergraph_Dirt' from node: Set Transform in graph: EventGraph in object: Dirt with description: Attempted to access StaticMeshComponent0 via property StaticMeshComponent, but StaticMeshComponent0 is pending kill
[2018.04.15-19.05.54:116][562]LogScript: Warning: Attempted to access StaticMeshComponent0 via property StaticMeshComponent, but StaticMeshComponent0 is pending kill
	Dirt_C /Game/Levels/UEDPIE_0_FirstLevel.FirstLevel:PersistentLevel.Dirt
	Function /Game/Blueprints/Dirt.Dirt_C:ExecuteUbergraph_Dirt:010B
[2018.04.15-19.05.54:116][562]PIE: Error: Blueprint Runtime Error: Attempted to access StaticMeshComponent0 via property StaticMeshComponent, but StaticMeshComponent0 is pending kill from function: 'ExecuteUbergraph_Dirt' from node: Set Transform in graph: EventGraph in object: Dirt with description: Attempted to access StaticMeshComponent0 via property StaticMeshComponent, but StaticMeshComponent0 is pending kill
[2018.04.15-19.05.54:133][563]LogScript: Warning: Attempted to access StaticMeshComponent0 via property StaticMeshComponent, but StaticMeshComponent0 is pending kill
	Dirt_C /Game/Levels/UEDPIE_0_FirstLevel.FirstLevel:PersistentLevel.Dirt
	Function /Game/Blueprints/Dirt.Dirt_C:ExecuteUbergraph_Dirt:010B
[2018.04.15-19.05.54:133][563]PIE: Error: Blueprint Runtime Error: Attempted to access StaticMeshComponent0 via property StaticMeshComponent, but StaticMeshComponent0 is pending kill from function: 'ExecuteUbergraph_Dirt' from node: Set Transform in graph: EventGraph in object: Dirt with description: Attempted to access StaticMeshComponent0 via property StaticMeshComponent, but StaticMeshComponent0 is pending kill
[2018.04.15-19.05.54:149][564]LogScript: Warning: Attempted to access StaticMeshComponent0 via property StaticMeshComponent, but StaticMeshComponent0 is pending kill
	Dirt_C /Game/Levels/UEDPIE_0_FirstLevel.FirstLevel:PersistentLevel.Dirt
	Function /Game/Blueprints/Dirt.Dirt_C:ExecuteUbergraph_Dirt:010B
[2018.04.15-19.05.54:149][564]PIE: Error: Blueprint Runtime Error: Attempted to access StaticMeshComponent0 via property StaticMeshComponent, but StaticMeshComponent0 is pending kill from function: 'ExecuteUbergraph_Dirt' from node: Set Transform in graph: EventGraph in object: Dirt with description: Attempted to access StaticMeshComponent0 via property StaticMeshComponent, but StaticMeshComponent0 is pending kill
[2018.04.15-19.05.54:165][565]LogScript: Warning: Attempted to access StaticMeshComponent0 via property StaticMeshComponent, but StaticMeshComponent0 is pending kill
	Dirt_C /Game/Levels/UEDPIE_0_FirstLevel.FirstLevel:PersistentLevel.Dirt
	Function /Game/Blueprints/Dirt.Dirt_C:ExecuteUbergraph_Dirt:010B
[2018.04.15-19.05.54:166][565]PIE: Error: Blueprint Runtime Error: Attempted to access StaticMeshComponent0 via property StaticMeshComponent, but StaticMeshComponent0 is pending kill from function: 'ExecuteUbergraph_Dirt' from node: Set Transform in graph: EventGraph in object: Dirt with description: Attempted to access StaticMeshComponent0 via property StaticMeshComponent, but StaticMeshComponent0 is pending kill
[2018.04.15-19.05.54:183][566]LogScript: Warning: Attempted to access StaticMeshComponent0 via property StaticMeshComponent, but StaticMeshComponent0 is pending kill
	Dirt_C /Game/Levels/UEDPIE_0_FirstLevel.FirstLevel:PersistentLevel.Dirt
	Function /Game/Blueprints/Dirt.Dirt_C:ExecuteUbergraph_Dirt:010B
[2018.04.15-19.05.54:183][566]PIE: Error: Blueprint Runtime Error: Attempted to access StaticMeshComponent0 via property StaticMeshComponent, but StaticMeshComponent0 is pending kill from function: 'ExecuteUbergraph_Dirt' from node: Set Transform in graph: EventGraph in object: Dirt with description: Attempted to access StaticMeshComponent0 via property StaticMeshComponent, but StaticMeshComponent0 is pending kill
[2018.04.15-19.05.54:199][567]LogScript: Warning: Attempted to access StaticMeshComponent0 via property StaticMeshComponent, but StaticMeshComponent0 is pending kill
	Dirt_C /Game/Levels/UEDPIE_0_FirstLevel.FirstLevel:PersistentLevel.Dirt
	Function /Game/Blueprints/Dirt.Dirt_C:ExecuteUbergraph_Dirt:010B
[2018.04.15-19.05.54:199][567]PIE: Error: Blueprint Runtime Error: Attempted to access StaticMeshComponent0 via property StaticMeshComponent, but StaticMeshComponent0 is pending kill from function: 'ExecuteUbergraph_Dirt' from node: Set Transform in graph: EventGraph in object: Dirt with description: Attempted to access StaticMeshComponent0 via property StaticMeshComponent, but StaticMeshComponent0 is pending kill
[2018.04.15-19.05.54:351][576]LogScript: Warning: Attempted to access StaticMeshComponent0 via property StaticMeshComponent, but StaticMeshComponent0 is pending kill
	Dirt_C /Game/Levels/UEDPIE_0_FirstLevel.FirstLevel:PersistentLevel.Dirt
	Function /Game/Blueprints/Dirt.Dirt_C:ExecuteUbergraph_Dirt:010B
[2018.04.15-19.05.54:352][576]PIE: Error: Blueprint Runtime Error: Attempted to access StaticMeshComponent0 via property StaticMeshComponent, but StaticMeshComponent0 is pending kill from function: 'ExecuteUbergraph_Dirt' from node: Set Transform in graph: EventGraph in object: Dirt with description: Attempted to access StaticMeshComponent0 via property StaticMeshComponent, but StaticMeshComponent0 is pending kill
[2018.04.15-19.05.54:366][577]LogScript: Warning: Attempted to access StaticMeshComponent0 via property StaticMeshComponent, but StaticMeshComponent0 is pending kill
	Dirt_C /Game/Levels/UEDPIE_0_FirstLevel.FirstLevel:PersistentLevel.Dirt
	Function /Game/Blueprints/Dirt.Dirt_C:ExecuteUbergraph_Dirt:010B
[2018.04.15-19.05.54:366][577]PIE: Error: Blueprint Runtime Error: Attempted to access StaticMeshComponent0 via property StaticMeshComponent, but StaticMeshComponent0 is pending kill from function: 'ExecuteUbergraph_Dirt' from node: Set Transform in graph: EventGraph in object: Dirt with description: Attempted to access StaticMeshComponent0 via property StaticMeshComponent, but StaticMeshComponent0 is pending kill
[2018.04.15-19.05.54:382][578]LogScript: Warning: Attempted to access StaticMeshComponent0 via property StaticMeshComponent, but StaticMeshComponent0 is pending kill
	Dirt_C /Game/Levels/UEDPIE_0_FirstLevel.FirstLevel:PersistentLevel.Dirt
	Function /Game/Blueprints/Dirt.Dirt_C:ExecuteUbergraph_Dirt:010B
[2018.04.15-19.05.54:382][578]PIE: Error: Blueprint Runtime Error: Attempted to access StaticMeshComponent0 via property StaticMeshComponent, but StaticMeshComponent0 is pending kill from function: 'ExecuteUbergraph_Dirt' from node: Set Transform in graph: EventGraph in object: Dirt with description: Attempted to access StaticMeshComponent0 via property StaticMeshComponent, but StaticMeshComponent0 is pending kill
[2018.04.15-19.05.54:399][579]LogScript: Warning: Attempted to access StaticMeshComponent0 via property StaticMeshComponent, but StaticMeshComponent0 is pending kill
	Dirt_C /Game/Levels/UEDPIE_0_FirstLevel.FirstLevel:PersistentLevel.Dirt
	Function /Game/Blueprints/Dirt.Dirt_C:ExecuteUbergraph_Dirt:010B
[2018.04.15-19.05.54:399][579]PIE: Error: Blueprint Runtime Error: Attempted to access StaticMeshComponent0 via property StaticMeshComponent, but StaticMeshComponent0 is pending kill from function: 'ExecuteUbergraph_Dirt' from node: Set Transform in graph: EventGraph in object: Dirt with description: Attempted to access StaticMeshComponent0 via property StaticMeshComponent, but StaticMeshComponent0 is pending kill
[2018.04.15-19.05.54:415][580]LogScript: Warning: Attempted to access StaticMeshComponent0 via property StaticMeshComponent, but StaticMeshComponent0 is pending kill
	Dirt_C /Game/Levels/UEDPIE_0_FirstLevel.FirstLevel:PersistentLevel.Dirt
	Function /Game/Blueprints/Dirt.Dirt_C:ExecuteUbergraph_Dirt:010B
[2018.04.15-19.05.54:415][580]PIE: Error: Blueprint Runtime Error: Attempted to access StaticMeshComponent0 via property StaticMeshComponent, but StaticMeshComponent0 is pending kill from function: 'ExecuteUbergraph_Dirt' from node: Set Transform in graph: EventGraph in object: Dirt with description: Attempted to access StaticMeshComponent0 via property StaticMeshComponent, but StaticMeshComponent0 is pending kill
[2018.04.15-19.05.54:432][581]LogScript: Warning: Attempted to access StaticMeshComponent0 via property StaticMeshComponent, but StaticMeshComponent0 is pending kill
	Dirt_C /Game/Levels/UEDPIE_0_FirstLevel.FirstLevel:PersistentLevel.Dirt
	Function /Game/Blueprints/Dirt.Dirt_C:ExecuteUbergraph_Dirt:010B
[2018.04.15-19.05.54:432][581]PIE: Error: Blueprint Runtime Error: Attempted to access StaticMeshComponent0 via property StaticMeshComponent, but StaticMeshComponent0 is pending kill from function: 'ExecuteUbergraph_Dirt' from node: Set Transform in graph: EventGraph in object: Dirt with description: Attempted to access StaticMeshComponent0 via property StaticMeshComponent, but StaticMeshComponent0 is pending kill
[2018.04.15-19.05.54:449][582]PIE: Error: Blueprint Runtime Error: Attempted to access StaticMeshComponent0 via property StaticMeshComponent, but StaticMeshComponent0 is pending kill from function: 'ExecuteUbergraph_Dirt' from node: Set Transform in graph: EventGraph in object: Dirt with description: Attempted to access StaticMeshComponent0 via property StaticMeshComponent, but StaticMeshComponent0 is pending kill
[2018.04.15-19.05.54:818][604]LogBlueprintUserMessages: Early EndPlayMap Detection: Level '/Game/Levels/FirstLevel.FirstLevel:PersistentLevel' has LevelScriptBlueprint '/Game/Levels/FirstLevel.FirstLevel:PersistentLevel.FirstLevel' with GeneratedClass '/Game/Levels/FirstLevel.FirstLevel_C' with ClassGeneratedBy '/Game/Levels/FirstLevel.FirstLevel:PersistentLevel.FirstLevel'
[2018.04.15-19.05.54:956][604]LogBlueprintUserMessages: Late EndPlayMap Detection: Level '/Game/Levels/FirstLevel.FirstLevel:PersistentLevel' has LevelScriptBlueprint '/Game/Levels/FirstLevel.FirstLevel:PersistentLevel.FirstLevel' with GeneratedClass '/Game/Levels/FirstLevel.FirstLevel_C' with ClassGeneratedBy '/Game/Levels/FirstLevel.FirstLevel:PersistentLevel.FirstLevel'
[2018.04.15-19.05.59:244][717]Cmd: QUIT_EDITOR
[2018.04.15-19.06.00:442][717]LogWindowsTextInputMethodSystem: Display: IME system now deactivated.
[2018.04.15-19.06.00:510][717]LogExit: Preparing to exit.
[2018.04.15-19.06.02:044][717]LogDirectoryWatcher: A directory notification for 'D:/Unreal Engine Project/TDEMO-/Content/' was aborted.
[2018.04.15-19.06.02:192][717]LogExit: Editor shut down
[2018.04.15-19.06.02:196][717]LogExit: Transaction tracking system shut down
[2018.04.15-19.06.02:524][717]LogDirectoryWatcher: A directory notification for '../../../Engine/Content/' was aborted.
[2018.04.15-19.06.02:524][717]LogDirectoryWatcher: A directory notification for '../../../../../../Unreal Engine Project/TDEMO-/Content/' was aborted.
[2018.04.15-19.06.02:524][717]LogDirectoryWatcher: A directory notification for '../../../Engine/Plugins/2D/Paper2D/Content/' was aborted.
[2018.04.15-19.06.02:524][717]LogDirectoryWatcher: A directory notification for '../../../Engine/Plugins/Runtime/Oculus/OculusVR/Content/' was aborted.
[2018.04.15-19.06.02:524][717]LogDirectoryWatcher: A directory notification for '../../../Engine/Plugins/Runtime/Steam/SteamVR/Content/' was aborted.
[2018.04.15-19.06.04:140][717]LogExit: Object subsystem successfully closed.
[2018.04.15-19.06.04:305][717]LogD3D11RHI: Shutdown
[2018.04.15-19.06.04:323][717]LogD3D11RHI: CleanupD3DDevice
[2018.04.15-19.06.04:359][717]LogD3D11RHI: ~FD3D11DynamicRHI
[2018.04.15-19.06.05:302][717]LogModuleManager: Shutting down and abandoning module HierarchicalLODUtilities (534)
[2018.04.15-19.06.05:304][717]LogModuleManager: Shutting down and abandoning module MovieSceneCapture (532)
[2018.04.15-19.06.05:305][717]LogModuleManager: Shutting down and abandoning module HierarchicalLODOutliner (530)
[2018.04.15-19.06.05:305][717]LogModuleManager: Shutting down and abandoning module SceneOutliner (528)
[2018.04.15-19.06.05:306][717]LogModuleManager: Shutting down and abandoning module AddContentDialog (526)
[2018.04.15-19.06.05:338][717]LogDirectoryWatcher: A directory notification for 'D:/EpicGames/Unreal Engine/UE_4.17/FeaturePacks/' was aborted.
[2018.04.15-19.06.05:350][717]LogModuleManager: Shutting down and abandoning module WidgetCarousel (525)
[2018.04.15-19.06.05:350][717]LogModuleManager: Shutting down and abandoning module EditorWidgets (522)
[2018.04.15-19.06.05:350][717]LogModuleManager: Shutting down and abandoning module CollectionManager (520)
[2018.04.15-19.06.05:363][717]LogDirectoryWatcher: A directory notification for 'D:/Unreal Engine Project/TDEMO-/Content/Collections/' was aborted.
[2018.04.15-19.06.05:363][717]LogDirectoryWatcher: A directory notification for 'D:/Unreal Engine Project/TDEMO-/Content/Developers/DannyStanley/Collections/' was aborted.
[2018.04.15-19.06.05:363][717]LogDirectoryWatcher: A directory notification for 'D:/Unreal Engine Project/TDEMO-/Saved/Collections/' was aborted.
[2018.04.15-19.06.05:364][717]LogModuleManager: Shutting down and abandoning module StatsViewer (518)
[2018.04.15-19.06.05:379][717]LogModuleManager: Shutting down and abandoning module FoliageEdit (516)
[2018.04.15-19.06.05:379][717]LogModuleManager: Shutting down and abandoning module LandscapeEditor (514)
[2018.04.15-19.06.05:393][717]LogModuleManager: Shutting down and abandoning module MeshPaintMode (512)
[2018.04.15-19.06.05:393][717]LogModuleManager: Shutting down and abandoning module SceneDepthPickerMode (510)
[2018.04.15-19.06.05:393][717]LogModuleManager: Shutting down and abandoning module ActorPickerMode (508)
[2018.04.15-19.06.05:393][717]LogModuleManager: Shutting down and abandoning module GeometryMode (506)
[2018.04.15-19.06.05:393][717]LogModuleManager: Shutting down and abandoning module TextureAlignMode (504)
[2018.04.15-19.06.05:393][717]LogModuleManager: Shutting down and abandoning module BspMode (502)
[2018.04.15-19.06.05:406][717]LogModuleManager: Shutting down and abandoning module PIEPreviewDeviceProfileSelector (500)
[2018.04.15-19.06.05:406][717]LogModuleManager: Shutting down and abandoning module HardwareSurvey (498)
[2018.04.15-19.06.05:406][717]LogModuleManager: Shutting down and abandoning module SequenceRecorderSections (496)
[2018.04.15-19.06.05:413][717]LogModuleManager: Shutting down and abandoning module AutomationWorker (494)
[2018.04.15-19.06.05:421][717]LogModuleManager: Shutting down and abandoning module MatineeToLevelSequence (492)
[2018.04.15-19.06.05:434][717]LogModuleManager: Shutting down and abandoning module LevelSequenceEditor (490)
[2018.04.15-19.06.05:461][717]LogModuleManager: Shutting down and abandoning module PlacementMode (489)
[2018.04.15-19.06.05:461][717]LogModuleManager: Shutting down and abandoning module WmfMediaFactory (486)
[2018.04.15-19.06.05:461][717]LogModuleManager: Shutting down and abandoning module WmfMediaEditor (484)
[2018.04.15-19.06.05:461][717]LogModuleManager: Shutting down and abandoning module AvfMediaFactory (482)
[2018.04.15-19.06.05:461][717]LogModuleManager: Shutting down and abandoning module AvfMediaEditor (480)
[2018.04.15-19.06.05:461][717]LogModuleManager: Shutting down and abandoning module AndroidMediaFactory (478)
[2018.04.15-19.06.05:461][717]LogModuleManager: Shutting down and abandoning module Media (477)
[2018.04.15-19.06.05:461][717]LogModuleManager: Shutting down and abandoning module AndroidMediaEditor (474)
[2018.04.15-19.06.05:461][717]LogModuleManager: Shutting down and abandoning module CharacterAI (472)
[2018.04.15-19.06.05:461][717]LogModuleManager: Shutting down and abandoning module AudioCapture (470)
[2018.04.15-19.06.05:461][717]LogModuleManager: Shutting down and abandoning module SequenceRecorder (469)
[2018.04.15-19.06.05:477][717]LogModuleManager: Shutting down and abandoning module SmartSnapping (466)
[2018.04.15-19.06.05:477][717]LogModuleManager: Shutting down and abandoning module SessionServices (464)
[2018.04.15-19.06.05:477][717]LogModuleManager: Shutting down and abandoning module ViewportSnapping (462)
[2018.04.15-19.06.05:477][717]LogModuleManager: Shutting down and abandoning module ViewportInteraction (460)
[2018.04.15-19.06.05:477][717]LogModuleManager: Shutting down and abandoning module ClothPainter (458)
[2018.04.15-19.06.05:501][717]LogModuleManager: Shutting down and abandoning module LogVisualizer (456)
[2018.04.15-19.06.05:511][717]LogModuleManager: Shutting down and abandoning module IntroTutorials (454)
[2018.04.15-19.06.05:522][717]LogModuleManager: Shutting down and abandoning module GameProjectGeneration (453)
[2018.04.15-19.06.05:536][717]LogModuleManager: Shutting down and abandoning module IOSPlatformEditor (450)
[2018.04.15-19.06.05:554][717]LogModuleManager: Shutting down and abandoning module HTML5PlatformEditor (448)
[2018.04.15-19.06.05:554][717]LogModuleManager: Shutting down and abandoning module AndroidPlatformEditor (446)
[2018.04.15-19.06.05:554][717]LogModuleManager: Shutting down and abandoning module AndroidDeviceDetection (445)
[2018.04.15-19.06.06:381][717]LogModuleManager: Shutting down and abandoning module WindowsPlatformEditor (442)
[2018.04.15-19.06.06:381][717]LogModuleManager: Shutting down and abandoning module IOSRuntimeSettings (440)
[2018.04.15-19.06.06:381][717]LogModuleManager: Shutting down and abandoning module AndroidRuntimeSettings (438)
[2018.04.15-19.06.06:381][717]LogModuleManager: Shutting down and abandoning module InputBindingEditor (436)
[2018.04.15-19.06.06:404][717]LogModuleManager: Shutting down and abandoning module MergeActors (434)
[2018.04.15-19.06.06:419][717]LogModuleManager: Shutting down and abandoning module SizeMap (432)
[2018.04.15-19.06.06:419][717]LogModuleManager: Shutting down and abandoning module TreeMap (430)
[2018.04.15-19.06.06:442][717]LogModuleManager: Shutting down and abandoning module ReferenceViewer (428)
[2018.04.15-19.06.06:442][717]LogModuleManager: Shutting down and abandoning module LocalizationDashboard (426)
[2018.04.15-19.06.06:454][717]LogModuleManager: Shutting down and abandoning module LocalizationService (425)
[2018.04.15-19.06.06:463][717]LogModuleManager: Shutting down and abandoning module HardwareTargeting (422)
[2018.04.15-19.06.06:463][717]LogModuleManager: Shutting down and abandoning module DeviceProfileEditor (420)
[2018.04.15-19.06.06:482][717]LogModuleManager: Shutting down and abandoning module UndoHistory (418)
[2018.04.15-19.06.06:482][717]LogModuleManager: Shutting down and abandoning module XmlParser (416)
[2018.04.15-19.06.06:496][717]LogModuleManager: Shutting down and abandoning module Blutility (414)
[2018.04.15-19.06.06:496][717]LogModuleManager: Shutting down and abandoning module ProjectSettingsViewer (412)
[2018.04.15-19.06.06:496][717]LogModuleManager: Shutting down and abandoning module ProjectTargetPlatformEditor (411)
[2018.04.15-19.06.06:496][717]LogModuleManager: Shutting down and abandoning module EditorSettingsViewer (408)
[2018.04.15-19.06.06:496][717]LogModuleManager: Shutting down and abandoning module SettingsEditor (406)
[2018.04.15-19.06.06:498][717]LogModuleManager: Shutting down and abandoning module ProjectLauncher (404)
[2018.04.15-19.06.06:506][717]LogModuleManager: Shutting down and abandoning module SessionFrontend (402)
[2018.04.15-19.06.06:519][717]LogModuleManager: Shutting down and abandoning module ProfilerClient (400)
[2018.04.15-19.06.06:531][717]LogModuleManager: Shutting down and abandoning module DeviceManager (398)
[2018.04.15-19.06.06:546][717]LogModuleManager: Shutting down and abandoning module TargetDeviceServices (397)
[2018.04.15-19.06.06:617][717]LogModuleManager: Shutting down and abandoning module AutomationController (394)
[2018.04.15-19.06.06:651][717]LogModuleManager: Shutting down and abandoning module AutomationWindow (392)
[2018.04.15-19.06.06:667][717]LogModuleManager: Shutting down and abandoning module Layers (390)
[2018.04.15-19.06.06:676][717]LogModuleManager: Shutting down and abandoning module ComponentVisualizers (388)
[2018.04.15-19.06.06:677][717]LogModuleManager: Shutting down and abandoning module DetailCustomizations (386)
[2018.04.15-19.06.06:693][717]LogModuleManager: Shutting down and abandoning module PackagesDialog (384)
[2018.04.15-19.06.06:693][717]LogModuleManager: Shutting down and abandoning module Persona (382)
[2018.04.15-19.06.06:724][717]LogModuleManager: Shutting down and abandoning module AdvancedPreviewScene (381)
[2018.04.15-19.06.06:724][717]LogModuleManager: Shutting down and abandoning module AnimGraph (379)
[2018.04.15-19.06.06:725][717]LogModuleManager: Shutting down and abandoning module Kismet (376)
[2018.04.15-19.06.06:737][717]LogModuleManager: Shutting down and abandoning module ClassViewer (374)
[2018.04.15-19.06.06:737][717]LogModuleManager: Shutting down and abandoning module Toolbox (372)
[2018.04.15-19.06.06:737][717]LogModuleManager: Shutting down and abandoning module ModuleUI (370)
[2018.04.15-19.06.06:751][717]LogModuleManager: Shutting down and abandoning module MovieSceneTools (368)
[2018.04.15-19.06.06:772][717]LogModuleManager: Shutting down and abandoning module OutputLog (366)
[2018.04.15-19.06.06:783][717]LogModuleManager: Shutting down and abandoning module GammaUI (364)
[2018.04.15-19.06.06:794][717]LogModuleManager: Shutting down and abandoning module Documentation (362)
[2018.04.15-19.06.06:794][717]LogModuleManager: Shutting down and abandoning module MovieSceneTracks (360)
[2018.04.15-19.06.06:794][717]LogModuleManager: Shutting down and abandoning module MovieScene (358)
[2018.04.15-19.06.06:794][717]LogModuleManager: Shutting down and abandoning module Niagara (356)
[2018.04.15-19.06.06:794][717]LogModuleManager: Shutting down and abandoning module NiagaraEditor (355)
[2018.04.15-19.06.06:808][717]LogModuleManager: Shutting down and abandoning module StreamingPauseRendering (352)
[2018.04.15-19.06.06:808][717]LogModuleManager: Shutting down and abandoning module LauncherPlatform (350)
[2018.04.15-19.06.06:808][717]LogModuleManager: Shutting down and abandoning module AnalyticsET (348)
[2018.04.15-19.06.06:808][717]LogModuleManager: Shutting down and abandoning module PortalServices (346)
[2018.04.15-19.06.06:808][717]LogModuleManager: Shutting down and abandoning module PortalRpc (344)
[2018.04.15-19.06.06:808][717]LogModuleManager: Shutting down and abandoning module MessagingRpc (342)
[2018.04.15-19.06.06:808][717]LogModuleManager: Shutting down and abandoning module AIModule (340)
[2018.04.15-19.06.06:808][717]LogModuleManager: Shutting down and abandoning module GameplayDebugger (339)
[2018.04.15-19.06.06:808][717]LogModuleManager: Shutting down and abandoning module AITestSuite (337)
[2018.04.15-19.06.06:820][717]LogModuleManager: Shutting down and abandoning module ProfilerService (334)
[2018.04.15-19.06.06:944][717]LogModuleManager: Shutting down and abandoning module TaskGraph (332)
[2018.04.15-19.06.06:993][717]LogModuleManager: Shutting down and abandoning module SteamVRController (330)
[2018.04.15-19.06.06:993][717]LogModuleManager: Shutting down and abandoning module ProceduralMeshComponentEditor (328)
[2018.04.15-19.06.06:994][717]LogModuleManager: Shutting down and abandoning module ProceduralMeshComponent (326)
[2018.04.15-19.06.06:994][717]LogModuleManager: Shutting down and abandoning module OculusInput (324)
[2018.04.15-19.06.07:000][717]LogModuleManager: Shutting down and abandoning module MobilePatchingUtils (322)
[2018.04.15-19.06.07:000][717]LogModuleManager: Shutting down and abandoning module CustomMeshComponent (320)
[2018.04.15-19.06.07:000][717]LogModuleManager: Shutting down and abandoning module CableComponent (318)
[2018.04.15-19.06.07:009][717]LogModuleManager: Shutting down and abandoning module ArchVisCharacter (316)
[2018.04.15-19.06.07:009][717]LogModuleManager: Shutting down and abandoning module AndroidPermission (314)
[2018.04.15-19.06.07:009][717]LogModuleManager: Shutting down and abandoning module MediaPlayerEditor (310)
[2018.04.15-19.06.07:033][717]LogModuleManager: Shutting down and abandoning module HTML5Networking (308)
[2018.04.15-19.06.07:033][717]LogModuleManager: Shutting down and abandoning module AlembicImporter (306)
[2018.04.15-19.06.07:047][717]LogModuleManager: Shutting down and abandoning module AlembicLibrary (305)
[2018.04.15-19.06.07:047][717]LogModuleManager: Shutting down and abandoning module GeometryCache (304)
[2018.04.15-19.06.07:047][717]LogModuleManager: Shutting down and abandoning module GeometryCacheEd (303)
[2018.04.15-19.06.07:047][717]LogModuleManager: Shutting down and abandoning module SpeedTreeImporter (298)
[2018.04.15-19.06.07:047][717]LogModuleManager: Shutting down and abandoning module PluginBrowser (296)
[2018.04.15-19.06.07:076][717]LogModuleManager: Shutting down and abandoning module MobileLauncherProfileWizard (294)
[2018.04.15-19.06.07:092][717]LogModuleManager: Shutting down and abandoning module VisualStudioSourceCodeAccess (292)
[2018.04.15-19.06.07:092][717]LogModuleManager: Shutting down and abandoning module DesktopPlatform (291)
[2018.04.15-19.06.07:099][717]LogModuleManager: Shutting down and abandoning module UObjectPlugin (288)
[2018.04.15-19.06.07:099][717]LogModuleManager: Shutting down and abandoning module SubversionSourceControl (286)
[2018.04.15-19.06.07:116][717]LogModuleManager: Shutting down and abandoning module PerforceSourceControl (284)
[2018.04.15-19.06.07:141][717]LogModuleManager: Shutting down and abandoning module GitSourceControl (282)
[2018.04.15-19.06.07:169][717]LogModuleManager: Shutting down and abandoning module SourceControl (281)
[2018.04.15-19.06.07:195][717]LogModuleManager: Shutting down and abandoning module LightPropagationVolumeEditor (278)
[2018.04.15-19.06.07:195][717]LogModuleManager: Shutting down and abandoning module PaperTiledImporter (276)
[2018.04.15-19.06.07:195][717]LogModuleManager: Shutting down and abandoning module PaperSpriteSheetImporter (274)
[2018.04.15-19.06.07:195][717]LogModuleManager: Shutting down and abandoning module Paper2DEditor (272)
[2018.04.15-19.06.07:196][717]LogModuleManager: Shutting down and abandoning module MeshPaint (271)
[2018.04.15-19.06.07:196][717]LogModuleManager: Shutting down and abandoning module LevelEditor (269)
[2018.04.15-19.06.07:206][717]LogModuleManager: Shutting down and abandoning module PixelInspectorModule (268)
[2018.04.15-19.06.07:230][717]LogModuleManager: Shutting down and abandoning module MainFrame (266)
[2018.04.15-19.06.07:230][717]LogModuleManager: Shutting down and abandoning module HotReload (265)
[2018.04.15-19.06.07:240][717]LogModuleManager: Shutting down and abandoning module RuntimePhysXCooking (260)
[2018.04.15-19.06.07:240][717]LogModuleManager: Shutting down and abandoning module PhysXVehiclesEditor (258)
[2018.04.15-19.06.07:240][717]LogModuleManager: Shutting down and abandoning module PhysXVehicles (256)
[2018.04.15-19.06.07:240][717]LogModuleManager: Shutting down and abandoning module OculusEditor (254)
[2018.04.15-19.06.07:240][717]LogModuleManager: Shutting down and abandoning module LocationServicesBPLibrary (252)
[2018.04.15-19.06.07:240][717]LogModuleManager: Shutting down and abandoning module ImmediatePhysicsEditor (250)
[2018.04.15-19.06.07:240][717]LogModuleManager: Shutting down and abandoning module ImmediatePhysics (248)
[2018.04.15-19.06.07:244][717]LogModuleManager: Shutting down and abandoning module UdpMessaging (246)
[2018.04.15-19.06.07:345][717]LogModuleManager: Shutting down and abandoning module TcpMessaging (244)
[2018.04.15-19.06.07:456][717]LogModuleManager: Shutting down and abandoning module GameplayTagsEditor (242)
[2018.04.15-19.06.07:457][717]LogModuleManager: Shutting down and abandoning module FacialAnimationEditor (240)
[2018.04.15-19.06.07:457][717]LogModuleManager: Shutting down and abandoning module FacialAnimation (238)
[2018.04.15-19.06.07:457][717]LogModuleManager: Shutting down and abandoning module AssetManagerEditor (236)
[2018.04.15-19.06.07:480][717]LogModuleManager: Shutting down and abandoning module GraphEditor (235)
[2018.04.15-19.06.07:516][717]LogModuleManager: Shutting down and abandoning module ContentBrowser (233)
[2018.04.15-19.06.07:517][717]LogModuleManager: Shutting down and abandoning module LightPropagationVolumeRuntime (230)
[2018.04.15-19.06.07:517][717]LogModuleManager: Shutting down and abandoning module Paper2D (228)
[2018.04.15-19.06.07:517][717]LogModuleManager: Shutting down and abandoning module WindowsMoviePlayer (226)
[2018.04.15-19.06.07:534][717]LogModuleManager: Shutting down and abandoning module WmfMedia (224)
[2018.04.15-19.06.07:539][717]LogModuleManager: Shutting down and abandoning module PacketHandler (222)
[2018.04.15-19.06.07:539][717]LogModuleManager: Shutting down and abandoning module ClothingSystemEditor (220)
[2018.04.15-19.06.07:539][717]LogModuleManager: Shutting down and abandoning module ClothingSystemRuntime (218)
[2018.04.15-19.06.07:564][717]LogModuleManager: Shutting down and abandoning module Overlay (216)
[2018.04.15-19.06.07:564][717]LogModuleManager: Shutting down and abandoning module OverlayEditor (215)
[2018.04.15-19.06.07:564][717]LogModuleManager: Shutting down and abandoning module MediaAssets (212)
[2018.04.15-19.06.07:564][717]LogModuleManager: Shutting down and abandoning module VREditor (210)
[2018.04.15-19.06.07:591][717]LogModuleManager: Shutting down and abandoning module StringTableEditor (208)
[2018.04.15-19.06.07:591][717]LogModuleManager: Shutting down and abandoning module GameplayTasksEditor (206)
[2018.04.15-19.06.07:591][717]LogModuleManager: Shutting down and abandoning module BehaviorTreeEditor (204)
[2018.04.15-19.06.07:633][717]LogModuleManager: Shutting down and abandoning module FunctionalTesting (202)
[2018.04.15-19.06.07:633][717]LogModuleManager: Shutting down and abandoning module CollisionAnalyzer (200)
[2018.04.15-19.06.07:641][717]LogModuleManager: Shutting down and abandoning module WorkspaceMenuStructure (199)
[2018.04.15-19.06.07:641][717]LogModuleManager: Shutting down and abandoning module UMG (196)
[2018.04.15-19.06.07:653][717]LogModuleManager: Shutting down and abandoning module UMGEditor (195)
[2018.04.15-19.06.07:686][717]LogModuleManager: Shutting down and abandoning module Sequencer (194)
[2018.04.15-19.06.07:705][717]LogModuleManager: Shutting down and abandoning module MessageLog (191)
[2018.04.15-19.06.07:705][717]LogModuleManager: Shutting down and abandoning module SlateReflector (186)
[2018.04.15-19.06.07:730][717]LogModuleManager: Shutting down and abandoning module Slate (184)
[2018.04.15-19.06.07:730][717]LogModuleManager: Shutting down and abandoning module EditorStyle (182)
[2018.04.15-19.06.07:732][717]LogModuleManager: Shutting down and abandoning module MRMesh (180)
[2018.04.15-19.06.07:732][717]LogModuleManager: Shutting down and abandoning module SourceCodeAccess (178)
[2018.04.15-19.06.07:732][717]LogModuleManager: Shutting down and abandoning module HeadMountedDisplay (176)
[2018.04.15-19.06.07:732][717]LogModuleManager: Shutting down and abandoning module XAudio2 (174)
[2018.04.15-19.06.07:732][717]LogModuleManager: Shutting down and abandoning module Networking (172)
[2018.04.15-19.06.07:732][717]LogModuleManager: Shutting down and abandoning module Core (168)
[2018.04.15-19.06.07:732][717]LogModuleManager: Shutting down and abandoning module KismetCompiler (164)
[2018.04.15-19.06.07:732][717]LogModuleManager: Shutting down and abandoning module LevelSequence (162)
[2018.04.15-19.06.07:732][717]LogModuleManager: Shutting down and abandoning module MeshUtilities (160)
[2018.04.15-19.06.07:754][717]LogModuleManager: Shutting down and abandoning module MeshMergeUtilities (159)
[2018.04.15-19.06.07:772][717]LogModuleManager: Shutting down and abandoning module MeshReductionInterface (158)
[2018.04.15-19.06.07:772][717]LogModuleManager: Shutting down and abandoning module SimplygonSwarm (157)
[2018.04.15-19.06.07:779][717]LogModuleManager: Shutting down and abandoning module SimplygonMeshReduction (155)
[2018.04.15-19.06.07:779][717]LogModuleManager: Shutting down and abandoning module QuadricMeshReduction (153)
[2018.04.15-19.06.07:804][717]LogModuleManager: Shutting down and abandoning module MaterialBaking (149)
[2018.04.15-19.06.07:816][717]LogModuleManager: Shutting down and abandoning module DirectoryWatcher (146)
[2018.04.15-19.06.07:817][717]LogModuleManager: Shutting down and abandoning module DerivedDataCache (144)
[2018.04.15-19.06.07:843][717]LogDerivedDataCache: Shutdown
[2018.04.15-19.06.07:843][717]LogModuleManager: Shutting down and abandoning module TargetPlatform (142)
[2018.04.15-19.06.07:843][717]LogModuleManager: Shutting down and abandoning module VulkanShaderFormat (141)
[2018.04.15-19.06.07:872][717]LogModuleManager: Shutting down and abandoning module ShaderFormatVectorVM (139)
[2018.04.15-19.06.07:884][717]LogModuleManager: Shutting down and abandoning module ShaderFormatOpenGL (137)
[2018.04.15-19.06.07:894][717]LogModuleManager: Shutting down and abandoning module ShaderFormatD3D (135)
[2018.04.15-19.06.07:894][717]LogModuleManager: Shutting down and abandoning module MetalShaderFormat (133)
[2018.04.15-19.06.07:918][717]LogModuleManager: Shutting down and abandoning module TextureFormatUncompressed (131)
[2018.04.15-19.06.07:918][717]LogModuleManager: Shutting down and abandoning module TextureFormatPVR (129)
[2018.04.15-19.06.07:918][717]LogModuleManager: Shutting down and abandoning module TextureFormatDXT (127)
[2018.04.15-19.06.07:918][717]LogModuleManager: Shutting down and abandoning module TextureFormatIntelISPCTexComp (125)
[2018.04.15-19.06.07:918][717]LogModuleManager: Shutting down and abandoning module TextureFormatASTC (123)
[2018.04.15-19.06.07:918][717]LogModuleManager: Shutting down and abandoning module ImageWrapper (122)
[2018.04.15-19.06.07:918][717]LogModuleManager: Shutting down and abandoning module TextureFormatAndroid (119)
[2018.04.15-19.06.07:918][717]LogModuleManager: Shutting down and abandoning module AudioFormatOpus (117)
[2018.04.15-19.06.07:918][717]LogModuleManager: Shutting down and abandoning module AudioFormatOgg (115)
[2018.04.15-19.06.07:918][717]LogModuleManager: Shutting down and abandoning module AudioFormatADPCM (113)
[2018.04.15-19.06.07:918][717]LogModuleManager: Shutting down and abandoning module LinuxTargetPlatform (111)
[2018.04.15-19.06.07:918][717]LogModuleManager: Shutting down and abandoning module LinuxServerTargetPlatform (109)
[2018.04.15-19.06.07:918][717]LogModuleManager: Shutting down and abandoning module LinuxNoEditorTargetPlatform (107)
[2018.04.15-19.06.07:918][717]LogModuleManager: Shutting down and abandoning module LinuxClientTargetPlatform (105)
[2018.04.15-19.06.07:918][717]LogModuleManager: Shutting down and abandoning module TVOSTargetPlatform (103)
[2018.04.15-19.06.07:918][717]LogModuleManager: Shutting down and abandoning module Messaging (101)
[2018.04.15-19.06.07:919][717]LogModuleManager: Shutting down and abandoning module IOSTargetPlatform (99)
[2018.04.15-19.06.07:919][717]LogModuleManager: Shutting down and abandoning module HTML5TargetPlatform (97)
[2018.04.15-19.06.07:919][717]LogModuleManager: Shutting down and abandoning module Android_PVRTCTargetPlatform (95)
[2018.04.15-19.06.07:919][717]LogModuleManager: Shutting down and abandoning module Android_MultiTargetPlatform (93)
[2018.04.15-19.06.07:919][717]LogModuleManager: Shutting down and abandoning module Android_ETC2TargetPlatform (91)
[2018.04.15-19.06.07:919][717]LogModuleManager: Shutting down and abandoning module Android_ETC1TargetPlatform (89)
[2018.04.15-19.06.07:919][717]LogModuleManager: Shutting down and abandoning module Android_DXTTargetPlatform (87)
[2018.04.15-19.06.07:919][717]LogModuleManager: Shutting down and abandoning module Android_ATCTargetPlatform (85)
[2018.04.15-19.06.07:919][717]LogModuleManager: Shutting down and abandoning module Android_ASTCTargetPlatform (83)
[2018.04.15-19.06.07:919][717]LogModuleManager: Shutting down and abandoning module AndroidTargetPlatform (81)
[2018.04.15-19.06.07:919][717]LogModuleManager: Shutting down and abandoning module WindowsTargetPlatform (79)
[2018.04.15-19.06.07:919][717]LogModuleManager: Shutting down and abandoning module WindowsServerTargetPlatform (77)
[2018.04.15-19.06.07:919][717]LogModuleManager: Shutting down and abandoning module WindowsNoEditorTargetPlatform (75)
[2018.04.15-19.06.07:919][717]LogModuleManager: Shutting down and abandoning module WindowsClientTargetPlatform (73)
[2018.04.15-19.06.07:919][717]LogModuleManager: Shutting down and abandoning module MacTargetPlatform (71)
[2018.04.15-19.06.07:919][717]LogModuleManager: Shutting down and abandoning module MacServerTargetPlatform (69)
[2018.04.15-19.06.07:919][717]LogModuleManager: Shutting down and abandoning module MacNoEditorTargetPlatform (67)
[2018.04.15-19.06.07:919][717]LogModuleManager: Shutting down and abandoning module MacClientTargetPlatform (65)
[2018.04.15-19.06.07:919][717]LogModuleManager: Shutting down and abandoning module AllDesktopTargetPlatform (63)
[2018.04.15-19.06.07:919][717]LogModuleManager: Shutting down and abandoning module InputCore (60)
[2018.04.15-19.06.07:919][717]LogModuleManager: Shutting down and abandoning module Settings (58)
[2018.04.15-19.06.07:919][717]LogModuleManager: Shutting down and abandoning module PhysXCooking (56)
[2018.04.15-19.06.07:919][717]LogModuleManager: Shutting down and abandoning module SteamVR (54)
[2018.04.15-19.06.07:919][717]LogModuleManager: Shutting down and abandoning module OculusHMD (52)
[2018.04.15-19.06.07:934][717]LogModuleManager: Shutting down and abandoning module ExampleDeviceProfileSelector (50)
[2018.04.15-19.06.07:934][717]LogModuleManager: Shutting down and abandoning module OnlineBlueprintSupport (48)
[2018.04.15-19.06.07:934][717]LogModuleManager: Shutting down and abandoning module OnlineSubsystem (44)
[2018.04.15-19.06.07:934][717]LogOnline: Display: Unloading online subsystem: NULL
[2018.04.15-19.06.07:953][717]LogModuleManager: Shutting down and abandoning module XMPP (43)
[2018.04.15-19.06.07:977][717]LogModuleManager: Shutting down and abandoning module HTTP (41)
[2018.04.15-19.06.07:977][717]LogHttp: Display: Http module shutting down, but needs to wait on 1 outstanding Http requests:
[2018.04.15-19.06.07:991][717]LogHttp: Display: 	verb=[POST] url=[https://datarouter.ol.epicgames.com/datarouter/api/v1/public/data?SessionID=%7B8FB40425-4190-803D-F912-158361C6054F%7D&AppID=UEEditor.Rocket.Release&AppVersion=4.17.2-3658906%2B%2B%2BUE4%2BRelease-4.17&UserID=8b8a3e684ea3f73380afd8bf9bd867f3%7C4be61d915c0e4bedba29bd77a960d2ed%7C717a039e-229d-43f4-b5b1-2c1d86af85b2&AppEnvironment=datacollector-binary&UploadType=eteventstream] status=Processing
[2018.04.15-19.06.08:008][717]LogModuleManager: Shutting down and abandoning module SSL (40)
[2018.04.15-19.06.08:016][717]LogModuleManager: Shutting down and abandoning module AnimationModifiers (36)
[2018.04.15-19.06.08:030][717]LogModuleManager: Shutting down and abandoning module PropertyEditor (35)
[2018.04.15-19.06.08:030][717]LogModuleManager: Shutting down and abandoning module AudioEditor (32)
[2018.04.15-19.06.08:041][717]LogModuleManager: Shutting down and abandoning module TextureCompressor (30)
[2018.04.15-19.06.08:041][717]LogModuleManager: Shutting down and abandoning module ShaderCore (28)
[2018.04.15-19.06.08:041][717]LogModuleManager: Shutting down and abandoning module Landscape (26)
[2018.04.15-19.06.08:041][717]LogModuleManager: Shutting down and abandoning module SlateRHIRenderer (24)
[2018.04.15-19.06.08:055][717]LogModuleManager: Shutting down and abandoning module OpenGLDrv (22)
[2018.04.15-19.06.08:066][717]LogModuleManager: Shutting down and abandoning module D3D11RHI (20)
[2018.04.15-19.06.08:066][717]LogModuleManager: Shutting down and abandoning module AnimGraphRuntime (18)
[2018.04.15-19.06.08:080][717]LogModuleManager: Shutting down and abandoning module Renderer (16)
[2018.04.15-19.06.08:080][717]LogModuleManager: Shutting down and abandoning module Engine (14)
[2018.04.15-19.06.08:080][717]LogModuleManager: Shutting down and abandoning module CoreUObject (12)
[2018.04.15-19.06.08:080][717]LogModuleManager: Shutting down and abandoning module NetworkFile (10)
[2018.04.15-19.06.08:080][717]LogModuleManager: Shutting down and abandoning module CookedIterativeFile (8)
[2018.04.15-19.06.08:080][717]LogModuleManager: Shutting down and abandoning module StreamingFile (6)
[2018.04.15-19.06.08:080][717]LogModuleManager: Shutting down and abandoning module SandboxFile (4)
[2018.04.15-19.06.08:080][717]LogModuleManager: Shutting down and abandoning module PakFile (2)
[2018.04.15-19.06.08:096][717]LogExit: Exiting.
[2018.04.15-19.06.08:135][717]Log file closed, 04/15/18 20:06:08
