Log file open, 03/07/18 12:51:49
LogWindows: Failed to load 'aqProf.dll' (GetLastError=126)
LogWindows: File 'aqProf.dll' does not exist
LogWindows: Failed to load 'VSPerf140.dll' (GetLastError=126)
LogWindows: File 'VSPerf140.dll' does not exist
LogWindows: Failed to load 'VtuneApi.dll' (GetLastError=126)
LogWindows: File 'VtuneApi.dll' does not exist
LogWindows: Failed to load 'VtuneApi32e.dll' (GetLastError=126)
LogWindows: File 'VtuneApi32e.dll' does not exist
LogInit: Display: Running engine for game: AntsGame
LogPlatformFile: Not using cached read wrapper
LogInit: Display: RandInit(1641416915) SRandInit(1641416916).
LogTaskGraph: Started task graph with 5 named threads and 8 total threads with 3 sets of task threads.
LogStats: Stats thread started at 0.417639
LogD3D11RHI: Aftermath initialized
LogPluginManager: Mounting plugin Paper2D
LogPluginManager: Mounting plugin LightPropagationVolume
LogPluginManager: Mounting plugin CodeLiteSourceCodeAccess
LogPluginManager: Mounting plugin GitSourceControl
LogPluginManager: Mounting plugin KDevelopSourceCodeAccess
LogPluginManager: Mounting plugin NullSourceCodeAccess
LogPluginManager: Mounting plugin PerforceSourceControl
LogPluginManager: Mounting plugin SubversionSourceControl
LogPluginManager: Mounting plugin UObjectPlugin
LogPluginManager: Mounting plugin VisualStudioSourceCodeAccess
LogPluginManager: Mounting plugin XCodeSourceCodeAccess
LogPluginManager: Mounting plugin AssetManagerEditor
LogPluginManager: Mounting plugin AudioCapture
LogPluginManager: Mounting plugin FacialAnimation
LogPluginManager: Mounting plugin GameplayTagsEditor
LogPluginManager: Mounting plugin MobileLauncherProfileWizard
LogPluginManager: Mounting plugin PluginBrowser
LogPluginManager: Mounting plugin SpeedTreeImporter
LogPluginManager: Mounting plugin AlembicImporter
LogPluginManager: Mounting plugin CharacterAI
LogPluginManager: Mounting plugin HTML5Networking
LogPluginManager: Mounting plugin AndroidMedia
LogPluginManager: Mounting plugin AvfMedia
LogPluginManager: Mounting plugin MediaPlayerEditor
LogPluginManager: Mounting plugin WmfMedia
LogPluginManager: Mounting plugin TcpMessaging
LogPluginManager: Mounting plugin UdpMessaging
LogPluginManager: Mounting plugin LevelSequenceEditor
LogPluginManager: Mounting plugin MatineeToLevelSequence
LogPluginManager: Mounting plugin OnlineSubsystemGooglePlay
LogPluginManager: Mounting plugin OnlineSubsystemIOS
LogPluginManager: Mounting plugin OnlineSubsystem
LogPluginManager: Mounting plugin OnlineSubsystemNull
LogPluginManager: Mounting plugin OnlineSubsystemUtils
LogPluginManager: Mounting plugin AndroidDeviceProfileSelector
LogPluginManager: Mounting plugin AndroidMoviePlayer
LogPluginManager: Mounting plugin AndroidPermission
LogPluginManager: Mounting plugin AppleMoviePlayer
LogPluginManager: Mounting plugin ArchVisCharacter
LogPluginManager: Mounting plugin CableComponent
LogPluginManager: Mounting plugin CustomMeshComponent
LogPluginManager: Mounting plugin ExampleDeviceProfileSelector
LogPluginManager: Mounting plugin GoogleCloudMessaging
LogPluginManager: Mounting plugin ImmediatePhysics
LogPluginManager: Mounting plugin IOSDeviceProfileSelector
LogPluginManager: Mounting plugin LinuxDeviceProfileSelector
LogPluginManager: Mounting plugin LocationServicesBPLibrary
LogPluginManager: Mounting plugin MobilePatchingUtils
LogPluginManager: Mounting plugin OculusVR
LogPluginManager: Mounting plugin PhysXVehicles
LogPluginManager: Mounting plugin ProceduralMeshComponent
LogPluginManager: Mounting plugin RuntimePhysXCooking
LogPluginManager: Mounting plugin SteamVR
LogPluginManager: Mounting plugin WindowsMoviePlayer
LogInit: Using libcurl 7.47.1
LogInit:  - built for x86_64-pc-win32
LogInit:  - supports SSL with OpenSSL/1.0.2g
LogInit:  - supports HTTP deflate (compression) using libz 1.2.8
LogInit:  - other features:
LogInit:      CURL_VERSION_SSL
LogInit:      CURL_VERSION_LIBZ
LogInit:      CURL_VERSION_IPV6
LogInit:      CURL_VERSION_ASYNCHDNS
LogInit:      CURL_VERSION_LARGEFILE
LogInit:      CURL_VERSION_IDN
LogInit:  CurlRequestOptions (configurable via config and command line):
LogInit:  - bVerifyPeer = false  - Libcurl will NOT verify peer certificate
LogInit:  - bUseHttpProxy = false  - Libcurl will NOT use HTTP proxy
LogInit:  - bDontReuseConnections = false  - Libcurl will reuse connections
LogInit:  - CertBundlePath = nullptr  - Libcurl will use whatever was configured at build time.
LogInit: Build: ++UE4+Release-4.17-CL-3658906
LogInit: Engine Version: 4.17.2-3658906+++UE4+Release-4.17
LogInit: Compatible Engine Version: 4.17.0-3573198+++UE4+Release-4.17
LogInit: Net CL: 3573198
LogDevObjectVersion: Number of dev versions registered: 16
LogDevObjectVersion:   Dev-Blueprints (B0D832E4-1F89-4F0D-ACCF-7EB736FD4AA2): 10
LogDevObjectVersion:   Dev-Build (E1C64328-A22C-4D53-A36C-8E866417BD8C): 0
LogDevObjectVersion:   Dev-Core (375EC13C-06E4-48FB-B500-84F0262A717E): 2
LogDevObjectVersion:   Dev-Editor (E4B068ED-F494-42E9-A231-DA0B2E46BB41): 20
LogDevObjectVersion:   Dev-Framework (CFFC743F-43B0-4480-9391-14DF171D2073): 28
LogDevObjectVersion:   Dev-Mobile (B02B49B5-BB20-44E9-A304-32B752E40360): 0
LogDevObjectVersion:   Dev-Networking (A4E4105C-59A1-49B5-A7C5-40C4547EDFEE): 0
LogDevObjectVersion:   Dev-Online (39C831C9-5AE6-47DC-9A44-9C173E1C8E7C): 0
LogDevObjectVersion:   Dev-Physics (78F01B33-EBEA-4F98-B9B4-84EACCB95AA2): 0
LogDevObjectVersion:   Dev-Platform (6631380F-2D4D-43E0-8009-CF276956A95A): 0
LogDevObjectVersion:   Dev-Rendering (12F88B9F-8875-4AFC-A67C-D90C383ABD29): 19
LogDevObjectVersion:   Dev-Sequencer (7B5AE74C-D270-4C10-A958-57980B212A5A): 4
LogDevObjectVersion:   Dev-VR (D7296918-1DD6-4BDD-9DE2-64A83CC13884): 0
LogDevObjectVersion:   Dev-LoadTimes (C2A15278-BFE7-4AFE-6C17-90FF531DF755): 1
LogDevObjectVersion:   Private-Geometry (6EACA3D4-40EC-4CC1-B786-8BED09428FC5): 1
LogDevObjectVersion:   Dev-AnimPhys (29E575DD-E0A3-4627-9D10-D276232CDCEA): 7
LogInit: Compiled (64-bit): Sep 22 2017 13:47:16
LogInit: Compiled with Visual C++: 19.00.24215.01
LogInit: Build Configuration: Development
LogInit: Branch Name: ++UE4+Release-4.17
LogInit: Command line: -EpicPortal 
LogInit: Base directory: D:/Game Dev/Epic Games/UE_4.17/Engine/Binaries/Win64/
LogInit: Installed Engine Build: 1
LogInit: Presizing for max 8388607 objects, including 0 objects not considered by GC, pre-allocating 0 bytes for permanent pool.
LogInit: Object subsystem initialized
[2018.03.07-12.51.52:543][  0]LogInit: Selected Device Profile: [Windows]
[2018.03.07-12.51.52:544][  0]LogInit: Applying CVar settings loaded from the selected device profile: [Windows]
[2018.03.07-12.51.52:665][  0]LogInit: Computer: LAPTOP-CLI7GUMK
[2018.03.07-12.51.52:665][  0]LogInit: User: Gary
[2018.03.07-12.51.52:665][  0]LogInit: CPU Page size=4096, Cores=2
[2018.03.07-12.51.52:665][  0]LogInit: High frequency timer resolution =2.835942 MHz
[2018.03.07-12.51.52:666][  0]LogMemory: Memory total: Physical=7.9GB (8GB approx)
[2018.03.07-12.51.52:666][  0]LogMemory: Platform Memory Stats for Windows
[2018.03.07-12.51.52:666][  0]LogMemory: Process Physical Memory: 281.99 MB used, 281.99 MB peak
[2018.03.07-12.51.52:666][  0]LogMemory: Process Virtual Memory: 277.03 MB used, 277.03 MB peak
[2018.03.07-12.51.52:666][  0]LogMemory: Physical Memory: 4811.09 MB used,  3275.03 MB free, 8086.12 MB total
[2018.03.07-12.51.52:666][  0]LogMemory: Virtual Memory: 692.11 MB used,  3275.03 MB free, 134217728.00 MB total
[2018.03.07-12.51.53:236][  0]LogInit: Using OS detected language (en-GB).
[2018.03.07-12.51.53:236][  0]LogInit: Using OS detected locale (en-GB).
[2018.03.07-12.51.53:248][  0]LogTextLocalizationManager: No specific localization for 'en-GB' exists, so the 'en' localization will be used.
[2018.03.07-12.51.55:860][  0]LogD3D11RHI: D3D11 adapters:
[2018.03.07-12.51.55:894][  0]LogD3D11RHI:    0. 'Intel(R) HD Graphics 620' (Feature Level 11_0)
[2018.03.07-12.51.55:894][  0]LogD3D11RHI:       128/0/4043 MB DedicatedVideo/DedicatedSystem/SharedSystem, Outputs:1, VendorId:0x8086
[2018.03.07-12.51.55:901][  0]LogD3D11RHI:    1. 'Microsoft Basic Render Driver' (Feature Level 11_0)
[2018.03.07-12.51.55:902][  0]LogD3D11RHI:       0/0/4043 MB DedicatedVideo/DedicatedSystem/SharedSystem, Outputs:0, VendorId:0x1414
[2018.03.07-12.51.55:902][  0]LogD3D11RHI: Chosen D3D11 Adapter: 0
[2018.03.07-12.51.55:920][  0]LogD3D11RHI: Creating new Direct3DDevice
[2018.03.07-12.51.55:921][  0]LogD3D11RHI:     GPU DeviceId: 0x5916 (for the marketing name, search the web for "GPU Device Id")
[2018.03.07-12.51.55:921][  0]LogWindows: EnumDisplayDevices:
[2018.03.07-12.51.55:921][  0]LogWindows:    0. 'Intel(R) HD Graphics 620' (P:1 D:1)
[2018.03.07-12.51.55:922][  0]LogWindows:    1. 'Intel(R) HD Graphics 620' (P:0 D:0)
[2018.03.07-12.51.55:922][  0]LogWindows:    2. 'Intel(R) HD Graphics 620' (P:0 D:0)
[2018.03.07-12.51.55:923][  0]LogWindows: DebugString: GetVideoDriverDetailsInvalid PrimaryIsNotTheChoosenAdapter GetVideoDriverDetailsInvalid PrimaryIsNotTheChoosenAdapter GetVideoDriverDetailsInvalid PrimaryIsNotTheChoosenAdapter FoundDriverCount:0 
[2018.03.07-12.51.55:923][  0]LogD3D11RHI:     Adapter Name: Intel(R) HD Graphics 620
[2018.03.07-12.51.55:923][  0]LogD3D11RHI:   Driver Version: Unknown (internal:Unknown, unified:Unknown)
[2018.03.07-12.51.55:923][  0]LogD3D11RHI:      Driver Date: Unknown
[2018.03.07-12.51.55:923][  0]LogRHI: Texture pool is 1361 MB (70% of 1945 MB)
[2018.03.07-12.51.55:948][  0]LogD3D11RHI: Async texture creation enabled
[2018.03.07-12.51.55:966][  0]LogD3D11RHI: GPU Timing Frequency: 12.000000 (Debug: 2 0)
[2018.03.07-12.51.55:970][  0]LogShaderCompilers: Guid format shader working directory is 18 characters bigger than the processId version (../../../../Projects/TDEMO-/Intermediate/Shaders/WorkingDirectory/7584/).
[2018.03.07-12.51.55:971][  0]LogShaderCompilers: Cleaned the shader compiler working directory 'C:/Users/Gary/AppData/Local/Temp/UnrealShaderWorkingDir/B79E26A641C7D7621ABE12B6E4819258/'.
[2018.03.07-12.51.55:971][  0]LogShaderCompilers: Display: Using Local Shader Compiler.
[2018.03.07-12.51.59:657][  0]LogTemp: Display: Loaded TP AllDesktopTargetPlatform
[2018.03.07-12.51.59:842][  0]LogTemp: Display: Loaded TP MacClientTargetPlatform
[2018.03.07-12.52.00:013][  0]LogTemp: Display: Loaded TP MacNoEditorTargetPlatform
[2018.03.07-12.52.00:218][  0]LogTemp: Display: Loaded TP MacServerTargetPlatform
[2018.03.07-12.52.00:410][  0]LogTemp: Display: Loaded TP MacTargetPlatform
[2018.03.07-12.52.00:604][  0]LogTemp: Display: Loaded TP WindowsClientTargetPlatform
[2018.03.07-12.52.00:784][  0]LogTemp: Display: Loaded TP WindowsNoEditorTargetPlatform
[2018.03.07-12.52.00:951][  0]LogTemp: Display: Loaded TP WindowsServerTargetPlatform
[2018.03.07-12.52.01:093][  0]LogTemp: Display: Loaded TP WindowsTargetPlatform
[2018.03.07-12.52.01:256][  0]LogTemp: Display: Loaded TP AndroidTargetPlatform
[2018.03.07-12.52.01:421][  0]LogTemp: Display: Loaded TP Android_ASTCTargetPlatform
[2018.03.07-12.52.01:582][  0]LogTemp: Display: Loaded TP Android_ATCTargetPlatform
[2018.03.07-12.52.01:757][  0]LogTemp: Display: Loaded TP Android_DXTTargetPlatform
[2018.03.07-12.52.01:924][  0]LogTemp: Display: Loaded TP Android_ETC1TargetPlatform
[2018.03.07-12.52.02:087][  0]LogTemp: Display: Loaded TP Android_ETC2TargetPlatform
[2018.03.07-12.52.02:406][  0]LogTemp: Display: Loaded TP Android_MultiTargetPlatform
[2018.03.07-12.52.02:406][  0]LogTemp: Display: Loaded TP Android_PVRTCTargetPlatform
[2018.03.07-12.52.02:533][  0]LogTemp: Display: Loaded TP HTML5TargetPlatform
[2018.03.07-12.52.02:784][  0]LogTemp: Display: Loaded TP IOSTargetPlatform
[2018.03.07-12.52.02:893][  0]LogTemp: Display: Loaded TP TVOSTargetPlatform
[2018.03.07-12.52.03:077][  0]LogTemp: Display: Loaded TP LinuxClientTargetPlatform
[2018.03.07-12.52.03:241][  0]LogTemp: Display: Loaded TP LinuxNoEditorTargetPlatform
[2018.03.07-12.52.03:401][  0]LogTemp: Display: Loaded TP LinuxServerTargetPlatform
[2018.03.07-12.52.03:566][  0]LogTemp: Display: Loaded TP LinuxTargetPlatform
[2018.03.07-12.52.03:566][  0]LogTargetPlatformManager: Display: Building Assets For Windows
[2018.03.07-12.52.05:186][  0]LogDerivedDataCache: Display: Max Cache Size: 512 MB
[2018.03.07-12.52.05:506][  0]LogDerivedDataCache: Loaded boot cache 0.32s 93MB C:/Users/Gary/AppData/Local/UnrealEngine/4.17/DerivedDataCache/Boot.ddc.
[2018.03.07-12.52.05:506][  0]LogDerivedDataCache: Display: Loaded Boot cache: C:/Users/Gary/AppData/Local/UnrealEngine/4.17/DerivedDataCache/Boot.ddc
[2018.03.07-12.52.05:506][  0]LogDerivedDataCache: FDerivedDataBackendGraph:  Pak pak cache file ../../../../Projects/TDEMO-/DerivedDataCache/DDC.ddp not found, will not use a pak cache.
[2018.03.07-12.52.05:506][  0]LogDerivedDataCache: Unable to find inner node Pak for hierarchical cache Hierarchy.
[2018.03.07-12.52.05:506][  0]LogDerivedDataCache: FDerivedDataBackendGraph:  CompressedPak pak cache file ../../../../Projects/TDEMO-/DerivedDataCache/Compressed.ddp not found, will not use a pak cache.
[2018.03.07-12.52.05:506][  0]LogDerivedDataCache: Unable to find inner node CompressedPak for hierarchical cache Hierarchy.
[2018.03.07-12.52.05:585][  0]LogDerivedDataCache: Display: Pak cache opened for reading ../../../Engine/DerivedDataCache/Compressed.ddp.
[2018.03.07-12.52.05:601][  0]LogDerivedDataCache: Using Local data cache path C:/Users/Gary/AppData/Local/UnrealEngine/Common/DerivedDataCache: Writable
[2018.03.07-12.52.05:656][  0]LogMaterial: Verifying Global Shaders for PCD3D_SM5
[2018.03.07-12.52.05:656][  0]LogSlate: Using Freetype 2.6.0
[2018.03.07-12.52.05:659][  0]LogSlate: SlateFontCache - WITH_FREETYPE: 1, WITH_HARFBUZZ: 1
[2018.03.07-12.52.05:660][  0]LogSlate: SlateFontCache - WITH_FREETYPE: 1, WITH_HARFBUZZ: 1
[2018.03.07-12.52.06:611][  0]LogAssetRegistry: FAssetRegistry took 0.0409 seconds to start up
[2018.03.07-12.52.07:165][  0]LogInit: Selected Device Profile: [Windows]
[2018.03.07-12.52.07:662][  0]LogContentStreaming: Texture pool size is 0.00 MB
[2018.03.07-12.52.08:835][  0]LogSimplygon: Simplygon DLL not present - disabling.
[2018.03.07-12.52.08:964][  0]LogMeshReduction: Using SimplygonSwarm for distributed automatic mesh merging
[2018.03.07-12.52.08:964][  0]LogMeshReduction: Using QuadricMeshReduction for automatic static mesh reduction
[2018.03.07-12.52.08:964][  0]LogMeshReduction: No automatic skeletal mesh reduction module available
[2018.03.07-12.52.08:964][  0]LogMeshReduction: No automatic mesh merging module available
[2018.03.07-12.52.08:964][  0]LogMeshMerging: No automatic mesh merging module available
[2018.03.07-12.52.10:314][  0]LogNetVersion: AntsGame , NetCL: 3573198, EngineNetVer: 2, GameNetVer: 0 (Checksum: 3821802436)
[2018.03.07-12.52.11:392][  0]LogPackageLocalizationCache: Processed 5 localized package path(s) for 2 prioritized culture(s) in 0.312950 seconds
[2018.03.07-12.52.11:412][  0]LogUObjectArray: 35825 objects as part of root set at end of initial load.
[2018.03.07-12.52.11:412][  0]LogUObjectAllocator: 7529104 out of 0 bytes used by permanent object pool.
[2018.03.07-12.52.11:412][  0]LogUObjectArray: CloseDisregardForGC: 0/0 objects in disregard for GC pool
[2018.03.07-12.52.11:609][  0]LogInit: WinSock: version 1.1 (2.2), MaxSocks=32767, MaxUdp=65467
[2018.03.07-12.52.20:845][  0]LogTcpMessaging: Initializing TcpMessaging bridge
[2018.03.07-12.52.20:954][  0]LogUdpMessaging: Initializing bridge on interface 0.0.0.0:0 to multicast group 230.0.0.1:6666.
[2018.03.07-12.52.23:072][  0]LogMaterial: Uniform references updated for custom material expression Custom.
[2018.03.07-12.52.24:458][  0]SourceControl: Source control is disabled
[2018.03.07-12.52.24:458][  0]SourceControl: Source control is disabled
[2018.03.07-12.52.24:617][  0]SourceControl: Source control is disabled
[2018.03.07-12.52.24:775][  0]SourceControl: Source control is disabled
[2018.03.07-12.52.26:694][  0]LogAndroidPermission: UAndroidPermissionCallbackProxy::GetInstance
[2018.03.07-12.52.27:498][  0]LogOcInput: OculusInput pre-init called
[2018.03.07-12.52.28:349][  0]LogEngine: Initializing Engine...
[2018.03.07-12.52.28:356][  0]LogHMD: Failed to initialize OpenVR with code 110
[2018.03.07-12.52.29:124][  0]LogStats: UGameplayTagsManager::ConstructGameplayTagTree: Construct from data asset -  0.000 s
[2018.03.07-12.52.29:124][  0]LogStats: UGameplayTagsManager::ConstructGameplayTagTree: GameplayTagTreeChangedEvent.Broadcast -  0.000 s
[2018.03.07-12.52.29:545][  0]LogAIModule: Creating AISystem for world Untitled
[2018.03.07-12.52.29:594][  0]LogInit: XAudio2 using 'Speakers (Realtek High Definition Audio)' : 2 channels at 48 kHz using 32 bits per sample (channel mask 0x3)
[2018.03.07-12.52.29:662][  0]LogInit: FAudioDevice initialized.
[2018.03.07-12.52.29:878][  0]LogDerivedDataCache: Saved boot cache 0.22s 93MB C:/Users/Gary/AppData/Local/UnrealEngine/4.17/DerivedDataCache/Boot.ddc.
[2018.03.07-12.52.29:904][  0]LogInit: Texture streaming: Enabled
[2018.03.07-12.52.30:272][  0]LogEngineSessionManager: EngineSessionManager initialized
[2018.03.07-12.52.31:179][  0]LogInit: Transaction tracking system initialized
[2018.03.07-12.52.32:233][  0]BlueprintLog: New page: Editor Load
[2018.03.07-12.52.35:227][  0]LocalizationService: Localization service is disabled
[2018.03.07-12.52.36:998][  0]LogLinker: Warning: Can't find file '/Game/FlyingBP/FlyingOverview'
[2018.03.07-12.52.36:998][  0]LogLinker: Warning: Can't find file '/Game/FlyingBP/FlyingOverview'
[2018.03.07-12.52.36:999][  0]LogUObjectGlobals: Warning: Failed to find object 'Class /Game/FlyingBP/FlyingOverview.FlyingOverview_C'
[2018.03.07-12.52.37:643][  0]LogConsoleResponse: Display: 
[2018.03.07-12.52.38:535][  0]LogCook: Display: Max memory allowance for cook 16384mb min free memory 0mb
[2018.03.07-12.52.38:535][  0]LogCook: Display: Mobile HDR setting 1
[2018.03.07-12.52.38:536][  0]LogGameplayTags: Display: UGameplayTagsManager::DoneAddingNativeTags. DelegateIsBound: 0
[2018.03.07-12.52.39:119][  0]LogFileCache: Scanning file cache for directory 'D:/Game Dev/Epic Games/Projects/TDEMO-/Content/' took 0.04s
[2018.03.07-12.52.42:254][  0]SourceControl: Source control is disabled
[2018.03.07-12.52.42:254][  0]Cmd: MAP LOAD FILE="../../../../Projects/TDEMO-/Content/Levels/PicnicLevel.umap" TEMPLATE=0 SHOWPROGRESS=1 FEATURELEVEL=3
[2018.03.07-12.52.42:391][  0]LightingResults: New page: Lighting Build
[2018.03.07-12.52.42:552][  0]MapCheck: New page: Map Check
[2018.03.07-12.52.42:552][  0]LightingResults: New page: Lighting Build
[2018.03.07-12.52.43:158][  0]LogBlueprint: Warning: [Turret] 'Charge Bar' variable not found. Base class was probably changed.
[2018.03.07-12.52.43:159][  0]LogBlueprint: Warning: [Turret] 'Charge Bar' variable not found. Base class was probably changed.
[2018.03.07-12.52.43:159][  0]LogBlueprint: Warning: [Turret] 'Charge Bar 2' variable not found. Base class was probably changed.
[2018.03.07-12.52.43:159][  0]LogBlueprint: Warning: [Turret] 'Charge Bar 2' variable not found. Base class was probably changed.
[2018.03.07-12.52.44:577][  0]LogBlueprint: Warning: [Turret2] 'Charge Bar' variable not found. Base class was probably changed.
[2018.03.07-12.52.44:579][  0]LogBlueprint: Warning: [Turret2] 'Charge Bar' variable not found. Base class was probably changed.
[2018.03.07-12.52.44:580][  0]LogBlueprint: Warning: [Turret2] 'Charge Bar 2' variable not found. Base class was probably changed.
[2018.03.07-12.52.44:580][  0]LogBlueprint: Warning: [Turret2] 'Charge Bar 2' variable not found. Base class was probably changed.
[2018.03.07-12.52.49:120][  0]LogAIModule: Creating AISystem for world PicnicLevel
[2018.03.07-12.52.49:418][  0]LogEditorServer: Finished looking for orphan Actors (0.000 secs)
[2018.03.07-12.52.49:514][  0]Cmd: MAP CHECKDEP NOCLEARLOG
[2018.03.07-12.52.49:844][  0]MapCheck: Map check complete: 0 Error(s), 0 Warning(s), took 329.773ms to complete.
[2018.03.07-12.52.49:845][  0]LogFileHelpers: Loading map 'PicnicLevel' took 7.591
[2018.03.07-12.52.50:020][  0]LogWindowsTextInputMethodSystem: Display: IME system now deactivated.
[2018.03.07-12.52.50:021][  0]LogWindowsTextInputMethodSystem: Display: IME system now deactivated.
[2018.03.07-12.52.51:049][  0]LogCollectionManager: Loaded 0 collections in 0.019149 seconds
[2018.03.07-12.52.51:496][  0]LogFileCache: Scanning file cache for directory 'D:/Game Dev/Epic Games/Projects/TDEMO-/Saved/Collections/' took 0.01s
[2018.03.07-12.52.51:496][  0]LogFileCache: Scanning file cache for directory 'D:/Game Dev/Epic Games/Projects/TDEMO-/Content/Developers/Gary/Collections/' took 0.01s
[2018.03.07-12.52.51:497][  0]LogFileCache: Scanning file cache for directory 'D:/Game Dev/Epic Games/Projects/TDEMO-/Content/Collections/' took 0.01s
[2018.03.07-12.52.51:497][  0]LogCollectionManager: Rebuilt the GUID cache for 0 collections in 0.000001 seconds
[2018.03.07-12.52.51:554][  0]LogContentBrowser: Native class hierarchy populated in 0.0548 seconds. Added 2386 classes and 500 folders.
[2018.03.07-12.52.51:897][  0]LogContentBrowser: Native class hierarchy updated for 'WidgetCarousel' in 0.0031 seconds. Added 0 classes and 0 folders.
[2018.03.07-12.52.53:675][  0]LogContentBrowser: Native class hierarchy updated for 'AddContentDialog' in 0.0058 seconds. Added 0 classes and 0 folders.
[2018.03.07-12.52.54:034][  0]LogContentBrowser: Native class hierarchy updated for 'SceneOutliner' in 0.0037 seconds. Added 1 classes and 2 folders.
[2018.03.07-12.52.54:995][  0]LogContentBrowser: Native class hierarchy updated for 'WorldBrowser' in 0.0038 seconds. Added 2 classes and 3 folders.
[2018.03.07-12.52.56:291][  0]LogSlate: Took 0.001615 seconds to synchronously load lazily loaded font '../../../Engine/Content/Slate/Fonts/Roboto-Regular.ttf' (155K)
[2018.03.07-12.52.56:335][  0]LogSlate: Took 0.002943 seconds to synchronously load lazily loaded font '../../../Engine/Content/Slate/Fonts/Roboto-Bold.ttf' (160K)
[2018.03.07-12.52.56:412][  0]LogSlate: Took 0.009805 seconds to synchronously load lazily loaded font '../../../Engine/Content/Editor/Slate/Fonts/FontAwesome.ttf' (139K)
[2018.03.07-12.52.57:176][  0]LogRenderer: Reallocating scene render targets to support 1008x472 Format 10 NumSamples 1 (Frame:1).
[2018.03.07-12.53.02:067][  0]LogSlate: Took 0.015749 seconds to synchronously load lazily loaded font '../../../Engine/Content/Slate/Fonts/Roboto-Light.ttf' (159K)
[2018.03.07-12.53.02:829][  0]LogContentBrowser: Native class hierarchy updated for 'HierarchicalLODOutliner' in 0.0027 seconds. Added 1 classes and 2 folders.
[2018.03.07-12.53.02:830][  0]LogLoad: (Engine Initialization) Total time: 79.36 seconds
[2018.03.07-12.53.02:830][  0]LogLoad: (Engine Initialization) Total Blueprint compile time: 0.00 seconds
[2018.03.07-12.53.02:831][  0]LogExternalProfiler: No external profilers were discovered.  External profiling features will not be available.
[2018.03.07-12.53.02:950][  0]LogContentStreaming: Texture pool size now 1000 MB
[2018.03.07-12.53.03:086][  1]LogFileCache: Retrieving MD5 hashes for directory 'D:/Game Dev/Epic Games/Projects/TDEMO-/Content/' took 0.20s
[2018.03.07-12.53.09:093][  8]LogAssetRegistry: Asset discovery search completed in 62.5057 seconds
[2018.03.07-12.53.09:099][  8]LogCollectionManager: Rebuilt the object cache for 0 collections in 0.000001 seconds (found 0 objects)
[2018.03.07-12.53.09:099][  8]LogCollectionManager: Fixed up redirectors for 0 collections in 0.000164 seconds (updated 0 objects)
[2018.03.07-12.53.56:091][760]LogEditorViewport: Clicking on Actor (LMB): BP_Sky_Sphere_C (Sky Sphere)
[2018.03.07-12.53.57:811][763]LogEditorViewport: Clicking on Actor (LMB): StaticMeshActor (Ptable_2)
[2018.03.07-12.54.00:607][778]LogSlate: Took 0.000457 seconds to synchronously load lazily loaded font '../../../Engine/Content/Slate/Fonts/Roboto-Light.ttf' (159K)
[2018.03.07-12.54.23:167][173]LogMaterial: Warning: Material /Game/Assets/palette.palette needed to have new flag set bUsedWithStaticLighting !
[2018.03.07-12.54.23:200][173]LogMaterial: Missing cached shader map for material palette, compiling. 
[2018.03.07-12.54.47:931][581]LogMaterial: Warning: Material /Game/Assets/lambert3.lambert3 needed to have new flag set bUsedWithStaticLighting !
[2018.03.07-12.54.47:939][581]LogMaterial: Missing cached shader map for material lambert3, compiling. 
[2018.03.07-12.57.34:632][122]LogEditorViewport: Clicking on Actor (context menu): StaticMeshActor (Ptable_2)
[2018.03.07-12.57.37:341][166]LogTemp: Repeating last play command: New Editor Window (PIE)
[2018.03.07-12.57.38:585][166]LogBlueprintUserMessages: Early PlayInEditor Detection: Level '/Game/Levels/PicnicLevel.PicnicLevel:PersistentLevel' has LevelScriptBlueprint '/Game/Levels/PicnicLevel.PicnicLevel:PersistentLevel.PicnicLevel' with GeneratedClass '/Game/Levels/PicnicLevel.PicnicLevel_C' with ClassGeneratedBy '/Game/Levels/PicnicLevel.PicnicLevel:PersistentLevel.PicnicLevel'
[2018.03.07-12.57.38:586][166]LogPlayLevel: PlayLevel: No blueprints needed recompiling
[2018.03.07-12.57.38:630][166]PIE: New page: PIE session: PicnicLevel (7 Mar 2018 12:57:38)
[2018.03.07-12.57.38:635][166]LogPlayLevel: Creating play world package: /Game/Levels/UEDPIE_0_PicnicLevel
[2018.03.07-12.57.38:775][166]LogPlayLevel: PIE: StaticDuplicateObject took: (0.139461s)
[2018.03.07-12.57.38:779][166]LogAIModule: Creating AISystem for world PicnicLevel
[2018.03.07-12.57.38:780][166]LogPlayLevel: PIE: World Init took: (0.004810s)
[2018.03.07-12.57.38:781][166]LogPlayLevel: PIE: Created PIE world by copying editor world from /Game/Levels/PicnicLevel.PicnicLevel to /Game/Levels/UEDPIE_0_PicnicLevel.PicnicLevel (0.146003s)
[2018.03.07-12.57.38:898][166]LogInit: XAudio2 using 'Speakers (Realtek High Definition Audio)' : 2 channels at 48 kHz using 32 bits per sample (channel mask 0x3)
[2018.03.07-12.57.38:968][166]LogInit: FAudioDevice initialized.
[2018.03.07-12.57.39:214][166]LogLoad: Game class is 'AntsGamemode_C'
[2018.03.07-12.57.39:334][166]LogWorld: Bringing World /Game/Levels/UEDPIE_0_PicnicLevel.PicnicLevel up for play (max tick rate 60) at 2018.03.07-12.57.39
[2018.03.07-12.57.39:420][166]LogWorld: Bringing up level for play took: 0.172281
[2018.03.07-12.57.39:674][166]LogContentBrowser: Native class hierarchy updated for 'MovieSceneCapture' in 0.0028 seconds. Added 11 classes and 0 folders.
[2018.03.07-12.57.39:746][166]PIE: Play in editor start time for /Game/Levels/UEDPIE_0_PicnicLevel 0.795
[2018.03.07-12.57.39:753][166]LogBlueprintUserMessages: Late PlayInEditor Detection: Level '/Game/Levels/PicnicLevel.PicnicLevel:PersistentLevel' has LevelScriptBlueprint '/Game/Levels/PicnicLevel.PicnicLevel:PersistentLevel.PicnicLevel' with GeneratedClass '/Game/Levels/PicnicLevel.PicnicLevel_C' with ClassGeneratedBy '/Game/Levels/PicnicLevel.PicnicLevel:PersistentLevel.PicnicLevel'
[2018.03.07-12.57.40:106][166]LogRenderer: Reallocating scene render targets to support 1292x756 Format 10 NumSamples 1 (Frame:1).
[2018.03.07-12.59.04:367][192]LogBlueprintUserMessages: Early EndPlayMap Detection: Level '/Game/Levels/PicnicLevel.PicnicLevel:PersistentLevel' has LevelScriptBlueprint '/Game/Levels/PicnicLevel.PicnicLevel:PersistentLevel.PicnicLevel' with GeneratedClass '/Game/Levels/PicnicLevel.PicnicLevel_C' with ClassGeneratedBy '/Game/Levels/PicnicLevel.PicnicLevel:PersistentLevel.PicnicLevel'
[2018.03.07-12.59.05:362][192]LogBlueprintUserMessages: Late EndPlayMap Detection: Level '/Game/Levels/PicnicLevel.PicnicLevel:PersistentLevel' has LevelScriptBlueprint '/Game/Levels/PicnicLevel.PicnicLevel:PersistentLevel.PicnicLevel' with GeneratedClass '/Game/Levels/PicnicLevel.PicnicLevel_C' with ClassGeneratedBy '/Game/Levels/PicnicLevel.PicnicLevel:PersistentLevel.PicnicLevel'
[2018.03.07-12.59.59:060][918]LogSlate: Took 0.001892 seconds to synchronously load lazily loaded font '../../../Engine/Content/Slate/Fonts/Roboto-Light.ttf' (159K)
[2018.03.07-12.59.59:471][918]LogContentBrowser: Native class hierarchy updated for 'DestructibleMeshEditor' in 0.0048 seconds. Added 1 classes and 2 folders.
[2018.03.07-12.59.59:503][918]LogSlate: Took 0.001232 seconds to synchronously load lazily loaded font '../../../Engine/Content/Slate/Fonts/Roboto-Regular.ttf' (155K)
[2018.03.07-13.00.02:840][945]LogRenderer: Reallocating scene render targets to support 1292x804 Format 10 NumSamples 1 (Frame:4).
[2018.03.07-13.00.21:693][180]LogEditorViewport: Clicking on Actor (LMB): StaticMeshActor (Ptable_2)
[2018.03.07-13.00.35:847][378]Cmd: TRANSACTION UNDO
[2018.03.07-13.00.35:848][378]LogEditorTransaction: Undo Move Actors
[2018.03.07-13.00.40:599][442]LogEditorViewport: Clicking on Actor (LMB): BP_Sky_Sphere_C (Sky Sphere)
[2018.03.07-13.01.15:965][863]LogSlate: Took 0.015968 seconds to synchronously load lazily loaded font '../../../Engine/Content/Editor/Slate/Fonts/Roboto-Italic.ttf' (157K)
[2018.03.07-13.01.31:955][ 41]MapCheck: New page: Map Check
[2018.03.07-13.01.32:362][ 41]LightingResults: New page: Lighting Build - 7 Mar 2018 13:01:32
[2018.03.07-13.01.32:685][ 41]LogSwarmInterface: [OpenConnection] Registering TCP channel ...
[2018.03.07-13.01.33:104][ 41]LogSwarmInterface: [OpenConnection] Connecting to agent ...
[2018.03.07-13.01.33:197][ 41]LogSwarmInterface: [TryOpenConnection] Testing the Agent
[2018.03.07-13.01.35:279][ 41]LogSwarmInterface: [TryOpenConnection] Opening Connection to Agent
[2018.03.07-13.01.35:280][ 41]LogSwarmInterface: [TryOpenConnection] Local Process ID is 7584
[2018.03.07-13.01.37:402][ 41]LogStaticLightingSystem: Warning: No importance volume found, so the scene bounding box was used.  You can optimize your scene's quality and lighting build times by adding importance volumes.
[2018.03.07-13.01.37:453][ 41]LogStaticLightingSystem: Running Lightmass w/ ImmediateImport mode ENABLED
[2018.03.07-13.01.37:453][ 41]LogStaticLightingSystem: Running Lightmass w/ ImmediateProcess mode ENABLED
[2018.03.07-13.01.37:453][ 41]LogStaticLightingSystem: Running Lightmass w/ Sorting mode ENABLED
[2018.03.07-13.01.37:453][ 41]LogStaticLightingSystem: Running Lightmass w/ Mapping paddings ENABLED
[2018.03.07-13.01.37:454][ 41]LogStaticLightingSystem: Running Lightmass w/ Mapping debug paddings DISABLED
[2018.03.07-13.01.37:822][ 41]LogEditorBuildUtils: Build time 0:05
[2018.03.07-13.01.37:974][ 42]LogMaterial: Missing cached shader map for material FLightmassMaterialRenderer lambert3, compiling. 
[2018.03.07-13.01.38:020][ 42]LogMaterial: Missing cached shader map for material FLightmassMaterialRenderer lambert3, compiling. 
[2018.03.07-13.01.46:856][109]Job is a success!
[2018.03.07-13.01.47:825][110]LogTexture: Display: Building textures: HQ_Lightmap1_1 (AutoDXT, 256X256)
[2018.03.07-13.01.47:825][110]LogTexture: Display: Building textures: LQ_Lightmap_1_1 (DXT1, 256X256)
[2018.03.07-13.01.47:825][110]LogTexture: Display: Building textures: HQ_Lightmap1_2 (AutoDXT, 64X64)
[2018.03.07-13.01.47:825][110]LogTexture: Display: Building textures: LQ_Lightmap_1_2 (DXT1, 64X64)
[2018.03.07-13.01.47:976][110]LogTexture: Display: Building textures: ShadowMapTexture2D_0 (G8, 256X128)
[2018.03.07-13.01.47:977][110]LogTexture: Display: Building textures: ShadowMapTexture2D_1 (G8, 32X32)
[2018.03.07-13.01.48:123][110]Lightmass on LAPTOP-CLI7GUMK: 3.65 sec total, 814 ms importing, 14 ms setup, 637 ms photons, 2.10 sec processing, 0 ms extra exporting [3/3 mappings]. Threads: 8.34 sec total, 1.56 sec processing.
[2018.03.07-13.01.48:307][110]LogStaticLightingSystem: Illumination: 15.7 sec (370 ms encoding lightmaps, 145 ms encoding shadowmaps)
[2018.03.07-13.01.48:308][110]LogStaticLightingSystem: Lightmap texture memory:  0.1 MB (0.1 MB streaming, 0.0 MB non-streaming), 4 textures
[2018.03.07-13.01.48:308][110]LogStaticLightingSystem: Shadowmap texture memory: 0.0 MB (0.0 MB streaming, 0.0 MB non-streaming), 2 textures
[2018.03.07-13.01.49:413][110]DumpUnbuiltLightIteractions
[2018.03.07-13.01.49:413][110]Lights with unbuilt interactions: 0
[2018.03.07-13.01.49:413][110]
[2018.03.07-13.01.49:414][110]Primitives with unbuilt interactions: 0
[2018.03.07-13.01.49:449][111]Cmd: MAP CHECK NOTIFYRESULTS
[2018.03.07-13.01.49:450][111]MapCheck: New page: PicnicLevel - 7 Mar 2018 13:01:49
[2018.03.07-13.01.49:461][111]MapCheck: Warning: Picnic_Table__3 Static mesh actor has NULL StaticMesh property 
[2018.03.07-13.01.49:462][111]MapCheck: Warning: Picnic_Table__3 Static mesh actor has NULL StaticMesh property 
[2018.03.07-13.01.49:718][111]MapCheck: Map check complete: 0 Error(s), 2 Warning(s), took 268.924ms to complete.
[2018.03.07-13.01.57:669][219]LogWindows: LaunchURL http://docs.unrealengine.com/latest/INT/Shared/Editor/MapErrors/index.html?utm_source=editor&utm_medium=docs&utm_campaign=msg_log
[2018.03.07-13.03.49:888][708]Cmd: OBJ SAVEPACKAGE PACKAGE="/Game/Assets/Picnic_Basket_DM" FILE="../../../../Projects/TDEMO-/Content/Assets/Picnic_Basket_DM.uasset" SILENT=true
[2018.03.07-13.03.51:774][708]LogSavePackage: Save=948.89ms
[2018.03.07-13.03.51:774][708]LogSavePackage: Moving '../../../../Projects/TDEMO-/Saved/Picnic_Basket_DM5AE6BBF44399F872142172B1AFEDA5D2.tmp' to '../../../../Projects/TDEMO-/Content/Assets/Picnic_Basket_DM.uasset'
[2018.03.07-13.03.51:943][708]LogSavePackage: Display: Finished SavePackage ../../../../Projects/TDEMO-/Content/Assets/Picnic_Basket_DM.uasset
[2018.03.07-13.03.57:258][777]LogTemp: Repeating last play command: New Editor Window (PIE)
[2018.03.07-13.03.57:519][777]LogBlueprintUserMessages: Early PlayInEditor Detection: Level '/Game/Levels/PicnicLevel.PicnicLevel:PersistentLevel' has LevelScriptBlueprint '/Game/Levels/PicnicLevel.PicnicLevel:PersistentLevel.PicnicLevel' with GeneratedClass '/Game/Levels/PicnicLevel.PicnicLevel_C' with ClassGeneratedBy '/Game/Levels/PicnicLevel.PicnicLevel:PersistentLevel.PicnicLevel'
[2018.03.07-13.03.57:519][777]LogPlayLevel: PlayLevel: No blueprints needed recompiling
[2018.03.07-13.03.57:520][777]PIE: New page: PIE session: PicnicLevel (7 Mar 2018 13:03:57)
[2018.03.07-13.03.57:523][777]LogPlayLevel: Creating play world package: /Game/Levels/UEDPIE_0_PicnicLevel
[2018.03.07-13.03.57:605][777]LogPlayLevel: PIE: StaticDuplicateObject took: (0.081685s)
[2018.03.07-13.03.57:609][777]LogAIModule: Creating AISystem for world PicnicLevel
[2018.03.07-13.03.57:610][777]LogPlayLevel: PIE: World Init took: (0.004570s)
[2018.03.07-13.03.57:611][777]LogPlayLevel: PIE: Created PIE world by copying editor world from /Game/Levels/PicnicLevel.PicnicLevel to /Game/Levels/UEDPIE_0_PicnicLevel.PicnicLevel (0.088012s)
[2018.03.07-13.03.57:714][777]LogInit: XAudio2 using 'Speakers (Realtek High Definition Audio)' : 2 channels at 48 kHz using 32 bits per sample (channel mask 0x3)
[2018.03.07-13.03.57:773][777]LogInit: FAudioDevice initialized.
[2018.03.07-13.03.57:940][777]LogLoad: Game class is 'AntsGamemode_C'
[2018.03.07-13.03.58:086][777]LogWorld: Bringing World /Game/Levels/UEDPIE_0_PicnicLevel.PicnicLevel up for play (max tick rate 60) at 2018.03.07-13.03.58
[2018.03.07-13.03.58:092][777]LogWorld: Bringing up level for play took: 0.148154
[2018.03.07-13.03.58:146][777]PIE: Play in editor start time for /Game/Levels/UEDPIE_0_PicnicLevel 1.194
[2018.03.07-13.03.58:148][777]LogBlueprintUserMessages: Late PlayInEditor Detection: Level '/Game/Levels/PicnicLevel.PicnicLevel:PersistentLevel' has LevelScriptBlueprint '/Game/Levels/PicnicLevel.PicnicLevel:PersistentLevel.PicnicLevel' with GeneratedClass '/Game/Levels/PicnicLevel.PicnicLevel_C' with ClassGeneratedBy '/Game/Levels/PicnicLevel.PicnicLevel:PersistentLevel.PicnicLevel'
[2018.03.07-13.04.13:004][948]LogBlueprintUserMessages: Early EndPlayMap Detection: Level '/Game/Levels/PicnicLevel.PicnicLevel:PersistentLevel' has LevelScriptBlueprint '/Game/Levels/PicnicLevel.PicnicLevel:PersistentLevel.PicnicLevel' with GeneratedClass '/Game/Levels/PicnicLevel.PicnicLevel_C' with ClassGeneratedBy '/Game/Levels/PicnicLevel.PicnicLevel:PersistentLevel.PicnicLevel'
[2018.03.07-13.04.13:558][948]LogBlueprintUserMessages: Late EndPlayMap Detection: Level '/Game/Levels/PicnicLevel.PicnicLevel:PersistentLevel' has LevelScriptBlueprint '/Game/Levels/PicnicLevel.PicnicLevel:PersistentLevel.PicnicLevel' with GeneratedClass '/Game/Levels/PicnicLevel.PicnicLevel_C' with ClassGeneratedBy '/Game/Levels/PicnicLevel.PicnicLevel:PersistentLevel.PicnicLevel'
[2018.03.07-13.04.50:160][425]Cmd: OBJ SAVEPACKAGE PACKAGE="/Game/Assets/Picnic_Basket_DM" FILE="../../../../Projects/TDEMO-/Content/Assets/Picnic_Basket_DM.uasset" SILENT=true
[2018.03.07-13.04.51:359][425]LogSavePackage: Save=840.05ms
[2018.03.07-13.04.51:360][425]LogSavePackage: Moving '../../../../Projects/TDEMO-/Saved/Picnic_Basket_DM3680A54A4FE4D79C6E9B34A0616B8F90.tmp' to '../../../../Projects/TDEMO-/Content/Assets/Picnic_Basket_DM.uasset'
[2018.03.07-13.04.51:374][425]LogSavePackage: Display: Finished SavePackage ../../../../Projects/TDEMO-/Content/Assets/Picnic_Basket_DM.uasset
[2018.03.07-13.04.53:348][455]LogTemp: Repeating last play command: New Editor Window (PIE)
[2018.03.07-13.04.53:525][455]LogBlueprintUserMessages: Early PlayInEditor Detection: Level '/Game/Levels/PicnicLevel.PicnicLevel:PersistentLevel' has LevelScriptBlueprint '/Game/Levels/PicnicLevel.PicnicLevel:PersistentLevel.PicnicLevel' with GeneratedClass '/Game/Levels/PicnicLevel.PicnicLevel_C' with ClassGeneratedBy '/Game/Levels/PicnicLevel.PicnicLevel:PersistentLevel.PicnicLevel'
[2018.03.07-13.04.53:526][455]LogPlayLevel: PlayLevel: No blueprints needed recompiling
[2018.03.07-13.04.53:526][455]PIE: New page: PIE session: PicnicLevel (7 Mar 2018 13:04:53)
[2018.03.07-13.04.53:529][455]LogPlayLevel: Creating play world package: /Game/Levels/UEDPIE_0_PicnicLevel
[2018.03.07-13.04.53:580][455]LogPlayLevel: PIE: StaticDuplicateObject took: (0.051225s)
[2018.03.07-13.04.53:582][455]LogAIModule: Creating AISystem for world PicnicLevel
[2018.03.07-13.04.53:583][455]LogPlayLevel: PIE: World Init took: (0.002625s)
[2018.03.07-13.04.53:584][455]LogPlayLevel: PIE: Created PIE world by copying editor world from /Game/Levels/PicnicLevel.PicnicLevel to /Game/Levels/UEDPIE_0_PicnicLevel.PicnicLevel (0.054822s)
[2018.03.07-13.04.53:656][455]LogInit: XAudio2 using 'Speakers (Realtek High Definition Audio)' : 2 channels at 48 kHz using 32 bits per sample (channel mask 0x3)
[2018.03.07-13.04.53:702][455]LogInit: FAudioDevice initialized.
[2018.03.07-13.04.53:823][455]LogLoad: Game class is 'AntsGamemode_C'
[2018.03.07-13.04.53:885][455]LogWorld: Bringing World /Game/Levels/UEDPIE_0_PicnicLevel.PicnicLevel up for play (max tick rate 60) at 2018.03.07-13.04.53
[2018.03.07-13.04.53:888][455]LogWorld: Bringing up level for play took: 0.063332
[2018.03.07-13.04.53:913][455]PIE: Play in editor start time for /Game/Levels/UEDPIE_0_PicnicLevel 0.962
[2018.03.07-13.04.53:915][455]LogBlueprintUserMessages: Late PlayInEditor Detection: Level '/Game/Levels/PicnicLevel.PicnicLevel:PersistentLevel' has LevelScriptBlueprint '/Game/Levels/PicnicLevel.PicnicLevel:PersistentLevel.PicnicLevel' with GeneratedClass '/Game/Levels/PicnicLevel.PicnicLevel_C' with ClassGeneratedBy '/Game/Levels/PicnicLevel.PicnicLevel:PersistentLevel.PicnicLevel'
[2018.03.07-13.05.12:383][680]LogBlueprintUserMessages: Early EndPlayMap Detection: Level '/Game/Levels/PicnicLevel.PicnicLevel:PersistentLevel' has LevelScriptBlueprint '/Game/Levels/PicnicLevel.PicnicLevel:PersistentLevel.PicnicLevel' with GeneratedClass '/Game/Levels/PicnicLevel.PicnicLevel_C' with ClassGeneratedBy '/Game/Levels/PicnicLevel.PicnicLevel:PersistentLevel.PicnicLevel'
[2018.03.07-13.05.12:813][680]LogBlueprintUserMessages: Late EndPlayMap Detection: Level '/Game/Levels/PicnicLevel.PicnicLevel:PersistentLevel' has LevelScriptBlueprint '/Game/Levels/PicnicLevel.PicnicLevel:PersistentLevel.PicnicLevel' with GeneratedClass '/Game/Levels/PicnicLevel.PicnicLevel_C' with ClassGeneratedBy '/Game/Levels/PicnicLevel.PicnicLevel:PersistentLevel.PicnicLevel'
[2018.03.07-13.05.18:007][729]Cmd: OBJ SAVEPACKAGE PACKAGE="/Game/Levels/PicnicLevel" FILE="../../../../Projects/TDEMO-/Content/Levels/PicnicLevel.umap" SILENT=true AUTOSAVING=false KEEPDIRTY=false
[2018.03.07-13.05.22:663][729]LogSavePackage: Save=4516.42ms
[2018.03.07-13.05.22:664][729]LogSavePackage: Moving '../../../../Projects/TDEMO-/Saved/PicnicLevel9EC18369430D0BA08FA6AAB40FD20A6D.tmp' to '../../../../Projects/TDEMO-/Content/Levels/PicnicLevel.umap'
[2018.03.07-13.05.22:713][729]LogSavePackage: Display: Finished SavePackage ../../../../Projects/TDEMO-/Content/Levels/PicnicLevel.umap
[2018.03.07-13.05.23:772][729]Cmd: OBJ SAVEPACKAGE PACKAGE="/Game/Levels/PicnicLevel_BuiltData" FILE="../../../../Projects/TDEMO-/Content/Levels/PicnicLevel_BuiltData.uasset" SILENT=true
[2018.03.07-13.05.24:166][729]LogSavePackage: Save=299.01ms
[2018.03.07-13.05.24:166][729]LogSavePackage: Moving '../../../../Projects/TDEMO-/Saved/PicnicLevel_BuiltData5598C529451F34607DCB18B1CE02CB1E.tmp' to '../../../../Projects/TDEMO-/Content/Levels/PicnicLevel_BuiltData.uasset'
[2018.03.07-13.05.24:215][729]LogSavePackage: Display: Finished SavePackage ../../../../Projects/TDEMO-/Content/Levels/PicnicLevel_BuiltData.uasset
[2018.03.07-13.55.38:052][116]LogStreaming: Warning: Took 396.10ms to ProcessLoadedPackages
[2018.03.07-13.57.22:945][392]Cmd: OBJ SAVEPACKAGE PACKAGE="/Game/Assets/lambert3" FILE="../../../../Projects/TDEMO-/Content/Assets/lambert3.uasset" SILENT=true
[2018.03.07-13.57.25:639][392]LogSavePackage: Save=1024.87ms
[2018.03.07-13.57.25:640][392]LogSavePackage: Moving '../../../../Projects/TDEMO-/Saved/lambert33ED340CB4B9CA04EF35D75BEFF70F34E.tmp' to '../../../../Projects/TDEMO-/Content/Assets/lambert3.uasset'
[2018.03.07-13.57.26:150][392]LogSavePackage: Display: Finished SavePackage ../../../../Projects/TDEMO-/Content/Assets/lambert3.uasset
[2018.03.07-13.57.26:764][392]Cmd: OBJ SAVEPACKAGE PACKAGE="/Game/Assets/palette" FILE="../../../../Projects/TDEMO-/Content/Assets/palette.uasset" SILENT=true
[2018.03.07-13.57.27:209][392]LogSavePackage: Save=246.44ms
[2018.03.07-13.57.27:210][392]LogSavePackage: Moving '../../../../Projects/TDEMO-/Saved/palette7D3732E1443C46F5228E0DADBAD03ABD.tmp' to '../../../../Projects/TDEMO-/Content/Assets/palette.uasset'
[2018.03.07-13.57.27:487][392]LogSavePackage: Display: Finished SavePackage ../../../../Projects/TDEMO-/Content/Assets/palette.uasset
[2018.03.07-13.57.29:429][392]LogWindowsTextInputMethodSystem: Display: IME system now deactivated.
[2018.03.07-13.57.29:514][392]LogWindowsTextInputMethodSystem: Display: IME system now deactivated.
[2018.03.07-13.57.33:161][393]Cmd: QUIT_EDITOR
[2018.03.07-13.57.36:238][393]LogExit: Preparing to exit.
[2018.03.07-13.57.39:673][393]LogDirectoryWatcher: A directory notification for 'D:/Game Dev/Epic Games/Projects/TDEMO-/Content/' was aborted.
[2018.03.07-13.57.41:424][393]LogExit: Editor shut down
[2018.03.07-13.57.41:732][393]LogExit: Transaction tracking system shut down
[2018.03.07-13.57.43:813][393]LogDirectoryWatcher: A directory notification for '../../../Engine/Content/' was aborted.
[2018.03.07-13.57.43:814][393]LogDirectoryWatcher: A directory notification for '../../../../Projects/TDEMO-/Content/' was aborted.
[2018.03.07-13.57.43:815][393]LogDirectoryWatcher: A directory notification for '../../../Engine/Plugins/2D/Paper2D/Content/' was aborted.
[2018.03.07-13.57.43:816][393]LogDirectoryWatcher: A directory notification for '../../../Engine/Plugins/Runtime/Oculus/OculusVR/Content/' was aborted.
[2018.03.07-13.57.43:817][393]LogDirectoryWatcher: A directory notification for '../../../Engine/Plugins/Runtime/Steam/SteamVR/Content/' was aborted.
[2018.03.07-13.57.47:965][393]LogExit: Object subsystem successfully closed.
[2018.03.07-13.57.48:523][393]LogD3D11RHI: Shutdown
[2018.03.07-13.57.48:535][393]LogD3D11RHI: CleanupD3DDevice
[2018.03.07-13.57.50:752][393]LogD3D11RHI: ~FD3D11DynamicRHI
[2018.03.07-13.57.53:221][393]LogModuleManager: Shutting down and abandoning module DestructibleMeshEditor (538)
[2018.03.07-13.57.53:221][393]LogModuleManager: Shutting down and abandoning module MovieSceneCapture (536)
[2018.03.07-13.57.53:238][393]LogModuleManager: Shutting down and abandoning module HierarchicalLODUtilities (534)
[2018.03.07-13.57.53:266][393]LogModuleManager: Shutting down and abandoning module HierarchicalLODOutliner (532)
[2018.03.07-13.57.53:266][393]LogModuleManager: Shutting down and abandoning module WorldBrowser (530)
[2018.03.07-13.57.53:278][393]LogModuleManager: Shutting down and abandoning module SceneOutliner (528)
[2018.03.07-13.57.53:287][393]LogModuleManager: Shutting down and abandoning module AddContentDialog (526)
[2018.03.07-13.57.53:338][393]LogDirectoryWatcher: A directory notification for 'D:/Game Dev/Epic Games/UE_4.17/FeaturePacks/' was aborted.
[2018.03.07-13.57.53:476][393]LogModuleManager: Shutting down and abandoning module WidgetCarousel (525)
[2018.03.07-13.57.53:476][393]LogModuleManager: Shutting down and abandoning module EditorWidgets (522)
[2018.03.07-13.57.53:476][393]LogModuleManager: Shutting down and abandoning module CollectionManager (520)
[2018.03.07-13.57.53:499][393]LogDirectoryWatcher: A directory notification for 'D:/Game Dev/Epic Games/Projects/TDEMO-/Content/Collections/' was aborted.
[2018.03.07-13.57.53:500][393]LogDirectoryWatcher: A directory notification for 'D:/Game Dev/Epic Games/Projects/TDEMO-/Content/Developers/Gary/Collections/' was aborted.
[2018.03.07-13.57.53:501][393]LogDirectoryWatcher: A directory notification for 'D:/Game Dev/Epic Games/Projects/TDEMO-/Saved/Collections/' was aborted.
[2018.03.07-13.57.53:502][393]LogModuleManager: Shutting down and abandoning module StatsViewer (518)
[2018.03.07-13.57.53:527][393]LogModuleManager: Shutting down and abandoning module FoliageEdit (516)
[2018.03.07-13.57.53:538][393]LogModuleManager: Shutting down and abandoning module LandscapeEditor (514)
[2018.03.07-13.57.53:606][393]LogModuleManager: Shutting down and abandoning module MeshPaintMode (512)
[2018.03.07-13.57.53:620][393]LogModuleManager: Shutting down and abandoning module SceneDepthPickerMode (510)
[2018.03.07-13.57.53:620][393]LogModuleManager: Shutting down and abandoning module ActorPickerMode (508)
[2018.03.07-13.57.53:620][393]LogModuleManager: Shutting down and abandoning module GeometryMode (506)
[2018.03.07-13.57.53:621][393]LogModuleManager: Shutting down and abandoning module TextureAlignMode (504)
[2018.03.07-13.57.53:621][393]LogModuleManager: Shutting down and abandoning module BspMode (502)
[2018.03.07-13.57.53:637][393]LogModuleManager: Shutting down and abandoning module PIEPreviewDeviceProfileSelector (500)
[2018.03.07-13.57.53:637][393]LogModuleManager: Shutting down and abandoning module HardwareSurvey (498)
[2018.03.07-13.57.53:638][393]LogModuleManager: Shutting down and abandoning module SequenceRecorderSections (496)
[2018.03.07-13.57.53:663][393]LogModuleManager: Shutting down and abandoning module AutomationWorker (494)
[2018.03.07-13.57.53:667][393]LogModuleManager: Shutting down and abandoning module MatineeToLevelSequence (492)
[2018.03.07-13.57.53:668][393]LogModuleManager: Shutting down and abandoning module LevelSequenceEditor (490)
[2018.03.07-13.57.53:782][393]LogModuleManager: Shutting down and abandoning module PlacementMode (489)
[2018.03.07-13.57.53:783][393]LogModuleManager: Shutting down and abandoning module WmfMediaFactory (486)
[2018.03.07-13.57.53:783][393]LogModuleManager: Shutting down and abandoning module WmfMediaEditor (484)
[2018.03.07-13.57.53:784][393]LogModuleManager: Shutting down and abandoning module AvfMediaFactory (482)
[2018.03.07-13.57.53:784][393]LogModuleManager: Shutting down and abandoning module AvfMediaEditor (480)
[2018.03.07-13.57.53:784][393]LogModuleManager: Shutting down and abandoning module AndroidMediaFactory (478)
[2018.03.07-13.57.53:793][393]LogModuleManager: Shutting down and abandoning module Media (477)
[2018.03.07-13.57.53:793][393]LogModuleManager: Shutting down and abandoning module AndroidMediaEditor (474)
[2018.03.07-13.57.53:793][393]LogModuleManager: Shutting down and abandoning module CharacterAI (472)
[2018.03.07-13.57.53:793][393]LogModuleManager: Shutting down and abandoning module AudioCapture (470)
[2018.03.07-13.57.53:794][393]LogModuleManager: Shutting down and abandoning module SequenceRecorder (469)
[2018.03.07-13.57.53:805][393]LogModuleManager: Shutting down and abandoning module SmartSnapping (466)
[2018.03.07-13.57.53:806][393]LogModuleManager: Shutting down and abandoning module SessionServices (464)
[2018.03.07-13.57.53:806][393]LogModuleManager: Shutting down and abandoning module ViewportSnapping (462)
[2018.03.07-13.57.53:807][393]LogModuleManager: Shutting down and abandoning module ViewportInteraction (460)
[2018.03.07-13.57.53:807][393]LogModuleManager: Shutting down and abandoning module ClothPainter (458)
[2018.03.07-13.57.53:858][393]LogModuleManager: Shutting down and abandoning module LogVisualizer (456)
[2018.03.07-13.57.53:889][393]LogModuleManager: Shutting down and abandoning module IntroTutorials (454)
[2018.03.07-13.57.53:953][393]LogModuleManager: Shutting down and abandoning module GameProjectGeneration (453)
[2018.03.07-13.57.53:994][393]LogModuleManager: Shutting down and abandoning module IOSPlatformEditor (450)
[2018.03.07-13.57.54:009][393]LogModuleManager: Shutting down and abandoning module HTML5PlatformEditor (448)
[2018.03.07-13.57.54:010][393]LogModuleManager: Shutting down and abandoning module AndroidPlatformEditor (446)
[2018.03.07-13.57.54:014][393]LogModuleManager: Shutting down and abandoning module AndroidDeviceDetection (445)
[2018.03.07-13.57.54:676][393]LogModuleManager: Shutting down and abandoning module WindowsPlatformEditor (442)
[2018.03.07-13.57.54:677][393]LogModuleManager: Shutting down and abandoning module IOSRuntimeSettings (440)
[2018.03.07-13.57.54:677][393]LogModuleManager: Shutting down and abandoning module AndroidRuntimeSettings (438)
[2018.03.07-13.57.54:677][393]LogModuleManager: Shutting down and abandoning module InputBindingEditor (436)
[2018.03.07-13.57.54:729][393]LogModuleManager: Shutting down and abandoning module MergeActors (434)
[2018.03.07-13.57.54:755][393]LogModuleManager: Shutting down and abandoning module SizeMap (432)
[2018.03.07-13.57.54:772][393]LogModuleManager: Shutting down and abandoning module TreeMap (430)
[2018.03.07-13.57.54:790][393]LogModuleManager: Shutting down and abandoning module ReferenceViewer (428)
[2018.03.07-13.57.54:790][393]LogModuleManager: Shutting down and abandoning module LocalizationDashboard (426)
[2018.03.07-13.57.54:817][393]LogModuleManager: Shutting down and abandoning module LocalizationService (425)
[2018.03.07-13.57.54:839][393]LogModuleManager: Shutting down and abandoning module HardwareTargeting (422)
[2018.03.07-13.57.54:840][393]LogModuleManager: Shutting down and abandoning module DeviceProfileEditor (420)
[2018.03.07-13.57.54:849][393]LogModuleManager: Shutting down and abandoning module UndoHistory (418)
[2018.03.07-13.57.54:861][393]LogModuleManager: Shutting down and abandoning module XmlParser (416)
[2018.03.07-13.57.54:871][393]LogModuleManager: Shutting down and abandoning module Blutility (414)
[2018.03.07-13.57.54:872][393]LogModuleManager: Shutting down and abandoning module ProjectSettingsViewer (412)
[2018.03.07-13.57.54:872][393]LogModuleManager: Shutting down and abandoning module ProjectTargetPlatformEditor (411)
[2018.03.07-13.57.54:885][393]LogModuleManager: Shutting down and abandoning module EditorSettingsViewer (408)
[2018.03.07-13.57.54:886][393]LogModuleManager: Shutting down and abandoning module SettingsEditor (406)
[2018.03.07-13.57.54:919][393]LogModuleManager: Shutting down and abandoning module ProjectLauncher (404)
[2018.03.07-13.57.54:935][393]LogModuleManager: Shutting down and abandoning module SessionFrontend (402)
[2018.03.07-13.57.54:943][393]LogModuleManager: Shutting down and abandoning module ProfilerClient (400)
[2018.03.07-13.57.54:950][393]LogModuleManager: Shutting down and abandoning module DeviceManager (398)
[2018.03.07-13.57.54:967][393]LogModuleManager: Shutting down and abandoning module TargetDeviceServices (397)
[2018.03.07-13.57.55:030][393]LogModuleManager: Shutting down and abandoning module AutomationController (394)
[2018.03.07-13.57.55:064][393]LogModuleManager: Shutting down and abandoning module AutomationWindow (392)
[2018.03.07-13.57.55:098][393]LogModuleManager: Shutting down and abandoning module Layers (390)
[2018.03.07-13.57.55:164][393]LogModuleManager: Shutting down and abandoning module ComponentVisualizers (388)
[2018.03.07-13.57.55:165][393]LogModuleManager: Shutting down and abandoning module DetailCustomizations (386)
[2018.03.07-13.57.55:187][393]LogModuleManager: Shutting down and abandoning module PackagesDialog (384)
[2018.03.07-13.57.55:214][393]LogModuleManager: Shutting down and abandoning module Persona (382)
[2018.03.07-13.57.55:266][393]LogModuleManager: Shutting down and abandoning module AdvancedPreviewScene (381)
[2018.03.07-13.57.55:267][393]LogModuleManager: Shutting down and abandoning module AnimGraph (379)
[2018.03.07-13.57.55:283][393]LogModuleManager: Shutting down and abandoning module Kismet (376)
[2018.03.07-13.57.55:302][393]LogModuleManager: Shutting down and abandoning module ClassViewer (374)
[2018.03.07-13.57.55:302][393]LogModuleManager: Shutting down and abandoning module Toolbox (372)
[2018.03.07-13.57.55:316][393]LogModuleManager: Shutting down and abandoning module ModuleUI (370)
[2018.03.07-13.57.55:321][393]LogModuleManager: Shutting down and abandoning module MovieSceneTools (368)
[2018.03.07-13.57.55:350][393]LogModuleManager: Shutting down and abandoning module OutputLog (366)
[2018.03.07-13.57.55:365][393]LogModuleManager: Shutting down and abandoning module GammaUI (364)
[2018.03.07-13.57.55:377][393]LogModuleManager: Shutting down and abandoning module Documentation (362)
[2018.03.07-13.57.55:378][393]LogModuleManager: Shutting down and abandoning module MovieSceneTracks (360)
[2018.03.07-13.57.55:378][393]LogModuleManager: Shutting down and abandoning module MovieScene (358)
[2018.03.07-13.57.55:378][393]LogModuleManager: Shutting down and abandoning module Niagara (356)
[2018.03.07-13.57.55:378][393]LogModuleManager: Shutting down and abandoning module NiagaraEditor (355)
[2018.03.07-13.57.55:420][393]LogModuleManager: Shutting down and abandoning module StreamingPauseRendering (352)
[2018.03.07-13.57.55:431][393]LogModuleManager: Shutting down and abandoning module LauncherPlatform (350)
[2018.03.07-13.57.55:431][393]LogModuleManager: Shutting down and abandoning module AnalyticsET (348)
[2018.03.07-13.57.55:431][393]LogModuleManager: Shutting down and abandoning module PortalServices (346)
[2018.03.07-13.57.55:431][393]LogModuleManager: Shutting down and abandoning module PortalRpc (344)
[2018.03.07-13.57.55:432][393]LogModuleManager: Shutting down and abandoning module MessagingRpc (342)
[2018.03.07-13.57.55:432][393]LogModuleManager: Shutting down and abandoning module AIModule (340)
[2018.03.07-13.57.55:449][393]LogModuleManager: Shutting down and abandoning module GameplayDebugger (339)
[2018.03.07-13.57.55:449][393]LogModuleManager: Shutting down and abandoning module AITestSuite (337)
[2018.03.07-13.57.55:456][393]LogModuleManager: Shutting down and abandoning module ProfilerService (334)
[2018.03.07-13.57.55:634][393]LogModuleManager: Shutting down and abandoning module TaskGraph (332)
[2018.03.07-13.57.55:661][393]LogModuleManager: Shutting down and abandoning module SteamVRController (330)
[2018.03.07-13.57.55:661][393]LogModuleManager: Shutting down and abandoning module ProceduralMeshComponentEditor (328)
[2018.03.07-13.57.55:673][393]LogModuleManager: Shutting down and abandoning module ProceduralMeshComponent (326)
[2018.03.07-13.57.55:673][393]LogModuleManager: Shutting down and abandoning module OculusInput (324)
[2018.03.07-13.57.55:680][393]LogModuleManager: Shutting down and abandoning module MobilePatchingUtils (322)
[2018.03.07-13.57.55:680][393]LogModuleManager: Shutting down and abandoning module CustomMeshComponent (320)
[2018.03.07-13.57.55:680][393]LogModuleManager: Shutting down and abandoning module CableComponent (318)
[2018.03.07-13.57.55:690][393]LogModuleManager: Shutting down and abandoning module ArchVisCharacter (316)
[2018.03.07-13.57.55:691][393]LogModuleManager: Shutting down and abandoning module AndroidPermission (314)
[2018.03.07-13.57.55:691][393]LogModuleManager: Shutting down and abandoning module MediaPlayerEditor (310)
[2018.03.07-13.57.55:783][393]LogModuleManager: Shutting down and abandoning module HTML5Networking (308)
[2018.03.07-13.57.55:783][393]LogModuleManager: Shutting down and abandoning module AlembicImporter (306)
[2018.03.07-13.57.55:792][393]LogModuleManager: Shutting down and abandoning module AlembicLibrary (305)
[2018.03.07-13.57.55:793][393]LogModuleManager: Shutting down and abandoning module GeometryCache (304)
[2018.03.07-13.57.55:793][393]LogModuleManager: Shutting down and abandoning module GeometryCacheEd (303)
[2018.03.07-13.57.55:793][393]LogModuleManager: Shutting down and abandoning module SpeedTreeImporter (298)
[2018.03.07-13.57.55:794][393]LogModuleManager: Shutting down and abandoning module PluginBrowser (296)
[2018.03.07-13.57.55:862][393]LogModuleManager: Shutting down and abandoning module MobileLauncherProfileWizard (294)
[2018.03.07-13.57.55:905][393]LogModuleManager: Shutting down and abandoning module VisualStudioSourceCodeAccess (292)
[2018.03.07-13.57.55:930][393]LogModuleManager: Shutting down and abandoning module DesktopPlatform (291)
[2018.03.07-13.57.55:949][393]LogModuleManager: Shutting down and abandoning module UObjectPlugin (288)
[2018.03.07-13.57.55:949][393]LogModuleManager: Shutting down and abandoning module SubversionSourceControl (286)
[2018.03.07-13.57.55:970][393]LogModuleManager: Shutting down and abandoning module PerforceSourceControl (284)
[2018.03.07-13.57.56:043][393]LogModuleManager: Shutting down and abandoning module GitSourceControl (282)
[2018.03.07-13.57.56:084][393]LogModuleManager: Shutting down and abandoning module SourceControl (281)
[2018.03.07-13.57.56:114][393]LogModuleManager: Shutting down and abandoning module LightPropagationVolumeEditor (278)
[2018.03.07-13.57.56:115][393]LogModuleManager: Shutting down and abandoning module PaperTiledImporter (276)
[2018.03.07-13.57.56:115][393]LogModuleManager: Shutting down and abandoning module PaperSpriteSheetImporter (274)
[2018.03.07-13.57.56:115][393]LogModuleManager: Shutting down and abandoning module Paper2DEditor (272)
[2018.03.07-13.57.56:138][393]LogModuleManager: Shutting down and abandoning module MeshPaint (271)
[2018.03.07-13.57.56:152][393]LogModuleManager: Shutting down and abandoning module LevelEditor (269)
[2018.03.07-13.57.56:244][393]LogModuleManager: Shutting down and abandoning module PixelInspectorModule (268)
[2018.03.07-13.57.56:263][393]LogModuleManager: Shutting down and abandoning module MainFrame (266)
[2018.03.07-13.57.56:264][393]LogModuleManager: Shutting down and abandoning module HotReload (265)
[2018.03.07-13.57.56:316][393]LogModuleManager: Shutting down and abandoning module RuntimePhysXCooking (260)
[2018.03.07-13.57.56:327][393]LogModuleManager: Shutting down and abandoning module PhysXVehiclesEditor (258)
[2018.03.07-13.57.56:328][393]LogModuleManager: Shutting down and abandoning module PhysXVehicles (256)
[2018.03.07-13.57.56:328][393]LogModuleManager: Shutting down and abandoning module OculusEditor (254)
[2018.03.07-13.57.56:330][393]LogModuleManager: Shutting down and abandoning module LocationServicesBPLibrary (252)
[2018.03.07-13.57.56:330][393]LogModuleManager: Shutting down and abandoning module ImmediatePhysicsEditor (250)
[2018.03.07-13.57.56:330][393]LogModuleManager: Shutting down and abandoning module ImmediatePhysics (248)
[2018.03.07-13.57.56:331][393]LogModuleManager: Shutting down and abandoning module UdpMessaging (246)
[2018.03.07-13.57.56:432][393]LogModuleManager: Shutting down and abandoning module TcpMessaging (244)
[2018.03.07-13.57.56:549][393]LogModuleManager: Shutting down and abandoning module GameplayTagsEditor (242)
[2018.03.07-13.57.56:574][393]LogModuleManager: Shutting down and abandoning module FacialAnimationEditor (240)
[2018.03.07-13.57.56:574][393]LogModuleManager: Shutting down and abandoning module FacialAnimation (238)
[2018.03.07-13.57.56:575][393]LogModuleManager: Shutting down and abandoning module AssetManagerEditor (236)
[2018.03.07-13.57.56:626][393]LogModuleManager: Shutting down and abandoning module GraphEditor (235)
[2018.03.07-13.57.56:693][393]LogModuleManager: Shutting down and abandoning module ContentBrowser (233)
[2018.03.07-13.57.56:747][393]LogModuleManager: Shutting down and abandoning module LightPropagationVolumeRuntime (230)
[2018.03.07-13.57.56:747][393]LogModuleManager: Shutting down and abandoning module Paper2D (228)
[2018.03.07-13.57.56:748][393]LogModuleManager: Shutting down and abandoning module WindowsMoviePlayer (226)
[2018.03.07-13.57.56:757][393]LogModuleManager: Shutting down and abandoning module WmfMedia (224)
[2018.03.07-13.57.56:790][393]LogModuleManager: Shutting down and abandoning module PacketHandler (222)
[2018.03.07-13.57.56:790][393]LogModuleManager: Shutting down and abandoning module ClothingSystemEditor (220)
[2018.03.07-13.57.56:803][393]LogModuleManager: Shutting down and abandoning module ClothingSystemRuntime (218)
[2018.03.07-13.57.56:858][393]LogModuleManager: Shutting down and abandoning module Overlay (216)
[2018.03.07-13.57.56:858][393]LogModuleManager: Shutting down and abandoning module OverlayEditor (215)
[2018.03.07-13.57.56:858][393]LogModuleManager: Shutting down and abandoning module MediaAssets (212)
[2018.03.07-13.57.56:858][393]LogModuleManager: Shutting down and abandoning module VREditor (210)
[2018.03.07-13.57.56:877][393]LogModuleManager: Shutting down and abandoning module StringTableEditor (208)
[2018.03.07-13.57.56:886][393]LogModuleManager: Shutting down and abandoning module GameplayTasksEditor (206)
[2018.03.07-13.57.56:886][393]LogModuleManager: Shutting down and abandoning module BehaviorTreeEditor (204)
[2018.03.07-13.57.56:929][393]LogModuleManager: Shutting down and abandoning module FunctionalTesting (202)
[2018.03.07-13.57.56:929][393]LogModuleManager: Shutting down and abandoning module CollisionAnalyzer (200)
[2018.03.07-13.57.56:953][393]LogModuleManager: Shutting down and abandoning module WorkspaceMenuStructure (199)
[2018.03.07-13.57.56:958][393]LogModuleManager: Shutting down and abandoning module UMG (196)
[2018.03.07-13.57.56:971][393]LogModuleManager: Shutting down and abandoning module UMGEditor (195)
[2018.03.07-13.57.57:009][393]LogModuleManager: Shutting down and abandoning module Sequencer (194)
[2018.03.07-13.57.57:056][393]LogModuleManager: Shutting down and abandoning module MessageLog (191)
[2018.03.07-13.57.57:057][393]LogModuleManager: Shutting down and abandoning module SlateReflector (186)
[2018.03.07-13.57.57:140][393]LogModuleManager: Shutting down and abandoning module Slate (184)
[2018.03.07-13.57.57:140][393]LogModuleManager: Shutting down and abandoning module EditorStyle (182)
[2018.03.07-13.57.57:303][393]LogModuleManager: Shutting down and abandoning module MRMesh (180)
[2018.03.07-13.57.57:304][393]LogModuleManager: Shutting down and abandoning module SourceCodeAccess (178)
[2018.03.07-13.57.57:304][393]LogModuleManager: Shutting down and abandoning module HeadMountedDisplay (176)
[2018.03.07-13.57.57:304][393]LogModuleManager: Shutting down and abandoning module XAudio2 (174)
[2018.03.07-13.57.57:304][393]LogModuleManager: Shutting down and abandoning module Networking (172)
[2018.03.07-13.57.57:304][393]LogModuleManager: Shutting down and abandoning module Core (168)
[2018.03.07-13.57.57:305][393]LogModuleManager: Shutting down and abandoning module KismetCompiler (164)
[2018.03.07-13.57.57:305][393]LogModuleManager: Shutting down and abandoning module LevelSequence (162)
[2018.03.07-13.57.57:305][393]LogModuleManager: Shutting down and abandoning module MeshUtilities (160)
[2018.03.07-13.57.57:321][393]LogModuleManager: Shutting down and abandoning module MeshMergeUtilities (159)
[2018.03.07-13.57.57:328][393]LogModuleManager: Shutting down and abandoning module MeshReductionInterface (158)
[2018.03.07-13.57.57:328][393]LogModuleManager: Shutting down and abandoning module SimplygonSwarm (157)
[2018.03.07-13.57.57:345][393]LogModuleManager: Shutting down and abandoning module SimplygonMeshReduction (155)
[2018.03.07-13.57.57:351][393]LogModuleManager: Shutting down and abandoning module QuadricMeshReduction (153)
[2018.03.07-13.57.57:367][393]LogModuleManager: Shutting down and abandoning module MaterialBaking (149)
[2018.03.07-13.57.57:404][393]LogModuleManager: Shutting down and abandoning module DirectoryWatcher (146)
[2018.03.07-13.57.57:457][393]LogModuleManager: Shutting down and abandoning module DerivedDataCache (144)
[2018.03.07-13.57.57:489][393]LogDerivedDataCache: Shutdown
[2018.03.07-13.57.57:490][393]LogModuleManager: Shutting down and abandoning module TargetPlatform (142)
[2018.03.07-13.57.57:531][393]LogModuleManager: Shutting down and abandoning module VulkanShaderFormat (141)
[2018.03.07-13.57.57:564][393]LogModuleManager: Shutting down and abandoning module ShaderFormatVectorVM (139)
[2018.03.07-13.57.57:585][393]LogModuleManager: Shutting down and abandoning module ShaderFormatOpenGL (137)
[2018.03.07-13.57.57:613][393]LogModuleManager: Shutting down and abandoning module ShaderFormatD3D (135)
[2018.03.07-13.57.57:639][393]LogModuleManager: Shutting down and abandoning module MetalShaderFormat (133)
[2018.03.07-13.57.57:655][393]LogModuleManager: Shutting down and abandoning module TextureFormatUncompressed (131)
[2018.03.07-13.57.57:656][393]LogModuleManager: Shutting down and abandoning module TextureFormatPVR (129)
[2018.03.07-13.57.57:656][393]LogModuleManager: Shutting down and abandoning module TextureFormatDXT (127)
[2018.03.07-13.57.57:657][393]LogModuleManager: Shutting down and abandoning module TextureFormatIntelISPCTexComp (125)
[2018.03.07-13.57.57:700][393]LogModuleManager: Shutting down and abandoning module TextureFormatASTC (123)
[2018.03.07-13.57.57:700][393]LogModuleManager: Shutting down and abandoning module ImageWrapper (122)
[2018.03.07-13.57.57:700][393]LogModuleManager: Shutting down and abandoning module TextureFormatAndroid (119)
[2018.03.07-13.57.57:700][393]LogModuleManager: Shutting down and abandoning module AudioFormatOpus (117)
[2018.03.07-13.57.57:701][393]LogModuleManager: Shutting down and abandoning module AudioFormatOgg (115)
[2018.03.07-13.57.57:702][393]LogModuleManager: Shutting down and abandoning module AudioFormatADPCM (113)
[2018.03.07-13.57.57:702][393]LogModuleManager: Shutting down and abandoning module LinuxTargetPlatform (111)
[2018.03.07-13.57.57:702][393]LogModuleManager: Shutting down and abandoning module LinuxServerTargetPlatform (109)
[2018.03.07-13.57.57:719][393]LogModuleManager: Shutting down and abandoning module LinuxNoEditorTargetPlatform (107)
[2018.03.07-13.57.57:719][393]LogModuleManager: Shutting down and abandoning module LinuxClientTargetPlatform (105)
[2018.03.07-13.57.57:720][393]LogModuleManager: Shutting down and abandoning module TVOSTargetPlatform (103)
[2018.03.07-13.57.57:720][393]LogModuleManager: Shutting down and abandoning module Messaging (101)
[2018.03.07-13.57.57:724][393]LogModuleManager: Shutting down and abandoning module IOSTargetPlatform (99)
[2018.03.07-13.57.57:724][393]LogModuleManager: Shutting down and abandoning module HTML5TargetPlatform (97)
[2018.03.07-13.57.57:736][393]LogModuleManager: Shutting down and abandoning module Android_PVRTCTargetPlatform (95)
[2018.03.07-13.57.57:736][393]LogModuleManager: Shutting down and abandoning module Android_MultiTargetPlatform (93)
[2018.03.07-13.57.57:738][393]LogModuleManager: Shutting down and abandoning module Android_ETC2TargetPlatform (91)
[2018.03.07-13.57.57:738][393]LogModuleManager: Shutting down and abandoning module Android_ETC1TargetPlatform (89)
[2018.03.07-13.57.57:738][393]LogModuleManager: Shutting down and abandoning module Android_DXTTargetPlatform (87)
[2018.03.07-13.57.57:738][393]LogModuleManager: Shutting down and abandoning module Android_ATCTargetPlatform (85)
[2018.03.07-13.57.57:739][393]LogModuleManager: Shutting down and abandoning module Android_ASTCTargetPlatform (83)
[2018.03.07-13.57.57:739][393]LogModuleManager: Shutting down and abandoning module AndroidTargetPlatform (81)
[2018.03.07-13.57.57:739][393]LogModuleManager: Shutting down and abandoning module WindowsTargetPlatform (79)
[2018.03.07-13.57.57:739][393]LogModuleManager: Shutting down and abandoning module WindowsServerTargetPlatform (77)
[2018.03.07-13.57.57:743][393]LogModuleManager: Shutting down and abandoning module WindowsNoEditorTargetPlatform (75)
[2018.03.07-13.57.57:746][393]LogModuleManager: Shutting down and abandoning module WindowsClientTargetPlatform (73)
[2018.03.07-13.57.57:747][393]LogModuleManager: Shutting down and abandoning module MacTargetPlatform (71)
[2018.03.07-13.57.57:748][393]LogModuleManager: Shutting down and abandoning module MacServerTargetPlatform (69)
[2018.03.07-13.57.57:749][393]LogModuleManager: Shutting down and abandoning module MacNoEditorTargetPlatform (67)
[2018.03.07-13.57.57:749][393]LogModuleManager: Shutting down and abandoning module MacClientTargetPlatform (65)
[2018.03.07-13.57.57:749][393]LogModuleManager: Shutting down and abandoning module AllDesktopTargetPlatform (63)
[2018.03.07-13.57.57:749][393]LogModuleManager: Shutting down and abandoning module InputCore (60)
[2018.03.07-13.57.57:750][393]LogModuleManager: Shutting down and abandoning module Settings (58)
[2018.03.07-13.57.57:750][393]LogModuleManager: Shutting down and abandoning module PhysXCooking (56)
[2018.03.07-13.57.57:751][393]LogModuleManager: Shutting down and abandoning module SteamVR (54)
[2018.03.07-13.57.57:751][393]LogModuleManager: Shutting down and abandoning module OculusHMD (52)
[2018.03.07-13.57.57:757][393]LogModuleManager: Shutting down and abandoning module ExampleDeviceProfileSelector (50)
[2018.03.07-13.57.57:758][393]LogModuleManager: Shutting down and abandoning module OnlineBlueprintSupport (48)
[2018.03.07-13.57.57:758][393]LogModuleManager: Shutting down and abandoning module OnlineSubsystem (44)
[2018.03.07-13.57.57:758][393]LogOnline: Display: Unloading online subsystem: NULL
[2018.03.07-13.57.57:812][393]LogModuleManager: Shutting down and abandoning module XMPP (43)
[2018.03.07-13.57.57:839][393]LogModuleManager: Shutting down and abandoning module HTTP (41)
[2018.03.07-13.57.57:839][393]LogHttp: Display: Http module shutting down, but needs to wait on 1 outstanding Http requests:
[2018.03.07-13.57.57:846][393]LogHttp: Display: 	verb=[POST] url=[https://datarouter.ol.epicgames.com/datarouter/api/v1/public/data?SessionID=%7B23902A1B-4F66-8E80-A3B6-FB874BF53BE4%7D&AppID=UEEditor.Rocket.Release&AppVersion=4.17.2-3658906%2B%2B%2BUE4%2BRelease-4.17&UserID=8310b7f844940d5f8d1c80a09722da98%7Cd99c23929b9c4683916438a68043639f%7C625fbe65-b002-4b2e-9128-058dcbb6f404&AppEnvironment=datacollector-binary&UploadType=eteventstream] status=Processing
[2018.03.07-13.57.57:903][393]LogModuleManager: Shutting down and abandoning module SSL (40)
[2018.03.07-13.57.57:949][393]LogModuleManager: Shutting down and abandoning module AnimationModifiers (36)
[2018.03.07-13.57.57:967][393]LogModuleManager: Shutting down and abandoning module PropertyEditor (35)
[2018.03.07-13.57.58:020][393]LogModuleManager: Shutting down and abandoning module AudioEditor (32)
[2018.03.07-13.57.58:123][393]LogModuleManager: Shutting down and abandoning module TextureCompressor (30)
[2018.03.07-13.57.58:124][393]LogModuleManager: Shutting down and abandoning module ShaderCore (28)
[2018.03.07-13.57.58:124][393]LogModuleManager: Shutting down and abandoning module Landscape (26)
[2018.03.07-13.57.58:125][393]LogModuleManager: Shutting down and abandoning module SlateRHIRenderer (24)
[2018.03.07-13.57.58:208][393]LogModuleManager: Shutting down and abandoning module OpenGLDrv (22)
[2018.03.07-13.57.58:217][393]LogModuleManager: Shutting down and abandoning module D3D11RHI (20)
[2018.03.07-13.57.58:218][393]LogModuleManager: Shutting down and abandoning module AnimGraphRuntime (18)
[2018.03.07-13.57.58:221][393]LogModuleManager: Shutting down and abandoning module Renderer (16)
[2018.03.07-13.57.58:222][393]LogModuleManager: Shutting down and abandoning module Engine (14)
[2018.03.07-13.57.58:222][393]LogModuleManager: Shutting down and abandoning module CoreUObject (12)
[2018.03.07-13.57.58:222][393]LogModuleManager: Shutting down and abandoning module NetworkFile (10)
[2018.03.07-13.57.58:234][393]LogModuleManager: Shutting down and abandoning module CookedIterativeFile (8)
[2018.03.07-13.57.58:234][393]LogModuleManager: Shutting down and abandoning module StreamingFile (6)
[2018.03.07-13.57.58:246][393]LogModuleManager: Shutting down and abandoning module SandboxFile (4)
[2018.03.07-13.57.58:246][393]LogModuleManager: Shutting down and abandoning module PakFile (2)
[2018.03.07-13.57.58:290][393]LogExit: Exiting.
[2018.03.07-13.57.58:699][393]Log file closed, 03/07/18 13:57:58
